[2018-08-21T00:56:23.944] [INFO] default - [undefined GET /res/verify 304 3ms][http://www.manykit.com/ HTTP/1.0 Mozilla/5.0 (Windows NT 10.0; Win64; x64) AppleWebKit/537.36 (KHTML, like Gecko) Chrome/68.0.3440.106 Safari/537.36]
[2018-08-21T00:56:24.050] [INFO] default - [::1 POST /res/filelist 200 3ms][http://www.manykit.com/ HTTP/1.0 Mozilla/5.0 (Windows NT 10.0; Win64; x64) AppleWebKit/537.36 (KHTML, like Gecko) Chrome/68.0.3440.106 Safari/537.36]
[2018-08-21T01:35:51.769] [INFO] default - [::ffff:127.0.0.1 GET /res/verify 200 1ms][http://www.manykit.com/ HTTP/1.0 Mozilla/5.0 (compatible; Baiduspider-render/2.0; +http://www.baidu.com/search/spider.html)]
[2018-08-21T01:35:51.772] [INFO] default - [::1 POST /res/filelist 200 1ms][http://www.manykit.com/ HTTP/1.0 Mozilla/5.0 (compatible; Baiduspider-render/2.0; +http://www.baidu.com/search/spider.html)]
[2018-08-21T07:12:43.116] [INFO] default - [::ffff:127.0.0.1 POST /res/filelist 200 2ms][http://www.manykit.com/ HTTP/1.0 Mozilla/5.0 (Windows NT 6.1; WOW64; rv:43.0) Gecko/20100101 Firefox/43.0]
[2018-08-21T09:33:06.033] [INFO] default - [::1 GET /res/verify 200 2ms][http://www.manykit.com/ HTTP/1.0 Mozilla/5.0 (compatible; Baiduspider-render/2.0; +http://www.baidu.com/search/spider.html)]
[2018-08-21T09:33:06.058] [INFO] default - [::ffff:127.0.0.1 POST /res/filelist 200 3ms][http://www.manykit.com/ HTTP/1.0 Mozilla/5.0 (compatible; Baiduspider-render/2.0; +http://www.baidu.com/search/spider.html)]
[2018-08-21T10:38:25.880] [INFO] default - [210.152.243.180 GET /codeplay/ 200 1ms][ HTTP/1.0 Mozilla/5.0 (X11; Linux x86_64) AppleWebKit/537.36 (KHTML, like Gecko) Chrome/49.0.2623.75 Safari/537.36 Google Favicon]
[2018-08-21T10:38:26.356] [INFO] default - [210.152.243.180 GET /codeplay/static/bianchengwan.ico 200 1ms][ HTTP/1.0 Mozilla/5.0 (X11; Linux x86_64) AppleWebKit/537.36 (KHTML, like Gecko) Chrome/49.0.2623.75 Safari/537.36 Google Favicon]
[2018-08-21T10:38:26.568] [INFO] default - [::1 GET /res/verify 200 2ms][http://www.manykit.com/ HTTP/1.0 Mozilla/5.0 (Windows NT 10.0; WOW64) AppleWebKit/537.36 (KHTML, like Gecko) Chrome/63.0.3239.26 Safari/537.36 Core/1.63.5702.400 QQBrowser/10.2.1893.400]
[2018-08-21T10:38:26.655] [INFO] default - [::ffff:127.0.0.1 POST /res/filelist 200 2ms][http://www.manykit.com/ HTTP/1.0 Mozilla/5.0 (Windows NT 10.0; WOW64) AppleWebKit/537.36 (KHTML, like Gecko) Chrome/63.0.3239.26 Safari/537.36 Core/1.63.5702.400 QQBrowser/10.2.1893.400]
[2018-08-21T10:38:30.620] [INFO] default - [::1 GET /codeplay 301 1ms][http://www.manykit.com/ HTTP/1.0 Mozilla/5.0 (Windows NT 10.0; WOW64) AppleWebKit/537.36 (KHTML, like Gecko) Chrome/63.0.3239.26 Safari/537.36 Core/1.63.5702.400 QQBrowser/10.2.1893.400]
[2018-08-21T10:38:30.680] [INFO] default - [undefined GET /codeplay/ 200 2ms][http://www.manykit.com/ HTTP/1.0 Mozilla/5.0 (Windows NT 10.0; WOW64) AppleWebKit/537.36 (KHTML, like Gecko) Chrome/63.0.3239.26 Safari/537.36 Core/1.63.5702.400 QQBrowser/10.2.1893.400]
[2018-08-21T10:38:30.742] [INFO] default - [undefined GET /codeplay/static/js/manifest.638e6be1915ef56724e0.js 200 2ms][http://www.manykit.com/codeplay/ HTTP/1.0 Mozilla/5.0 (Windows NT 10.0; WOW64) AppleWebKit/537.36 (KHTML, like Gecko) Chrome/63.0.3239.26 Safari/537.36 Core/1.63.5702.400 QQBrowser/10.2.1893.400]
[2018-08-21T10:38:30.743] [INFO] default - [undefined GET /codeplay/static/js/app.93ce467a6a763bf5f6dc.js 200 3ms][http://www.manykit.com/codeplay/ HTTP/1.0 Mozilla/5.0 (Windows NT 10.0; WOW64) AppleWebKit/537.36 (KHTML, like Gecko) Chrome/63.0.3239.26 Safari/537.36 Core/1.63.5702.400 QQBrowser/10.2.1893.400]
[2018-08-21T10:38:30.750] [INFO] default - [::1 GET /codeplay/static/js/vendor.6bd32029e07bdfba62d4.js 200 11ms][http://www.manykit.com/codeplay/ HTTP/1.0 Mozilla/5.0 (Windows NT 10.0; WOW64) AppleWebKit/537.36 (KHTML, like Gecko) Chrome/63.0.3239.26 Safari/537.36 Core/1.63.5702.400 QQBrowser/10.2.1893.400]
[2018-08-21T10:38:30.751] [INFO] default - [::ffff:127.0.0.1 GET /codeplay/static/css/app.90c71ed45bc7ff18d0de7340b25a4880.css 200 10ms][http://www.manykit.com/codeplay/ HTTP/1.0 Mozilla/5.0 (Windows NT 10.0; WOW64) AppleWebKit/537.36 (KHTML, like Gecko) Chrome/63.0.3239.26 Safari/537.36 Core/1.63.5702.400 QQBrowser/10.2.1893.400]
[2018-08-21T10:38:31.769] [INFO] default - [::1 GET /codeplay/static/js/0.c0c33fb19f25d24e3fe1.js 200 4ms][http://www.manykit.com/codeplay/ HTTP/1.0 Mozilla/5.0 (Windows NT 10.0; WOW64) AppleWebKit/537.36 (KHTML, like Gecko) Chrome/63.0.3239.26 Safari/537.36 Core/1.63.5702.400 QQBrowser/10.2.1893.400]
[2018-08-21T10:38:31.783] [INFO] default - [undefined GET /codeplay/static/js/7.8e63ab0a5b1b68bf69a4.js 200 3ms][http://www.manykit.com/codeplay/ HTTP/1.0 Mozilla/5.0 (Windows NT 10.0; WOW64) AppleWebKit/537.36 (KHTML, like Gecko) Chrome/63.0.3239.26 Safari/537.36 Core/1.63.5702.400 QQBrowser/10.2.1893.400]
[2018-08-21T10:38:31.793] [INFO] default - [undefined GET /codeplay/static/js/2.206bcb3319425999c432.js 200 2ms][http://www.manykit.com/codeplay/ HTTP/1.0 Mozilla/5.0 (Windows NT 10.0; WOW64) AppleWebKit/537.36 (KHTML, like Gecko) Chrome/63.0.3239.26 Safari/537.36 Core/1.63.5702.400 QQBrowser/10.2.1893.400]
[2018-08-21T10:38:32.223] [INFO] default - [::1 POST /res/filelist 200 4ms][http://www.manykit.com/codeplay/ HTTP/1.0 Mozilla/5.0 (Windows NT 10.0; WOW64) AppleWebKit/537.36 (KHTML, like Gecko) Chrome/63.0.3239.26 Safari/537.36 Core/1.63.5702.400 QQBrowser/10.2.1893.400]
[2018-08-21T10:38:32.224] [INFO] default - [undefined GET /res/verify 304 3ms][http://www.manykit.com/codeplay/ HTTP/1.0 Mozilla/5.0 (Windows NT 10.0; WOW64) AppleWebKit/537.36 (KHTML, like Gecko) Chrome/63.0.3239.26 Safari/537.36 Core/1.63.5702.400 QQBrowser/10.2.1893.400]
[2018-08-21T10:38:32.225] [INFO] default - [::ffff:127.0.0.1 POST /res/filelist 200 3ms][http://www.manykit.com/codeplay/ HTTP/1.0 Mozilla/5.0 (Windows NT 10.0; WOW64) AppleWebKit/537.36 (KHTML, like Gecko) Chrome/63.0.3239.26 Safari/537.36 Core/1.63.5702.400 QQBrowser/10.2.1893.400]
[2018-08-21T10:38:32.226] [INFO] default - [undefined GET /codeplay/static/right.png 200 6ms][http://www.manykit.com/codeplay/ HTTP/1.0 Mozilla/5.0 (Windows NT 10.0; WOW64) AppleWebKit/537.36 (KHTML, like Gecko) Chrome/63.0.3239.26 Safari/537.36 Core/1.63.5702.400 QQBrowser/10.2.1893.400]
[2018-08-21T10:38:32.227] [INFO] default - [undefined GET /codeplay/static/img/book2.7c65446.png 200 7ms][http://www.manykit.com/codeplay/ HTTP/1.0 Mozilla/5.0 (Windows NT 10.0; WOW64) AppleWebKit/537.36 (KHTML, like Gecko) Chrome/63.0.3239.26 Safari/537.36 Core/1.63.5702.400 QQBrowser/10.2.1893.400]
[2018-08-21T10:38:32.228] [INFO] default - [undefined GET /codeplay/static/img/book1.a3bcb0f.png 200 8ms][http://www.manykit.com/codeplay/ HTTP/1.0 Mozilla/5.0 (Windows NT 10.0; WOW64) AppleWebKit/537.36 (KHTML, like Gecko) Chrome/63.0.3239.26 Safari/537.36 Core/1.63.5702.400 QQBrowser/10.2.1893.400]
[2018-08-21T10:38:32.228] [INFO] default - [undefined GET /codeplay/static/left-up.png 200 7ms][http://www.manykit.com/codeplay/ HTTP/1.0 Mozilla/5.0 (Windows NT 10.0; WOW64) AppleWebKit/537.36 (KHTML, like Gecko) Chrome/63.0.3239.26 Safari/537.36 Core/1.63.5702.400 QQBrowser/10.2.1893.400]
[2018-08-21T10:38:32.230] [INFO] default - [undefined GET /codeplay/static/img/book3.5c42697.png 200 8ms][http://www.manykit.com/codeplay/ HTTP/1.0 Mozilla/5.0 (Windows NT 10.0; WOW64) AppleWebKit/537.36 (KHTML, like Gecko) Chrome/63.0.3239.26 Safari/537.36 Core/1.63.5702.400 QQBrowser/10.2.1893.400]
[2018-08-21T10:38:32.234] [INFO] default - [undefined GET /codeplay/static/1.png 200 16ms][http://www.manykit.com/codeplay/ HTTP/1.0 Mozilla/5.0 (Windows NT 10.0; WOW64) AppleWebKit/537.36 (KHTML, like Gecko) Chrome/63.0.3239.26 Safari/537.36 Core/1.63.5702.400 QQBrowser/10.2.1893.400]
[2018-08-21T10:38:32.284] [INFO] default - [undefined GET /codeplay/static/img/shopbook.88b0b0d.png 200 2ms][http://www.manykit.com/codeplay/ HTTP/1.0 Mozilla/5.0 (Windows NT 10.0; WOW64) AppleWebKit/537.36 (KHTML, like Gecko) Chrome/63.0.3239.26 Safari/537.36 Core/1.63.5702.400 QQBrowser/10.2.1893.400]
[2018-08-21T10:38:32.299] [INFO] default - [undefined GET /codeplay/static/img/book4.ed62f8a.png 200 2ms][http://www.manykit.com/codeplay/ HTTP/1.0 Mozilla/5.0 (Windows NT 10.0; WOW64) AppleWebKit/537.36 (KHTML, like Gecko) Chrome/63.0.3239.26 Safari/537.36 Core/1.63.5702.400 QQBrowser/10.2.1893.400]
[2018-08-21T10:38:32.336] [INFO] default - [undefined GET /codeplay/static/img/qr_code01.1707b53.jpg 200 2ms][http://www.manykit.com/codeplay/ HTTP/1.0 Mozilla/5.0 (Windows NT 10.0; WOW64) AppleWebKit/537.36 (KHTML, like Gecko) Chrome/63.0.3239.26 Safari/537.36 Core/1.63.5702.400 QQBrowser/10.2.1893.400]
[2018-08-21T10:38:32.403] [INFO] default - [undefined GET /codeplay/static/img/qr_code02.f1cd7b4.jpg 200 2ms][http://www.manykit.com/codeplay/ HTTP/1.0 Mozilla/5.0 (Windows NT 10.0; WOW64) AppleWebKit/537.36 (KHTML, like Gecko) Chrome/63.0.3239.26 Safari/537.36 Core/1.63.5702.400 QQBrowser/10.2.1893.400]
[2018-08-21T10:38:32.751] [INFO] default - [undefined GET /codeplay/static/bianchengwan.ico 200 1ms][http://www.manykit.com/codeplay/ HTTP/1.0 Mozilla/5.0 (Windows NT 10.0; WOW64) AppleWebKit/537.36 (KHTML, like Gecko) Chrome/63.0.3239.26 Safari/537.36 Core/1.63.5702.400 QQBrowser/10.2.1893.400]
[2018-08-21T10:38:46.143] [INFO] default - [undefined GET /codeplay/ 304 1ms][http://www.manykit.com/codeplay/ HTTP/1.0 Mozilla/5.0 (Windows NT 10.0; WOW64) AppleWebKit/537.36 (KHTML, like Gecko) Chrome/63.0.3239.26 Safari/537.36 Core/1.63.5702.400 QQBrowser/10.2.1893.400]
[2018-08-21T10:38:46.202] [INFO] default - [undefined GET /codeplay/static/css/app.90c71ed45bc7ff18d0de7340b25a4880.css 304 4ms][http://www.manykit.com/codeplay/ HTTP/1.0 Mozilla/5.0 (Windows NT 10.0; WOW64) AppleWebKit/537.36 (KHTML, like Gecko) Chrome/63.0.3239.26 Safari/537.36 Core/1.63.5702.400 QQBrowser/10.2.1893.400]
[2018-08-21T10:38:46.202] [INFO] default - [undefined GET /codeplay/static/js/app.93ce467a6a763bf5f6dc.js 304 3ms][http://www.manykit.com/codeplay/ HTTP/1.0 Mozilla/5.0 (Windows NT 10.0; WOW64) AppleWebKit/537.36 (KHTML, like Gecko) Chrome/63.0.3239.26 Safari/537.36 Core/1.63.5702.400 QQBrowser/10.2.1893.400]
[2018-08-21T10:38:46.203] [INFO] default - [undefined GET /codeplay/static/js/vendor.6bd32029e07bdfba62d4.js 304 4ms][http://www.manykit.com/codeplay/ HTTP/1.0 Mozilla/5.0 (Windows NT 10.0; WOW64) AppleWebKit/537.36 (KHTML, like Gecko) Chrome/63.0.3239.26 Safari/537.36 Core/1.63.5702.400 QQBrowser/10.2.1893.400]
[2018-08-21T10:38:46.203] [INFO] default - [undefined GET /codeplay/static/js/manifest.638e6be1915ef56724e0.js 304 4ms][http://www.manykit.com/codeplay/ HTTP/1.0 Mozilla/5.0 (Windows NT 10.0; WOW64) AppleWebKit/537.36 (KHTML, like Gecko) Chrome/63.0.3239.26 Safari/537.36 Core/1.63.5702.400 QQBrowser/10.2.1893.400]
[2018-08-21T10:38:46.396] [INFO] default - [undefined GET /codeplay/static/js/0.c0c33fb19f25d24e3fe1.js 304 1ms][http://www.manykit.com/codeplay/ HTTP/1.0 Mozilla/5.0 (Windows NT 10.0; WOW64) AppleWebKit/537.36 (KHTML, like Gecko) Chrome/63.0.3239.26 Safari/537.36 Core/1.63.5702.400 QQBrowser/10.2.1893.400]
[2018-08-21T10:38:46.397] [INFO] default - [undefined GET /codeplay/static/js/11.cb33981a31e4fded84fd.js 200 3ms][http://www.manykit.com/codeplay/ HTTP/1.0 Mozilla/5.0 (Windows NT 10.0; WOW64) AppleWebKit/537.36 (KHTML, like Gecko) Chrome/63.0.3239.26 Safari/537.36 Core/1.63.5702.400 QQBrowser/10.2.1893.400]
[2018-08-21T10:38:46.537] [INFO] default - [::ffff:127.0.0.1 POST /res/getfile 200 1ms][http://www.manykit.com/codeplay/ HTTP/1.0 Mozilla/5.0 (Windows NT 10.0; WOW64) AppleWebKit/537.36 (KHTML, like Gecko) Chrome/63.0.3239.26 Safari/537.36 Core/1.63.5702.400 QQBrowser/10.2.1893.400]
[2018-08-21T10:38:46.538] [INFO] default - [::ffff:127.0.0.1 POST /res/getfile 200 0ms][http://www.manykit.com/codeplay/ HTTP/1.0 Mozilla/5.0 (Windows NT 10.0; WOW64) AppleWebKit/537.36 (KHTML, like Gecko) Chrome/63.0.3239.26 Safari/537.36 Core/1.63.5702.400 QQBrowser/10.2.1893.400]
[2018-08-21T10:38:46.540] [INFO] default - [undefined GET /codeplay/static/snap/pxsnap.html 200 4ms][http://www.manykit.com/codeplay/ HTTP/1.0 Mozilla/5.0 (Windows NT 10.0; WOW64) AppleWebKit/537.36 (KHTML, like Gecko) Chrome/63.0.3239.26 Safari/537.36 Core/1.63.5702.400 QQBrowser/10.2.1893.400]
[2018-08-21T10:38:46.540] [INFO] default - [undefined GET /res/verify 304 3ms][http://www.manykit.com/codeplay/ HTTP/1.0 Mozilla/5.0 (Windows NT 10.0; WOW64) AppleWebKit/537.36 (KHTML, like Gecko) Chrome/63.0.3239.26 Safari/537.36 Core/1.63.5702.400 QQBrowser/10.2.1893.400]
[2018-08-21T10:38:46.588] [INFO] default - [undefined GET /codeplay/static/snap/pxsnap.html 304 1ms][http://www.manykit.com/codeplay/ HTTP/1.0 Mozilla/5.0 (Windows NT 10.0; WOW64) AppleWebKit/537.36 (KHTML, like Gecko) Chrome/63.0.3239.26 Safari/537.36 Core/1.63.5702.400 QQBrowser/10.2.1893.400]
[2018-08-21T10:38:46.616] [INFO] default - [undefined GET /codeplay/static/snap/morphic.js 200 18ms][http://www.manykit.com/codeplay/static/snap/pxsnap.html HTTP/1.0 Mozilla/5.0 (Windows NT 10.0; WOW64) AppleWebKit/537.36 (KHTML, like Gecko) Chrome/63.0.3239.26 Safari/537.36 Core/1.63.5702.400 QQBrowser/10.2.1893.400]
[2018-08-21T10:38:46.617] [INFO] default - [undefined GET /codeplay/static/snap/manykit/blocks.js 200 7ms][http://www.manykit.com/codeplay/static/snap/pxsnap.html HTTP/1.0 Mozilla/5.0 (Windows NT 10.0; WOW64) AppleWebKit/537.36 (KHTML, like Gecko) Chrome/63.0.3239.26 Safari/537.36 Core/1.63.5702.400 QQBrowser/10.2.1893.400]
[2018-08-21T10:38:46.618] [INFO] default - [undefined GET /codeplay/static/snap/manykit/threads.js 200 5ms][http://www.manykit.com/codeplay/static/snap/pxsnap.html HTTP/1.0 Mozilla/5.0 (Windows NT 10.0; WOW64) AppleWebKit/537.36 (KHTML, like Gecko) Chrome/63.0.3239.26 Safari/537.36 Core/1.63.5702.400 QQBrowser/10.2.1893.400]
[2018-08-21T10:38:46.618] [INFO] default - [undefined GET /codeplay/static/snap/manykit/arduino.js 200 5ms][http://www.manykit.com/codeplay/static/snap/pxsnap.html HTTP/1.0 Mozilla/5.0 (Windows NT 10.0; WOW64) AppleWebKit/537.36 (KHTML, like Gecko) Chrome/63.0.3239.26 Safari/537.36 Core/1.63.5702.400 QQBrowser/10.2.1893.400]
[2018-08-21T10:38:46.620] [INFO] default - [undefined GET /codeplay/static/snap/widgets.js 200 7ms][http://www.manykit.com/codeplay/static/snap/pxsnap.html HTTP/1.0 Mozilla/5.0 (Windows NT 10.0; WOW64) AppleWebKit/537.36 (KHTML, like Gecko) Chrome/63.0.3239.26 Safari/537.36 Core/1.63.5702.400 QQBrowser/10.2.1893.400]
[2018-08-21T10:38:46.622] [INFO] default - [undefined GET /codeplay/static/snap/threads.js 200 9ms][http://www.manykit.com/codeplay/static/snap/pxsnap.html HTTP/1.0 Mozilla/5.0 (Windows NT 10.0; WOW64) AppleWebKit/537.36 (KHTML, like Gecko) Chrome/63.0.3239.26 Safari/537.36 Core/1.63.5702.400 QQBrowser/10.2.1893.400]
[2018-08-21T10:38:46.623] [INFO] default - [undefined GET /codeplay/static/snap/objects.js 200 12ms][http://www.manykit.com/codeplay/static/snap/pxsnap.html HTTP/1.0 Mozilla/5.0 (Windows NT 10.0; WOW64) AppleWebKit/537.36 (KHTML, like Gecko) Chrome/63.0.3239.26 Safari/537.36 Core/1.63.5702.400 QQBrowser/10.2.1893.400]
[2018-08-21T10:38:46.624] [INFO] default - [undefined GET /codeplay/static/snap/blocks.js 200 12ms][http://www.manykit.com/codeplay/static/snap/pxsnap.html HTTP/1.0 Mozilla/5.0 (Windows NT 10.0; WOW64) AppleWebKit/537.36 (KHTML, like Gecko) Chrome/63.0.3239.26 Safari/537.36 Core/1.63.5702.400 QQBrowser/10.2.1893.400]
[2018-08-21T10:38:46.640] [INFO] default - [undefined GET /codeplay/static/snap/manykit/objects.js 200 3ms][http://www.manykit.com/codeplay/static/snap/pxsnap.html HTTP/1.0 Mozilla/5.0 (Windows NT 10.0; WOW64) AppleWebKit/537.36 (KHTML, like Gecko) Chrome/63.0.3239.26 Safari/537.36 Core/1.63.5702.400 QQBrowser/10.2.1893.400]
[2018-08-21T10:38:46.640] [INFO] default - [undefined GET /codeplay/static/snap/manykit/gui.js 200 2ms][http://www.manykit.com/codeplay/static/snap/pxsnap.html HTTP/1.0 Mozilla/5.0 (Windows NT 10.0; WOW64) AppleWebKit/537.36 (KHTML, like Gecko) Chrome/63.0.3239.26 Safari/537.36 Core/1.63.5702.400 QQBrowser/10.2.1893.400]
[2018-08-21T10:38:46.643] [INFO] default - [undefined GET /codeplay/static/snap/gui.js 200 5ms][http://www.manykit.com/codeplay/static/snap/pxsnap.html HTTP/1.0 Mozilla/5.0 (Windows NT 10.0; WOW64) AppleWebKit/537.36 (KHTML, like Gecko) Chrome/63.0.3239.26 Safari/537.36 Core/1.63.5702.400 QQBrowser/10.2.1893.400]
[2018-08-21T10:38:46.660] [INFO] default - [undefined GET /codeplay/static/snap/lists.js 200 1ms][http://www.manykit.com/codeplay/static/snap/pxsnap.html HTTP/1.0 Mozilla/5.0 (Windows NT 10.0; WOW64) AppleWebKit/537.36 (KHTML, like Gecko) Chrome/63.0.3239.26 Safari/537.36 Core/1.63.5702.400 QQBrowser/10.2.1893.400]
[2018-08-21T10:38:46.660] [INFO] default - [undefined GET /codeplay/static/snap/paint.js 200 3ms][http://www.manykit.com/codeplay/static/snap/pxsnap.html HTTP/1.0 Mozilla/5.0 (Windows NT 10.0; WOW64) AppleWebKit/537.36 (KHTML, like Gecko) Chrome/63.0.3239.26 Safari/537.36 Core/1.63.5702.400 QQBrowser/10.2.1893.400]
[2018-08-21T10:38:46.689] [INFO] default - [undefined GET /codeplay/static/snap/byob.js 200 4ms][http://www.manykit.com/codeplay/static/snap/pxsnap.html HTTP/1.0 Mozilla/5.0 (Windows NT 10.0; WOW64) AppleWebKit/537.36 (KHTML, like Gecko) Chrome/63.0.3239.26 Safari/537.36 Core/1.63.5702.400 QQBrowser/10.2.1893.400]
[2018-08-21T10:38:46.690] [INFO] default - [undefined GET /codeplay/static/snap/xml.js 200 4ms][http://www.manykit.com/codeplay/static/snap/pxsnap.html HTTP/1.0 Mozilla/5.0 (Windows NT 10.0; WOW64) AppleWebKit/537.36 (KHTML, like Gecko) Chrome/63.0.3239.26 Safari/537.36 Core/1.63.5702.400 QQBrowser/10.2.1893.400]
[2018-08-21T10:38:46.691] [INFO] default - [undefined GET /codeplay/static/snap/tables.js 200 4ms][http://www.manykit.com/codeplay/static/snap/pxsnap.html HTTP/1.0 Mozilla/5.0 (Windows NT 10.0; WOW64) AppleWebKit/537.36 (KHTML, like Gecko) Chrome/63.0.3239.26 Safari/537.36 Core/1.63.5702.400 QQBrowser/10.2.1893.400]
[2018-08-21T10:38:46.692] [INFO] default - [undefined GET /codeplay/static/snap/symbols.js 200 5ms][http://www.manykit.com/codeplay/static/snap/pxsnap.html HTTP/1.0 Mozilla/5.0 (Windows NT 10.0; WOW64) AppleWebKit/537.36 (KHTML, like Gecko) Chrome/63.0.3239.26 Safari/537.36 Core/1.63.5702.400 QQBrowser/10.2.1893.400]
[2018-08-21T10:38:46.693] [INFO] default - [undefined GET /codeplay/static/snap/store.js 200 5ms][http://www.manykit.com/codeplay/static/snap/pxsnap.html HTTP/1.0 Mozilla/5.0 (Windows NT 10.0; WOW64) AppleWebKit/537.36 (KHTML, like Gecko) Chrome/63.0.3239.26 Safari/537.36 Core/1.63.5702.400 QQBrowser/10.2.1893.400]
[2018-08-21T10:38:46.745] [INFO] default - [undefined GET /codeplay/static/snap/locale.js 200 2ms][http://www.manykit.com/codeplay/static/snap/pxsnap.html HTTP/1.0 Mozilla/5.0 (Windows NT 10.0; WOW64) AppleWebKit/537.36 (KHTML, like Gecko) Chrome/63.0.3239.26 Safari/537.36 Core/1.63.5702.400 QQBrowser/10.2.1893.400]
[2018-08-21T10:38:46.753] [INFO] default - [undefined GET /codeplay/static/snap/manykit/locale.js 200 1ms][http://www.manykit.com/codeplay/static/snap/pxsnap.html HTTP/1.0 Mozilla/5.0 (Windows NT 10.0; WOW64) AppleWebKit/537.36 (KHTML, like Gecko) Chrome/63.0.3239.26 Safari/537.36 Core/1.63.5702.400 QQBrowser/10.2.1893.400]
[2018-08-21T10:38:46.798] [INFO] default - [undefined GET /codeplay/static/snap/cloud.js 200 3ms][http://www.manykit.com/codeplay/static/snap/pxsnap.html HTTP/1.0 Mozilla/5.0 (Windows NT 10.0; WOW64) AppleWebKit/537.36 (KHTML, like Gecko) Chrome/63.0.3239.26 Safari/537.36 Core/1.63.5702.400 QQBrowser/10.2.1893.400]
[2018-08-21T10:38:46.814] [INFO] default - [undefined GET /codeplay/static/snap/manykit/cloud.js 200 2ms][http://www.manykit.com/codeplay/static/snap/pxsnap.html HTTP/1.0 Mozilla/5.0 (Windows NT 10.0; WOW64) AppleWebKit/537.36 (KHTML, like Gecko) Chrome/63.0.3239.26 Safari/537.36 Core/1.63.5702.400 QQBrowser/10.2.1893.400]
[2018-08-21T10:38:46.824] [INFO] default - [undefined GET /codeplay/static/snap/sha512.js 200 2ms][http://www.manykit.com/codeplay/static/snap/pxsnap.html HTTP/1.0 Mozilla/5.0 (Windows NT 10.0; WOW64) AppleWebKit/537.36 (KHTML, like Gecko) Chrome/63.0.3239.26 Safari/537.36 Core/1.63.5702.400 QQBrowser/10.2.1893.400]
[2018-08-21T10:38:46.842] [INFO] default - [undefined GET /codeplay/static/snap/FileSaver.min.js 200 1ms][http://www.manykit.com/codeplay/static/snap/pxsnap.html HTTP/1.0 Mozilla/5.0 (Windows NT 10.0; WOW64) AppleWebKit/537.36 (KHTML, like Gecko) Chrome/63.0.3239.26 Safari/537.36 Core/1.63.5702.400 QQBrowser/10.2.1893.400]
[2018-08-21T10:38:46.863] [INFO] default - [undefined GET /codeplay/static/snap/morphic.js 304 1ms][http://www.manykit.com/codeplay/static/snap/pxsnap.html HTTP/1.0 Mozilla/5.0 (Windows NT 10.0; WOW64) AppleWebKit/537.36 (KHTML, like Gecko) Chrome/63.0.3239.26 Safari/537.36 Core/1.63.5702.400 QQBrowser/10.2.1893.400]
[2018-08-21T10:38:46.863] [INFO] default - [undefined GET /codeplay/static/snap/manykit/base64.js 200 2ms][http://www.manykit.com/codeplay/static/snap/pxsnap.html HTTP/1.0 Mozilla/5.0 (Windows NT 10.0; WOW64) AppleWebKit/537.36 (KHTML, like Gecko) Chrome/63.0.3239.26 Safari/537.36 Core/1.63.5702.400 QQBrowser/10.2.1893.400]
[2018-08-21T10:38:46.890] [INFO] default - [undefined GET /codeplay/static/snap/objects.js 304 2ms][http://www.manykit.com/codeplay/static/snap/pxsnap.html HTTP/1.0 Mozilla/5.0 (Windows NT 10.0; WOW64) AppleWebKit/537.36 (KHTML, like Gecko) Chrome/63.0.3239.26 Safari/537.36 Core/1.63.5702.400 QQBrowser/10.2.1893.400]
[2018-08-21T10:38:46.891] [INFO] default - [undefined GET /codeplay/static/snap/manykit/threads.js 304 2ms][http://www.manykit.com/codeplay/static/snap/pxsnap.html HTTP/1.0 Mozilla/5.0 (Windows NT 10.0; WOW64) AppleWebKit/537.36 (KHTML, like Gecko) Chrome/63.0.3239.26 Safari/537.36 Core/1.63.5702.400 QQBrowser/10.2.1893.400]
[2018-08-21T10:38:46.891] [INFO] default - [undefined GET /codeplay/static/snap/manykit/blocks.js 304 2ms][http://www.manykit.com/codeplay/static/snap/pxsnap.html HTTP/1.0 Mozilla/5.0 (Windows NT 10.0; WOW64) AppleWebKit/537.36 (KHTML, like Gecko) Chrome/63.0.3239.26 Safari/537.36 Core/1.63.5702.400 QQBrowser/10.2.1893.400]
[2018-08-21T10:38:46.920] [INFO] default - [undefined GET /codeplay/static/snap/manykit/arduino.js 304 6ms][http://www.manykit.com/codeplay/static/snap/pxsnap.html HTTP/1.0 Mozilla/5.0 (Windows NT 10.0; WOW64) AppleWebKit/537.36 (KHTML, like Gecko) Chrome/63.0.3239.26 Safari/537.36 Core/1.63.5702.400 QQBrowser/10.2.1893.400]
[2018-08-21T10:38:46.920] [INFO] default - [undefined GET /codeplay/static/snap/widgets.js 304 5ms][http://www.manykit.com/codeplay/static/snap/pxsnap.html HTTP/1.0 Mozilla/5.0 (Windows NT 10.0; WOW64) AppleWebKit/537.36 (KHTML, like Gecko) Chrome/63.0.3239.26 Safari/537.36 Core/1.63.5702.400 QQBrowser/10.2.1893.400]
[2018-08-21T10:38:46.921] [INFO] default - [undefined GET /codeplay/static/snap/blocks.js 304 6ms][http://www.manykit.com/codeplay/static/snap/pxsnap.html HTTP/1.0 Mozilla/5.0 (Windows NT 10.0; WOW64) AppleWebKit/537.36 (KHTML, like Gecko) Chrome/63.0.3239.26 Safari/537.36 Core/1.63.5702.400 QQBrowser/10.2.1893.400]
[2018-08-21T10:38:46.921] [INFO] default - [undefined GET /codeplay/static/snap/gui.js 304 5ms][http://www.manykit.com/codeplay/static/snap/pxsnap.html HTTP/1.0 Mozilla/5.0 (Windows NT 10.0; WOW64) AppleWebKit/537.36 (KHTML, like Gecko) Chrome/63.0.3239.26 Safari/537.36 Core/1.63.5702.400 QQBrowser/10.2.1893.400]
[2018-08-21T10:38:46.922] [INFO] default - [undefined GET /codeplay/static/snap/manykit/objects.js 304 5ms][http://www.manykit.com/codeplay/static/snap/pxsnap.html HTTP/1.0 Mozilla/5.0 (Windows NT 10.0; WOW64) AppleWebKit/537.36 (KHTML, like Gecko) Chrome/63.0.3239.26 Safari/537.36 Core/1.63.5702.400 QQBrowser/10.2.1893.400]
[2018-08-21T10:38:46.923] [INFO] default - [undefined GET /codeplay/static/snap/threads.js 304 4ms][http://www.manykit.com/codeplay/static/snap/pxsnap.html HTTP/1.0 Mozilla/5.0 (Windows NT 10.0; WOW64) AppleWebKit/537.36 (KHTML, like Gecko) Chrome/63.0.3239.26 Safari/537.36 Core/1.63.5702.400 QQBrowser/10.2.1893.400]
[2018-08-21T10:38:46.924] [INFO] default - [undefined GET /codeplay/static/snap/manykit/gui.js 304 2ms][http://www.manykit.com/codeplay/static/snap/pxsnap.html HTTP/1.0 Mozilla/5.0 (Windows NT 10.0; WOW64) AppleWebKit/537.36 (KHTML, like Gecko) Chrome/63.0.3239.26 Safari/537.36 Core/1.63.5702.400 QQBrowser/10.2.1893.400]
[2018-08-21T10:38:46.943] [INFO] default - [undefined GET /codeplay/static/snap/symbols.js 304 1ms][http://www.manykit.com/codeplay/static/snap/pxsnap.html HTTP/1.0 Mozilla/5.0 (Windows NT 10.0; WOW64) AppleWebKit/537.36 (KHTML, like Gecko) Chrome/63.0.3239.26 Safari/537.36 Core/1.63.5702.400 QQBrowser/10.2.1893.400]
[2018-08-21T10:38:46.944] [INFO] default - [undefined GET /codeplay/static/snap/xml.js 304 0ms][http://www.manykit.com/codeplay/static/snap/pxsnap.html HTTP/1.0 Mozilla/5.0 (Windows NT 10.0; WOW64) AppleWebKit/537.36 (KHTML, like Gecko) Chrome/63.0.3239.26 Safari/537.36 Core/1.63.5702.400 QQBrowser/10.2.1893.400]
[2018-08-21T10:38:46.944] [INFO] default - [undefined GET /codeplay/static/snap/store.js 304 1ms][http://www.manykit.com/codeplay/static/snap/pxsnap.html HTTP/1.0 Mozilla/5.0 (Windows NT 10.0; WOW64) AppleWebKit/537.36 (KHTML, like Gecko) Chrome/63.0.3239.26 Safari/537.36 Core/1.63.5702.400 QQBrowser/10.2.1893.400]
[2018-08-21T10:38:46.966] [INFO] default - [undefined GET /codeplay/static/snap/manykit/locale.js 304 2ms][http://www.manykit.com/codeplay/static/snap/pxsnap.html HTTP/1.0 Mozilla/5.0 (Windows NT 10.0; WOW64) AppleWebKit/537.36 (KHTML, like Gecko) Chrome/63.0.3239.26 Safari/537.36 Core/1.63.5702.400 QQBrowser/10.2.1893.400]
[2018-08-21T10:38:46.966] [INFO] default - [undefined GET /codeplay/static/snap/paint.js 304 1ms][http://www.manykit.com/codeplay/static/snap/pxsnap.html HTTP/1.0 Mozilla/5.0 (Windows NT 10.0; WOW64) AppleWebKit/537.36 (KHTML, like Gecko) Chrome/63.0.3239.26 Safari/537.36 Core/1.63.5702.400 QQBrowser/10.2.1893.400]
[2018-08-21T10:38:46.967] [INFO] default - [undefined GET /codeplay/static/snap/byob.js 304 2ms][http://www.manykit.com/codeplay/static/snap/pxsnap.html HTTP/1.0 Mozilla/5.0 (Windows NT 10.0; WOW64) AppleWebKit/537.36 (KHTML, like Gecko) Chrome/63.0.3239.26 Safari/537.36 Core/1.63.5702.400 QQBrowser/10.2.1893.400]
[2018-08-21T10:38:46.978] [INFO] default - [undefined GET /codeplay/static/snap/locale.js 304 3ms][http://www.manykit.com/codeplay/static/snap/pxsnap.html HTTP/1.0 Mozilla/5.0 (Windows NT 10.0; WOW64) AppleWebKit/537.36 (KHTML, like Gecko) Chrome/63.0.3239.26 Safari/537.36 Core/1.63.5702.400 QQBrowser/10.2.1893.400]
[2018-08-21T10:38:46.978] [INFO] default - [undefined GET /codeplay/static/snap/tables.js 304 2ms][http://www.manykit.com/codeplay/static/snap/pxsnap.html HTTP/1.0 Mozilla/5.0 (Windows NT 10.0; WOW64) AppleWebKit/537.36 (KHTML, like Gecko) Chrome/63.0.3239.26 Safari/537.36 Core/1.63.5702.400 QQBrowser/10.2.1893.400]
[2018-08-21T10:38:46.979] [INFO] default - [undefined GET /codeplay/static/snap/lists.js 304 2ms][http://www.manykit.com/codeplay/static/snap/pxsnap.html HTTP/1.0 Mozilla/5.0 (Windows NT 10.0; WOW64) AppleWebKit/537.36 (KHTML, like Gecko) Chrome/63.0.3239.26 Safari/537.36 Core/1.63.5702.400 QQBrowser/10.2.1893.400]
[2018-08-21T10:38:46.979] [INFO] default - [undefined GET /codeplay/static/snap/cloud.js 304 2ms][http://www.manykit.com/codeplay/static/snap/pxsnap.html HTTP/1.0 Mozilla/5.0 (Windows NT 10.0; WOW64) AppleWebKit/537.36 (KHTML, like Gecko) Chrome/63.0.3239.26 Safari/537.36 Core/1.63.5702.400 QQBrowser/10.2.1893.400]
[2018-08-21T10:38:46.994] [INFO] default - [undefined GET /codeplay/static/snap/sha512.js 304 2ms][http://www.manykit.com/codeplay/static/snap/pxsnap.html HTTP/1.0 Mozilla/5.0 (Windows NT 10.0; WOW64) AppleWebKit/537.36 (KHTML, like Gecko) Chrome/63.0.3239.26 Safari/537.36 Core/1.63.5702.400 QQBrowser/10.2.1893.400]
[2018-08-21T10:38:46.995] [INFO] default - [undefined GET /codeplay/static/snap/FileSaver.min.js 304 2ms][http://www.manykit.com/codeplay/static/snap/pxsnap.html HTTP/1.0 Mozilla/5.0 (Windows NT 10.0; WOW64) AppleWebKit/537.36 (KHTML, like Gecko) Chrome/63.0.3239.26 Safari/537.36 Core/1.63.5702.400 QQBrowser/10.2.1893.400]
[2018-08-21T10:38:46.995] [INFO] default - [undefined GET /codeplay/static/snap/manykit/base64.js 304 2ms][http://www.manykit.com/codeplay/static/snap/pxsnap.html HTTP/1.0 Mozilla/5.0 (Windows NT 10.0; WOW64) AppleWebKit/537.36 (KHTML, like Gecko) Chrome/63.0.3239.26 Safari/537.36 Core/1.63.5702.400 QQBrowser/10.2.1893.400]
[2018-08-21T10:38:46.996] [INFO] default - [undefined GET /codeplay/static/snap/manykit/cloud.js 304 2ms][http://www.manykit.com/codeplay/static/snap/pxsnap.html HTTP/1.0 Mozilla/5.0 (Windows NT 10.0; WOW64) AppleWebKit/537.36 (KHTML, like Gecko) Chrome/63.0.3239.26 Safari/537.36 Core/1.63.5702.400 QQBrowser/10.2.1893.400]
[2018-08-21T10:38:48.564] [INFO] default - [undefined GET /codeplay/static/snap/lang-zh_CN.js 200 1ms][http://www.manykit.com/codeplay/static/snap/pxsnap.html HTTP/1.0 Mozilla/5.0 (Windows NT 10.0; WOW64) AppleWebKit/537.36 (KHTML, like Gecko) Chrome/63.0.3239.26 Safari/537.36 Core/1.63.5702.400 QQBrowser/10.2.1893.400]
[2018-08-21T10:38:48.582] [INFO] default - [undefined GET /codeplay/static/snap/manykit/bianchengwan.ico 200 1ms][http://www.manykit.com/codeplay/static/snap/pxsnap.html HTTP/1.0 Mozilla/5.0 (Windows NT 10.0; WOW64) AppleWebKit/537.36 (KHTML, like Gecko) Chrome/63.0.3239.26 Safari/537.36 Core/1.63.5702.400 QQBrowser/10.2.1893.400]
[2018-08-21T10:38:48.670] [INFO] default - [undefined GET /codeplay/static/snap/manykit/bianchengwan.ico 304 2ms][http://www.manykit.com/codeplay/static/snap/pxsnap.html HTTP/1.0 Mozilla/5.0 (Windows NT 10.0; WOW64) AppleWebKit/537.36 (KHTML, like Gecko) Chrome/63.0.3239.26 Safari/537.36 Core/1.63.5702.400 QQBrowser/10.2.1893.400]
[2018-08-21T10:38:48.881] [INFO] default - [undefined GET /codeplay/static/snap/lang-zh_CN.js 304 1ms][http://www.manykit.com/codeplay/static/snap/pxsnap.html HTTP/1.0 Mozilla/5.0 (Windows NT 10.0; WOW64) AppleWebKit/537.36 (KHTML, like Gecko) Chrome/63.0.3239.26 Safari/537.36 Core/1.63.5702.400 QQBrowser/10.2.1893.400]
[2018-08-21T10:38:49.152] [INFO] default - [undefined GET /codeplay/static/snap/manykit/lang-zh_CN.js 200 1ms][http://www.manykit.com/codeplay/static/snap/pxsnap.html HTTP/1.0 Mozilla/5.0 (Windows NT 10.0; WOW64) AppleWebKit/537.36 (KHTML, like Gecko) Chrome/63.0.3239.26 Safari/537.36 Core/1.63.5702.400 QQBrowser/10.2.1893.400]
[2018-08-21T10:38:49.406] [INFO] default - [undefined GET /codeplay/static/snap/manykit/lang-zh_CN.js 304 1ms][http://www.manykit.com/codeplay/static/snap/pxsnap.html HTTP/1.0 Mozilla/5.0 (Windows NT 10.0; WOW64) AppleWebKit/537.36 (KHTML, like Gecko) Chrome/63.0.3239.26 Safari/537.36 Core/1.63.5702.400 QQBrowser/10.2.1893.400]
[2018-08-21T10:39:19.901] [INFO] default - [::ffff:127.0.0.1 GET /res/verify 200 0ms][http://www.manykit.com/ HTTP/1.0 Mozilla/5.0 (Macintosh; Intel Mac OS X 10_13_5) AppleWebKit/605.1.15 (KHTML, like Gecko) Version/11.1.1 Safari/605.1.15]
[2018-08-21T10:39:19.960] [INFO] default - [::1 POST /res/filelist 200 1ms][http://www.manykit.com/ HTTP/1.0 Mozilla/5.0 (Macintosh; Intel Mac OS X 10_13_5) AppleWebKit/605.1.15 (KHTML, like Gecko) Version/11.1.1 Safari/605.1.15]
[2018-08-21T10:39:33.666] [INFO] default - [::ffff:127.0.0.1 GET /res/snaplogin?username=manyxu%40foxmail.com&password=promiseto1 200 3ms][http://www.manykit.com/codeplay/static/snap/pxsnap.html HTTP/1.0 Mozilla/5.0 (Windows NT 10.0; WOW64) AppleWebKit/537.36 (KHTML, like Gecko) Chrome/63.0.3239.26 Safari/537.36 Core/1.63.5702.400 QQBrowser/10.2.1893.400]
[2018-08-21T10:39:42.083] [INFO] default - [undefined GET /res/snaplogin?username=manyxu%40foxmail.com&password=promiseto1 304 3ms][http://www.manykit.com/codeplay/static/snap/pxsnap.html HTTP/1.0 Mozilla/5.0 (Windows NT 10.0; WOW64) AppleWebKit/537.36 (KHTML, like Gecko) Chrome/63.0.3239.26 Safari/537.36 Core/1.63.5702.400 QQBrowser/10.2.1893.400]
[2018-08-21T10:39:42.126] [INFO] default - [::ffff:127.0.0.1 GET /res/filelist?userid=4 500 4ms][http://www.manykit.com/codeplay/static/snap/pxsnap.html HTTP/1.0 Mozilla/5.0 (Windows NT 10.0; WOW64) AppleWebKit/537.36 (KHTML, like Gecko) Chrome/63.0.3239.26 Safari/537.36 Core/1.63.5702.400 QQBrowser/10.2.1893.400]
[2018-08-21T10:39:44.394] [INFO] default - [undefined GET /res/snaplogin?username=manyxu%40foxmail.com&password=promiseto1 304 2ms][http://www.manykit.com/codeplay/static/snap/pxsnap.html HTTP/1.0 Mozilla/5.0 (Windows NT 10.0; WOW64) AppleWebKit/537.36 (KHTML, like Gecko) Chrome/63.0.3239.26 Safari/537.36 Core/1.63.5702.400 QQBrowser/10.2.1893.400]
[2018-08-21T10:39:44.436] [INFO] default - [::ffff:127.0.0.1 GET /res/filelist?userid=4 500 2ms][http://www.manykit.com/codeplay/static/snap/pxsnap.html HTTP/1.0 Mozilla/5.0 (Windows NT 10.0; WOW64) AppleWebKit/537.36 (KHTML, like Gecko) Chrome/63.0.3239.26 Safari/537.36 Core/1.63.5702.400 QQBrowser/10.2.1893.400]
[2018-08-21T10:39:47.404] [INFO] default - [undefined GET /codeplay/static/css/app.90c71ed45bc7ff18d0de7340b25a4880.css 304 1ms][http://www.manykit.com/codeplay/ HTTP/1.0 Mozilla/5.0 (Windows NT 10.0; WOW64) AppleWebKit/537.36 (KHTML, like Gecko) Chrome/63.0.3239.26 Safari/537.36 Core/1.63.5702.400 QQBrowser/10.2.1893.400]
[2018-08-21T10:42:10.908] [INFO] default - [::ffff:127.0.0.1 GET /res/verify 200 0ms][http://www.manykit.com/ HTTP/1.0 com.zhihu.android/Futureve/5.23.1 Mozilla/5.0 (Linux; Android 8.1.0; PBAM00 Build/OPM1.171019.026; wv) AppleWebKit/537.36 (KHTML, like Gecko) Version/4.0 Chrome/62.0.3202.84 Mobile Safari/537.36]
[2018-08-21T10:42:20.192] [INFO] default - [::1 POST /res/filelist 200 1ms][http://www.manykit.com/ HTTP/1.0 com.zhihu.android/Futureve/5.23.1 Mozilla/5.0 (Linux; Android 8.1.0; PBAM00 Build/OPM1.171019.026; wv) AppleWebKit/537.36 (KHTML, like Gecko) Version/4.0 Chrome/62.0.3202.84 Mobile Safari/537.36]
[2018-08-21T10:46:59.365] [INFO] default - [undefined GET /res/snaplogin?username=manyxu%40foxmail.com&password=promiseto1 304 2ms][http://www.manykit.com/codeplay/static/snap/pxsnap.html HTTP/1.0 Mozilla/5.0 (Windows NT 10.0; WOW64) AppleWebKit/537.36 (KHTML, like Gecko) Chrome/63.0.3239.26 Safari/537.36 Core/1.63.5702.400 QQBrowser/10.2.1893.400]
[2018-08-21T10:47:24.560] [INFO] default - [::1 GET /res/filelist?userid=4 500 2ms][http://www.manykit.com/codeplay/static/snap/pxsnap.html HTTP/1.0 Mozilla/5.0 (Windows NT 10.0; WOW64) AppleWebKit/537.36 (KHTML, like Gecko) Chrome/63.0.3239.26 Safari/537.36 Core/1.63.5702.400 QQBrowser/10.2.1893.400]
[2018-08-21T10:48:54.853] [INFO] default - [undefined GET /res/snaplogin?username=manyxu%40foxmail.com&password=promiseto1 304 2ms][http://www.manykit.com/codeplay/static/snap/pxsnap.html HTTP/1.0 Mozilla/5.0 (Windows NT 10.0; WOW64) AppleWebKit/537.36 (KHTML, like Gecko) Chrome/63.0.3239.26 Safari/537.36 Core/1.63.5702.400 QQBrowser/10.2.1893.400]
[2018-08-21T10:50:01.137] [INFO] default - [::1 GET /res/filelist?userid=4 500 2ms][http://www.manykit.com/codeplay/static/snap/pxsnap.html HTTP/1.0 Mozilla/5.0 (Windows NT 10.0; WOW64) AppleWebKit/537.36 (KHTML, like Gecko) Chrome/63.0.3239.26 Safari/537.36 Core/1.63.5702.400 QQBrowser/10.2.1893.400]
[2018-08-21T11:34:55.515] [INFO] default - [::ffff:127.0.0.1 GET /res/verify 200 1ms][http://www.manykit.com/ HTTP/1.0 Mozilla/5.0 (Macintosh; Intel Mac OS X 10_13_4) AppleWebKit/605.1.15 (KHTML, like Gecko) Version/11.1 Safari/605.1.15]
[2018-08-21T11:34:55.585] [INFO] default - [::1 POST /res/filelist 200 1ms][http://www.manykit.com/ HTTP/1.0 Mozilla/5.0 (Macintosh; Intel Mac OS X 10_13_4) AppleWebKit/605.1.15 (KHTML, like Gecko) Version/11.1 Safari/605.1.15]
[2018-08-21T11:34:59.253] [INFO] default - [undefined GET /res/verify 304 1ms][http://www.manykit.com/ HTTP/1.0 Mozilla/5.0 (Macintosh; Intel Mac OS X 10_13_4) AppleWebKit/605.1.15 (KHTML, like Gecko) Version/11.1 Safari/605.1.15]
[2018-08-21T11:34:59.403] [INFO] default - [undefined GET /res/verify 304 1ms][http://www.manykit.com/ HTTP/1.0 Mozilla/5.0 (Macintosh; Intel Mac OS X 10_13_4) AppleWebKit/605.1.15 (KHTML, like Gecko) Version/11.1 Safari/605.1.15]
[2018-08-21T11:34:59.421] [INFO] default - [::ffff:127.0.0.1 POST /res/filelist 200 1ms][http://www.manykit.com/ HTTP/1.0 Mozilla/5.0 (Macintosh; Intel Mac OS X 10_13_4) AppleWebKit/605.1.15 (KHTML, like Gecko) Version/11.1 Safari/605.1.15]
[2018-08-21T14:29:19.172] [INFO] default - [undefined GET /codeplay/static/js/manifest.638e6be1915ef56724e0.js.map 200 3ms][ HTTP/1.0 Mozilla/5.0 (iPhone; CPU iPhone OS 9_3_4 like Mac OS X) AppleWebKit/601.1.46 (KHTML, like Gecko) Mobile/13G35 QQ/6.5.3.410 V1_IPH_SQ_6.5.3_1_APP_A Pixel/750 Core/UIWebView NetType/2G Mem/117]
[2018-08-21T16:37:11.863] [INFO] default - [::ffff:127.0.0.1 GET /codeplay 301 1ms][ HTTP/1.0 Mozilla/5.0 (iPhone; CPU iPhone OS 9_3_4 like Mac OS X) AppleWebKit/601.1.46 (KHTML, like Gecko) Mobile/13G35 QQ/6.5.3.410 V1_IPH_SQ_6.5.3_1_APP_A Pixel/750 Core/UIWebView NetType/2G Mem/117]
[2018-08-21T16:37:11.947] [INFO] default - [undefined GET /codeplay/ 200 2ms][http://www.manykit.com/codeplay HTTP/1.0 Mozilla/5.0 (iPhone; CPU iPhone OS 9_3_4 like Mac OS X) AppleWebKit/601.1.46 (KHTML, like Gecko) Mobile/13G35 QQ/6.5.3.410 V1_IPH_SQ_6.5.3_1_APP_A Pixel/750 Core/UIWebView NetType/2G Mem/117]
[2018-08-21T16:45:34.723] [INFO] default - [::ffff:127.0.0.1 GET /res/verify 200 1ms][http://www.manykit.com/ HTTP/1.0 Mozilla/5.0 (Windows NT 10.0; Win64; x64) AppleWebKit/537.36 (KHTML, like Gecko) Chrome/68.0.3440.106 Safari/537.36]
[2018-08-21T16:45:34.745] [INFO] default - [::1 POST /res/filelist 200 3ms][http://www.manykit.com/ HTTP/1.0 Mozilla/5.0 (Windows NT 10.0; Win64; x64) AppleWebKit/537.36 (KHTML, like Gecko) Chrome/68.0.3440.106 Safari/537.36]
[2018-08-21T16:45:44.004] [INFO] default - [undefined GET /res/verify 304 1ms][http://www.manykit.com/ HTTP/1.0 Mozilla/5.0 (Windows NT 10.0; Win64; x64) AppleWebKit/537.36 (KHTML, like Gecko) Chrome/68.0.3440.106 Safari/537.36]
[2018-08-21T16:45:44.018] [INFO] default - [::1 POST /res/filelist 200 1ms][http://www.manykit.com/ HTTP/1.0 Mozilla/5.0 (Windows NT 10.0; Win64; x64) AppleWebKit/537.36 (KHTML, like Gecko) Chrome/68.0.3440.106 Safari/537.36]
[2018-08-21T16:45:45.115] [INFO] default - [undefined GET /res/verify 304 1ms][http://www.manykit.com/ HTTP/1.0 Mozilla/5.0 (Windows NT 10.0; Win64; x64) AppleWebKit/537.36 (KHTML, like Gecko) Chrome/68.0.3440.106 Safari/537.36]
[2018-08-21T16:45:45.119] [INFO] default - [::1 POST /res/filelist 200 1ms][http://www.manykit.com/ HTTP/1.0 Mozilla/5.0 (Windows NT 10.0; Win64; x64) AppleWebKit/537.36 (KHTML, like Gecko) Chrome/68.0.3440.106 Safari/537.36]
[2018-08-21T16:45:45.688] [INFO] default - [undefined GET /res/verify 304 1ms][http://www.manykit.com/ HTTP/1.0 Mozilla/5.0 (Windows NT 10.0; Win64; x64) AppleWebKit/537.36 (KHTML, like Gecko) Chrome/68.0.3440.106 Safari/537.36]
[2018-08-21T16:45:45.693] [INFO] default - [::1 POST /res/filelist 200 1ms][http://www.manykit.com/ HTTP/1.0 Mozilla/5.0 (Windows NT 10.0; Win64; x64) AppleWebKit/537.36 (KHTML, like Gecko) Chrome/68.0.3440.106 Safari/537.36]
[2018-08-21T16:45:46.167] [INFO] default - [undefined GET /res/verify 304 0ms][http://www.manykit.com/ HTTP/1.0 Mozilla/5.0 (Windows NT 10.0; Win64; x64) AppleWebKit/537.36 (KHTML, like Gecko) Chrome/68.0.3440.106 Safari/537.36]
[2018-08-21T16:45:46.174] [INFO] default - [::1 POST /res/filelist 200 1ms][http://www.manykit.com/ HTTP/1.0 Mozilla/5.0 (Windows NT 10.0; Win64; x64) AppleWebKit/537.36 (KHTML, like Gecko) Chrome/68.0.3440.106 Safari/537.36]
[2018-08-21T16:45:47.705] [INFO] default - [undefined GET /res/verify 304 1ms][http://www.manykit.com/ HTTP/1.0 Mozilla/5.0 (Windows NT 10.0; Win64; x64) AppleWebKit/537.36 (KHTML, like Gecko) Chrome/68.0.3440.106 Safari/537.36]
[2018-08-21T16:45:47.723] [INFO] default - [::1 POST /res/filelist 200 1ms][http://www.manykit.com/ HTTP/1.0 Mozilla/5.0 (Windows NT 10.0; Win64; x64) AppleWebKit/537.36 (KHTML, like Gecko) Chrome/68.0.3440.106 Safari/537.36]
[2018-08-21T16:45:50.709] [INFO] default - [undefined GET /codeplay/ 200 2ms][http://www.manykit.com/ HTTP/1.0 Mozilla/5.0 (Windows NT 10.0; Win64; x64) AppleWebKit/537.36 (KHTML, like Gecko) Chrome/68.0.3440.106 Safari/537.36]
[2018-08-21T16:45:50.741] [INFO] default - [undefined GET /codeplay/static/js/manifest.638e6be1915ef56724e0.js 200 2ms][http://www.manykit.com/codeplay/ HTTP/1.0 Mozilla/5.0 (Windows NT 10.0; Win64; x64) AppleWebKit/537.36 (KHTML, like Gecko) Chrome/68.0.3440.106 Safari/537.36]
[2018-08-21T16:45:50.744] [INFO] default - [undefined GET /codeplay/static/js/app.93ce467a6a763bf5f6dc.js 200 4ms][http://www.manykit.com/codeplay/ HTTP/1.0 Mozilla/5.0 (Windows NT 10.0; Win64; x64) AppleWebKit/537.36 (KHTML, like Gecko) Chrome/68.0.3440.106 Safari/537.36]
[2018-08-21T16:45:50.752] [INFO] default - [::1 GET /codeplay/static/css/app.90c71ed45bc7ff18d0de7340b25a4880.css 200 11ms][http://www.manykit.com/codeplay/ HTTP/1.0 Mozilla/5.0 (Windows NT 10.0; Win64; x64) AppleWebKit/537.36 (KHTML, like Gecko) Chrome/68.0.3440.106 Safari/537.36]
[2018-08-21T16:45:50.753] [INFO] default - [::ffff:127.0.0.1 GET /codeplay/static/js/vendor.6bd32029e07bdfba62d4.js 200 14ms][http://www.manykit.com/codeplay/ HTTP/1.0 Mozilla/5.0 (Windows NT 10.0; Win64; x64) AppleWebKit/537.36 (KHTML, like Gecko) Chrome/68.0.3440.106 Safari/537.36]
[2018-08-21T16:45:51.387] [INFO] default - [undefined GET /codeplay/static/js/5.a0264cd36266ff6b42ce.js 200 2ms][http://www.manykit.com/codeplay/ HTTP/1.0 Mozilla/5.0 (Windows NT 10.0; Win64; x64) AppleWebKit/537.36 (KHTML, like Gecko) Chrome/68.0.3440.106 Safari/537.36]
[2018-08-21T16:45:51.388] [INFO] default - [undefined GET /codeplay/static/js/6.83f3ee336883383391a5.js 200 3ms][http://www.manykit.com/codeplay/ HTTP/1.0 Mozilla/5.0 (Windows NT 10.0; Win64; x64) AppleWebKit/537.36 (KHTML, like Gecko) Chrome/68.0.3440.106 Safari/537.36]
[2018-08-21T16:45:51.390] [INFO] default - [undefined GET /codeplay/static/js/0.c0c33fb19f25d24e3fe1.js 200 6ms][http://www.manykit.com/codeplay/ HTTP/1.0 Mozilla/5.0 (Windows NT 10.0; Win64; x64) AppleWebKit/537.36 (KHTML, like Gecko) Chrome/68.0.3440.106 Safari/537.36]
[2018-08-21T16:45:51.657] [INFO] default - [::ffff:127.0.0.1 POST /res/getfile 200 1ms][http://www.manykit.com/codeplay/ HTTP/1.0 Mozilla/5.0 (Windows NT 10.0; Win64; x64) AppleWebKit/537.36 (KHTML, like Gecko) Chrome/68.0.3440.106 Safari/537.36]
[2018-08-21T16:45:51.662] [INFO] default - [::ffff:127.0.0.1 POST /res/getfile 200 3ms][http://www.manykit.com/codeplay/ HTTP/1.0 Mozilla/5.0 (Windows NT 10.0; Win64; x64) AppleWebKit/537.36 (KHTML, like Gecko) Chrome/68.0.3440.106 Safari/537.36]
[2018-08-21T16:45:51.666] [INFO] default - [::1 POST /res/filelist 200 8ms][http://www.manykit.com/codeplay/ HTTP/1.0 Mozilla/5.0 (Windows NT 10.0; Win64; x64) AppleWebKit/537.36 (KHTML, like Gecko) Chrome/68.0.3440.106 Safari/537.36]
[2018-08-21T16:45:51.686] [INFO] default - [undefined GET /res/verify 304 0ms][http://www.manykit.com/codeplay/ HTTP/1.0 Mozilla/5.0 (Windows NT 10.0; Win64; x64) AppleWebKit/537.36 (KHTML, like Gecko) Chrome/68.0.3440.106 Safari/537.36]
[2018-08-21T16:45:51.687] [INFO] default - [undefined GET /codeplay/static/js/36.2ff8b3616eda3c485a9d.js 200 3ms][http://www.manykit.com/codeplay/ HTTP/1.0 Mozilla/5.0 (Windows NT 10.0; Win64; x64) AppleWebKit/537.36 (KHTML, like Gecko) Chrome/68.0.3440.106 Safari/537.36]
[2018-08-21T16:45:51.687] [INFO] default - [undefined GET /codeplay/static/snap/playersnap.html 200 3ms][http://www.manykit.com/codeplay/ HTTP/1.0 Mozilla/5.0 (Windows NT 10.0; Win64; x64) AppleWebKit/537.36 (KHTML, like Gecko) Chrome/68.0.3440.106 Safari/537.36]
[2018-08-21T16:45:51.689] [INFO] default - [undefined GET /codeplay/static/img/qr_code01.1707b53.jpg 200 4ms][http://www.manykit.com/codeplay/ HTTP/1.0 Mozilla/5.0 (Windows NT 10.0; Win64; x64) AppleWebKit/537.36 (KHTML, like Gecko) Chrome/68.0.3440.106 Safari/537.36]
[2018-08-21T16:45:51.690] [INFO] default - [::ffff:127.0.0.1 GET /codeplay/static/img/qr_code02.f1cd7b4.jpg 200 2ms][http://www.manykit.com/codeplay/ HTTP/1.0 Mozilla/5.0 (Windows NT 10.0; Win64; x64) AppleWebKit/537.36 (KHTML, like Gecko) Chrome/68.0.3440.106 Safari/537.36]
[2018-08-21T16:45:51.715] [INFO] default - [undefined GET /codeplay/static/localpic.png 200 29ms][http://www.manykit.com/codeplay/ HTTP/1.0 Mozilla/5.0 (Windows NT 10.0; Win64; x64) AppleWebKit/537.36 (KHTML, like Gecko) Chrome/68.0.3440.106 Safari/537.36]
[2018-08-21T16:45:51.721] [INFO] default - [::1 GET /codeplay/static/snap/morphic.js 200 2ms][http://www.manykit.com/codeplay/static/snap/playersnap.html HTTP/1.0 Mozilla/5.0 (Windows NT 10.0; Win64; x64) AppleWebKit/537.36 (KHTML, like Gecko) Chrome/68.0.3440.106 Safari/537.36]
[2018-08-21T16:45:51.903] [INFO] default - [undefined GET /codeplay/static/snap/widgets.js 200 2ms][http://www.manykit.com/codeplay/static/snap/playersnap.html HTTP/1.0 Mozilla/5.0 (Windows NT 10.0; Win64; x64) AppleWebKit/537.36 (KHTML, like Gecko) Chrome/68.0.3440.106 Safari/537.36]
[2018-08-21T16:45:51.995] [INFO] default - [undefined GET /codeplay/static/snap/blocks.js 200 3ms][http://www.manykit.com/codeplay/static/snap/playersnap.html HTTP/1.0 Mozilla/5.0 (Windows NT 10.0; Win64; x64) AppleWebKit/537.36 (KHTML, like Gecko) Chrome/68.0.3440.106 Safari/537.36]
[2018-08-21T16:45:52.186] [INFO] default - [undefined GET /codeplay/static/snap/manykit/blocks.js 200 1ms][http://www.manykit.com/codeplay/static/snap/playersnap.html HTTP/1.0 Mozilla/5.0 (Windows NT 10.0; Win64; x64) AppleWebKit/537.36 (KHTML, like Gecko) Chrome/68.0.3440.106 Safari/537.36]
[2018-08-21T16:45:52.211] [INFO] default - [undefined GET /codeplay/static/snap/manykit/pxframe.js 200 1ms][http://www.manykit.com/codeplay/static/snap/playersnap.html HTTP/1.0 Mozilla/5.0 (Windows NT 10.0; Win64; x64) AppleWebKit/537.36 (KHTML, like Gecko) Chrome/68.0.3440.106 Safari/537.36]
[2018-08-21T16:45:52.236] [INFO] default - [::ffff:127.0.0.1 GET /codeplay/static/snap/threads.js 200 2ms][http://www.manykit.com/codeplay/static/snap/playersnap.html HTTP/1.0 Mozilla/5.0 (Windows NT 10.0; Win64; x64) AppleWebKit/537.36 (KHTML, like Gecko) Chrome/68.0.3440.106 Safari/537.36]
[2018-08-21T16:45:52.329] [INFO] default - [undefined GET /codeplay/static/snap/manykit/threads.js 200 2ms][http://www.manykit.com/codeplay/static/snap/playersnap.html HTTP/1.0 Mozilla/5.0 (Windows NT 10.0; Win64; x64) AppleWebKit/537.36 (KHTML, like Gecko) Chrome/68.0.3440.106 Safari/537.36]
[2018-08-21T16:45:52.355] [INFO] default - [::ffff:127.0.0.1 GET /codeplay/static/snap/objects.js 200 2ms][http://www.manykit.com/codeplay/static/snap/playersnap.html HTTP/1.0 Mozilla/5.0 (Windows NT 10.0; Win64; x64) AppleWebKit/537.36 (KHTML, like Gecko) Chrome/68.0.3440.106 Safari/537.36]
[2018-08-21T16:45:52.463] [INFO] default - [undefined GET /codeplay/static/snap/manykit/objects.js 200 2ms][http://www.manykit.com/codeplay/static/snap/playersnap.html HTTP/1.0 Mozilla/5.0 (Windows NT 10.0; Win64; x64) AppleWebKit/537.36 (KHTML, like Gecko) Chrome/68.0.3440.106 Safari/537.36]
[2018-08-21T16:45:52.555] [INFO] default - [::1 GET /codeplay/static/snap/gui.js 200 3ms][http://www.manykit.com/codeplay/static/snap/playersnap.html HTTP/1.0 Mozilla/5.0 (Windows NT 10.0; Win64; x64) AppleWebKit/537.36 (KHTML, like Gecko) Chrome/68.0.3440.106 Safari/537.36]
[2018-08-21T16:45:52.603] [INFO] default - [undefined GET /codeplay/static/snap/manykit/playergui.js 200 53ms][http://www.manykit.com/codeplay/static/snap/playersnap.html HTTP/1.0 Mozilla/5.0 (Windows NT 10.0; Win64; x64) AppleWebKit/537.36 (KHTML, like Gecko) Chrome/68.0.3440.106 Safari/537.36]
[2018-08-21T16:45:52.643] [INFO] default - [undefined GET /codeplay/static/snap/paint.js 200 3ms][http://www.manykit.com/codeplay/static/snap/playersnap.html HTTP/1.0 Mozilla/5.0 (Windows NT 10.0; Win64; x64) AppleWebKit/537.36 (KHTML, like Gecko) Chrome/68.0.3440.106 Safari/537.36]
[2018-08-21T16:45:52.699] [INFO] default - [undefined GET /codeplay/static/snap/lists.js 200 1ms][http://www.manykit.com/codeplay/static/snap/playersnap.html HTTP/1.0 Mozilla/5.0 (Windows NT 10.0; Win64; x64) AppleWebKit/537.36 (KHTML, like Gecko) Chrome/68.0.3440.106 Safari/537.36]
[2018-08-21T16:45:52.768] [INFO] default - [undefined GET /codeplay/static/snap/byob.js 200 2ms][http://www.manykit.com/codeplay/static/snap/playersnap.html HTTP/1.0 Mozilla/5.0 (Windows NT 10.0; Win64; x64) AppleWebKit/537.36 (KHTML, like Gecko) Chrome/68.0.3440.106 Safari/537.36]
[2018-08-21T16:45:52.836] [INFO] default - [undefined GET /codeplay/static/snap/tables.js 200 2ms][http://www.manykit.com/codeplay/static/snap/playersnap.html HTTP/1.0 Mozilla/5.0 (Windows NT 10.0; Win64; x64) AppleWebKit/537.36 (KHTML, like Gecko) Chrome/68.0.3440.106 Safari/537.36]
[2018-08-21T16:45:52.869] [INFO] default - [undefined GET /codeplay/static/snap/symbols.js 200 2ms][http://www.manykit.com/codeplay/static/snap/playersnap.html HTTP/1.0 Mozilla/5.0 (Windows NT 10.0; Win64; x64) AppleWebKit/537.36 (KHTML, like Gecko) Chrome/68.0.3440.106 Safari/537.36]
[2018-08-21T16:45:52.899] [INFO] default - [undefined GET /codeplay/static/snap/xml.js 200 1ms][http://www.manykit.com/codeplay/static/snap/playersnap.html HTTP/1.0 Mozilla/5.0 (Windows NT 10.0; Win64; x64) AppleWebKit/537.36 (KHTML, like Gecko) Chrome/68.0.3440.106 Safari/537.36]
[2018-08-21T16:45:52.931] [INFO] default - [undefined GET /codeplay/static/snap/store.js 200 2ms][http://www.manykit.com/codeplay/static/snap/playersnap.html HTTP/1.0 Mozilla/5.0 (Windows NT 10.0; Win64; x64) AppleWebKit/537.36 (KHTML, like Gecko) Chrome/68.0.3440.106 Safari/537.36]
[2018-08-21T16:45:52.938] [INFO] default - [undefined GET /codeplay/static/snap/locale.js 200 1ms][http://www.manykit.com/codeplay/static/snap/playersnap.html HTTP/1.0 Mozilla/5.0 (Windows NT 10.0; Win64; x64) AppleWebKit/537.36 (KHTML, like Gecko) Chrome/68.0.3440.106 Safari/537.36]
[2018-08-21T16:45:52.967] [INFO] default - [undefined GET /codeplay/static/snap/cloud.js 200 1ms][http://www.manykit.com/codeplay/static/snap/playersnap.html HTTP/1.0 Mozilla/5.0 (Windows NT 10.0; Win64; x64) AppleWebKit/537.36 (KHTML, like Gecko) Chrome/68.0.3440.106 Safari/537.36]
[2018-08-21T16:45:52.993] [INFO] default - [undefined GET /codeplay/static/snap/manykit/cloud.js 200 2ms][http://www.manykit.com/codeplay/static/snap/playersnap.html HTTP/1.0 Mozilla/5.0 (Windows NT 10.0; Win64; x64) AppleWebKit/537.36 (KHTML, like Gecko) Chrome/68.0.3440.106 Safari/537.36]
[2018-08-21T16:45:53.009] [INFO] default - [undefined GET /codeplay/static/snap/sha512.js 200 3ms][http://www.manykit.com/codeplay/static/snap/playersnap.html HTTP/1.0 Mozilla/5.0 (Windows NT 10.0; Win64; x64) AppleWebKit/537.36 (KHTML, like Gecko) Chrome/68.0.3440.106 Safari/537.36]
[2018-08-21T16:45:53.020] [INFO] default - [undefined GET /codeplay/static/snap/FileSaver.min.js 200 1ms][http://www.manykit.com/codeplay/static/snap/playersnap.html HTTP/1.0 Mozilla/5.0 (Windows NT 10.0; Win64; x64) AppleWebKit/537.36 (KHTML, like Gecko) Chrome/68.0.3440.106 Safari/537.36]
[2018-08-21T16:45:53.045] [INFO] default - [undefined GET /codeplay/static/snap/manykit/base64.js 200 1ms][http://www.manykit.com/codeplay/static/snap/playersnap.html HTTP/1.0 Mozilla/5.0 (Windows NT 10.0; Win64; x64) AppleWebKit/537.36 (KHTML, like Gecko) Chrome/68.0.3440.106 Safari/537.36]
[2018-08-21T16:45:53.100] [INFO] default - [undefined GET /codeplay/static/snap/player.png 200 26ms][http://www.manykit.com/codeplay/static/snap/playersnap.html HTTP/1.0 Mozilla/5.0 (Windows NT 10.0; Win64; x64) AppleWebKit/537.36 (KHTML, like Gecko) Chrome/68.0.3440.106 Safari/537.36]
[2018-08-21T16:45:53.142] [INFO] default - [undefined GET /codeplay/static/bianchengwan.ico 200 2ms][http://www.manykit.com/codeplay/ HTTP/1.0 Mozilla/5.0 (Windows NT 10.0; Win64; x64) AppleWebKit/537.36 (KHTML, like Gecko) Chrome/68.0.3440.106 Safari/537.36]
[2018-08-21T16:45:57.341] [INFO] default - [::1 POST /res/filelist 200 2ms][http://www.manykit.com/ HTTP/1.0 Mozilla/5.0 (Windows NT 10.0; Win64; x64) AppleWebKit/537.36 (KHTML, like Gecko) Chrome/68.0.3440.106 Safari/537.36]
[2018-08-21T16:45:58.803] [INFO] default - [undefined GET /res/verify 304 1ms][http://www.manykit.com/ HTTP/1.0 Mozilla/5.0 (Windows NT 10.0; Win64; x64) AppleWebKit/537.36 (KHTML, like Gecko) Chrome/68.0.3440.106 Safari/537.36]
[2018-08-21T16:45:58.811] [INFO] default - [::1 POST /res/filelist 200 2ms][http://www.manykit.com/ HTTP/1.0 Mozilla/5.0 (Windows NT 10.0; Win64; x64) AppleWebKit/537.36 (KHTML, like Gecko) Chrome/68.0.3440.106 Safari/537.36]
[2018-08-21T20:07:55.707] [INFO] default - [::ffff:127.0.0.1 POST /res/filelist 200 2ms][http://www.manykit.com/ HTTP/1.0 Mozilla/5.0 (compatible; Baiduspider-render/2.0; +http://www.baidu.com/search/spider.html)]
[2018-08-21T20:07:55.717] [INFO] default - [::1 GET /res/verify 200 1ms][http://www.manykit.com/ HTTP/1.0 Mozilla/5.0 (compatible; Baiduspider-render/2.0; +http://www.baidu.com/search/spider.html)]
[2018-08-21T20:18:35.431] [INFO] default - [undefined GET /codeplay/ 200 2ms][ HTTP/1.0 Mozilla/5.0 (Linux; Android 6.0.1; Nexus 5X Build/MMB29P) AppleWebKit/537.36 (KHTML, like Gecko) Chrome/41.0.2272.96 Mobile Safari/537.36 (compatible; Googlebot/2.1; +http://www.google.com/bot.html)]
[2018-08-21T20:23:55.970] [INFO] default - [undefined GET /codeplay/ 200 2ms][ HTTP/1.0 Mozilla/5.0 (iPhone; CPU iPhone OS 8_1 like Mac OS X) AppleWebKit/600.1.4 (KHTML, like Gecko) Version/8.0 Mobile/12B411 Safari/600.1.4 (compatible; YandexMobileBot/3.0; +http://yandex.com/bots)]
[2018-08-21T20:23:56.902] [INFO] default - [undefined GET /codeplay/static/js/manifest.638e6be1915ef56724e0.js 200 2ms][http://www.manykit.com/codeplay/ HTTP/1.0 Mozilla/5.0 (iPhone; CPU iPhone OS 8_1 like Mac OS X) AppleWebKit/600.1.4 (KHTML, like Gecko) Version/8.0 Mobile/12B411 Safari/600.1.4 (compatible; YandexMobileBot/3.0; +http://yandex.com/bots)]
[2018-08-21T20:23:59.170] [INFO] default - [::1 GET /codeplay/static/css/app.90c71ed45bc7ff18d0de7340b25a4880.css 200 6ms][http://www.manykit.com/codeplay/ HTTP/1.0 Mozilla/5.0 (iPhone; CPU iPhone OS 8_1 like Mac OS X) AppleWebKit/600.1.4 (KHTML, like Gecko) Version/8.0 Mobile/12B411 Safari/600.1.4 (compatible; YandexMobileBot/3.0; +http://yandex.com/bots)]
[2018-08-21T20:23:59.472] [INFO] default - [undefined GET /codeplay/static/js/app.93ce467a6a763bf5f6dc.js 200 1ms][http://www.manykit.com/codeplay/ HTTP/1.0 Mozilla/5.0 (iPhone; CPU iPhone OS 8_1 like Mac OS X) AppleWebKit/600.1.4 (KHTML, like Gecko) Version/8.0 Mobile/12B411 Safari/600.1.4 (compatible; YandexMobileBot/3.0; +http://yandex.com/bots)]
[2018-08-21T20:24:00.414] [INFO] default - [::1 GET /codeplay/static/js/vendor.6bd32029e07bdfba62d4.js 200 6ms][http://www.manykit.com/codeplay/ HTTP/1.0 Mozilla/5.0 (iPhone; CPU iPhone OS 8_1 like Mac OS X) AppleWebKit/600.1.4 (KHTML, like Gecko) Version/8.0 Mobile/12B411 Safari/600.1.4 (compatible; YandexMobileBot/3.0; +http://yandex.com/bots)]
[2018-08-21T20:24:09.834] [INFO] default - [undefined GET /codeplay/static/js/2.206bcb3319425999c432.js 200 2ms][http://www.manykit.com/codeplay/ HTTP/1.0 Mozilla/5.0 (iPhone; CPU iPhone OS 8_1 like Mac OS X) AppleWebKit/600.1.4 (KHTML, like Gecko) Version/8.0 Mobile/12B411 Safari/600.1.4 (compatible; YandexMobileBot/3.0; +http://yandex.com/bots)]
[2018-08-21T20:24:10.825] [INFO] default - [undefined GET /codeplay/static/js/0.c0c33fb19f25d24e3fe1.js 200 6ms][http://www.manykit.com/codeplay/ HTTP/1.0 Mozilla/5.0 (iPhone; CPU iPhone OS 8_1 like Mac OS X) AppleWebKit/600.1.4 (KHTML, like Gecko) Version/8.0 Mobile/12B411 Safari/600.1.4 (compatible; YandexMobileBot/3.0; +http://yandex.com/bots)]
[2018-08-21T20:24:12.415] [INFO] default - [undefined GET /codeplay/static/js/7.8e63ab0a5b1b68bf69a4.js 200 1ms][http://www.manykit.com/codeplay/ HTTP/1.0 Mozilla/5.0 (iPhone; CPU iPhone OS 8_1 like Mac OS X) AppleWebKit/600.1.4 (KHTML, like Gecko) Version/8.0 Mobile/12B411 Safari/600.1.4 (compatible; YandexMobileBot/3.0; +http://yandex.com/bots)]
[2018-08-21T20:24:14.305] [INFO] default - [::1 POST /res/filelist 200 1ms][http://www.manykit.com/codeplay/ HTTP/1.0 Mozilla/5.0 (iPhone; CPU iPhone OS 8_1 like Mac OS X) AppleWebKit/600.1.4 (KHTML, like Gecko) Version/8.0 Mobile/12B411 Safari/600.1.4 (compatible; YandexMobileBot/3.0; +http://yandex.com/bots)]
[2018-08-21T20:24:19.677] [INFO] default - [::ffff:127.0.0.1 GET /res/verify 200 0ms][http://www.manykit.com/codeplay/ HTTP/1.0 Mozilla/5.0 (iPhone; CPU iPhone OS 8_1 like Mac OS X) AppleWebKit/600.1.4 (KHTML, like Gecko) Version/8.0 Mobile/12B411 Safari/600.1.4 (compatible; YandexMobileBot/3.0; +http://yandex.com/bots)]
[2018-08-21T20:24:20.777] [INFO] default - [::1 POST /res/filelist 200 2ms][http://www.manykit.com/codeplay/ HTTP/1.0 Mozilla/5.0 (iPhone; CPU iPhone OS 8_1 like Mac OS X) AppleWebKit/600.1.4 (KHTML, like Gecko) Version/8.0 Mobile/12B411 Safari/600.1.4 (compatible; YandexMobileBot/3.0; +http://yandex.com/bots)]
[2018-08-21T21:42:43.707] [INFO] default - [undefined GET /codeplay/ 200 3ms][ HTTP/1.0 Mozilla/5.0 (Linux; Android 6.0.1; Nexus 5X Build/MMB29P) AppleWebKit/537.36 (KHTML, like Gecko) Chrome/41.0.2272.96 Mobile Safari/537.36 (compatible; Googlebot/2.1; +http://www.google.com/bot.html)]
[2018-08-21T21:42:46.497] [INFO] default - [undefined GET /codeplay/static/js/app.93ce467a6a763bf5f6dc.js 200 2ms][http://www.manykit.com/codeplay/ HTTP/1.0 Mozilla/5.0 (Linux; Android 6.0.1; Nexus 5X Build/MMB29P) AppleWebKit/537.36 (KHTML, like Gecko) Chrome/41.0.2272.96 Mobile Safari/537.36 (compatible; Googlebot/2.1; +http://www.google.com/bot.html)]
[2018-08-21T21:42:47.019] [INFO] default - [undefined GET /codeplay/static/js/manifest.638e6be1915ef56724e0.js 200 2ms][http://www.manykit.com/codeplay/ HTTP/1.0 Mozilla/5.0 (Linux; Android 6.0.1; Nexus 5X Build/MMB29P) AppleWebKit/537.36 (KHTML, like Gecko) Chrome/41.0.2272.96 Mobile Safari/537.36 (compatible; Googlebot/2.1; +http://www.google.com/bot.html)]
[2018-08-21T21:42:47.530] [INFO] default - [::1 GET /codeplay/static/css/app.90c71ed45bc7ff18d0de7340b25a4880.css 200 5ms][http://www.manykit.com/codeplay/ HTTP/1.0 Mozilla/5.0 (Linux; Android 6.0.1; Nexus 5X Build/MMB29P) AppleWebKit/537.36 (KHTML, like Gecko) Chrome/41.0.2272.96 Mobile Safari/537.36 (compatible; Googlebot/2.1; +http://www.google.com/bot.html)]
[2018-08-21T21:42:48.513] [INFO] default - [undefined GET /codeplay/static/js/0.c0c33fb19f25d24e3fe1.js 200 3ms][http://www.manykit.com/codeplay/ HTTP/1.0 Mozilla/5.0 (Linux; Android 6.0.1; Nexus 5X Build/MMB29P) AppleWebKit/537.36 (KHTML, like Gecko) Chrome/41.0.2272.96 Mobile Safari/537.36 (compatible; Googlebot/2.1; +http://www.google.com/bot.html)]
[2018-08-21T21:42:49.262] [INFO] default - [undefined GET /codeplay/static/js/2.206bcb3319425999c432.js 200 1ms][http://www.manykit.com/codeplay/ HTTP/1.0 Mozilla/5.0 (Linux; Android 6.0.1; Nexus 5X Build/MMB29P) AppleWebKit/537.36 (KHTML, like Gecko) Chrome/41.0.2272.96 Mobile Safari/537.36 (compatible; Googlebot/2.1; +http://www.google.com/bot.html)]
[2018-08-21T21:42:49.808] [INFO] default - [undefined GET /codeplay/static/js/7.8e63ab0a5b1b68bf69a4.js 200 2ms][http://www.manykit.com/codeplay/ HTTP/1.0 Mozilla/5.0 (Linux; Android 6.0.1; Nexus 5X Build/MMB29P) AppleWebKit/537.36 (KHTML, like Gecko) Chrome/41.0.2272.96 Mobile Safari/537.36 (compatible; Googlebot/2.1; +http://www.google.com/bot.html)]
[2018-08-21T22:26:47.101] [INFO] default - [::1 GET /res/verify 200 1ms][http://www.manykit.com/ HTTP/1.0 osee2unifiedRelease/890 osee2unifiedReleaseVersion/4.14.0 Mozilla/5.0 (iPhone; CPU iPhone OS 11_3 like Mac OS X) AppleWebKit/605.1.15 (KHTML, like Gecko) Mobile/15E216]
[2018-08-21T22:26:48.481] [INFO] default - [::ffff:127.0.0.1 POST /res/filelist 200 2ms][http://www.manykit.com/ HTTP/1.0 osee2unifiedRelease/890 osee2unifiedReleaseVersion/4.14.0 Mozilla/5.0 (iPhone; CPU iPhone OS 11_3 like Mac OS X) AppleWebKit/605.1.15 (KHTML, like Gecko) Mobile/15E216]
[2018-08-21T22:42:22.131] [INFO] default - [222.248.16.226 GET /res/verify 200 0ms][http://www.manykit.com/ HTTP/1.0 Mozilla/5.0 (Linux; Android 8.0; MIX 2 Build/OPR1.170623.027; wv) AppleWebKit/537.36 (KHTML, like Gecko) Version/4.0 Chrome/57.0.2987.132 MQQBrowser/6.2 TBS/044205 Mobile Safari/537.36 MicroMessenger/6.7.2.1340(0x26070236) NetType/WIFI Language/zh_CN]
[2018-08-21T22:42:22.197] [INFO] default - [222.248.16.226 POST /res/filelist 200 2ms][http://www.manykit.com/ HTTP/1.0 Mozilla/5.0 (Linux; Android 8.0; MIX 2 Build/OPR1.170623.027; wv) AppleWebKit/537.36 (KHTML, like Gecko) Version/4.0 Chrome/57.0.2987.132 MQQBrowser/6.2 TBS/044205 Mobile Safari/537.36 MicroMessenger/6.7.2.1340(0x26070236) NetType/WIFI Language/zh_CN]
[2018-08-21T23:17:59.830] [INFO] default - [::1 GET /res/verify 200 1ms][ HTTP/1.0 Mozilla/5.0 (iPhone; CPU iPhone OS 9_3_4 like Mac OS X) AppleWebKit/601.1.46 (KHTML, like Gecko) Mobile/13G35 QQ/6.5.3.410 V1_IPH_SQ_6.5.3_1_APP_A Pixel/750 Core/UIWebView NetType/2G Mem/117]
[2018-08-21T23:48:23.888] [INFO] default - [::ffff:127.0.0.1 POST /res/filelist 200 3ms][http://www.manykit.com/ HTTP/1.0 com.zhihu.android/Futureve/5.8.1 Mozilla/5.0 (Linux; Android 5.1; OPPO A59m Build/LMY47I; wv) AppleWebKit/537.36 (KHTML, like Gecko) Version/4.0 Chrome/43.0.2357.121 Mobile Safari/537.36]
