[2018-11-14T01:28:27.720] [INFO] default - [::ffff:209.17.96.234 GET / 500 2ms][ HTTP/1.1 Mozilla/5.0 (compatible; Nimbostratus-Bot/v1.3.2; http://cloudsystemnetworks.com)]
[2018-11-14T01:54:32.807] [INFO] default - [::1 GET /static/js/md5.js 500 3ms][https://182.254.213.85/ HTTP/1.0 Mozilla/5.0 (Windows NT 6.1; WOW64) AppleWebKit/537.36 (KHTML, like Gecko) Chrome/32.0.1700.76 Safari/537.36]
[2018-11-14T01:54:33.120] [INFO] default - [::ffff:127.0.0.1 GET /res/js/dev/pages/common/global.js 500 2ms][https://182.254.213.85/ HTTP/1.0 Mozilla/5.0 (Windows NT 6.1; WOW64) AppleWebKit/537.36 (KHTML, like Gecko) Chrome/32.0.1700.76 Safari/537.36]
[2018-11-14T01:54:33.587] [INFO] default - [::1 GET /static/js/reset.js 500 2ms][https://182.254.213.85/ HTTP/1.0 Mozilla/5.0 (Windows NT 6.1; WOW64) AppleWebKit/537.36 (KHTML, like Gecko) Chrome/32.0.1700.76 Safari/537.36]
[2018-11-14T05:05:40.626] [INFO] default - [::ffff:127.0.0.1 POST /api/material/modulelist 200 4ms][https://manykit.com/ HTTP/1.0 Mozilla/5.0 (Linux; Android 8.0; Pixel 2 Build/OPD3.170816.012) AppleWebKit/537.36 (KHTML, like Gecko) Chrome/43.0.9631.986 Mobile Safari/537.36]
[2018-11-14T05:05:40.851] [INFO] default - [::1 POST /res/filelist 200 156ms][https://manykit.com/ HTTP/1.0 Mozilla/5.0 (Linux; Android 8.0; Pixel 2 Build/OPD3.170816.012) AppleWebKit/537.36 (KHTML, like Gecko) Chrome/43.0.9631.986 Mobile Safari/537.36]
[2018-11-14T05:05:41.579] [INFO] default - [::ffff:127.0.0.1 GET /res/verify 200 1ms][https://manykit.com/ HTTP/1.0 Mozilla/5.0 (Linux; Android 8.0; Pixel 2 Build/OPD3.170816.012) AppleWebKit/537.36 (KHTML, like Gecko) Chrome/43.0.9631.986 Mobile Safari/537.36]
[2018-11-14T05:05:43.272] [INFO] default - [::1 POST /api/material/modulelist 200 2ms][https://manykit.com/ HTTP/1.0 Mozilla/5.0 (Linux; Android 8.0; Pixel 2 Build/OPD3.170816.012) AppleWebKit/537.36 (KHTML, like Gecko) Chrome/41.0.1184.933 Mobile Safari/537.36]
[2018-11-14T05:05:43.723] [INFO] default - [::ffff:127.0.0.1 POST /res/filelist 200 127ms][https://manykit.com/ HTTP/1.0 Mozilla/5.0 (Linux; Android 8.0; Pixel 2 Build/OPD3.170816.012) AppleWebKit/537.36 (KHTML, like Gecko) Chrome/41.0.1184.933 Mobile Safari/537.36]
[2018-11-14T05:05:44.513] [INFO] default - [::1 GET /res/verify 200 1ms][https://manykit.com/ HTTP/1.0 Mozilla/5.0 (Linux; Android 8.0; Pixel 2 Build/OPD3.170816.012) AppleWebKit/537.36 (KHTML, like Gecko) Chrome/41.0.1184.933 Mobile Safari/537.36]
[2018-11-14T05:21:43.304] [INFO] default - [::ffff:127.0.0.1 POST /api/material/modulelist 200 4ms][http://www.sogou.com/web?query=site%3Awww.manykit.com HTTP/1.0 Mozilla/4.0 (compatible; MSIE 7.0; Windows NT 5.1; Trident/4.0; SE 2.X MetaSr 1.0; SE 2.X MetaSr 1.0; .NET CLR 2.0.50727; SE 2.X MetaSr 1.0)]
[2018-11-14T05:21:43.481] [INFO] default - [undefined GET /static/images/5e784bd0-ceb3-11e8-b0dd-b59eb6c2d87fVJGdhz.png 200 23ms][http://www.sogou.com/web?query=site%3Awww.manykit.com HTTP/1.0 Mozilla/4.0 (compatible; MSIE 7.0; Windows NT 5.1; Trident/4.0; SE 2.X MetaSr 1.0; SE 2.X MetaSr 1.0; .NET CLR 2.0.50727; SE 2.X MetaSr 1.0)]
[2018-11-14T05:21:43.488] [INFO] default - [undefined GET /static/images/c39c4650-d02b-11e8-b472-73f501acc6c420UVPU.png 200 32ms][http://www.sogou.com/web?query=site%3Awww.manykit.com HTTP/1.0 Mozilla/4.0 (compatible; MSIE 7.0; Windows NT 5.1; Trident/4.0; SE 2.X MetaSr 1.0; SE 2.X MetaSr 1.0; .NET CLR 2.0.50727; SE 2.X MetaSr 1.0)]
[2018-11-14T05:21:43.515] [INFO] default - [undefined GET /static/images/4405ba30-d02a-11e8-b472-73f501acc6c4QdUhWK.png 200 9ms][http://www.sogou.com/web?query=site%3Awww.manykit.com HTTP/1.0 Mozilla/4.0 (compatible; MSIE 7.0; Windows NT 5.1; Trident/4.0; SE 2.X MetaSr 1.0; SE 2.X MetaSr 1.0; .NET CLR 2.0.50727; SE 2.X MetaSr 1.0)]
[2018-11-14T05:21:43.520] [INFO] default - [undefined GET /static/images/91bb86b0-d02a-11e8-b472-73f501acc6c4fjyFvO.png 200 11ms][http://www.sogou.com/web?query=site%3Awww.manykit.com HTTP/1.0 Mozilla/4.0 (compatible; MSIE 7.0; Windows NT 5.1; Trident/4.0; SE 2.X MetaSr 1.0; SE 2.X MetaSr 1.0; .NET CLR 2.0.50727; SE 2.X MetaSr 1.0)]
[2018-11-14T05:21:43.679] [INFO] default - [::ffff:127.0.0.1 POST /res/filelist 200 157ms][http://www.sogou.com/web?query=site%3Awww.manykit.com HTTP/1.0 Mozilla/4.0 (compatible; MSIE 7.0; Windows NT 5.1; Trident/4.0; SE 2.X MetaSr 1.0; SE 2.X MetaSr 1.0; .NET CLR 2.0.50727; SE 2.X MetaSr 1.0)]
[2018-11-14T05:21:43.681] [INFO] default - [::1 GET /static/images/f963b600-d02c-11e8-8f91-455df81aec64XDgqFR.png 200 168ms][http://www.sogou.com/web?query=site%3Awww.manykit.com HTTP/1.0 Mozilla/4.0 (compatible; MSIE 7.0; Windows NT 5.1; Trident/4.0; SE 2.X MetaSr 1.0; SE 2.X MetaSr 1.0; .NET CLR 2.0.50727; SE 2.X MetaSr 1.0)]
[2018-11-14T06:24:08.265] [INFO] default - [undefined GET /toycar/ 200 2ms][ HTTP/1.0 Mozilla/5.0 (compatible; YandexBot/3.0; +http://yandex.com/bots)]
[2018-11-14T06:58:52.781] [INFO] default - [::ffff:196.52.43.56 GET / 500 2ms][ HTTP/1.0 Mozilla/5.0(WindowsNT6.1;rv:31.0)Gecko/20100101Firefox/31.0]
[2018-11-14T07:32:56.285] [INFO] default - [::ffff:127.0.0.1 POST /api/material/modulelist 200 3ms][https://manykit.com/ HTTP/1.0 Mozilla/5.0 (X11; Linux x86_64) AppleWebKit/537.36 (KHTML, like Gecko) HeadlessChrome/64.0.3282.119 Safari/537.36]
[2018-11-14T07:32:56.326] [INFO] default - [undefined GET /static/images/c39c4650-d02b-11e8-b472-73f501acc6c420UVPU.png 200 3ms][https://manykit.com/ HTTP/1.0 Mozilla/5.0 (X11; Linux x86_64) AppleWebKit/537.36 (KHTML, like Gecko) HeadlessChrome/64.0.3282.119 Safari/537.36]
[2018-11-14T07:32:56.328] [INFO] default - [undefined GET /static/images/5e784bd0-ceb3-11e8-b0dd-b59eb6c2d87fVJGdhz.png 200 5ms][https://manykit.com/ HTTP/1.0 Mozilla/5.0 (X11; Linux x86_64) AppleWebKit/537.36 (KHTML, like Gecko) HeadlessChrome/64.0.3282.119 Safari/537.36]
[2018-11-14T07:32:56.328] [INFO] default - [undefined GET /static/images/4405ba30-d02a-11e8-b472-73f501acc6c4QdUhWK.png 200 4ms][https://manykit.com/ HTTP/1.0 Mozilla/5.0 (X11; Linux x86_64) AppleWebKit/537.36 (KHTML, like Gecko) HeadlessChrome/64.0.3282.119 Safari/537.36]
[2018-11-14T07:32:56.329] [INFO] default - [undefined GET /static/images/91bb86b0-d02a-11e8-b472-73f501acc6c4fjyFvO.png 200 4ms][https://manykit.com/ HTTP/1.0 Mozilla/5.0 (X11; Linux x86_64) AppleWebKit/537.36 (KHTML, like Gecko) HeadlessChrome/64.0.3282.119 Safari/537.36]
[2018-11-14T07:32:56.330] [INFO] default - [undefined GET /static/images/f963b600-d02c-11e8-8f91-455df81aec64XDgqFR.png 200 3ms][https://manykit.com/ HTTP/1.0 Mozilla/5.0 (X11; Linux x86_64) AppleWebKit/537.36 (KHTML, like Gecko) HeadlessChrome/64.0.3282.119 Safari/537.36]
[2018-11-14T07:32:57.019] [INFO] default - [::ffff:127.0.0.1 POST /res/filelist 200 161ms][https://manykit.com/ HTTP/1.0 Mozilla/5.0 (X11; Linux x86_64) AppleWebKit/537.36 (KHTML, like Gecko) HeadlessChrome/64.0.3282.119 Safari/537.36]
[2018-11-14T08:02:06.117] [INFO] default - [::1 POST /api/material/modulelist 200 4ms][https://manykit.com/ HTTP/1.0 osee2unifiedRelease/1138 osee2unifiedReleaseVersion/4.28.0 Mozilla/5.0 (iPhone; CPU iPhone OS 12_0 like Mac OS X) AppleWebKit/605.1.15 (KHTML, like Gecko) Mobile/16A366]
[2018-11-14T08:02:06.171] [INFO] default - [undefined GET /static/images/5e784bd0-ceb3-11e8-b0dd-b59eb6c2d87fVJGdhz.png 200 3ms][https://manykit.com/ HTTP/1.0 osee2unifiedRelease/1138 osee2unifiedReleaseVersion/4.28.0 Mozilla/5.0 (iPhone; CPU iPhone OS 12_0 like Mac OS X) AppleWebKit/605.1.15 (KHTML, like Gecko) Mobile/16A366]
[2018-11-14T08:02:06.172] [INFO] default - [undefined GET /static/images/c39c4650-d02b-11e8-b472-73f501acc6c420UVPU.png 200 3ms][https://manykit.com/ HTTP/1.0 osee2unifiedRelease/1138 osee2unifiedReleaseVersion/4.28.0 Mozilla/5.0 (iPhone; CPU iPhone OS 12_0 like Mac OS X) AppleWebKit/605.1.15 (KHTML, like Gecko) Mobile/16A366]
[2018-11-14T08:02:06.173] [INFO] default - [undefined GET /static/images/4405ba30-d02a-11e8-b472-73f501acc6c4QdUhWK.png 200 4ms][https://manykit.com/ HTTP/1.0 osee2unifiedRelease/1138 osee2unifiedReleaseVersion/4.28.0 Mozilla/5.0 (iPhone; CPU iPhone OS 12_0 like Mac OS X) AppleWebKit/605.1.15 (KHTML, like Gecko) Mobile/16A366]
[2018-11-14T08:02:06.229] [INFO] default - [undefined GET /static/images/91bb86b0-d02a-11e8-b472-73f501acc6c4fjyFvO.png 200 2ms][https://manykit.com/ HTTP/1.0 osee2unifiedRelease/1138 osee2unifiedReleaseVersion/4.28.0 Mozilla/5.0 (iPhone; CPU iPhone OS 12_0 like Mac OS X) AppleWebKit/605.1.15 (KHTML, like Gecko) Mobile/16A366]
[2018-11-14T08:02:06.230] [INFO] default - [undefined GET /static/images/f963b600-d02c-11e8-8f91-455df81aec64XDgqFR.png 200 2ms][https://manykit.com/ HTTP/1.0 osee2unifiedRelease/1138 osee2unifiedReleaseVersion/4.28.0 Mozilla/5.0 (iPhone; CPU iPhone OS 12_0 like Mac OS X) AppleWebKit/605.1.15 (KHTML, like Gecko) Mobile/16A366]
[2018-11-14T08:02:06.397] [INFO] default - [::1 POST /res/filelist 200 152ms][https://manykit.com/ HTTP/1.0 osee2unifiedRelease/1138 osee2unifiedReleaseVersion/4.28.0 Mozilla/5.0 (iPhone; CPU iPhone OS 12_0 like Mac OS X) AppleWebKit/605.1.15 (KHTML, like Gecko) Mobile/16A366]
[2018-11-14T08:02:07.398] [INFO] default - [::ffff:127.0.0.1 GET /res/verify 200 1ms][https://manykit.com/ HTTP/1.0 osee2unifiedRelease/1138 osee2unifiedReleaseVersion/4.28.0 Mozilla/5.0 (iPhone; CPU iPhone OS 12_0 like Mac OS X) AppleWebKit/605.1.15 (KHTML, like Gecko) Mobile/16A366]
[2018-11-14T08:02:35.516] [INFO] default - [::1 POST /api/material/modulelist 200 2ms][https://manykit.com/ HTTP/1.0 osee2unifiedRelease/1138 osee2unifiedReleaseVersion/4.28.0 Mozilla/5.0 (iPhone; CPU iPhone OS 12_0 like Mac OS X) AppleWebKit/605.1.15 (KHTML, like Gecko) Mobile/16A366]
[2018-11-14T08:02:35.571] [INFO] default - [undefined GET /static/images/c39c4650-d02b-11e8-b472-73f501acc6c420UVPU.png 304 5ms][https://manykit.com/ HTTP/1.0 osee2unifiedRelease/1138 osee2unifiedReleaseVersion/4.28.0 Mozilla/5.0 (iPhone; CPU iPhone OS 12_0 like Mac OS X) AppleWebKit/605.1.15 (KHTML, like Gecko) Mobile/16A366]
[2018-11-14T08:02:35.572] [INFO] default - [undefined GET /static/images/4405ba30-d02a-11e8-b472-73f501acc6c4QdUhWK.png 304 4ms][https://manykit.com/ HTTP/1.0 osee2unifiedRelease/1138 osee2unifiedReleaseVersion/4.28.0 Mozilla/5.0 (iPhone; CPU iPhone OS 12_0 like Mac OS X) AppleWebKit/605.1.15 (KHTML, like Gecko) Mobile/16A366]
[2018-11-14T08:02:35.573] [INFO] default - [undefined GET /static/images/5e784bd0-ceb3-11e8-b0dd-b59eb6c2d87fVJGdhz.png 304 5ms][https://manykit.com/ HTTP/1.0 osee2unifiedRelease/1138 osee2unifiedReleaseVersion/4.28.0 Mozilla/5.0 (iPhone; CPU iPhone OS 12_0 like Mac OS X) AppleWebKit/605.1.15 (KHTML, like Gecko) Mobile/16A366]
[2018-11-14T08:02:35.729] [INFO] default - [::1 POST /res/filelist 200 160ms][https://manykit.com/ HTTP/1.0 osee2unifiedRelease/1138 osee2unifiedReleaseVersion/4.28.0 Mozilla/5.0 (iPhone; CPU iPhone OS 12_0 like Mac OS X) AppleWebKit/605.1.15 (KHTML, like Gecko) Mobile/16A366]
[2018-11-14T08:02:35.762] [INFO] default - [undefined GET /static/images/f963b600-d02c-11e8-8f91-455df81aec64XDgqFR.png 304 6ms][https://manykit.com/ HTTP/1.0 osee2unifiedRelease/1138 osee2unifiedReleaseVersion/4.28.0 Mozilla/5.0 (iPhone; CPU iPhone OS 12_0 like Mac OS X) AppleWebKit/605.1.15 (KHTML, like Gecko) Mobile/16A366]
[2018-11-14T08:02:35.762] [INFO] default - [undefined GET /static/images/91bb86b0-d02a-11e8-b472-73f501acc6c4fjyFvO.png 304 5ms][https://manykit.com/ HTTP/1.0 osee2unifiedRelease/1138 osee2unifiedReleaseVersion/4.28.0 Mozilla/5.0 (iPhone; CPU iPhone OS 12_0 like Mac OS X) AppleWebKit/605.1.15 (KHTML, like Gecko) Mobile/16A366]
[2018-11-14T08:02:36.478] [INFO] default - [undefined GET /res/verify 304 1ms][https://manykit.com/ HTTP/1.0 osee2unifiedRelease/1138 osee2unifiedReleaseVersion/4.28.0 Mozilla/5.0 (iPhone; CPU iPhone OS 12_0 like Mac OS X) AppleWebKit/605.1.15 (KHTML, like Gecko) Mobile/16A366]
[2018-11-14T08:15:23.588] [INFO] default - [undefined GET /codeplay/ 200 1ms][ HTTP/1.0 Mozilla/5.0 (compatible; YandexBot/3.0; +http://yandex.com/bots)]
[2018-11-14T08:52:46.385] [INFO] default - [::ffff:127.0.0.1 POST /api/material/modulelist 200 4ms][https://www.manykit.com/ HTTP/1.0 Mozilla/5.0 (iPhone; CPU iPhone OS 11_4_1 like Mac OS X) AppleWebKit/605.1.15 (KHTML, like Gecko) Mobile/15G77 MicroMessenger/6.7.3(0x16070321) NetType/4G Language/zh_CN]
[2018-11-14T08:52:46.485] [INFO] default - [undefined GET /static/images/c39c4650-d02b-11e8-b472-73f501acc6c420UVPU.png 200 2ms][https://www.manykit.com/ HTTP/1.0 Mozilla/5.0 (iPhone; CPU iPhone OS 11_4_1 like Mac OS X) AppleWebKit/605.1.15 (KHTML, like Gecko) Mobile/15G77 MicroMessenger/6.7.3(0x16070321) NetType/4G Language/zh_CN]
[2018-11-14T08:52:46.485] [INFO] default - [undefined GET /static/images/5e784bd0-ceb3-11e8-b0dd-b59eb6c2d87fVJGdhz.png 200 3ms][https://www.manykit.com/ HTTP/1.0 Mozilla/5.0 (iPhone; CPU iPhone OS 11_4_1 like Mac OS X) AppleWebKit/605.1.15 (KHTML, like Gecko) Mobile/15G77 MicroMessenger/6.7.3(0x16070321) NetType/4G Language/zh_CN]
[2018-11-14T08:52:46.488] [INFO] default - [undefined GET /static/images/91bb86b0-d02a-11e8-b472-73f501acc6c4fjyFvO.png 200 1ms][https://www.manykit.com/ HTTP/1.0 Mozilla/5.0 (iPhone; CPU iPhone OS 11_4_1 like Mac OS X) AppleWebKit/605.1.15 (KHTML, like Gecko) Mobile/15G77 MicroMessenger/6.7.3(0x16070321) NetType/4G Language/zh_CN]
[2018-11-14T08:52:46.488] [INFO] default - [undefined GET /static/images/4405ba30-d02a-11e8-b472-73f501acc6c4QdUhWK.png 200 2ms][https://www.manykit.com/ HTTP/1.0 Mozilla/5.0 (iPhone; CPU iPhone OS 11_4_1 like Mac OS X) AppleWebKit/605.1.15 (KHTML, like Gecko) Mobile/15G77 MicroMessenger/6.7.3(0x16070321) NetType/4G Language/zh_CN]
[2018-11-14T08:52:46.551] [INFO] default - [undefined GET /static/images/f963b600-d02c-11e8-8f91-455df81aec64XDgqFR.png 200 2ms][https://www.manykit.com/ HTTP/1.0 Mozilla/5.0 (iPhone; CPU iPhone OS 11_4_1 like Mac OS X) AppleWebKit/605.1.15 (KHTML, like Gecko) Mobile/15G77 MicroMessenger/6.7.3(0x16070321) NetType/4G Language/zh_CN]
[2018-11-14T08:52:46.716] [INFO] default - [::ffff:127.0.0.1 POST /res/filelist 200 161ms][https://www.manykit.com/ HTTP/1.0 Mozilla/5.0 (iPhone; CPU iPhone OS 11_4_1 like Mac OS X) AppleWebKit/605.1.15 (KHTML, like Gecko) Mobile/15G77 MicroMessenger/6.7.3(0x16070321) NetType/4G Language/zh_CN]
[2018-11-14T08:52:48.482] [INFO] default - [::1 GET /res/verify 200 1ms][https://www.manykit.com/ HTTP/1.0 Mozilla/5.0 (iPhone; CPU iPhone OS 11_4_1 like Mac OS X) AppleWebKit/605.1.15 (KHTML, like Gecko) Mobile/15G77 MicroMessenger/6.7.3(0x16070321) NetType/4G Language/zh_CN]
[2018-11-14T10:11:46.877] [INFO] default - [undefined GET /codeplay/ 304 2ms][ HTTP/1.0 Mozilla/5.0 (Linux; Android 6.0.1; Nexus 5X Build/MMB29P) AppleWebKit/537.36 (KHTML, like Gecko) Chrome/41.0.2272.96 Mobile Safari/537.36 (compatible; Googlebot/2.1; +http://www.google.com/bot.html)]
[2018-11-14T11:29:18.094] [INFO] default - [::1 POST /api/material/modulelist 200 5ms][https://manykit.com/ HTTP/1.0 osee2unifiedRelease/1138 osee2unifiedReleaseVersion/4.28.0 Mozilla/5.0 (iPhone; CPU iPhone OS 12_0_1 like Mac OS X) AppleWebKit/605.1.15 (KHTML, like Gecko) Mobile/16A404]
[2018-11-14T11:29:18.163] [INFO] default - [undefined GET /static/images/4405ba30-d02a-11e8-b472-73f501acc6c4QdUhWK.png 200 2ms][https://manykit.com/ HTTP/1.0 osee2unifiedRelease/1138 osee2unifiedReleaseVersion/4.28.0 Mozilla/5.0 (iPhone; CPU iPhone OS 12_0_1 like Mac OS X) AppleWebKit/605.1.15 (KHTML, like Gecko) Mobile/16A404]
[2018-11-14T11:29:18.173] [INFO] default - [undefined GET /static/images/5e784bd0-ceb3-11e8-b0dd-b59eb6c2d87fVJGdhz.png 200 3ms][https://manykit.com/ HTTP/1.0 osee2unifiedRelease/1138 osee2unifiedReleaseVersion/4.28.0 Mozilla/5.0 (iPhone; CPU iPhone OS 12_0_1 like Mac OS X) AppleWebKit/605.1.15 (KHTML, like Gecko) Mobile/16A404]
[2018-11-14T11:29:18.174] [INFO] default - [undefined GET /static/images/c39c4650-d02b-11e8-b472-73f501acc6c420UVPU.png 200 3ms][https://manykit.com/ HTTP/1.0 osee2unifiedRelease/1138 osee2unifiedReleaseVersion/4.28.0 Mozilla/5.0 (iPhone; CPU iPhone OS 12_0_1 like Mac OS X) AppleWebKit/605.1.15 (KHTML, like Gecko) Mobile/16A404]
[2018-11-14T11:29:18.175] [INFO] default - [undefined GET /static/images/91bb86b0-d02a-11e8-b472-73f501acc6c4fjyFvO.png 200 3ms][https://manykit.com/ HTTP/1.0 osee2unifiedRelease/1138 osee2unifiedReleaseVersion/4.28.0 Mozilla/5.0 (iPhone; CPU iPhone OS 12_0_1 like Mac OS X) AppleWebKit/605.1.15 (KHTML, like Gecko) Mobile/16A404]
[2018-11-14T11:29:18.249] [INFO] default - [undefined GET /static/images/f963b600-d02c-11e8-8f91-455df81aec64XDgqFR.png 200 1ms][https://manykit.com/ HTTP/1.0 osee2unifiedRelease/1138 osee2unifiedReleaseVersion/4.28.0 Mozilla/5.0 (iPhone; CPU iPhone OS 12_0_1 like Mac OS X) AppleWebKit/605.1.15 (KHTML, like Gecko) Mobile/16A404]
[2018-11-14T11:29:18.417] [INFO] default - [::1 POST /res/filelist 200 159ms][https://manykit.com/ HTTP/1.0 osee2unifiedRelease/1138 osee2unifiedReleaseVersion/4.28.0 Mozilla/5.0 (iPhone; CPU iPhone OS 12_0_1 like Mac OS X) AppleWebKit/605.1.15 (KHTML, like Gecko) Mobile/16A404]
[2018-11-14T11:29:19.521] [INFO] default - [::ffff:127.0.0.1 GET /res/verify 200 1ms][https://manykit.com/ HTTP/1.0 osee2unifiedRelease/1138 osee2unifiedReleaseVersion/4.28.0 Mozilla/5.0 (iPhone; CPU iPhone OS 12_0_1 like Mac OS X) AppleWebKit/605.1.15 (KHTML, like Gecko) Mobile/16A404]
[2018-11-14T11:33:05.832] [INFO] default - [::1 POST /api/material/modulelist 200 4ms][https://www.manykit.com/ HTTP/1.0 Mozilla/5.0 (Windows NT 10.0; Win64; x64) AppleWebKit/537.36 (KHTML, like Gecko) Chrome/70.0.3538.102 Safari/537.36]
[2018-11-14T11:33:06.062] [INFO] default - [::ffff:127.0.0.1 POST /res/filelist 200 166ms][https://www.manykit.com/ HTTP/1.0 Mozilla/5.0 (Windows NT 10.0; Win64; x64) AppleWebKit/537.36 (KHTML, like Gecko) Chrome/70.0.3538.102 Safari/537.36]
[2018-11-14T11:33:10.345] [INFO] default - [::1 GET /res/verify 200 1ms][https://www.manykit.com/ HTTP/1.0 Mozilla/5.0 (Windows NT 10.0; Win64; x64) AppleWebKit/537.36 (KHTML, like Gecko) Chrome/70.0.3538.102 Safari/537.36]
[2018-11-14T11:33:15.419] [INFO] default - [undefined GET /static/images/c39c4650-d02b-11e8-b472-73f501acc6c420UVPU.png 200 2ms][https://www.manykit.com/ HTTP/1.0 Mozilla/5.0 (Windows NT 10.0; Win64; x64) AppleWebKit/537.36 (KHTML, like Gecko) Chrome/70.0.3538.102 Safari/537.36]
[2018-11-14T11:33:15.443] [INFO] default - [undefined GET /static/images/5e784bd0-ceb3-11e8-b0dd-b59eb6c2d87fVJGdhz.png 200 2ms][https://www.manykit.com/ HTTP/1.0 Mozilla/5.0 (Windows NT 10.0; Win64; x64) AppleWebKit/537.36 (KHTML, like Gecko) Chrome/70.0.3538.102 Safari/537.36]
[2018-11-14T11:33:15.462] [INFO] default - [undefined GET /static/images/4405ba30-d02a-11e8-b472-73f501acc6c4QdUhWK.png 200 2ms][https://www.manykit.com/ HTTP/1.0 Mozilla/5.0 (Windows NT 10.0; Win64; x64) AppleWebKit/537.36 (KHTML, like Gecko) Chrome/70.0.3538.102 Safari/537.36]
[2018-11-14T11:33:15.519] [INFO] default - [undefined GET /static/images/91bb86b0-d02a-11e8-b472-73f501acc6c4fjyFvO.png 200 1ms][https://www.manykit.com/ HTTP/1.0 Mozilla/5.0 (Windows NT 10.0; Win64; x64) AppleWebKit/537.36 (KHTML, like Gecko) Chrome/70.0.3538.102 Safari/537.36]
[2018-11-14T11:33:15.533] [INFO] default - [undefined GET /static/images/f963b600-d02c-11e8-8f91-455df81aec64XDgqFR.png 200 1ms][https://www.manykit.com/ HTTP/1.0 Mozilla/5.0 (Windows NT 10.0; Win64; x64) AppleWebKit/537.36 (KHTML, like Gecko) Chrome/70.0.3538.102 Safari/537.36]
[2018-11-14T11:33:52.614] [INFO] default - [undefined GET /codeplay/ 200 2ms][ HTTP/1.0 Mozilla/5.0 (Windows NT 10.0; Win64; x64) AppleWebKit/537.36 (KHTML, like Gecko) Chrome/70.0.3538.102 Safari/537.36]
[2018-11-14T11:33:52.720] [INFO] default - [undefined GET /codeplay/static/js/manifest.981230c6449c33298c48.js 200 31ms][https://www.manykit.com/codeplay/ HTTP/1.0 Mozilla/5.0 (Windows NT 10.0; Win64; x64) AppleWebKit/537.36 (KHTML, like Gecko) Chrome/70.0.3538.102 Safari/537.36]
[2018-11-14T11:33:52.725] [INFO] default - [undefined GET /codeplay/static/js/app.b214dc3a1d874a29be87.js 200 18ms][https://www.manykit.com/codeplay/ HTTP/1.0 Mozilla/5.0 (Windows NT 10.0; Win64; x64) AppleWebKit/537.36 (KHTML, like Gecko) Chrome/70.0.3538.102 Safari/537.36]
[2018-11-14T11:33:52.729] [INFO] default - [undefined GET /codeplay/static/css/app.d04285bbdb7b847bc97e88df6dcd7850.css 200 45ms][https://www.manykit.com/codeplay/ HTTP/1.0 Mozilla/5.0 (Windows NT 10.0; Win64; x64) AppleWebKit/537.36 (KHTML, like Gecko) Chrome/70.0.3538.102 Safari/537.36]
[2018-11-14T11:33:52.738] [INFO] default - [::1 GET /codeplay/static/js/vendor.93538bf508ed5f4069e2.js 200 32ms][https://www.manykit.com/codeplay/ HTTP/1.0 Mozilla/5.0 (Windows NT 10.0; Win64; x64) AppleWebKit/537.36 (KHTML, like Gecko) Chrome/70.0.3538.102 Safari/537.36]
[2018-11-14T11:33:54.730] [INFO] default - [undefined GET /codeplay/static/js/12.0a393096271b8ad02864.js 200 14ms][https://www.manykit.com/codeplay/ HTTP/1.0 Mozilla/5.0 (Windows NT 10.0; Win64; x64) AppleWebKit/537.36 (KHTML, like Gecko) Chrome/70.0.3538.102 Safari/537.36]
[2018-11-14T11:33:54.747] [INFO] default - [undefined GET /codeplay/static/js/0.aaa689a23396e7f20311.js 200 36ms][https://www.manykit.com/codeplay/ HTTP/1.0 Mozilla/5.0 (Windows NT 10.0; Win64; x64) AppleWebKit/537.36 (KHTML, like Gecko) Chrome/70.0.3538.102 Safari/537.36]
[2018-11-14T11:33:54.763] [INFO] default - [::1 GET /codeplay/static/js/2.c10bade8969583102b11.js 200 48ms][https://www.manykit.com/codeplay/ HTTP/1.0 Mozilla/5.0 (Windows NT 10.0; Win64; x64) AppleWebKit/537.36 (KHTML, like Gecko) Chrome/70.0.3538.102 Safari/537.36]
[2018-11-14T11:33:57.016] [INFO] default - [undefined GET /res/verify 304 1ms][https://www.manykit.com/codeplay/ HTTP/1.0 Mozilla/5.0 (Windows NT 10.0; Win64; x64) AppleWebKit/537.36 (KHTML, like Gecko) Chrome/70.0.3538.102 Safari/537.36]
[2018-11-14T11:33:57.023] [INFO] default - [undefined GET /codeplay/static/img/logo_02.36b87bc.png 200 11ms][https://www.manykit.com/codeplay/ HTTP/1.0 Mozilla/5.0 (Windows NT 10.0; Win64; x64) AppleWebKit/537.36 (KHTML, like Gecko) Chrome/70.0.3538.102 Safari/537.36]
[2018-11-14T11:33:57.291] [INFO] default - [undefined GET /codeplay/static/img/qr_code01.1707b53.jpg 200 19ms][https://www.manykit.com/codeplay/ HTTP/1.0 Mozilla/5.0 (Windows NT 10.0; Win64; x64) AppleWebKit/537.36 (KHTML, like Gecko) Chrome/70.0.3538.102 Safari/537.36]
[2018-11-14T11:33:57.319] [INFO] default - [undefined GET /codeplay/static/img/qr_code02.f1cd7b4.jpg 200 20ms][https://www.manykit.com/codeplay/ HTTP/1.0 Mozilla/5.0 (Windows NT 10.0; Win64; x64) AppleWebKit/537.36 (KHTML, like Gecko) Chrome/70.0.3538.102 Safari/537.36]
[2018-11-14T11:33:57.409] [INFO] default - [undefined GET /codeplay/ 304 1ms][ HTTP/1.0 Mozilla/5.0 (Windows NT 10.0; Win64; x64) AppleWebKit/537.36 (KHTML, like Gecko) Chrome/70.0.3538.102 Safari/537.36]
[2018-11-14T11:33:57.477] [INFO] default - [undefined GET /codeplay/static/css/app.d04285bbdb7b847bc97e88df6dcd7850.css 304 1ms][https://www.manykit.com/codeplay/ HTTP/1.0 Mozilla/5.0 (Windows NT 10.0; Win64; x64) AppleWebKit/537.36 (KHTML, like Gecko) Chrome/70.0.3538.102 Safari/537.36]
[2018-11-14T11:33:57.481] [INFO] default - [undefined GET /codeplay/static/js/manifest.981230c6449c33298c48.js 304 1ms][https://www.manykit.com/codeplay/ HTTP/1.0 Mozilla/5.0 (Windows NT 10.0; Win64; x64) AppleWebKit/537.36 (KHTML, like Gecko) Chrome/70.0.3538.102 Safari/537.36]
[2018-11-14T11:33:57.485] [INFO] default - [undefined GET /codeplay/static/js/vendor.93538bf508ed5f4069e2.js 304 2ms][https://www.manykit.com/codeplay/ HTTP/1.0 Mozilla/5.0 (Windows NT 10.0; Win64; x64) AppleWebKit/537.36 (KHTML, like Gecko) Chrome/70.0.3538.102 Safari/537.36]
[2018-11-14T11:33:57.532] [INFO] default - [undefined GET /codeplay/static/js/app.b214dc3a1d874a29be87.js 304 1ms][https://www.manykit.com/codeplay/ HTTP/1.0 Mozilla/5.0 (Windows NT 10.0; Win64; x64) AppleWebKit/537.36 (KHTML, like Gecko) Chrome/70.0.3538.102 Safari/537.36]
[2018-11-14T11:33:57.666] [INFO] default - [undefined GET /codeplay/static/js/2.c10bade8969583102b11.js 304 1ms][https://www.manykit.com/codeplay/ HTTP/1.0 Mozilla/5.0 (Windows NT 10.0; Win64; x64) AppleWebKit/537.36 (KHTML, like Gecko) Chrome/70.0.3538.102 Safari/537.36]
[2018-11-14T11:33:57.666] [INFO] default - [undefined GET /codeplay/static/js/0.aaa689a23396e7f20311.js 304 1ms][https://www.manykit.com/codeplay/ HTTP/1.0 Mozilla/5.0 (Windows NT 10.0; Win64; x64) AppleWebKit/537.36 (KHTML, like Gecko) Chrome/70.0.3538.102 Safari/537.36]
[2018-11-14T11:33:57.668] [INFO] default - [undefined GET /codeplay/static/js/12.0a393096271b8ad02864.js 304 1ms][https://www.manykit.com/codeplay/ HTTP/1.0 Mozilla/5.0 (Windows NT 10.0; Win64; x64) AppleWebKit/537.36 (KHTML, like Gecko) Chrome/70.0.3538.102 Safari/537.36]
[2018-11-14T11:33:57.931] [INFO] default - [undefined GET /codeplay/static/img/logo_02.36b87bc.png 304 1ms][https://www.manykit.com/codeplay/ HTTP/1.0 Mozilla/5.0 (Windows NT 10.0; Win64; x64) AppleWebKit/537.36 (KHTML, like Gecko) Chrome/70.0.3538.102 Safari/537.36]
[2018-11-14T11:33:57.939] [INFO] default - [undefined GET /codeplay/static/img/qr_code02.f1cd7b4.jpg 304 1ms][https://www.manykit.com/codeplay/ HTTP/1.0 Mozilla/5.0 (Windows NT 10.0; Win64; x64) AppleWebKit/537.36 (KHTML, like Gecko) Chrome/70.0.3538.102 Safari/537.36]
[2018-11-14T11:33:57.941] [INFO] default - [undefined GET /codeplay/static/img/qr_code01.1707b53.jpg 304 1ms][https://www.manykit.com/codeplay/ HTTP/1.0 Mozilla/5.0 (Windows NT 10.0; Win64; x64) AppleWebKit/537.36 (KHTML, like Gecko) Chrome/70.0.3538.102 Safari/537.36]
[2018-11-14T11:33:57.964] [INFO] default - [undefined GET /res/verify 304 1ms][https://www.manykit.com/codeplay/ HTTP/1.0 Mozilla/5.0 (Windows NT 10.0; Win64; x64) AppleWebKit/537.36 (KHTML, like Gecko) Chrome/70.0.3538.102 Safari/537.36]
[2018-11-14T11:33:58.051] [INFO] default - [undefined GET /codeplay/static/bianchengwan.ico 200 11ms][https://www.manykit.com/codeplay/ HTTP/1.0 Mozilla/5.0 (Windows NT 10.0; Win64; x64) AppleWebKit/537.36 (KHTML, like Gecko) Chrome/70.0.3538.102 Safari/537.36]
[2018-11-14T11:33:58.108] [INFO] default - [undefined GET /codeplay/static/bianchengwan.ico 304 1ms][https://www.manykit.com/codeplay/ HTTP/1.0 Mozilla/5.0 (Windows NT 10.0; Win64; x64) AppleWebKit/537.36 (KHTML, like Gecko) Chrome/70.0.3538.102 Safari/537.36]
[2018-11-14T11:34:17.502] [INFO] default - [undefined GET /codeplay/static/js/6.de878bba405860d223d9.js 200 13ms][https://www.manykit.com/codeplay/ HTTP/1.0 Mozilla/5.0 (Windows NT 10.0; Win64; x64) AppleWebKit/537.36 (KHTML, like Gecko) Chrome/70.0.3538.102 Safari/537.36]
[2018-11-14T11:34:17.510] [INFO] default - [undefined GET /codeplay/static/js/8.604ea9d35740161ac5ee.js 200 20ms][https://www.manykit.com/codeplay/ HTTP/1.0 Mozilla/5.0 (Windows NT 10.0; Win64; x64) AppleWebKit/537.36 (KHTML, like Gecko) Chrome/70.0.3538.102 Safari/537.36]
[2018-11-14T11:34:17.677] [INFO] default - [undefined GET /codeplay/static/img/qr_code01.1707b53.jpg 304 1ms][https://www.manykit.com/codeplay/ HTTP/1.0 Mozilla/5.0 (Windows NT 10.0; Win64; x64) AppleWebKit/537.36 (KHTML, like Gecko) Chrome/70.0.3538.102 Safari/537.36]
[2018-11-14T11:34:17.828] [INFO] default - [::ffff:127.0.0.1 POST /res/filelist 200 133ms][https://www.manykit.com/codeplay/ HTTP/1.0 Mozilla/5.0 (Windows NT 10.0; Win64; x64) AppleWebKit/537.36 (KHTML, like Gecko) Chrome/70.0.3538.102 Safari/537.36]
[2018-11-14T11:34:17.866] [INFO] default - [undefined GET /res/verify 304 6ms][https://www.manykit.com/codeplay/ HTTP/1.0 Mozilla/5.0 (Windows NT 10.0; Win64; x64) AppleWebKit/537.36 (KHTML, like Gecko) Chrome/70.0.3538.102 Safari/537.36]
[2018-11-14T11:34:18.010] [INFO] default - [::1 POST /res/filelist 200 317ms][https://www.manykit.com/codeplay/ HTTP/1.0 Mozilla/5.0 (Windows NT 10.0; Win64; x64) AppleWebKit/537.36 (KHTML, like Gecko) Chrome/70.0.3538.102 Safari/537.36]
[2018-11-14T11:34:18.024] [INFO] default - [::ffff:127.0.0.1 GET /codeplay/static/1.png 200 338ms][https://www.manykit.com/codeplay/ HTTP/1.0 Mozilla/5.0 (Windows NT 10.0; Win64; x64) AppleWebKit/537.36 (KHTML, like Gecko) Chrome/70.0.3538.102 Safari/537.36]
[2018-11-14T11:34:18.033] [INFO] default - [undefined GET /codeplay/static/right.png 200 173ms][https://www.manykit.com/codeplay/ HTTP/1.0 Mozilla/5.0 (Windows NT 10.0; Win64; x64) AppleWebKit/537.36 (KHTML, like Gecko) Chrome/70.0.3538.102 Safari/537.36]
[2018-11-14T11:34:18.039] [INFO] default - [undefined GET /codeplay/static/left-up.png 200 178ms][https://www.manykit.com/codeplay/ HTTP/1.0 Mozilla/5.0 (Windows NT 10.0; Win64; x64) AppleWebKit/537.36 (KHTML, like Gecko) Chrome/70.0.3538.102 Safari/537.36]
[2018-11-14T11:34:18.040] [INFO] default - [undefined GET /codeplay/static/img/shopbook.88b0b0d.png 200 23ms][https://www.manykit.com/codeplay/ HTTP/1.0 Mozilla/5.0 (Windows NT 10.0; Win64; x64) AppleWebKit/537.36 (KHTML, like Gecko) Chrome/70.0.3538.102 Safari/537.36]
[2018-11-14T11:34:18.114] [INFO] default - [undefined GET /codeplay/static/img/book3.5c42697.png 200 19ms][https://www.manykit.com/codeplay/ HTTP/1.0 Mozilla/5.0 (Windows NT 10.0; Win64; x64) AppleWebKit/537.36 (KHTML, like Gecko) Chrome/70.0.3538.102 Safari/537.36]
[2018-11-14T11:34:18.117] [INFO] default - [::ffff:127.0.0.1 GET /codeplay/static/img/book1.a3bcb0f.png 200 19ms][https://www.manykit.com/codeplay/ HTTP/1.0 Mozilla/5.0 (Windows NT 10.0; Win64; x64) AppleWebKit/537.36 (KHTML, like Gecko) Chrome/70.0.3538.102 Safari/537.36]
[2018-11-14T11:34:18.437] [INFO] default - [undefined GET /codeplay/static/img/book2.7c65446.png 200 42ms][https://www.manykit.com/codeplay/ HTTP/1.0 Mozilla/5.0 (Windows NT 10.0; Win64; x64) AppleWebKit/537.36 (KHTML, like Gecko) Chrome/70.0.3538.102 Safari/537.36]
[2018-11-14T11:34:18.463] [INFO] default - [undefined GET /codeplay/static/img/book4.ed62f8a.png 200 20ms][https://www.manykit.com/codeplay/ HTTP/1.0 Mozilla/5.0 (Windows NT 10.0; Win64; x64) AppleWebKit/537.36 (KHTML, like Gecko) Chrome/70.0.3538.102 Safari/537.36]
[2018-11-14T11:34:23.829] [INFO] default - [undefined GET /res/verify 304 1ms][https://www.manykit.com/robot/ HTTP/1.0 Mozilla/5.0 (Windows NT 10.0; Win64; x64) AppleWebKit/537.36 (KHTML, like Gecko) Chrome/70.0.3538.102 Safari/537.36]
[2018-11-14T14:08:15.131] [INFO] default - [::ffff:127.0.0.1 POST /api/material/modulelist 200 5ms][https://www.manykit.com/ HTTP/1.0 Mozilla/5.0 (Windows NT 10.0; Win64; x64) AppleWebKit/537.36 (KHTML, like Gecko) Chrome/70.0.3538.102 Safari/537.36]
[2018-11-14T14:08:15.479] [INFO] default - [::1 POST /res/filelist 200 171ms][https://www.manykit.com/ HTTP/1.0 Mozilla/5.0 (Windows NT 10.0; Win64; x64) AppleWebKit/537.36 (KHTML, like Gecko) Chrome/70.0.3538.102 Safari/537.36]
[2018-11-14T14:08:16.754] [INFO] default - [undefined GET /static/images/5e784bd0-ceb3-11e8-b0dd-b59eb6c2d87fVJGdhz.png 200 3ms][https://www.manykit.com/ HTTP/1.0 Mozilla/5.0 (Windows NT 10.0; Win64; x64) AppleWebKit/537.36 (KHTML, like Gecko) Chrome/70.0.3538.102 Safari/537.36]
[2018-11-14T14:08:16.756] [INFO] default - [undefined GET /static/images/c39c4650-d02b-11e8-b472-73f501acc6c420UVPU.png 200 4ms][https://www.manykit.com/ HTTP/1.0 Mozilla/5.0 (Windows NT 10.0; Win64; x64) AppleWebKit/537.36 (KHTML, like Gecko) Chrome/70.0.3538.102 Safari/537.36]
[2018-11-14T14:08:16.775] [INFO] default - [undefined GET /static/images/4405ba30-d02a-11e8-b472-73f501acc6c4QdUhWK.png 200 1ms][https://www.manykit.com/ HTTP/1.0 Mozilla/5.0 (Windows NT 10.0; Win64; x64) AppleWebKit/537.36 (KHTML, like Gecko) Chrome/70.0.3538.102 Safari/537.36]
[2018-11-14T14:08:16.812] [INFO] default - [undefined GET /static/images/91bb86b0-d02a-11e8-b472-73f501acc6c4fjyFvO.png 200 1ms][https://www.manykit.com/ HTTP/1.0 Mozilla/5.0 (Windows NT 10.0; Win64; x64) AppleWebKit/537.36 (KHTML, like Gecko) Chrome/70.0.3538.102 Safari/537.36]
[2018-11-14T14:08:16.823] [INFO] default - [undefined GET /static/images/f963b600-d02c-11e8-8f91-455df81aec64XDgqFR.png 200 1ms][https://www.manykit.com/ HTTP/1.0 Mozilla/5.0 (Windows NT 10.0; Win64; x64) AppleWebKit/537.36 (KHTML, like Gecko) Chrome/70.0.3538.102 Safari/537.36]
[2018-11-14T14:08:16.907] [INFO] default - [::1 GET /res/verify 200 2ms][https://www.manykit.com/ HTTP/1.0 Mozilla/5.0 (Windows NT 10.0; Win64; x64) AppleWebKit/537.36 (KHTML, like Gecko) Chrome/70.0.3538.102 Safari/537.36]
[2018-11-14T22:14:59.628] [INFO] default - [undefined GET /codeplay/ 304 3ms][ HTTP/1.0 Mozilla/5.0 (Linux; Android 6.0.1; Nexus 5X Build/MMB29P) AppleWebKit/537.36 (KHTML, like Gecko) Chrome/41.0.2272.96 Mobile Safari/537.36 (compatible; Googlebot/2.1; +http://www.google.com/bot.html)]
[2018-11-14T23:30:26.068] [INFO] default - [::1 POST /api/material/modulelist 200 45ms][https://manykit.com/ HTTP/1.0 Mozilla/5.0 (Windows NT 10.0; Win64; x64) AppleWebKit/537.36 (KHTML, like Gecko) Chrome/70.0.3538.102 Safari/537.36]
[2018-11-14T23:30:26.511] [INFO] default - [::ffff:127.0.0.1 POST /res/filelist 200 158ms][https://manykit.com/ HTTP/1.0 Mozilla/5.0 (Windows NT 10.0; Win64; x64) AppleWebKit/537.36 (KHTML, like Gecko) Chrome/70.0.3538.102 Safari/537.36]
[2018-11-14T23:30:35.608] [INFO] default - [::1 GET /res/verify 200 4ms][https://manykit.com/ HTTP/1.0 Mozilla/5.0 (Windows NT 10.0; Win64; x64) AppleWebKit/537.36 (KHTML, like Gecko) Chrome/70.0.3538.102 Safari/537.36]
[2018-11-14T23:30:43.455] [INFO] default - [undefined GET /static/images/c39c4650-d02b-11e8-b472-73f501acc6c420UVPU.png 200 2ms][https://manykit.com/ HTTP/1.0 Mozilla/5.0 (Windows NT 10.0; Win64; x64) AppleWebKit/537.36 (KHTML, like Gecko) Chrome/70.0.3538.102 Safari/537.36]
[2018-11-14T23:30:43.636] [INFO] default - [undefined GET /static/images/5e784bd0-ceb3-11e8-b0dd-b59eb6c2d87fVJGdhz.png 200 1ms][https://manykit.com/ HTTP/1.0 Mozilla/5.0 (Windows NT 10.0; Win64; x64) AppleWebKit/537.36 (KHTML, like Gecko) Chrome/70.0.3538.102 Safari/537.36]
[2018-11-14T23:30:44.014] [INFO] default - [undefined GET /static/images/4405ba30-d02a-11e8-b472-73f501acc6c4QdUhWK.png 200 1ms][https://manykit.com/ HTTP/1.0 Mozilla/5.0 (Windows NT 10.0; Win64; x64) AppleWebKit/537.36 (KHTML, like Gecko) Chrome/70.0.3538.102 Safari/537.36]
[2018-11-14T23:30:44.169] [INFO] default - [undefined GET /static/images/91bb86b0-d02a-11e8-b472-73f501acc6c4fjyFvO.png 200 2ms][https://manykit.com/ HTTP/1.0 Mozilla/5.0 (Windows NT 10.0; Win64; x64) AppleWebKit/537.36 (KHTML, like Gecko) Chrome/70.0.3538.102 Safari/537.36]
[2018-11-14T23:30:44.594] [INFO] default - [undefined GET /static/images/f963b600-d02c-11e8-8f91-455df81aec64XDgqFR.png 200 1ms][https://manykit.com/ HTTP/1.0 Mozilla/5.0 (Windows NT 10.0; Win64; x64) AppleWebKit/537.36 (KHTML, like Gecko) Chrome/70.0.3538.102 Safari/537.36]
[2018-11-14T23:52:26.968] [INFO] default - [undefined GET /codeplay/static/img/book3.5c42697.png 200 29ms][ HTTP/1.0 Googlebot-Image/1.0]
