[2018-09-22T01:41:20.696] [INFO] default - [::1 GET /res/verify 200 4ms][http://www.manykit.com/ HTTP/1.0 Mozilla/5.0 (compatible; Baiduspider-render/2.0; +http://www.baidu.com/search/spider.html)]
[2018-09-22T01:41:21.946] [INFO] default - [::ffff:127.0.0.1 POST /res/filelist 200 307ms][http://www.manykit.com/ HTTP/1.0 Mozilla/5.0 (compatible; Baiduspider-render/2.0; +http://www.baidu.com/search/spider.html)]
[2018-09-22T02:38:55.099] [INFO] default - [::1 GET /res/verify 200 2ms][http://www.manykit.com/ HTTP/1.0 Mozilla/5.0 (iPhone; CPU iPhone OS 11_4_1 like Mac OS X) AppleWebKit/605.1.15 (KHTML, like Gecko) Version/11.0 Mobile/15E148 Safari/604.1]
[2018-09-22T02:38:58.421] [INFO] default - [::ffff:127.0.0.1 POST /res/filelist 200 99ms][http://www.manykit.com/ HTTP/1.0 Mozilla/5.0 (iPhone; CPU iPhone OS 11_4_1 like Mac OS X) AppleWebKit/605.1.15 (KHTML, like Gecko) Version/11.0 Mobile/15E148 Safari/604.1]
[2018-09-22T08:20:59.772] [INFO] default - [::1 POST /res/filelist 200 120ms][http://www.manykit.com/ HTTP/1.0 Mozilla/5.0 (Windows NT 6.1; WOW64; rv:43.0) Gecko/20100101 Firefox/43.0]
[2018-09-22T09:38:59.713] [INFO] default - [::ffff:127.0.0.1 GET /res/verify 200 2ms][http://www.manykit.com/ HTTP/1.0 Mozilla/5.0 (compatible; Baiduspider-render/2.0; +http://www.baidu.com/search/spider.html)]
[2018-09-22T09:39:00.500] [INFO] default - [::1 POST /res/filelist 200 94ms][http://www.manykit.com/ HTTP/1.0 Mozilla/5.0 (compatible; Baiduspider-render/2.0; +http://www.baidu.com/search/spider.html)]
[2018-09-22T17:19:35.611] [INFO] default - [::ffff:127.0.0.1 GET /res/verify 200 1ms][http://www.manykit.com/ HTTP/1.0 Mozilla/5.0 (iPhone; CPU iPhone OS 11_2_6 like Mac OS X; zh-cn) AppleWebKit/601.1.46 (KHTML, like Gecko) Mobile/15D100 Quark/2.2.7.987 Mobile]
[2018-09-22T17:19:37.337] [INFO] default - [::1 POST /res/filelist 200 102ms][http://www.manykit.com/ HTTP/1.0 Mozilla/5.0 (iPhone; CPU iPhone OS 11_2_6 like Mac OS X; zh-cn) AppleWebKit/601.1.46 (KHTML, like Gecko) Mobile/15D100 Quark/2.2.7.987 Mobile]
[2018-09-22T17:19:40.546] [INFO] default - [::ffff:127.0.0.1 GET /res/verify 200 2ms][http://www.manykit.com/ HTTP/1.0 Mozilla/5.0 (iPhone; CPU iPhone OS 11_2_6 like Mac OS X; zh-cn) AppleWebKit/601.1.46 (KHTML, like Gecko) Mobile/15D100 Quark/2.2.7.987 Mobile]
[2018-09-22T17:19:41.507] [INFO] default - [::1 POST /res/filelist 200 83ms][http://www.manykit.com/ HTTP/1.0 Mozilla/5.0 (iPhone; CPU iPhone OS 11_2_6 like Mac OS X; zh-cn) AppleWebKit/601.1.46 (KHTML, like Gecko) Mobile/15D100 Quark/2.2.7.987 Mobile]
[2018-09-22T17:19:43.904] [INFO] default - [::ffff:127.0.0.1 GET /res/verify 200 2ms][http://www.manykit.com/ HTTP/1.0 Mozilla/5.0 (iPhone; CPU iPhone OS 11_2_6 like Mac OS X; zh-cn) AppleWebKit/601.1.46 (KHTML, like Gecko) Mobile/15D100 Quark/2.2.7.987 Mobile]
[2018-09-22T17:19:44.469] [INFO] default - [::1 POST /res/filelist 200 86ms][http://www.manykit.com/ HTTP/1.0 Mozilla/5.0 (iPhone; CPU iPhone OS 11_2_6 like Mac OS X; zh-cn) AppleWebKit/601.1.46 (KHTML, like Gecko) Mobile/15D100 Quark/2.2.7.987 Mobile]
[2018-09-22T17:39:40.586] [INFO] default - [::ffff:127.0.0.1 GET /res/verify 200 1ms][http://www.manykit.com/ HTTP/1.0 Mozilla/5.0 (compatible; Baiduspider-render/2.0; +http://www.baidu.com/search/spider.html)]
[2018-09-22T17:39:42.231] [INFO] default - [::1 POST /res/filelist 200 110ms][http://www.manykit.com/ HTTP/1.0 Mozilla/5.0 (compatible; Baiduspider-render/2.0; +http://www.baidu.com/search/spider.html)]
[2018-09-22T23:00:42.783] [INFO] default - [::ffff:127.0.0.1 GET /res/verify 200 5ms][http://www.manykit.com/ HTTP/1.0 Mozilla/5.0 (Windows NT 10.0; Win64; x64) AppleWebKit/537.36 (KHTML, like Gecko) Chrome/69.0.3497.100 Safari/537.36]
[2018-09-22T23:00:43.176] [INFO] default - [::1 POST /res/filelist 200 91ms][http://www.manykit.com/ HTTP/1.0 Mozilla/5.0 (Windows NT 10.0; Win64; x64) AppleWebKit/537.36 (KHTML, like Gecko) Chrome/69.0.3497.100 Safari/537.36]
[2018-09-22T23:00:53.499] [INFO] default - [undefined GET /codeplay/ 304 3ms][http://www.manykit.com/ HTTP/1.0 Mozilla/5.0 (Windows NT 10.0; Win64; x64) AppleWebKit/537.36 (KHTML, like Gecko) Chrome/69.0.3497.100 Safari/537.36]
[2018-09-22T23:00:53.617] [INFO] default - [undefined GET /codeplay/static/css/app.e491d2a4892efc55865c8fdb9a22f8b0.css 304 1ms][http://www.manykit.com/codeplay/ HTTP/1.0 Mozilla/5.0 (Windows NT 10.0; Win64; x64) AppleWebKit/537.36 (KHTML, like Gecko) Chrome/69.0.3497.100 Safari/537.36]
[2018-09-22T23:00:53.619] [INFO] default - [undefined GET /codeplay/static/js/manifest.2e917410d0055f4e5ee6.js 304 2ms][http://www.manykit.com/codeplay/ HTTP/1.0 Mozilla/5.0 (Windows NT 10.0; Win64; x64) AppleWebKit/537.36 (KHTML, like Gecko) Chrome/69.0.3497.100 Safari/537.36]
[2018-09-22T23:00:53.697] [INFO] default - [undefined GET /codeplay/static/js/vendor.3fa4caac75ed9dd268ec.js 304 2ms][http://www.manykit.com/codeplay/ HTTP/1.0 Mozilla/5.0 (Windows NT 10.0; Win64; x64) AppleWebKit/537.36 (KHTML, like Gecko) Chrome/69.0.3497.100 Safari/537.36]
[2018-09-22T23:00:53.698] [INFO] default - [undefined GET /codeplay/static/js/app.01cfe28e9073b1358c6d.js 304 2ms][http://www.manykit.com/codeplay/ HTTP/1.0 Mozilla/5.0 (Windows NT 10.0; Win64; x64) AppleWebKit/537.36 (KHTML, like Gecko) Chrome/69.0.3497.100 Safari/537.36]
[2018-09-22T23:00:53.877] [INFO] default - [undefined GET /codeplay/static/js/0.cc7d143399131bb641b7.js 304 2ms][http://www.manykit.com/codeplay/ HTTP/1.0 Mozilla/5.0 (Windows NT 10.0; Win64; x64) AppleWebKit/537.36 (KHTML, like Gecko) Chrome/69.0.3497.100 Safari/537.36]
[2018-09-22T23:00:53.879] [INFO] default - [undefined GET /codeplay/static/js/8.6b66e5363cfc585069df.js 304 3ms][http://www.manykit.com/codeplay/ HTTP/1.0 Mozilla/5.0 (Windows NT 10.0; Win64; x64) AppleWebKit/537.36 (KHTML, like Gecko) Chrome/69.0.3497.100 Safari/537.36]
[2018-09-22T23:00:53.880] [INFO] default - [undefined GET /codeplay/static/js/3.111129f77a2eb0217de1.js 304 2ms][http://www.manykit.com/codeplay/ HTTP/1.0 Mozilla/5.0 (Windows NT 10.0; Win64; x64) AppleWebKit/537.36 (KHTML, like Gecko) Chrome/69.0.3497.100 Safari/537.36]
[2018-09-22T23:00:54.019] [INFO] default - [undefined GET /codeplay/static/1.png 304 3ms][http://www.manykit.com/codeplay/ HTTP/1.0 Mozilla/5.0 (Windows NT 10.0; Win64; x64) AppleWebKit/537.36 (KHTML, like Gecko) Chrome/69.0.3497.100 Safari/537.36]
[2018-09-22T23:00:54.021] [INFO] default - [undefined GET /codeplay/static/left-up.png 304 5ms][http://www.manykit.com/codeplay/ HTTP/1.0 Mozilla/5.0 (Windows NT 10.0; Win64; x64) AppleWebKit/537.36 (KHTML, like Gecko) Chrome/69.0.3497.100 Safari/537.36]
[2018-09-22T23:00:54.023] [INFO] default - [undefined GET /codeplay/static/img/book1.a3bcb0f.png 304 2ms][http://www.manykit.com/codeplay/ HTTP/1.0 Mozilla/5.0 (Windows NT 10.0; Win64; x64) AppleWebKit/537.36 (KHTML, like Gecko) Chrome/69.0.3497.100 Safari/537.36]
[2018-09-22T23:00:54.040] [INFO] default - [undefined GET /codeplay/static/right.png 304 23ms][http://www.manykit.com/codeplay/ HTTP/1.0 Mozilla/5.0 (Windows NT 10.0; Win64; x64) AppleWebKit/537.36 (KHTML, like Gecko) Chrome/69.0.3497.100 Safari/537.36]
[2018-09-22T23:00:54.103] [INFO] default - [undefined GET /codeplay/static/img/book4.ed62f8a.png 304 4ms][http://www.manykit.com/codeplay/ HTTP/1.0 Mozilla/5.0 (Windows NT 10.0; Win64; x64) AppleWebKit/537.36 (KHTML, like Gecko) Chrome/69.0.3497.100 Safari/537.36]
[2018-09-22T23:00:54.107] [INFO] default - [undefined GET /codeplay/static/img/shopbook.88b0b0d.png 304 1ms][http://www.manykit.com/codeplay/ HTTP/1.0 Mozilla/5.0 (Windows NT 10.0; Win64; x64) AppleWebKit/537.36 (KHTML, like Gecko) Chrome/69.0.3497.100 Safari/537.36]
[2018-09-22T23:00:54.199] [INFO] default - [::ffff:127.0.0.1 POST /res/filelist 200 104ms][http://www.manykit.com/codeplay/ HTTP/1.0 Mozilla/5.0 (Windows NT 10.0; Win64; x64) AppleWebKit/537.36 (KHTML, like Gecko) Chrome/69.0.3497.100 Safari/537.36]
[2018-09-22T23:00:54.326] [INFO] default - [::1 POST /res/filelist 200 227ms][http://www.manykit.com/codeplay/ HTTP/1.0 Mozilla/5.0 (Windows NT 10.0; Win64; x64) AppleWebKit/537.36 (KHTML, like Gecko) Chrome/69.0.3497.100 Safari/537.36]
[2018-09-22T23:00:54.327] [INFO] default - [undefined GET /res/verify 304 229ms][http://www.manykit.com/codeplay/ HTTP/1.0 Mozilla/5.0 (Windows NT 10.0; Win64; x64) AppleWebKit/537.36 (KHTML, like Gecko) Chrome/69.0.3497.100 Safari/537.36]
[2018-09-22T23:00:54.329] [INFO] default - [undefined GET /codeplay/static/img/book3.5c42697.png 304 89ms][http://www.manykit.com/codeplay/ HTTP/1.0 Mozilla/5.0 (Windows NT 10.0; Win64; x64) AppleWebKit/537.36 (KHTML, like Gecko) Chrome/69.0.3497.100 Safari/537.36]
[2018-09-22T23:00:54.330] [INFO] default - [undefined GET /codeplay/static/img/book2.7c65446.png 304 89ms][http://www.manykit.com/codeplay/ HTTP/1.0 Mozilla/5.0 (Windows NT 10.0; Win64; x64) AppleWebKit/537.36 (KHTML, like Gecko) Chrome/69.0.3497.100 Safari/537.36]
[2018-09-22T23:00:54.331] [INFO] default - [undefined GET /codeplay/static/img/qr_code01.1707b53.jpg 304 90ms][http://www.manykit.com/codeplay/ HTTP/1.0 Mozilla/5.0 (Windows NT 10.0; Win64; x64) AppleWebKit/537.36 (KHTML, like Gecko) Chrome/69.0.3497.100 Safari/537.36]
[2018-09-22T23:00:54.428] [INFO] default - [undefined GET /codeplay/static/img/qr_code02.f1cd7b4.jpg 304 2ms][http://www.manykit.com/codeplay/ HTTP/1.0 Mozilla/5.0 (Windows NT 10.0; Win64; x64) AppleWebKit/537.36 (KHTML, like Gecko) Chrome/69.0.3497.100 Safari/537.36]
[2018-09-22T23:25:46.434] [INFO] default - [undefined GET /res/logout 304 3ms][http://www.manykit.com/ HTTP/1.0 Mozilla/5.0 (Windows NT 10.0; Win64; x64) AppleWebKit/537.36 (KHTML, like Gecko) Chrome/69.0.3497.100 Safari/537.36]
[2018-09-22T23:25:46.758] [INFO] default - [::ffff:127.0.0.1 GET /res/verify 200 1ms][http://www.manykit.com/ HTTP/1.0 Mozilla/5.0 (Windows NT 10.0; Win64; x64) AppleWebKit/537.36 (KHTML, like Gecko) Chrome/69.0.3497.100 Safari/537.36]
[2018-09-22T23:25:47.049] [INFO] default - [::1 POST /res/filelist 200 95ms][http://www.manykit.com/ HTTP/1.0 Mozilla/5.0 (Windows NT 10.0; Win64; x64) AppleWebKit/537.36 (KHTML, like Gecko) Chrome/69.0.3497.100 Safari/537.36]
[2018-09-22T23:26:00.024] [INFO] default - [undefined GET /toycar/ 304 2ms][http://www.manykit.com/ HTTP/1.0 Mozilla/5.0 (Windows NT 10.0; Win64; x64) AppleWebKit/537.36 (KHTML, like Gecko) Chrome/69.0.3497.100 Safari/537.36]
[2018-09-22T23:26:00.147] [INFO] default - [undefined GET /toycar/static/js/manifest.37a2ecbb1d1b7e6c9ada.js 304 3ms][http://www.manykit.com/toycar/ HTTP/1.0 Mozilla/5.0 (Windows NT 10.0; Win64; x64) AppleWebKit/537.36 (KHTML, like Gecko) Chrome/69.0.3497.100 Safari/537.36]
[2018-09-22T23:26:00.154] [INFO] default - [undefined GET /toycar/static/css/app.174f143f799bfc86858f63d2ed5e7017.css 304 19ms][http://www.manykit.com/toycar/ HTTP/1.0 Mozilla/5.0 (Windows NT 10.0; Win64; x64) AppleWebKit/537.36 (KHTML, like Gecko) Chrome/69.0.3497.100 Safari/537.36]
[2018-09-22T23:26:00.197] [INFO] default - [undefined GET /toycar/static/js/vendor.924cfa02963f0288d9d3.js 304 1ms][http://www.manykit.com/toycar/ HTTP/1.0 Mozilla/5.0 (Windows NT 10.0; Win64; x64) AppleWebKit/537.36 (KHTML, like Gecko) Chrome/69.0.3497.100 Safari/537.36]
[2018-09-22T23:26:00.208] [INFO] default - [undefined GET /toycar/static/js/app.3b42753d455eb4ec7c5b.js 304 1ms][http://www.manykit.com/toycar/ HTTP/1.0 Mozilla/5.0 (Windows NT 10.0; Win64; x64) AppleWebKit/537.36 (KHTML, like Gecko) Chrome/69.0.3497.100 Safari/537.36]
[2018-09-22T23:26:00.509] [INFO] default - [::ffff:127.0.0.1 POST /api/toycar/projectlist 500 6ms][http://www.manykit.com/toycar/ HTTP/1.0 Mozilla/5.0 (Windows NT 10.0; Win64; x64) AppleWebKit/537.36 (KHTML, like Gecko) Chrome/69.0.3497.100 Safari/537.36]
[2018-09-22T23:26:00.533] [INFO] default - [undefined GET /codeplay/static/resource/class/1007%E5%A4%B1%E8%B4%A5.mp3 304 40ms][http://www.manykit.com/toycar/ HTTP/1.0 Mozilla/5.0 (Windows NT 10.0; Win64; x64) AppleWebKit/537.36 (KHTML, like Gecko) Chrome/69.0.3497.100 Safari/537.36]
[2018-09-22T23:26:04.400] [INFO] default - [::1 POST /res/filelist 200 103ms][http://www.manykit.com/ HTTP/1.0 Mozilla/5.0 (Windows NT 10.0; Win64; x64) AppleWebKit/537.36 (KHTML, like Gecko) Chrome/69.0.3497.100 Safari/537.36]
[2018-09-22T23:26:17.080] [INFO] default - [undefined GET /codeplay/ 304 3ms][http://www.manykit.com/ HTTP/1.0 Mozilla/5.0 (Windows NT 10.0; Win64; x64) AppleWebKit/537.36 (KHTML, like Gecko) Chrome/69.0.3497.100 Safari/537.36]
[2018-09-22T23:26:17.186] [INFO] default - [undefined GET /codeplay/static/css/app.e491d2a4892efc55865c8fdb9a22f8b0.css 304 3ms][http://www.manykit.com/codeplay/ HTTP/1.0 Mozilla/5.0 (Windows NT 10.0; Win64; x64) AppleWebKit/537.36 (KHTML, like Gecko) Chrome/69.0.3497.100 Safari/537.36]
[2018-09-22T23:26:17.187] [INFO] default - [undefined GET /codeplay/static/js/vendor.3fa4caac75ed9dd268ec.js 304 3ms][http://www.manykit.com/codeplay/ HTTP/1.0 Mozilla/5.0 (Windows NT 10.0; Win64; x64) AppleWebKit/537.36 (KHTML, like Gecko) Chrome/69.0.3497.100 Safari/537.36]
[2018-09-22T23:26:17.188] [INFO] default - [undefined GET /codeplay/static/js/manifest.2e917410d0055f4e5ee6.js 304 3ms][http://www.manykit.com/codeplay/ HTTP/1.0 Mozilla/5.0 (Windows NT 10.0; Win64; x64) AppleWebKit/537.36 (KHTML, like Gecko) Chrome/69.0.3497.100 Safari/537.36]
[2018-09-22T23:26:17.192] [INFO] default - [undefined GET /codeplay/static/js/app.01cfe28e9073b1358c6d.js 304 0ms][http://www.manykit.com/codeplay/ HTTP/1.0 Mozilla/5.0 (Windows NT 10.0; Win64; x64) AppleWebKit/537.36 (KHTML, like Gecko) Chrome/69.0.3497.100 Safari/537.36]
[2018-09-22T23:26:17.409] [INFO] default - [undefined GET /codeplay/static/js/0.cc7d143399131bb641b7.js 304 2ms][http://www.manykit.com/codeplay/ HTTP/1.0 Mozilla/5.0 (Windows NT 10.0; Win64; x64) AppleWebKit/537.36 (KHTML, like Gecko) Chrome/69.0.3497.100 Safari/537.36]
[2018-09-22T23:26:17.532] [INFO] default - [undefined GET /codeplay/static/js/12.a57cc3f015261deb8b8a.js 200 123ms][http://www.manykit.com/codeplay/ HTTP/1.0 Mozilla/5.0 (Windows NT 10.0; Win64; x64) AppleWebKit/537.36 (KHTML, like Gecko) Chrome/69.0.3497.100 Safari/537.36]
[2018-09-22T23:26:17.851] [INFO] default - [::ffff:127.0.0.1 GET /res/verify 304 2ms][http://www.manykit.com/codeplay/ HTTP/1.0 Mozilla/5.0 (Windows NT 10.0; Win64; x64) AppleWebKit/537.36 (KHTML, like Gecko) Chrome/69.0.3497.100 Safari/537.36]
[2018-09-22T23:26:17.869] [INFO] default - [::1 GET /codeplay/static/blockly/apps/px2blockly/index.html 200 30ms][http://www.manykit.com/codeplay/ HTTP/1.0 Mozilla/5.0 (Windows NT 10.0; Win64; x64) AppleWebKit/537.36 (KHTML, like Gecko) Chrome/69.0.3497.100 Safari/537.36]
[2018-09-22T23:26:17.991] [INFO] default - [::ffff:127.0.0.1 GET /codeplay/static/blockly/apps/px2blockly/node.manifest 500 3ms][ HTTP/1.0 Mozilla/5.0 (Windows NT 10.0; Win64; x64) AppleWebKit/537.36 (KHTML, like Gecko) Chrome/69.0.3497.100 Safari/537.36]
[2018-09-22T23:26:18.016] [INFO] default - [undefined GET /codeplay/static/blockly/core/variables.js 200 29ms][http://www.manykit.com/codeplay/static/blockly/apps/px2blockly/index.html HTTP/1.0 Mozilla/5.0 (Windows NT 10.0; Win64; x64) AppleWebKit/537.36 (KHTML, like Gecko) Chrome/69.0.3497.100 Safari/537.36]
[2018-09-22T23:26:18.106] [INFO] default - [undefined GET /codeplay/static/blockly/blockly_compressed.js 200 108ms][http://www.manykit.com/codeplay/static/blockly/apps/px2blockly/index.html HTTP/1.0 Mozilla/5.0 (Windows NT 10.0; Win64; x64) AppleWebKit/537.36 (KHTML, like Gecko) Chrome/69.0.3497.100 Safari/537.36]
[2018-09-22T23:26:18.121] [INFO] default - [undefined GET /codeplay/static/blockly/core/blockly.js 200 15ms][http://www.manykit.com/codeplay/static/blockly/apps/px2blockly/index.html HTTP/1.0 Mozilla/5.0 (Windows NT 10.0; Win64; x64) AppleWebKit/537.36 (KHTML, like Gecko) Chrome/69.0.3497.100 Safari/537.36]
[2018-09-22T23:26:18.298] [INFO] default - [undefined GET /codeplay/static/blockly/core/events.js 200 13ms][http://www.manykit.com/codeplay/static/blockly/apps/px2blockly/index.html HTTP/1.0 Mozilla/5.0 (Windows NT 10.0; Win64; x64) AppleWebKit/537.36 (KHTML, like Gecko) Chrome/69.0.3497.100 Safari/537.36]
[2018-09-22T23:26:18.422] [INFO] default - [undefined GET /codeplay/static/blockly/arduino.js 200 18ms][http://www.manykit.com/codeplay/static/blockly/apps/px2blockly/index.html HTTP/1.0 Mozilla/5.0 (Windows NT 10.0; Win64; x64) AppleWebKit/537.36 (KHTML, like Gecko) Chrome/69.0.3497.100 Safari/537.36]
[2018-09-22T23:26:18.538] [INFO] default - [undefined GET /codeplay/static/blockly/apps/px2blockly/company_pin.js 200 1ms][http://www.manykit.com/codeplay/static/blockly/apps/px2blockly/index.html HTTP/1.0 Mozilla/5.0 (Windows NT 10.0; Win64; x64) AppleWebKit/537.36 (KHTML, like Gecko) Chrome/69.0.3497.100 Safari/537.36]
[2018-09-22T23:26:18.658] [INFO] default - [undefined GET /codeplay/static/blockly/apps/px2blockly/drag.js 200 14ms][http://www.manykit.com/codeplay/static/blockly/apps/px2blockly/index.html HTTP/1.0 Mozilla/5.0 (Windows NT 10.0; Win64; x64) AppleWebKit/537.36 (KHTML, like Gecko) Chrome/69.0.3497.100 Safari/537.36]
[2018-09-22T23:26:18.790] [INFO] default - [undefined GET /codeplay/static/blockly/apps/px2blockly/code.js 200 31ms][http://www.manykit.com/codeplay/static/blockly/apps/px2blockly/index.html HTTP/1.0 Mozilla/5.0 (Windows NT 10.0; Win64; x64) AppleWebKit/537.36 (KHTML, like Gecko) Chrome/69.0.3497.100 Safari/537.36]
[2018-09-22T23:26:19.078] [INFO] default - [undefined GET /codeplay/static/blockly/apps/px2blockly/digitalPinToInterrupt.js 200 23ms][http://www.manykit.com/codeplay/static/blockly/apps/px2blockly/index.html HTTP/1.0 Mozilla/5.0 (Windows NT 10.0; Win64; x64) AppleWebKit/537.36 (KHTML, like Gecko) Chrome/69.0.3497.100 Safari/537.36]
[2018-09-22T23:26:19.481] [INFO] default - [undefined GET /codeplay/static/blockly/apps/px2blockly/Blob.js 200 17ms][http://www.manykit.com/codeplay/static/blockly/apps/px2blockly/index.html HTTP/1.0 Mozilla/5.0 (Windows NT 10.0; Win64; x64) AppleWebKit/537.36 (KHTML, like Gecko) Chrome/69.0.3497.100 Safari/537.36]
[2018-09-22T23:26:19.551] [INFO] default - [undefined GET /codeplay/static/blockly/apps/px2blockly/spin.js 200 13ms][http://www.manykit.com/codeplay/static/blockly/apps/px2blockly/index.html HTTP/1.0 Mozilla/5.0 (Windows NT 10.0; Win64; x64) AppleWebKit/537.36 (KHTML, like Gecko) Chrome/69.0.3497.100 Safari/537.36]
[2018-09-22T23:26:19.672] [INFO] default - [undefined GET /codeplay/static/blockly/apps/px2blockly/FileSaver.min.js 200 15ms][http://www.manykit.com/codeplay/static/blockly/apps/px2blockly/index.html HTTP/1.0 Mozilla/5.0 (Windows NT 10.0; Win64; x64) AppleWebKit/537.36 (KHTML, like Gecko) Chrome/69.0.3497.100 Safari/537.36]
[2018-09-22T23:26:19.778] [INFO] default - [undefined GET /codeplay/static/blockly/apps/px2blockly/blockly_helper.js 200 12ms][http://www.manykit.com/codeplay/static/blockly/apps/px2blockly/index.html HTTP/1.0 Mozilla/5.0 (Windows NT 10.0; Win64; x64) AppleWebKit/537.36 (KHTML, like Gecko) Chrome/69.0.3497.100 Safari/537.36]
[2018-09-22T23:26:19.805] [INFO] default - [undefined GET /codeplay/static/blockly/apps/px2blockly/base64.js 200 38ms][http://www.manykit.com/codeplay/static/blockly/apps/px2blockly/index.html HTTP/1.0 Mozilla/5.0 (Windows NT 10.0; Win64; x64) AppleWebKit/537.36 (KHTML, like Gecko) Chrome/69.0.3497.100 Safari/537.36]
[2018-09-22T23:26:19.938] [INFO] default - [undefined GET /codeplay/static/blockly/apps/px2blockly/jquery-1.11.3.min.js 200 21ms][http://www.manykit.com/codeplay/static/blockly/apps/px2blockly/index.html HTTP/1.0 Mozilla/5.0 (Windows NT 10.0; Win64; x64) AppleWebKit/537.36 (KHTML, like Gecko) Chrome/69.0.3497.100 Safari/537.36]
[2018-09-22T23:26:19.979] [INFO] default - [undefined GET /codeplay/static/blockly/apps/px2blockly/third_block.js 200 34ms][http://www.manykit.com/codeplay/static/blockly/apps/px2blockly/index.html HTTP/1.0 Mozilla/5.0 (Windows NT 10.0; Win64; x64) AppleWebKit/537.36 (KHTML, like Gecko) Chrome/69.0.3497.100 Safari/537.36]
[2018-09-22T23:26:20.092] [INFO] default - [undefined GET /codeplay/static/blockly/generators/arduino/pins.js 200 16ms][http://www.manykit.com/codeplay/static/blockly/apps/px2blockly/index.html HTTP/1.0 Mozilla/5.0 (Windows NT 10.0; Win64; x64) AppleWebKit/537.36 (KHTML, like Gecko) Chrome/69.0.3497.100 Safari/537.36]
[2018-09-22T23:26:20.196] [INFO] default - [undefined GET /codeplay/static/blockly/generators/arduino/inout.js 200 31ms][http://www.manykit.com/codeplay/static/blockly/apps/px2blockly/index.html HTTP/1.0 Mozilla/5.0 (Windows NT 10.0; Win64; x64) AppleWebKit/537.36 (KHTML, like Gecko) Chrome/69.0.3497.100 Safari/537.36]
[2018-09-22T23:26:20.208] [INFO] default - [undefined GET /codeplay/static/blockly/generators/arduino/control.js 200 23ms][http://www.manykit.com/codeplay/static/blockly/apps/px2blockly/index.html HTTP/1.0 Mozilla/5.0 (Windows NT 10.0; Win64; x64) AppleWebKit/537.36 (KHTML, like Gecko) Chrome/69.0.3497.100 Safari/537.36]
[2018-09-22T23:26:20.292] [INFO] default - [undefined GET /codeplay/static/blockly/generators/arduino/text.js 200 13ms][http://www.manykit.com/codeplay/static/blockly/apps/px2blockly/index.html HTTP/1.0 Mozilla/5.0 (Windows NT 10.0; Win64; x64) AppleWebKit/537.36 (KHTML, like Gecko) Chrome/69.0.3497.100 Safari/537.36]
[2018-09-22T23:26:20.295] [INFO] default - [undefined GET /codeplay/static/blockly/generators/arduino/math.js 200 18ms][http://www.manykit.com/codeplay/static/blockly/apps/px2blockly/index.html HTTP/1.0 Mozilla/5.0 (Windows NT 10.0; Win64; x64) AppleWebKit/537.36 (KHTML, like Gecko) Chrome/69.0.3497.100 Safari/537.36]
[2018-09-22T23:26:20.374] [INFO] default - [undefined GET /codeplay/static/blockly/generators/arduino/lists.js 200 7ms][http://www.manykit.com/codeplay/static/blockly/apps/px2blockly/index.html HTTP/1.0 Mozilla/5.0 (Windows NT 10.0; Win64; x64) AppleWebKit/537.36 (KHTML, like Gecko) Chrome/69.0.3497.100 Safari/537.36]
[2018-09-22T23:26:20.389] [INFO] default - [undefined GET /codeplay/static/blockly/generators/arduino/logic.js 200 11ms][http://www.manykit.com/codeplay/static/blockly/apps/px2blockly/index.html HTTP/1.0 Mozilla/5.0 (Windows NT 10.0; Win64; x64) AppleWebKit/537.36 (KHTML, like Gecko) Chrome/69.0.3497.100 Safari/537.36]
[2018-09-22T23:26:20.493] [INFO] default - [undefined GET /codeplay/static/blockly/generators/arduino/storage.js 200 16ms][http://www.manykit.com/codeplay/static/blockly/apps/px2blockly/index.html HTTP/1.0 Mozilla/5.0 (Windows NT 10.0; Win64; x64) AppleWebKit/537.36 (KHTML, like Gecko) Chrome/69.0.3497.100 Safari/537.36]
[2018-09-22T23:26:20.495] [INFO] default - [undefined GET /codeplay/static/blockly/generators/arduino/blockgroup.js 200 28ms][http://www.manykit.com/codeplay/static/blockly/apps/px2blockly/index.html HTTP/1.0 Mozilla/5.0 (Windows NT 10.0; Win64; x64) AppleWebKit/537.36 (KHTML, like Gecko) Chrome/69.0.3497.100 Safari/537.36]
[2018-09-22T23:26:20.604] [INFO] default - [undefined GET /codeplay/static/blockly/generators/arduino/sensor.js 200 19ms][http://www.manykit.com/codeplay/static/blockly/apps/px2blockly/index.html HTTP/1.0 Mozilla/5.0 (Windows NT 10.0; Win64; x64) AppleWebKit/537.36 (KHTML, like Gecko) Chrome/69.0.3497.100 Safari/537.36]
[2018-09-22T23:26:20.676] [INFO] default - [undefined GET /codeplay/static/blockly/generators/arduino/ethernet.js 200 9ms][http://www.manykit.com/codeplay/static/blockly/apps/px2blockly/index.html HTTP/1.0 Mozilla/5.0 (Windows NT 10.0; Win64; x64) AppleWebKit/537.36 (KHTML, like Gecko) Chrome/69.0.3497.100 Safari/537.36]
[2018-09-22T23:26:20.707] [INFO] default - [undefined GET /codeplay/static/blockly/generators/arduino/variables.js 200 23ms][http://www.manykit.com/codeplay/static/blockly/apps/px2blockly/index.html HTTP/1.0 Mozilla/5.0 (Windows NT 10.0; Win64; x64) AppleWebKit/537.36 (KHTML, like Gecko) Chrome/69.0.3497.100 Safari/537.36]
[2018-09-22T23:26:20.798] [INFO] default - [undefined GET /codeplay/static/blockly/generators/arduino/factory.js 200 13ms][http://www.manykit.com/codeplay/static/blockly/apps/px2blockly/index.html HTTP/1.0 Mozilla/5.0 (Windows NT 10.0; Win64; x64) AppleWebKit/537.36 (KHTML, like Gecko) Chrome/69.0.3497.100 Safari/537.36]
[2018-09-22T23:26:20.912] [INFO] default - [undefined GET /codeplay/static/blockly/blocks/pins.js 200 28ms][http://www.manykit.com/codeplay/static/blockly/apps/px2blockly/index.html HTTP/1.0 Mozilla/5.0 (Windows NT 10.0; Win64; x64) AppleWebKit/537.36 (KHTML, like Gecko) Chrome/69.0.3497.100 Safari/537.36]
[2018-09-22T23:26:21.017] [INFO] default - [undefined GET /codeplay/static/blockly/blocks/inout.js 200 20ms][http://www.manykit.com/codeplay/static/blockly/apps/px2blockly/index.html HTTP/1.0 Mozilla/5.0 (Windows NT 10.0; Win64; x64) AppleWebKit/537.36 (KHTML, like Gecko) Chrome/69.0.3497.100 Safari/537.36]
[2018-09-22T23:26:21.096] [INFO] default - [undefined GET /codeplay/static/blockly/generators/arduino/procedures.js 200 27ms][http://www.manykit.com/codeplay/static/blockly/apps/px2blockly/index.html HTTP/1.0 Mozilla/5.0 (Windows NT 10.0; Win64; x64) AppleWebKit/537.36 (KHTML, like Gecko) Chrome/69.0.3497.100 Safari/537.36]
[2018-09-22T23:26:21.116] [INFO] default - [undefined GET /codeplay/static/blockly/blocks/control.js 200 11ms][http://www.manykit.com/codeplay/static/blockly/apps/px2blockly/index.html HTTP/1.0 Mozilla/5.0 (Windows NT 10.0; Win64; x64) AppleWebKit/537.36 (KHTML, like Gecko) Chrome/69.0.3497.100 Safari/537.36]
[2018-09-22T23:26:21.242] [INFO] default - [undefined GET /codeplay/static/blockly/blocks/text.js 200 26ms][http://www.manykit.com/codeplay/static/blockly/apps/px2blockly/index.html HTTP/1.0 Mozilla/5.0 (Windows NT 10.0; Win64; x64) AppleWebKit/537.36 (KHTML, like Gecko) Chrome/69.0.3497.100 Safari/537.36]
[2018-09-22T23:26:21.244] [INFO] default - [undefined GET /codeplay/static/blockly/blocks/math.js 200 18ms][http://www.manykit.com/codeplay/static/blockly/apps/px2blockly/index.html HTTP/1.0 Mozilla/5.0 (Windows NT 10.0; Win64; x64) AppleWebKit/537.36 (KHTML, like Gecko) Chrome/69.0.3497.100 Safari/537.36]
[2018-09-22T23:26:21.374] [INFO] default - [undefined GET /codeplay/static/blockly/blocks/logic.js 200 21ms][http://www.manykit.com/codeplay/static/blockly/apps/px2blockly/index.html HTTP/1.0 Mozilla/5.0 (Windows NT 10.0; Win64; x64) AppleWebKit/537.36 (KHTML, like Gecko) Chrome/69.0.3497.100 Safari/537.36]
[2018-09-22T23:26:21.385] [INFO] default - [undefined GET /codeplay/static/blockly/blocks/lists.js 200 22ms][http://www.manykit.com/codeplay/static/blockly/apps/px2blockly/index.html HTTP/1.0 Mozilla/5.0 (Windows NT 10.0; Win64; x64) AppleWebKit/537.36 (KHTML, like Gecko) Chrome/69.0.3497.100 Safari/537.36]
[2018-09-22T23:26:21.498] [INFO] default - [undefined GET /codeplay/static/blockly/blocks/blockgroup.js 200 32ms][http://www.manykit.com/codeplay/static/blockly/apps/px2blockly/index.html HTTP/1.0 Mozilla/5.0 (Windows NT 10.0; Win64; x64) AppleWebKit/537.36 (KHTML, like Gecko) Chrome/69.0.3497.100 Safari/537.36]
[2018-09-22T23:26:21.508] [INFO] default - [undefined GET /codeplay/static/blockly/blocks/storage.js 200 41ms][http://www.manykit.com/codeplay/static/blockly/apps/px2blockly/index.html HTTP/1.0 Mozilla/5.0 (Windows NT 10.0; Win64; x64) AppleWebKit/537.36 (KHTML, like Gecko) Chrome/69.0.3497.100 Safari/537.36]
[2018-09-22T23:26:21.588] [INFO] default - [undefined GET /codeplay/static/blockly/blocks/sensor.js 200 11ms][http://www.manykit.com/codeplay/static/blockly/apps/px2blockly/index.html HTTP/1.0 Mozilla/5.0 (Windows NT 10.0; Win64; x64) AppleWebKit/537.36 (KHTML, like Gecko) Chrome/69.0.3497.100 Safari/537.36]
[2018-09-22T23:26:21.611] [INFO] default - [undefined GET /codeplay/static/blockly/blocks/ethernet.js 200 16ms][http://www.manykit.com/codeplay/static/blockly/apps/px2blockly/index.html HTTP/1.0 Mozilla/5.0 (Windows NT 10.0; Win64; x64) AppleWebKit/537.36 (KHTML, like Gecko) Chrome/69.0.3497.100 Safari/537.36]
[2018-09-22T23:26:21.694] [INFO] default - [undefined GET /codeplay/static/blockly/blocks/variables.js 200 17ms][http://www.manykit.com/codeplay/static/blockly/apps/px2blockly/index.html HTTP/1.0 Mozilla/5.0 (Windows NT 10.0; Win64; x64) AppleWebKit/537.36 (KHTML, like Gecko) Chrome/69.0.3497.100 Safari/537.36]
[2018-09-22T23:26:21.704] [INFO] default - [undefined GET /codeplay/static/blockly/blocks/procedures.js 200 9ms][http://www.manykit.com/codeplay/static/blockly/apps/px2blockly/index.html HTTP/1.0 Mozilla/5.0 (Windows NT 10.0; Win64; x64) AppleWebKit/537.36 (KHTML, like Gecko) Chrome/69.0.3497.100 Safari/537.36]
[2018-09-22T23:26:21.781] [INFO] default - [undefined GET /codeplay/static/blockly/blocks/factory.js 200 14ms][http://www.manykit.com/codeplay/static/blockly/apps/px2blockly/index.html HTTP/1.0 Mozilla/5.0 (Windows NT 10.0; Win64; x64) AppleWebKit/537.36 (KHTML, like Gecko) Chrome/69.0.3497.100 Safari/537.36]
[2018-09-22T23:26:21.886] [INFO] default - [undefined GET /codeplay/static/blockly/apps/px2blockly/color.css 200 13ms][http://www.manykit.com/codeplay/static/blockly/apps/px2blockly/index.html HTTP/1.0 Mozilla/5.0 (Windows NT 10.0; Win64; x64) AppleWebKit/537.36 (KHTML, like Gecko) Chrome/69.0.3497.100 Safari/537.36]
[2018-09-22T23:26:21.969] [INFO] default - [undefined GET /codeplay/static/blockly/msg/js/zh-hans.js 200 85ms][http://www.manykit.com/codeplay/static/blockly/apps/px2blockly/index.html HTTP/1.0 Mozilla/5.0 (Windows NT 10.0; Win64; x64) AppleWebKit/537.36 (KHTML, like Gecko) Chrome/69.0.3497.100 Safari/537.36]
[2018-09-22T23:26:22.002] [INFO] default - [undefined GET /codeplay/static/blockly/msg/js/company/zh-hans.js 200 26ms][http://www.manykit.com/codeplay/static/blockly/apps/px2blockly/index.html HTTP/1.0 Mozilla/5.0 (Windows NT 10.0; Win64; x64) AppleWebKit/537.36 (KHTML, like Gecko) Chrome/69.0.3497.100 Safari/537.36]
[2018-09-22T23:26:22.122] [INFO] default - [undefined GET /codeplay/static/blockly/apps/px2blockly/qing.png 200 19ms][http://www.manykit.com/codeplay/static/blockly/apps/px2blockly/index.html HTTP/1.0 Mozilla/5.0 (Windows NT 10.0; Win64; x64) AppleWebKit/537.36 (KHTML, like Gecko) Chrome/69.0.3497.100 Safari/537.36]
[2018-09-22T23:26:22.164] [INFO] default - [undefined GET /codeplay/static/blockly/apps/px2blockly/savea.png 200 17ms][http://www.manykit.com/codeplay/static/blockly/apps/px2blockly/index.html HTTP/1.0 Mozilla/5.0 (Windows NT 10.0; Win64; x64) AppleWebKit/537.36 (KHTML, like Gecko) Chrome/69.0.3497.100 Safari/537.36]
[2018-09-22T23:26:22.204] [INFO] default - [undefined GET /codeplay/static/blockly/apps/px2blockly/jia.png 200 18ms][http://www.manykit.com/codeplay/static/blockly/apps/px2blockly/index.html HTTP/1.0 Mozilla/5.0 (Windows NT 10.0; Win64; x64) AppleWebKit/537.36 (KHTML, like Gecko) Chrome/69.0.3497.100 Safari/537.36]
[2018-09-22T23:26:22.218] [INFO] default - [undefined GET /codeplay/static/blockly/apps/px2blockly/save.png 200 21ms][http://www.manykit.com/codeplay/static/blockly/apps/px2blockly/index.html HTTP/1.0 Mozilla/5.0 (Windows NT 10.0; Win64; x64) AppleWebKit/537.36 (KHTML, like Gecko) Chrome/69.0.3497.100 Safari/537.36]
[2018-09-22T23:26:22.233] [INFO] default - [undefined GET /codeplay/static/blockly/apps/px2blockly/upload.png 200 8ms][http://www.manykit.com/codeplay/static/blockly/apps/px2blockly/index.html HTTP/1.0 Mozilla/5.0 (Windows NT 10.0; Win64; x64) AppleWebKit/537.36 (KHTML, like Gecko) Chrome/69.0.3497.100 Safari/537.36]
[2018-09-22T23:26:22.274] [INFO] default - [undefined GET /codeplay/static/blockly/media/sidebar/sidebar.png 200 16ms][http://www.manykit.com/codeplay/static/blockly/apps/px2blockly/color.css HTTP/1.0 Mozilla/5.0 (Windows NT 10.0; Win64; x64) AppleWebKit/537.36 (KHTML, like Gecko) Chrome/69.0.3497.100 Safari/537.36]
[2018-09-22T23:26:22.421] [INFO] default - [undefined GET /codeplay/static/blockly/media/mark/sensor.png 200 15ms][http://www.manykit.com/codeplay/static/blockly/apps/px2blockly/color.css HTTP/1.0 Mozilla/5.0 (Windows NT 10.0; Win64; x64) AppleWebKit/537.36 (KHTML, like Gecko) Chrome/69.0.3497.100 Safari/537.36]
[2018-09-22T23:26:22.423] [INFO] default - [undefined GET /codeplay/static/blockly/media/mark/default.png 200 17ms][http://www.manykit.com/codeplay/static/blockly/apps/px2blockly/color.css HTTP/1.0 Mozilla/5.0 (Windows NT 10.0; Win64; x64) AppleWebKit/537.36 (KHTML, like Gecko) Chrome/69.0.3497.100 Safari/537.36]
[2018-09-22T23:26:22.425] [INFO] default - [undefined GET /codeplay/static/blockly/media/mark/func.png 200 28ms][http://www.manykit.com/codeplay/static/blockly/apps/px2blockly/color.css HTTP/1.0 Mozilla/5.0 (Windows NT 10.0; Win64; x64) AppleWebKit/537.36 (KHTML, like Gecko) Chrome/69.0.3497.100 Safari/537.36]
[2018-09-22T23:26:22.426] [INFO] default - [undefined GET /codeplay/static/blockly/media/mark/monitor.png 200 18ms][http://www.manykit.com/codeplay/static/blockly/apps/px2blockly/color.css HTTP/1.0 Mozilla/5.0 (Windows NT 10.0; Win64; x64) AppleWebKit/537.36 (KHTML, like Gecko) Chrome/69.0.3497.100 Safari/537.36]
[2018-09-22T23:26:22.426] [INFO] default - [undefined GET /codeplay/static/blockly/media/mark/act.png 200 18ms][http://www.manykit.com/codeplay/static/blockly/apps/px2blockly/color.css HTTP/1.0 Mozilla/5.0 (Windows NT 10.0; Win64; x64) AppleWebKit/537.36 (KHTML, like Gecko) Chrome/69.0.3497.100 Safari/537.36]
[2018-09-22T23:26:22.433] [INFO] default - [undefined GET /codeplay/static/blockly/media/mark/var.png 200 38ms][http://www.manykit.com/codeplay/static/blockly/apps/px2blockly/color.css HTTP/1.0 Mozilla/5.0 (Windows NT 10.0; Win64; x64) AppleWebKit/537.36 (KHTML, like Gecko) Chrome/69.0.3497.100 Safari/537.36]
[2018-09-22T23:26:22.523] [INFO] default - [undefined GET /codeplay/static/blockly/media/mark/ctrl.png 200 17ms][http://www.manykit.com/codeplay/static/blockly/apps/px2blockly/color.css HTTP/1.0 Mozilla/5.0 (Windows NT 10.0; Win64; x64) AppleWebKit/537.36 (KHTML, like Gecko) Chrome/69.0.3497.100 Safari/537.36]
[2018-09-22T23:26:22.528] [INFO] default - [undefined GET /codeplay/static/blockly/media/mark/text.png 200 14ms][http://www.manykit.com/codeplay/static/blockly/apps/px2blockly/color.css HTTP/1.0 Mozilla/5.0 (Windows NT 10.0; Win64; x64) AppleWebKit/537.36 (KHTML, like Gecko) Chrome/69.0.3497.100 Safari/537.36]
[2018-09-22T23:26:22.543] [INFO] default - [undefined GET /codeplay/static/blockly/media/mark/logic.png 200 16ms][http://www.manykit.com/codeplay/static/blockly/apps/px2blockly/color.css HTTP/1.0 Mozilla/5.0 (Windows NT 10.0; Win64; x64) AppleWebKit/537.36 (KHTML, like Gecko) Chrome/69.0.3497.100 Safari/537.36]
[2018-09-22T23:26:22.546] [INFO] default - [undefined GET /codeplay/static/blockly/media/mark/math.png 200 18ms][http://www.manykit.com/codeplay/static/blockly/apps/px2blockly/color.css HTTP/1.0 Mozilla/5.0 (Windows NT 10.0; Win64; x64) AppleWebKit/537.36 (KHTML, like Gecko) Chrome/69.0.3497.100 Safari/537.36]
[2018-09-22T23:26:22.597] [INFO] default - [undefined GET /codeplay/static/blockly/media/mark/inout.png 200 10ms][http://www.manykit.com/codeplay/static/blockly/apps/px2blockly/color.css HTTP/1.0 Mozilla/5.0 (Windows NT 10.0; Win64; x64) AppleWebKit/537.36 (KHTML, like Gecko) Chrome/69.0.3497.100 Safari/537.36]
[2018-09-22T23:26:22.601] [INFO] default - [undefined GET /codeplay/static/blockly/media/mark/list.png 200 13ms][http://www.manykit.com/codeplay/static/blockly/apps/px2blockly/color.css HTTP/1.0 Mozilla/5.0 (Windows NT 10.0; Win64; x64) AppleWebKit/537.36 (KHTML, like Gecko) Chrome/69.0.3497.100 Safari/537.36]
[2018-09-22T23:26:22.621] [INFO] default - [undefined GET /codeplay/static/blockly/media/sprites.png 200 15ms][http://www.manykit.com/codeplay/static/blockly/apps/px2blockly/index.html HTTP/1.0 Mozilla/5.0 (Windows NT 10.0; Win64; x64) AppleWebKit/537.36 (KHTML, like Gecko) Chrome/69.0.3497.100 Safari/537.36]
[2018-09-22T23:26:22.622] [INFO] default - [undefined GET /codeplay/static/blockly/media/mark/port.png 200 15ms][http://www.manykit.com/codeplay/static/blockly/apps/px2blockly/color.css HTTP/1.0 Mozilla/5.0 (Windows NT 10.0; Win64; x64) AppleWebKit/537.36 (KHTML, like Gecko) Chrome/69.0.3497.100 Safari/537.36]
[2018-09-22T23:26:22.651] [INFO] default - [undefined GET /codeplay/static/blockly/media/click.mp3 206 23ms][http://www.manykit.com/codeplay/static/blockly/apps/px2blockly/index.html HTTP/1.0 Mozilla/5.0 (Windows NT 10.0; Win64; x64) AppleWebKit/537.36 (KHTML, like Gecko) Chrome/69.0.3497.100 Safari/537.36]
[2018-09-22T23:26:22.698] [INFO] default - [undefined GET /codeplay/static/blockly/media/delete.mp3 206 11ms][http://www.manykit.com/codeplay/static/blockly/apps/px2blockly/index.html HTTP/1.0 Mozilla/5.0 (Windows NT 10.0; Win64; x64) AppleWebKit/537.36 (KHTML, like Gecko) Chrome/69.0.3497.100 Safari/537.36]
[2018-09-22T23:26:22.972] [INFO] default - [undefined GET /codeplay/static/blockly/media/disconnect.wav 206 7ms][http://www.manykit.com/codeplay/static/blockly/apps/px2blockly/index.html HTTP/1.0 Mozilla/5.0 (Windows NT 10.0; Win64; x64) AppleWebKit/537.36 (KHTML, like Gecko) Chrome/69.0.3497.100 Safari/537.36]
[2018-09-22T23:26:40.261] [INFO] default - [undefined GET /codeplay/ 304 0ms][http://www.manykit.com/ HTTP/1.0 Mozilla/5.0 (Windows NT 10.0; Win64; x64) AppleWebKit/537.36 (KHTML, like Gecko) Chrome/69.0.3497.100 Safari/537.36]
[2018-09-22T23:26:40.371] [INFO] default - [undefined GET /codeplay/static/css/app.e491d2a4892efc55865c8fdb9a22f8b0.css 304 2ms][http://www.manykit.com/codeplay/ HTTP/1.0 Mozilla/5.0 (Windows NT 10.0; Win64; x64) AppleWebKit/537.36 (KHTML, like Gecko) Chrome/69.0.3497.100 Safari/537.36]
[2018-09-22T23:26:40.371] [INFO] default - [undefined GET /codeplay/static/js/app.01cfe28e9073b1358c6d.js 304 2ms][http://www.manykit.com/codeplay/ HTTP/1.0 Mozilla/5.0 (Windows NT 10.0; Win64; x64) AppleWebKit/537.36 (KHTML, like Gecko) Chrome/69.0.3497.100 Safari/537.36]
[2018-09-22T23:26:40.373] [INFO] default - [undefined GET /codeplay/static/js/manifest.2e917410d0055f4e5ee6.js 304 4ms][http://www.manykit.com/codeplay/ HTTP/1.0 Mozilla/5.0 (Windows NT 10.0; Win64; x64) AppleWebKit/537.36 (KHTML, like Gecko) Chrome/69.0.3497.100 Safari/537.36]
[2018-09-22T23:26:40.374] [INFO] default - [undefined GET /codeplay/static/js/vendor.3fa4caac75ed9dd268ec.js 304 1ms][http://www.manykit.com/codeplay/ HTTP/1.0 Mozilla/5.0 (Windows NT 10.0; Win64; x64) AppleWebKit/537.36 (KHTML, like Gecko) Chrome/69.0.3497.100 Safari/537.36]
[2018-09-22T23:26:40.567] [INFO] default - [undefined GET /codeplay/static/js/0.cc7d143399131bb641b7.js 304 2ms][http://www.manykit.com/codeplay/ HTTP/1.0 Mozilla/5.0 (Windows NT 10.0; Win64; x64) AppleWebKit/537.36 (KHTML, like Gecko) Chrome/69.0.3497.100 Safari/537.36]
[2018-09-22T23:26:40.610] [INFO] default - [undefined GET /codeplay/static/js/7.003607541dd61576f5e0.js 200 45ms][http://www.manykit.com/codeplay/ HTTP/1.0 Mozilla/5.0 (Windows NT 10.0; Win64; x64) AppleWebKit/537.36 (KHTML, like Gecko) Chrome/69.0.3497.100 Safari/537.36]
[2018-09-22T23:26:40.624] [INFO] default - [undefined GET /codeplay/static/js/6.de0d7934fdbff8f204d4.js 200 60ms][http://www.manykit.com/codeplay/ HTTP/1.0 Mozilla/5.0 (Windows NT 10.0; Win64; x64) AppleWebKit/537.36 (KHTML, like Gecko) Chrome/69.0.3497.100 Safari/537.36]
[2018-09-22T23:26:40.848] [INFO] default - [undefined GET /res/verify 304 2ms][http://www.manykit.com/codeplay/ HTTP/1.0 Mozilla/5.0 (Windows NT 10.0; Win64; x64) AppleWebKit/537.36 (KHTML, like Gecko) Chrome/69.0.3497.100 Safari/537.36]
[2018-09-22T23:26:40.987] [INFO] default - [::ffff:127.0.0.1 POST /res/filelist 200 128ms][http://www.manykit.com/codeplay/ HTTP/1.0 Mozilla/5.0 (Windows NT 10.0; Win64; x64) AppleWebKit/537.36 (KHTML, like Gecko) Chrome/69.0.3497.100 Safari/537.36]
[2018-09-22T23:26:40.989] [INFO] default - [::ffff:127.0.0.1 POST /res/filelist 200 128ms][http://www.manykit.com/codeplay/ HTTP/1.0 Mozilla/5.0 (Windows NT 10.0; Win64; x64) AppleWebKit/537.36 (KHTML, like Gecko) Chrome/69.0.3497.100 Safari/537.36]
[2018-09-22T23:26:41.069] [INFO] default - [::1 POST /res/filelist 200 209ms][http://www.manykit.com/codeplay/ HTTP/1.0 Mozilla/5.0 (Windows NT 10.0; Win64; x64) AppleWebKit/537.36 (KHTML, like Gecko) Chrome/69.0.3497.100 Safari/537.36]
[2018-09-22T23:26:41.072] [INFO] default - [::1 GET /codeplay/static/snap/playsnap.html 200 225ms][http://www.manykit.com/codeplay/ HTTP/1.0 Mozilla/5.0 (Windows NT 10.0; Win64; x64) AppleWebKit/537.36 (KHTML, like Gecko) Chrome/69.0.3497.100 Safari/537.36]
[2018-09-22T23:26:41.097] [INFO] default - [undefined GET /res/verify 304 1ms][http://www.manykit.com/codeplay/ HTTP/1.0 Mozilla/5.0 (Windows NT 10.0; Win64; x64) AppleWebKit/537.36 (KHTML, like Gecko) Chrome/69.0.3497.100 Safari/537.36]
[2018-09-22T23:26:41.176] [INFO] default - [undefined GET /codeplay/static/localpic.png 200 19ms][http://www.manykit.com/codeplay/ HTTP/1.0 Mozilla/5.0 (Windows NT 10.0; Win64; x64) AppleWebKit/537.36 (KHTML, like Gecko) Chrome/69.0.3497.100 Safari/537.36]
[2018-09-22T23:26:41.184] [INFO] default - [undefined GET /codeplay/static/img/qr_code01.1707b53.jpg 304 2ms][http://www.manykit.com/codeplay/ HTTP/1.0 Mozilla/5.0 (Windows NT 10.0; Win64; x64) AppleWebKit/537.36 (KHTML, like Gecko) Chrome/69.0.3497.100 Safari/537.36]
[2018-09-22T23:26:41.270] [INFO] default - [undefined GET /codeplay/static/img/qr_code02.f1cd7b4.jpg 304 1ms][http://www.manykit.com/codeplay/ HTTP/1.0 Mozilla/5.0 (Windows NT 10.0; Win64; x64) AppleWebKit/537.36 (KHTML, like Gecko) Chrome/69.0.3497.100 Safari/537.36]
[2018-09-22T23:26:41.372] [INFO] default - [undefined GET /codeplay/static/snap/manykit/jquery-3.2.1.min.js 200 28ms][http://www.manykit.com/codeplay/static/snap/playsnap.html HTTP/1.0 Mozilla/5.0 (Windows NT 10.0; Win64; x64) AppleWebKit/537.36 (KHTML, like Gecko) Chrome/69.0.3497.100 Safari/537.36]
[2018-09-22T23:26:42.088] [INFO] default - [undefined GET /codeplay/static/snap/morphic.js 200 15ms][http://www.manykit.com/codeplay/static/snap/playsnap.html HTTP/1.0 Mozilla/5.0 (Windows NT 10.0; Win64; x64) AppleWebKit/537.36 (KHTML, like Gecko) Chrome/69.0.3497.100 Safari/537.36]
[2018-09-22T23:26:42.352] [INFO] default - [::1 POST /res/getfile 200 1203ms][http://www.manykit.com/codeplay/ HTTP/1.0 Mozilla/5.0 (Windows NT 10.0; Win64; x64) AppleWebKit/537.36 (KHTML, like Gecko) Chrome/69.0.3497.100 Safari/537.36]
[2018-09-22T23:26:42.387] [INFO] default - [::1 POST /res/getfile 200 1365ms][http://www.manykit.com/codeplay/ HTTP/1.0 Mozilla/5.0 (Windows NT 10.0; Win64; x64) AppleWebKit/537.36 (KHTML, like Gecko) Chrome/69.0.3497.100 Safari/537.36]
[2018-09-22T23:26:42.679] [INFO] default - [undefined GET /codeplay/static/snap/widgets.js 200 22ms][http://www.manykit.com/codeplay/static/snap/playsnap.html HTTP/1.0 Mozilla/5.0 (Windows NT 10.0; Win64; x64) AppleWebKit/537.36 (KHTML, like Gecko) Chrome/69.0.3497.100 Safari/537.36]
[2018-09-22T23:26:44.114] [INFO] default - [undefined GET /codeplay/static/snap/blocks.js 200 168ms][http://www.manykit.com/codeplay/static/snap/playsnap.html HTTP/1.0 Mozilla/5.0 (Windows NT 10.0; Win64; x64) AppleWebKit/537.36 (KHTML, like Gecko) Chrome/69.0.3497.100 Safari/537.36]
[2018-09-22T23:26:47.179] [INFO] default - [undefined GET /codeplay/static/snap/manykit/blocks.js 200 22ms][http://www.manykit.com/codeplay/static/snap/playsnap.html HTTP/1.0 Mozilla/5.0 (Windows NT 10.0; Win64; x64) AppleWebKit/537.36 (KHTML, like Gecko) Chrome/69.0.3497.100 Safari/537.36]
[2018-09-22T23:26:47.281] [INFO] default - [undefined GET /codeplay/static/snap/manykit/arduino.js 200 3ms][http://www.manykit.com/codeplay/static/snap/playsnap.html HTTP/1.0 Mozilla/5.0 (Windows NT 10.0; Win64; x64) AppleWebKit/537.36 (KHTML, like Gecko) Chrome/69.0.3497.100 Safari/537.36]
[2018-09-22T23:26:47.478] [INFO] default - [undefined GET /codeplay/static/snap/threads.js 200 25ms][http://www.manykit.com/codeplay/static/snap/playsnap.html HTTP/1.0 Mozilla/5.0 (Windows NT 10.0; Win64; x64) AppleWebKit/537.36 (KHTML, like Gecko) Chrome/69.0.3497.100 Safari/537.36]
[2018-09-22T23:26:48.879] [INFO] default - [undefined GET /codeplay/static/snap/manykit/threads.js 200 12ms][http://www.manykit.com/codeplay/static/snap/playsnap.html HTTP/1.0 Mozilla/5.0 (Windows NT 10.0; Win64; x64) AppleWebKit/537.36 (KHTML, like Gecko) Chrome/69.0.3497.100 Safari/537.36]
[2018-09-22T23:26:48.970] [INFO] default - [undefined GET /codeplay/static/snap/manykit/objects.js 200 2ms][http://www.manykit.com/codeplay/static/snap/playsnap.html HTTP/1.0 Mozilla/5.0 (Windows NT 10.0; Win64; x64) AppleWebKit/537.36 (KHTML, like Gecko) Chrome/69.0.3497.100 Safari/537.36]
[2018-09-22T23:26:49.004] [INFO] default - [undefined GET /codeplay/static/snap/objects.js 200 36ms][http://www.manykit.com/codeplay/static/snap/playsnap.html HTTP/1.0 Mozilla/5.0 (Windows NT 10.0; Win64; x64) AppleWebKit/537.36 (KHTML, like Gecko) Chrome/69.0.3497.100 Safari/537.36]
[2018-09-22T23:26:49.174] [INFO] default - [undefined GET /codeplay/static/snap/gui.js 200 38ms][http://www.manykit.com/codeplay/static/snap/playsnap.html HTTP/1.0 Mozilla/5.0 (Windows NT 10.0; Win64; x64) AppleWebKit/537.36 (KHTML, like Gecko) Chrome/69.0.3497.100 Safari/537.36]
[2018-09-22T23:26:51.771] [INFO] default - [undefined GET /codeplay/static/snap/manykit/playergui.js 200 5ms][http://www.manykit.com/codeplay/static/snap/playsnap.html HTTP/1.0 Mozilla/5.0 (Windows NT 10.0; Win64; x64) AppleWebKit/537.36 (KHTML, like Gecko) Chrome/69.0.3497.100 Safari/537.36]
[2018-09-22T23:26:51.959] [INFO] default - [undefined GET /codeplay/static/snap/paint.js 200 22ms][http://www.manykit.com/codeplay/static/snap/playsnap.html HTTP/1.0 Mozilla/5.0 (Windows NT 10.0; Win64; x64) AppleWebKit/537.36 (KHTML, like Gecko) Chrome/69.0.3497.100 Safari/537.36]
[2018-09-22T23:26:52.198] [INFO] default - [undefined GET /codeplay/static/snap/lists.js 200 3ms][http://www.manykit.com/codeplay/static/snap/playsnap.html HTTP/1.0 Mozilla/5.0 (Windows NT 10.0; Win64; x64) AppleWebKit/537.36 (KHTML, like Gecko) Chrome/69.0.3497.100 Safari/537.36]
[2018-09-22T23:26:52.251] [INFO] default - [undefined GET /codeplay/static/snap/byob.js 200 23ms][http://www.manykit.com/codeplay/static/snap/playsnap.html HTTP/1.0 Mozilla/5.0 (Windows NT 10.0; Win64; x64) AppleWebKit/537.36 (KHTML, like Gecko) Chrome/69.0.3497.100 Safari/537.36]
[2018-09-22T23:26:52.374] [INFO] default - [undefined GET /codeplay/static/snap/tables.js 200 17ms][http://www.manykit.com/codeplay/static/snap/playsnap.html HTTP/1.0 Mozilla/5.0 (Windows NT 10.0; Win64; x64) AppleWebKit/537.36 (KHTML, like Gecko) Chrome/69.0.3497.100 Safari/537.36]
[2018-09-22T23:26:52.650] [INFO] default - [undefined GET /codeplay/static/snap/symbols.js 200 16ms][http://www.manykit.com/codeplay/static/snap/playsnap.html HTTP/1.0 Mozilla/5.0 (Windows NT 10.0; Win64; x64) AppleWebKit/537.36 (KHTML, like Gecko) Chrome/69.0.3497.100 Safari/537.36]
[2018-09-22T23:26:53.219] [INFO] default - [undefined GET /codeplay/static/snap/xml.js 200 22ms][http://www.manykit.com/codeplay/static/snap/playsnap.html HTTP/1.0 Mozilla/5.0 (Windows NT 10.0; Win64; x64) AppleWebKit/537.36 (KHTML, like Gecko) Chrome/69.0.3497.100 Safari/537.36]
[2018-09-22T23:26:53.324] [INFO] default - [undefined GET /codeplay/static/snap/store.js 200 27ms][http://www.manykit.com/codeplay/static/snap/playsnap.html HTTP/1.0 Mozilla/5.0 (Windows NT 10.0; Win64; x64) AppleWebKit/537.36 (KHTML, like Gecko) Chrome/69.0.3497.100 Safari/537.36]
[2018-09-22T23:26:53.673] [INFO] default - [undefined GET /codeplay/static/snap/locale.js 200 27ms][http://www.manykit.com/codeplay/static/snap/playsnap.html HTTP/1.0 Mozilla/5.0 (Windows NT 10.0; Win64; x64) AppleWebKit/537.36 (KHTML, like Gecko) Chrome/69.0.3497.100 Safari/537.36]
[2018-09-22T23:26:53.835] [INFO] default - [undefined GET /codeplay/static/snap/manykit/locale.js 200 15ms][http://www.manykit.com/codeplay/static/snap/playsnap.html HTTP/1.0 Mozilla/5.0 (Windows NT 10.0; Win64; x64) AppleWebKit/537.36 (KHTML, like Gecko) Chrome/69.0.3497.100 Safari/537.36]
[2018-09-22T23:26:53.848] [INFO] default - [undefined GET /codeplay/static/snap/cloud.js 200 19ms][http://www.manykit.com/codeplay/static/snap/playsnap.html HTTP/1.0 Mozilla/5.0 (Windows NT 10.0; Win64; x64) AppleWebKit/537.36 (KHTML, like Gecko) Chrome/69.0.3497.100 Safari/537.36]
[2018-09-22T23:26:53.940] [INFO] default - [undefined GET /codeplay/static/snap/manykit/cloud.js 200 4ms][http://www.manykit.com/codeplay/static/snap/playsnap.html HTTP/1.0 Mozilla/5.0 (Windows NT 10.0; Win64; x64) AppleWebKit/537.36 (KHTML, like Gecko) Chrome/69.0.3497.100 Safari/537.36]
[2018-09-22T23:26:54.019] [INFO] default - [undefined GET /codeplay/static/snap/sha512.js 200 3ms][http://www.manykit.com/codeplay/static/snap/playsnap.html HTTP/1.0 Mozilla/5.0 (Windows NT 10.0; Win64; x64) AppleWebKit/537.36 (KHTML, like Gecko) Chrome/69.0.3497.100 Safari/537.36]
[2018-09-22T23:26:54.050] [INFO] default - [undefined GET /codeplay/static/snap/FileSaver.min.js 200 16ms][http://www.manykit.com/codeplay/static/snap/playsnap.html HTTP/1.0 Mozilla/5.0 (Windows NT 10.0; Win64; x64) AppleWebKit/537.36 (KHTML, like Gecko) Chrome/69.0.3497.100 Safari/537.36]
[2018-09-22T23:26:54.153] [INFO] default - [undefined GET /codeplay/static/snap/manykit/base64.js 200 17ms][http://www.manykit.com/codeplay/static/snap/playsnap.html HTTP/1.0 Mozilla/5.0 (Windows NT 10.0; Win64; x64) AppleWebKit/537.36 (KHTML, like Gecko) Chrome/69.0.3497.100 Safari/537.36]
[2018-09-22T23:26:54.248] [INFO] default - [undefined GET /codeplay/static/snap/player.png 200 50ms][http://www.manykit.com/codeplay/static/snap/playsnap.html HTTP/1.0 Mozilla/5.0 (Windows NT 10.0; Win64; x64) AppleWebKit/537.36 (KHTML, like Gecko) Chrome/69.0.3497.100 Safari/537.36]
[2018-09-22T23:26:54.337] [INFO] default - [undefined GET /res/verify 304 2ms][http://www.manykit.com/codeplay/static/snap/playsnap.html HTTP/1.0 Mozilla/5.0 (Windows NT 10.0; Win64; x64) AppleWebKit/537.36 (KHTML, like Gecko) Chrome/69.0.3497.100 Safari/537.36]
[2018-09-22T23:26:54.820] [INFO] default - [::ffff:127.0.0.1 GET /codeplay/static/snap/manykit/manykit.png 200 124ms][http://www.manykit.com/codeplay/static/snap/playsnap.html HTTP/1.0 Mozilla/5.0 (Windows NT 10.0; Win64; x64) AppleWebKit/537.36 (KHTML, like Gecko) Chrome/69.0.3497.100 Safari/537.36]
[2018-09-22T23:26:54.886] [INFO] default - [::1 POST /res/getfile 200 191ms][http://www.manykit.com/codeplay/static/snap/playsnap.html HTTP/1.0 Mozilla/5.0 (Windows NT 10.0; Win64; x64) AppleWebKit/537.36 (KHTML, like Gecko) Chrome/69.0.3497.100 Safari/537.36]
[2018-09-22T23:27:18.883] [INFO] default - [undefined GET /codeplay/static/js/19.76363fb774127b8fea5c.js 200 4ms][http://www.manykit.com/codeplay/ HTTP/1.0 Mozilla/5.0 (Windows NT 10.0; Win64; x64) AppleWebKit/537.36 (KHTML, like Gecko) Chrome/69.0.3497.100 Safari/537.36]
[2018-09-22T23:27:19.082] [INFO] default - [::ffff:127.0.0.1 POST /res/getfile 200 2ms][http://www.manykit.com/codeplay/ HTTP/1.0 Mozilla/5.0 (Windows NT 10.0; Win64; x64) AppleWebKit/537.36 (KHTML, like Gecko) Chrome/69.0.3497.100 Safari/537.36]
[2018-09-22T23:27:19.359] [INFO] default - [undefined GET /codeplay/static/snap/pxsnap.html 200 70ms][http://www.manykit.com/codeplay/ HTTP/1.0 Mozilla/5.0 (Windows NT 10.0; Win64; x64) AppleWebKit/537.36 (KHTML, like Gecko) Chrome/69.0.3497.100 Safari/537.36]
[2018-09-22T23:27:19.488] [INFO] default - [undefined GET /codeplay/static/snap/morphic.js 304 1ms][http://www.manykit.com/codeplay/static/snap/pxsnap.html HTTP/1.0 Mozilla/5.0 (Windows NT 10.0; Win64; x64) AppleWebKit/537.36 (KHTML, like Gecko) Chrome/69.0.3497.100 Safari/537.36]
[2018-09-22T23:27:19.500] [INFO] default - [undefined GET /codeplay/static/snap/manykit/jquery-3.2.1.min.js 304 1ms][http://www.manykit.com/codeplay/static/snap/pxsnap.html HTTP/1.0 Mozilla/5.0 (Windows NT 10.0; Win64; x64) AppleWebKit/537.36 (KHTML, like Gecko) Chrome/69.0.3497.100 Safari/537.36]
[2018-09-22T23:27:19.589] [INFO] default - [undefined GET /codeplay/static/snap/widgets.js 304 1ms][http://www.manykit.com/codeplay/static/snap/pxsnap.html HTTP/1.0 Mozilla/5.0 (Windows NT 10.0; Win64; x64) AppleWebKit/537.36 (KHTML, like Gecko) Chrome/69.0.3497.100 Safari/537.36]
[2018-09-22T23:27:19.599] [INFO] default - [undefined GET /codeplay/static/snap/blocks.js 304 1ms][http://www.manykit.com/codeplay/static/snap/pxsnap.html HTTP/1.0 Mozilla/5.0 (Windows NT 10.0; Win64; x64) AppleWebKit/537.36 (KHTML, like Gecko) Chrome/69.0.3497.100 Safari/537.36]
[2018-09-22T23:27:19.669] [INFO] default - [undefined GET /codeplay/static/snap/manykit/blocks.js 304 1ms][http://www.manykit.com/codeplay/static/snap/pxsnap.html HTTP/1.0 Mozilla/5.0 (Windows NT 10.0; Win64; x64) AppleWebKit/537.36 (KHTML, like Gecko) Chrome/69.0.3497.100 Safari/537.36]
[2018-09-22T23:27:19.687] [INFO] default - [undefined GET /codeplay/static/snap/manykit/arduino.js 304 1ms][http://www.manykit.com/codeplay/static/snap/pxsnap.html HTTP/1.0 Mozilla/5.0 (Windows NT 10.0; Win64; x64) AppleWebKit/537.36 (KHTML, like Gecko) Chrome/69.0.3497.100 Safari/537.36]
[2018-09-22T23:27:19.749] [INFO] default - [undefined GET /codeplay/static/snap/threads.js 304 1ms][http://www.manykit.com/codeplay/static/snap/pxsnap.html HTTP/1.0 Mozilla/5.0 (Windows NT 10.0; Win64; x64) AppleWebKit/537.36 (KHTML, like Gecko) Chrome/69.0.3497.100 Safari/537.36]
[2018-09-22T23:27:19.768] [INFO] default - [undefined GET /codeplay/static/snap/manykit/threads.js 304 1ms][http://www.manykit.com/codeplay/static/snap/pxsnap.html HTTP/1.0 Mozilla/5.0 (Windows NT 10.0; Win64; x64) AppleWebKit/537.36 (KHTML, like Gecko) Chrome/69.0.3497.100 Safari/537.36]
[2018-09-22T23:27:19.829] [INFO] default - [undefined GET /codeplay/static/snap/objects.js 304 1ms][http://www.manykit.com/codeplay/static/snap/pxsnap.html HTTP/1.0 Mozilla/5.0 (Windows NT 10.0; Win64; x64) AppleWebKit/537.36 (KHTML, like Gecko) Chrome/69.0.3497.100 Safari/537.36]
[2018-09-22T23:27:19.847] [INFO] default - [undefined GET /codeplay/static/snap/manykit/objects.js 304 1ms][http://www.manykit.com/codeplay/static/snap/pxsnap.html HTTP/1.0 Mozilla/5.0 (Windows NT 10.0; Win64; x64) AppleWebKit/537.36 (KHTML, like Gecko) Chrome/69.0.3497.100 Safari/537.36]
[2018-09-22T23:27:19.909] [INFO] default - [undefined GET /codeplay/static/snap/gui.js 304 1ms][http://www.manykit.com/codeplay/static/snap/pxsnap.html HTTP/1.0 Mozilla/5.0 (Windows NT 10.0; Win64; x64) AppleWebKit/537.36 (KHTML, like Gecko) Chrome/69.0.3497.100 Safari/537.36]
[2018-09-22T23:27:19.940] [INFO] default - [undefined GET /codeplay/static/snap/manykit/gui.js 200 12ms][http://www.manykit.com/codeplay/static/snap/pxsnap.html HTTP/1.0 Mozilla/5.0 (Windows NT 10.0; Win64; x64) AppleWebKit/537.36 (KHTML, like Gecko) Chrome/69.0.3497.100 Safari/537.36]
[2018-09-22T23:27:19.989] [INFO] default - [undefined GET /codeplay/static/snap/paint.js 304 1ms][http://www.manykit.com/codeplay/static/snap/pxsnap.html HTTP/1.0 Mozilla/5.0 (Windows NT 10.0; Win64; x64) AppleWebKit/537.36 (KHTML, like Gecko) Chrome/69.0.3497.100 Safari/537.36]
[2018-09-22T23:27:20.081] [INFO] default - [undefined GET /codeplay/static/snap/lists.js 304 2ms][http://www.manykit.com/codeplay/static/snap/pxsnap.html HTTP/1.0 Mozilla/5.0 (Windows NT 10.0; Win64; x64) AppleWebKit/537.36 (KHTML, like Gecko) Chrome/69.0.3497.100 Safari/537.36]
[2018-09-22T23:27:20.176] [INFO] default - [undefined GET /codeplay/static/snap/tables.js 304 1ms][http://www.manykit.com/codeplay/static/snap/pxsnap.html HTTP/1.0 Mozilla/5.0 (Windows NT 10.0; Win64; x64) AppleWebKit/537.36 (KHTML, like Gecko) Chrome/69.0.3497.100 Safari/537.36]
[2018-09-22T23:27:20.186] [INFO] default - [undefined GET /codeplay/static/snap/byob.js 304 1ms][http://www.manykit.com/codeplay/static/snap/pxsnap.html HTTP/1.0 Mozilla/5.0 (Windows NT 10.0; Win64; x64) AppleWebKit/537.36 (KHTML, like Gecko) Chrome/69.0.3497.100 Safari/537.36]
[2018-09-22T23:27:20.267] [INFO] default - [undefined GET /codeplay/static/snap/symbols.js 304 1ms][http://www.manykit.com/codeplay/static/snap/pxsnap.html HTTP/1.0 Mozilla/5.0 (Windows NT 10.0; Win64; x64) AppleWebKit/537.36 (KHTML, like Gecko) Chrome/69.0.3497.100 Safari/537.36]
[2018-09-22T23:27:20.278] [INFO] default - [undefined GET /codeplay/static/snap/xml.js 304 1ms][http://www.manykit.com/codeplay/static/snap/pxsnap.html HTTP/1.0 Mozilla/5.0 (Windows NT 10.0; Win64; x64) AppleWebKit/537.36 (KHTML, like Gecko) Chrome/69.0.3497.100 Safari/537.36]
[2018-09-22T23:27:20.347] [INFO] default - [undefined GET /codeplay/static/snap/store.js 304 1ms][http://www.manykit.com/codeplay/static/snap/pxsnap.html HTTP/1.0 Mozilla/5.0 (Windows NT 10.0; Win64; x64) AppleWebKit/537.36 (KHTML, like Gecko) Chrome/69.0.3497.100 Safari/537.36]
[2018-09-22T23:27:20.350] [INFO] default - [undefined GET /codeplay/static/snap/locale.js 304 1ms][http://www.manykit.com/codeplay/static/snap/pxsnap.html HTTP/1.0 Mozilla/5.0 (Windows NT 10.0; Win64; x64) AppleWebKit/537.36 (KHTML, like Gecko) Chrome/69.0.3497.100 Safari/537.36]
[2018-09-22T23:27:20.440] [INFO] default - [undefined GET /codeplay/static/snap/cloud.js 304 1ms][http://www.manykit.com/codeplay/static/snap/pxsnap.html HTTP/1.0 Mozilla/5.0 (Windows NT 10.0; Win64; x64) AppleWebKit/537.36 (KHTML, like Gecko) Chrome/69.0.3497.100 Safari/537.36]
[2018-09-22T23:27:20.451] [INFO] default - [undefined GET /codeplay/static/snap/manykit/locale.js 304 1ms][http://www.manykit.com/codeplay/static/snap/pxsnap.html HTTP/1.0 Mozilla/5.0 (Windows NT 10.0; Win64; x64) AppleWebKit/537.36 (KHTML, like Gecko) Chrome/69.0.3497.100 Safari/537.36]
[2018-09-22T23:27:20.527] [INFO] default - [undefined GET /codeplay/static/snap/manykit/cloud.js 304 1ms][http://www.manykit.com/codeplay/static/snap/pxsnap.html HTTP/1.0 Mozilla/5.0 (Windows NT 10.0; Win64; x64) AppleWebKit/537.36 (KHTML, like Gecko) Chrome/69.0.3497.100 Safari/537.36]
[2018-09-22T23:27:20.541] [INFO] default - [undefined GET /codeplay/static/snap/sha512.js 304 2ms][http://www.manykit.com/codeplay/static/snap/pxsnap.html HTTP/1.0 Mozilla/5.0 (Windows NT 10.0; Win64; x64) AppleWebKit/537.36 (KHTML, like Gecko) Chrome/69.0.3497.100 Safari/537.36]
[2018-09-22T23:27:20.627] [INFO] default - [undefined GET /codeplay/static/snap/FileSaver.min.js 304 1ms][http://www.manykit.com/codeplay/static/snap/pxsnap.html HTTP/1.0 Mozilla/5.0 (Windows NT 10.0; Win64; x64) AppleWebKit/537.36 (KHTML, like Gecko) Chrome/69.0.3497.100 Safari/537.36]
[2018-09-22T23:27:20.639] [INFO] default - [undefined GET /codeplay/static/snap/manykit/base64.js 304 2ms][http://www.manykit.com/codeplay/static/snap/pxsnap.html HTTP/1.0 Mozilla/5.0 (Windows NT 10.0; Win64; x64) AppleWebKit/537.36 (KHTML, like Gecko) Chrome/69.0.3497.100 Safari/537.36]
[2018-09-22T23:27:20.740] [INFO] default - [undefined GET /res/verify 304 1ms][http://www.manykit.com/codeplay/static/snap/pxsnap.html HTTP/1.0 Mozilla/5.0 (Windows NT 10.0; Win64; x64) AppleWebKit/537.36 (KHTML, like Gecko) Chrome/69.0.3497.100 Safari/537.36]
[2018-09-22T23:27:21.079] [INFO] default - [undefined GET /codeplay/static/snap/lang-zh_CN.js 200 12ms][http://www.manykit.com/codeplay/static/snap/pxsnap.html HTTP/1.0 Mozilla/5.0 (Windows NT 10.0; Win64; x64) AppleWebKit/537.36 (KHTML, like Gecko) Chrome/69.0.3497.100 Safari/537.36]
[2018-09-22T23:27:21.133] [INFO] default - [undefined GET /codeplay/static/snap/manykit/bianchengwan.ico 200 16ms][http://www.manykit.com/codeplay/static/snap/pxsnap.html HTTP/1.0 Mozilla/5.0 (Windows NT 10.0; Win64; x64) AppleWebKit/537.36 (KHTML, like Gecko) Chrome/69.0.3497.100 Safari/537.36]
[2018-09-22T23:27:21.772] [INFO] default - [undefined GET /codeplay/static/snap/manykit/lang-zh_CN.js 200 34ms][http://www.manykit.com/codeplay/static/snap/pxsnap.html HTTP/1.0 Mozilla/5.0 (Windows NT 10.0; Win64; x64) AppleWebKit/537.36 (KHTML, like Gecko) Chrome/69.0.3497.100 Safari/537.36]
[2018-09-22T23:27:22.184] [INFO] default - [undefined POST /res/getfile 200 165ms][http://www.manykit.com/codeplay/static/snap/pxsnap.html HTTP/1.0 Mozilla/5.0 (Windows NT 10.0; Win64; x64) AppleWebKit/537.36 (KHTML, like Gecko) Chrome/69.0.3497.100 Safari/537.36]
[2018-09-22T23:27:48.682] [INFO] default - [undefined GET /codeplay/ 304 2ms][http://www.manykit.com/ HTTP/1.0 Mozilla/5.0 (Windows NT 10.0; Win64; x64) AppleWebKit/537.36 (KHTML, like Gecko) Chrome/69.0.3497.100 Safari/537.36]
[2018-09-22T23:27:48.851] [INFO] default - [undefined GET /codeplay/static/js/manifest.2e917410d0055f4e5ee6.js 304 1ms][http://www.manykit.com/codeplay/ HTTP/1.0 Mozilla/5.0 (Windows NT 10.0; Win64; x64) AppleWebKit/537.36 (KHTML, like Gecko) Chrome/69.0.3497.100 Safari/537.36]
[2018-09-22T23:27:48.855] [INFO] default - [undefined GET /codeplay/static/css/app.e491d2a4892efc55865c8fdb9a22f8b0.css 304 2ms][http://www.manykit.com/codeplay/ HTTP/1.0 Mozilla/5.0 (Windows NT 10.0; Win64; x64) AppleWebKit/537.36 (KHTML, like Gecko) Chrome/69.0.3497.100 Safari/537.36]
[2018-09-22T23:27:48.929] [INFO] default - [undefined GET /codeplay/static/js/vendor.3fa4caac75ed9dd268ec.js 304 0ms][http://www.manykit.com/codeplay/ HTTP/1.0 Mozilla/5.0 (Windows NT 10.0; Win64; x64) AppleWebKit/537.36 (KHTML, like Gecko) Chrome/69.0.3497.100 Safari/537.36]
[2018-09-22T23:27:48.941] [INFO] default - [undefined GET /codeplay/static/js/app.01cfe28e9073b1358c6d.js 304 1ms][http://www.manykit.com/codeplay/ HTTP/1.0 Mozilla/5.0 (Windows NT 10.0; Win64; x64) AppleWebKit/537.36 (KHTML, like Gecko) Chrome/69.0.3497.100 Safari/537.36]
[2018-09-22T23:27:49.138] [INFO] default - [undefined GET /codeplay/static/js/0.cc7d143399131bb641b7.js 304 1ms][http://www.manykit.com/codeplay/ HTTP/1.0 Mozilla/5.0 (Windows NT 10.0; Win64; x64) AppleWebKit/537.36 (KHTML, like Gecko) Chrome/69.0.3497.100 Safari/537.36]
[2018-09-22T23:27:49.152] [INFO] default - [undefined GET /codeplay/static/js/7.003607541dd61576f5e0.js 304 1ms][http://www.manykit.com/codeplay/ HTTP/1.0 Mozilla/5.0 (Windows NT 10.0; Win64; x64) AppleWebKit/537.36 (KHTML, like Gecko) Chrome/69.0.3497.100 Safari/537.36]
[2018-09-22T23:27:49.258] [INFO] default - [undefined GET /codeplay/static/js/6.de0d7934fdbff8f204d4.js 304 1ms][http://www.manykit.com/codeplay/ HTTP/1.0 Mozilla/5.0 (Windows NT 10.0; Win64; x64) AppleWebKit/537.36 (KHTML, like Gecko) Chrome/69.0.3497.100 Safari/537.36]
[2018-09-22T23:27:49.356] [INFO] default - [undefined GET /res/verify 304 2ms][http://www.manykit.com/codeplay/ HTTP/1.0 Mozilla/5.0 (Windows NT 10.0; Win64; x64) AppleWebKit/537.36 (KHTML, like Gecko) Chrome/69.0.3497.100 Safari/537.36]
[2018-09-22T23:27:49.358] [INFO] default - [undefined GET /codeplay/static/snap/playsnap.html 304 3ms][http://www.manykit.com/codeplay/ HTTP/1.0 Mozilla/5.0 (Windows NT 10.0; Win64; x64) AppleWebKit/537.36 (KHTML, like Gecko) Chrome/69.0.3497.100 Safari/537.36]
[2018-09-22T23:27:49.375] [INFO] default - [::1 POST /res/getfile 200 18ms][http://www.manykit.com/codeplay/ HTTP/1.0 Mozilla/5.0 (Windows NT 10.0; Win64; x64) AppleWebKit/537.36 (KHTML, like Gecko) Chrome/69.0.3497.100 Safari/537.36]
[2018-09-22T23:27:49.544] [INFO] default - [::ffff:127.0.0.1 POST /res/filelist 200 115ms][http://www.manykit.com/codeplay/ HTTP/1.0 Mozilla/5.0 (Windows NT 10.0; Win64; x64) AppleWebKit/537.36 (KHTML, like Gecko) Chrome/69.0.3497.100 Safari/537.36]
[2018-09-22T23:27:49.596] [INFO] default - [undefined GET /res/verify 304 1ms][http://www.manykit.com/codeplay/ HTTP/1.0 Mozilla/5.0 (Windows NT 10.0; Win64; x64) AppleWebKit/537.36 (KHTML, like Gecko) Chrome/69.0.3497.100 Safari/537.36]
[2018-09-22T23:27:49.639] [INFO] default - [::ffff:127.0.0.1 POST /res/filelist 200 46ms][http://www.manykit.com/codeplay/ HTTP/1.0 Mozilla/5.0 (Windows NT 10.0; Win64; x64) AppleWebKit/537.36 (KHTML, like Gecko) Chrome/69.0.3497.100 Safari/537.36]
[2018-09-22T23:27:49.640] [INFO] default - [::1 POST /res/filelist 200 46ms][http://www.manykit.com/codeplay/ HTTP/1.0 Mozilla/5.0 (Windows NT 10.0; Win64; x64) AppleWebKit/537.36 (KHTML, like Gecko) Chrome/69.0.3497.100 Safari/537.36]
[2018-09-22T23:27:49.775] [INFO] default - [undefined GET /codeplay/static/localpic.png 304 6ms][http://www.manykit.com/codeplay/ HTTP/1.0 Mozilla/5.0 (Windows NT 10.0; Win64; x64) AppleWebKit/537.36 (KHTML, like Gecko) Chrome/69.0.3497.100 Safari/537.36]
[2018-09-22T23:27:49.775] [INFO] default - [undefined GET /codeplay/static/snap/playsnap.html 304 6ms][http://www.manykit.com/codeplay/ HTTP/1.0 Mozilla/5.0 (Windows NT 10.0; Win64; x64) AppleWebKit/537.36 (KHTML, like Gecko) Chrome/69.0.3497.100 Safari/537.36]
[2018-09-22T23:27:49.815] [INFO] default - [undefined GET /codeplay/static/img/qr_code01.1707b53.jpg 304 2ms][http://www.manykit.com/codeplay/ HTTP/1.0 Mozilla/5.0 (Windows NT 10.0; Win64; x64) AppleWebKit/537.36 (KHTML, like Gecko) Chrome/69.0.3497.100 Safari/537.36]
[2018-09-22T23:27:49.826] [INFO] default - [undefined POST /res/getfile 200 233ms][http://www.manykit.com/codeplay/ HTTP/1.0 Mozilla/5.0 (Windows NT 10.0; Win64; x64) AppleWebKit/537.36 (KHTML, like Gecko) Chrome/69.0.3497.100 Safari/537.36]
[2018-09-22T23:27:49.851] [INFO] default - [undefined GET /codeplay/static/img/qr_code02.f1cd7b4.jpg 304 1ms][http://www.manykit.com/codeplay/ HTTP/1.0 Mozilla/5.0 (Windows NT 10.0; Win64; x64) AppleWebKit/537.36 (KHTML, like Gecko) Chrome/69.0.3497.100 Safari/537.36]
[2018-09-22T23:27:49.884] [INFO] default - [undefined GET /codeplay/static/snap/manykit/jquery-3.2.1.min.js 304 1ms][http://www.manykit.com/codeplay/static/snap/playsnap.html HTTP/1.0 Mozilla/5.0 (Windows NT 10.0; Win64; x64) AppleWebKit/537.36 (KHTML, like Gecko) Chrome/69.0.3497.100 Safari/537.36]
[2018-09-22T23:27:49.972] [INFO] default - [undefined GET /codeplay/static/snap/morphic.js 304 0ms][http://www.manykit.com/codeplay/static/snap/playsnap.html HTTP/1.0 Mozilla/5.0 (Windows NT 10.0; Win64; x64) AppleWebKit/537.36 (KHTML, like Gecko) Chrome/69.0.3497.100 Safari/537.36]
[2018-09-22T23:27:50.081] [INFO] default - [undefined GET /codeplay/static/snap/widgets.js 304 1ms][http://www.manykit.com/codeplay/static/snap/playsnap.html HTTP/1.0 Mozilla/5.0 (Windows NT 10.0; Win64; x64) AppleWebKit/537.36 (KHTML, like Gecko) Chrome/69.0.3497.100 Safari/537.36]
[2018-09-22T23:27:50.179] [INFO] default - [undefined GET /codeplay/static/snap/blocks.js 304 1ms][http://www.manykit.com/codeplay/static/snap/playsnap.html HTTP/1.0 Mozilla/5.0 (Windows NT 10.0; Win64; x64) AppleWebKit/537.36 (KHTML, like Gecko) Chrome/69.0.3497.100 Safari/537.36]
[2018-09-22T23:27:50.260] [INFO] default - [undefined GET /codeplay/static/snap/manykit/blocks.js 304 1ms][http://www.manykit.com/codeplay/static/snap/playsnap.html HTTP/1.0 Mozilla/5.0 (Windows NT 10.0; Win64; x64) AppleWebKit/537.36 (KHTML, like Gecko) Chrome/69.0.3497.100 Safari/537.36]
[2018-09-22T23:27:50.330] [INFO] default - [undefined GET /codeplay/static/snap/manykit/arduino.js 304 1ms][http://www.manykit.com/codeplay/static/snap/playsnap.html HTTP/1.0 Mozilla/5.0 (Windows NT 10.0; Win64; x64) AppleWebKit/537.36 (KHTML, like Gecko) Chrome/69.0.3497.100 Safari/537.36]
[2018-09-22T23:27:50.361] [INFO] default - [undefined GET /codeplay/static/snap/threads.js 304 1ms][http://www.manykit.com/codeplay/static/snap/playsnap.html HTTP/1.0 Mozilla/5.0 (Windows NT 10.0; Win64; x64) AppleWebKit/537.36 (KHTML, like Gecko) Chrome/69.0.3497.100 Safari/537.36]
[2018-09-22T23:27:50.453] [INFO] default - [undefined GET /codeplay/static/snap/objects.js 304 2ms][http://www.manykit.com/codeplay/static/snap/playsnap.html HTTP/1.0 Mozilla/5.0 (Windows NT 10.0; Win64; x64) AppleWebKit/537.36 (KHTML, like Gecko) Chrome/69.0.3497.100 Safari/537.36]
[2018-09-22T23:27:50.453] [INFO] default - [undefined GET /codeplay/static/snap/manykit/threads.js 304 1ms][http://www.manykit.com/codeplay/static/snap/playsnap.html HTTP/1.0 Mozilla/5.0 (Windows NT 10.0; Win64; x64) AppleWebKit/537.36 (KHTML, like Gecko) Chrome/69.0.3497.100 Safari/537.36]
[2018-09-22T23:27:50.530] [INFO] default - [undefined GET /codeplay/static/snap/manykit/objects.js 304 1ms][http://www.manykit.com/codeplay/static/snap/playsnap.html HTTP/1.0 Mozilla/5.0 (Windows NT 10.0; Win64; x64) AppleWebKit/537.36 (KHTML, like Gecko) Chrome/69.0.3497.100 Safari/537.36]
[2018-09-22T23:27:50.540] [INFO] default - [undefined GET /codeplay/static/snap/gui.js 304 1ms][http://www.manykit.com/codeplay/static/snap/playsnap.html HTTP/1.0 Mozilla/5.0 (Windows NT 10.0; Win64; x64) AppleWebKit/537.36 (KHTML, like Gecko) Chrome/69.0.3497.100 Safari/537.36]
[2018-09-22T23:27:50.611] [INFO] default - [undefined GET /codeplay/static/snap/manykit/playergui.js 304 2ms][http://www.manykit.com/codeplay/static/snap/playsnap.html HTTP/1.0 Mozilla/5.0 (Windows NT 10.0; Win64; x64) AppleWebKit/537.36 (KHTML, like Gecko) Chrome/69.0.3497.100 Safari/537.36]
[2018-09-22T23:27:50.611] [INFO] default - [undefined GET /codeplay/static/snap/paint.js 304 1ms][http://www.manykit.com/codeplay/static/snap/playsnap.html HTTP/1.0 Mozilla/5.0 (Windows NT 10.0; Win64; x64) AppleWebKit/537.36 (KHTML, like Gecko) Chrome/69.0.3497.100 Safari/537.36]
[2018-09-22T23:27:50.691] [INFO] default - [undefined GET /codeplay/static/snap/lists.js 304 1ms][http://www.manykit.com/codeplay/static/snap/playsnap.html HTTP/1.0 Mozilla/5.0 (Windows NT 10.0; Win64; x64) AppleWebKit/537.36 (KHTML, like Gecko) Chrome/69.0.3497.100 Safari/537.36]
[2018-09-22T23:27:50.709] [INFO] default - [undefined GET /codeplay/static/snap/byob.js 304 1ms][http://www.manykit.com/codeplay/static/snap/playsnap.html HTTP/1.0 Mozilla/5.0 (Windows NT 10.0; Win64; x64) AppleWebKit/537.36 (KHTML, like Gecko) Chrome/69.0.3497.100 Safari/537.36]
[2018-09-22T23:27:50.789] [INFO] default - [undefined GET /codeplay/static/snap/tables.js 304 1ms][http://www.manykit.com/codeplay/static/snap/playsnap.html HTTP/1.0 Mozilla/5.0 (Windows NT 10.0; Win64; x64) AppleWebKit/537.36 (KHTML, like Gecko) Chrome/69.0.3497.100 Safari/537.36]
[2018-09-22T23:27:50.805] [INFO] default - [undefined GET /codeplay/static/snap/symbols.js 304 1ms][http://www.manykit.com/codeplay/static/snap/playsnap.html HTTP/1.0 Mozilla/5.0 (Windows NT 10.0; Win64; x64) AppleWebKit/537.36 (KHTML, like Gecko) Chrome/69.0.3497.100 Safari/537.36]
[2018-09-22T23:27:50.880] [INFO] default - [undefined GET /codeplay/static/snap/xml.js 304 1ms][http://www.manykit.com/codeplay/static/snap/playsnap.html HTTP/1.0 Mozilla/5.0 (Windows NT 10.0; Win64; x64) AppleWebKit/537.36 (KHTML, like Gecko) Chrome/69.0.3497.100 Safari/537.36]
[2018-09-22T23:27:50.905] [INFO] default - [undefined GET /codeplay/static/snap/store.js 304 1ms][http://www.manykit.com/codeplay/static/snap/playsnap.html HTTP/1.0 Mozilla/5.0 (Windows NT 10.0; Win64; x64) AppleWebKit/537.36 (KHTML, like Gecko) Chrome/69.0.3497.100 Safari/537.36]
[2018-09-22T23:27:50.961] [INFO] default - [undefined GET /codeplay/static/snap/locale.js 304 1ms][http://www.manykit.com/codeplay/static/snap/playsnap.html HTTP/1.0 Mozilla/5.0 (Windows NT 10.0; Win64; x64) AppleWebKit/537.36 (KHTML, like Gecko) Chrome/69.0.3497.100 Safari/537.36]
[2018-09-22T23:27:50.990] [INFO] default - [undefined GET /codeplay/static/snap/manykit/locale.js 304 1ms][http://www.manykit.com/codeplay/static/snap/playsnap.html HTTP/1.0 Mozilla/5.0 (Windows NT 10.0; Win64; x64) AppleWebKit/537.36 (KHTML, like Gecko) Chrome/69.0.3497.100 Safari/537.36]
[2018-09-22T23:27:51.086] [INFO] default - [undefined GET /codeplay/static/snap/cloud.js 304 1ms][http://www.manykit.com/codeplay/static/snap/playsnap.html HTTP/1.0 Mozilla/5.0 (Windows NT 10.0; Win64; x64) AppleWebKit/537.36 (KHTML, like Gecko) Chrome/69.0.3497.100 Safari/537.36]
[2018-09-22T23:27:51.142] [INFO] default - [undefined GET /codeplay/static/snap/manykit/cloud.js 304 1ms][http://www.manykit.com/codeplay/static/snap/playsnap.html HTTP/1.0 Mozilla/5.0 (Windows NT 10.0; Win64; x64) AppleWebKit/537.36 (KHTML, like Gecko) Chrome/69.0.3497.100 Safari/537.36]
[2018-09-22T23:27:51.170] [INFO] default - [undefined GET /codeplay/static/snap/sha512.js 304 1ms][http://www.manykit.com/codeplay/static/snap/playsnap.html HTTP/1.0 Mozilla/5.0 (Windows NT 10.0; Win64; x64) AppleWebKit/537.36 (KHTML, like Gecko) Chrome/69.0.3497.100 Safari/537.36]
[2018-09-22T23:27:51.241] [INFO] default - [undefined GET /codeplay/static/snap/FileSaver.min.js 304 1ms][http://www.manykit.com/codeplay/static/snap/playsnap.html HTTP/1.0 Mozilla/5.0 (Windows NT 10.0; Win64; x64) AppleWebKit/537.36 (KHTML, like Gecko) Chrome/69.0.3497.100 Safari/537.36]
[2018-09-22T23:27:51.252] [INFO] default - [undefined GET /codeplay/static/snap/manykit/base64.js 304 1ms][http://www.manykit.com/codeplay/static/snap/playsnap.html HTTP/1.0 Mozilla/5.0 (Windows NT 10.0; Win64; x64) AppleWebKit/537.36 (KHTML, like Gecko) Chrome/69.0.3497.100 Safari/537.36]
[2018-09-22T23:27:51.361] [INFO] default - [undefined GET /codeplay/static/snap/player.png 304 1ms][http://www.manykit.com/codeplay/static/snap/playsnap.html HTTP/1.0 Mozilla/5.0 (Windows NT 10.0; Win64; x64) AppleWebKit/537.36 (KHTML, like Gecko) Chrome/69.0.3497.100 Safari/537.36]
[2018-09-22T23:27:51.457] [INFO] default - [undefined GET /res/verify 304 1ms][http://www.manykit.com/codeplay/static/snap/playsnap.html HTTP/1.0 Mozilla/5.0 (Windows NT 10.0; Win64; x64) AppleWebKit/537.36 (KHTML, like Gecko) Chrome/69.0.3497.100 Safari/537.36]
[2018-09-22T23:27:51.842] [INFO] default - [undefined GET /codeplay/static/snap/lang-zh_CN.js 304 1ms][http://www.manykit.com/codeplay/static/snap/playsnap.html HTTP/1.0 Mozilla/5.0 (Windows NT 10.0; Win64; x64) AppleWebKit/537.36 (KHTML, like Gecko) Chrome/69.0.3497.100 Safari/537.36]
[2018-09-22T23:27:51.852] [INFO] default - [undefined GET /codeplay/static/snap/manykit/manykit.png 304 1ms][http://www.manykit.com/codeplay/static/snap/playsnap.html HTTP/1.0 Mozilla/5.0 (Windows NT 10.0; Win64; x64) AppleWebKit/537.36 (KHTML, like Gecko) Chrome/69.0.3497.100 Safari/537.36]
[2018-09-22T23:27:52.121] [INFO] default - [undefined GET /codeplay/static/snap/manykit/lang-zh_CN.js 304 2ms][http://www.manykit.com/codeplay/static/snap/playsnap.html HTTP/1.0 Mozilla/5.0 (Windows NT 10.0; Win64; x64) AppleWebKit/537.36 (KHTML, like Gecko) Chrome/69.0.3497.100 Safari/537.36]
[2018-09-22T23:27:52.526] [INFO] default - [undefined POST /res/getfile 200 111ms][http://www.manykit.com/codeplay/static/snap/playsnap.html HTTP/1.0 Mozilla/5.0 (Windows NT 10.0; Win64; x64) AppleWebKit/537.36 (KHTML, like Gecko) Chrome/69.0.3497.100 Safari/537.36]
[2018-09-22T23:27:55.722] [INFO] default - [undefined GET /codeplay/static/js/19.76363fb774127b8fea5c.js 304 1ms][http://www.manykit.com/codeplay/ HTTP/1.0 Mozilla/5.0 (Windows NT 10.0; Win64; x64) AppleWebKit/537.36 (KHTML, like Gecko) Chrome/69.0.3497.100 Safari/537.36]
[2018-09-22T23:27:55.839] [INFO] default - [undefined GET /codeplay/static/snap/pxsnap.html 304 1ms][http://www.manykit.com/codeplay/ HTTP/1.0 Mozilla/5.0 (Windows NT 10.0; Win64; x64) AppleWebKit/537.36 (KHTML, like Gecko) Chrome/69.0.3497.100 Safari/537.36]
[2018-09-22T23:27:55.890] [INFO] default - [::1 POST /res/getfile 200 1ms][http://www.manykit.com/codeplay/ HTTP/1.0 Mozilla/5.0 (Windows NT 10.0; Win64; x64) AppleWebKit/537.36 (KHTML, like Gecko) Chrome/69.0.3497.100 Safari/537.36]
[2018-09-22T23:27:55.951] [INFO] default - [undefined GET /codeplay/static/snap/manykit/jquery-3.2.1.min.js 304 2ms][http://www.manykit.com/codeplay/static/snap/pxsnap.html HTTP/1.0 Mozilla/5.0 (Windows NT 10.0; Win64; x64) AppleWebKit/537.36 (KHTML, like Gecko) Chrome/69.0.3497.100 Safari/537.36]
[2018-09-22T23:27:55.961] [INFO] default - [undefined GET /codeplay/static/snap/morphic.js 304 1ms][http://www.manykit.com/codeplay/static/snap/pxsnap.html HTTP/1.0 Mozilla/5.0 (Windows NT 10.0; Win64; x64) AppleWebKit/537.36 (KHTML, like Gecko) Chrome/69.0.3497.100 Safari/537.36]
[2018-09-22T23:27:56.053] [INFO] default - [undefined GET /codeplay/static/snap/blocks.js 304 1ms][http://www.manykit.com/codeplay/static/snap/pxsnap.html HTTP/1.0 Mozilla/5.0 (Windows NT 10.0; Win64; x64) AppleWebKit/537.36 (KHTML, like Gecko) Chrome/69.0.3497.100 Safari/537.36]
[2018-09-22T23:27:56.054] [INFO] default - [undefined GET /codeplay/static/snap/widgets.js 304 2ms][http://www.manykit.com/codeplay/static/snap/pxsnap.html HTTP/1.0 Mozilla/5.0 (Windows NT 10.0; Win64; x64) AppleWebKit/537.36 (KHTML, like Gecko) Chrome/69.0.3497.100 Safari/537.36]
[2018-09-22T23:27:56.132] [INFO] default - [undefined GET /codeplay/static/snap/manykit/arduino.js 304 1ms][http://www.manykit.com/codeplay/static/snap/pxsnap.html HTTP/1.0 Mozilla/5.0 (Windows NT 10.0; Win64; x64) AppleWebKit/537.36 (KHTML, like Gecko) Chrome/69.0.3497.100 Safari/537.36]
[2018-09-22T23:27:56.133] [INFO] default - [undefined GET /codeplay/static/snap/manykit/blocks.js 304 2ms][http://www.manykit.com/codeplay/static/snap/pxsnap.html HTTP/1.0 Mozilla/5.0 (Windows NT 10.0; Win64; x64) AppleWebKit/537.36 (KHTML, like Gecko) Chrome/69.0.3497.100 Safari/537.36]
[2018-09-22T23:27:56.222] [INFO] default - [undefined GET /codeplay/static/snap/threads.js 304 1ms][http://www.manykit.com/codeplay/static/snap/pxsnap.html HTTP/1.0 Mozilla/5.0 (Windows NT 10.0; Win64; x64) AppleWebKit/537.36 (KHTML, like Gecko) Chrome/69.0.3497.100 Safari/537.36]
[2018-09-22T23:27:56.232] [INFO] default - [undefined GET /codeplay/static/snap/manykit/threads.js 304 1ms][http://www.manykit.com/codeplay/static/snap/pxsnap.html HTTP/1.0 Mozilla/5.0 (Windows NT 10.0; Win64; x64) AppleWebKit/537.36 (KHTML, like Gecko) Chrome/69.0.3497.100 Safari/537.36]
[2018-09-22T23:27:56.343] [INFO] default - [undefined GET /codeplay/static/snap/objects.js 304 1ms][http://www.manykit.com/codeplay/static/snap/pxsnap.html HTTP/1.0 Mozilla/5.0 (Windows NT 10.0; Win64; x64) AppleWebKit/537.36 (KHTML, like Gecko) Chrome/69.0.3497.100 Safari/537.36]
[2018-09-22T23:27:56.343] [INFO] default - [undefined GET /codeplay/static/snap/manykit/objects.js 304 1ms][http://www.manykit.com/codeplay/static/snap/pxsnap.html HTTP/1.0 Mozilla/5.0 (Windows NT 10.0; Win64; x64) AppleWebKit/537.36 (KHTML, like Gecko) Chrome/69.0.3497.100 Safari/537.36]
[2018-09-22T23:27:56.421] [INFO] default - [undefined GET /codeplay/static/snap/gui.js 304 1ms][http://www.manykit.com/codeplay/static/snap/pxsnap.html HTTP/1.0 Mozilla/5.0 (Windows NT 10.0; Win64; x64) AppleWebKit/537.36 (KHTML, like Gecko) Chrome/69.0.3497.100 Safari/537.36]
[2018-09-22T23:27:56.431] [INFO] default - [undefined GET /codeplay/static/snap/manykit/gui.js 304 1ms][http://www.manykit.com/codeplay/static/snap/pxsnap.html HTTP/1.0 Mozilla/5.0 (Windows NT 10.0; Win64; x64) AppleWebKit/537.36 (KHTML, like Gecko) Chrome/69.0.3497.100 Safari/537.36]
[2018-09-22T23:27:56.521] [INFO] default - [undefined GET /codeplay/static/snap/paint.js 304 1ms][http://www.manykit.com/codeplay/static/snap/pxsnap.html HTTP/1.0 Mozilla/5.0 (Windows NT 10.0; Win64; x64) AppleWebKit/537.36 (KHTML, like Gecko) Chrome/69.0.3497.100 Safari/537.36]
[2018-09-22T23:27:56.533] [INFO] default - [undefined GET /codeplay/static/snap/lists.js 304 1ms][http://www.manykit.com/codeplay/static/snap/pxsnap.html HTTP/1.0 Mozilla/5.0 (Windows NT 10.0; Win64; x64) AppleWebKit/537.36 (KHTML, like Gecko) Chrome/69.0.3497.100 Safari/537.36]
[2018-09-22T23:27:56.612] [INFO] default - [undefined GET /codeplay/static/snap/tables.js 304 2ms][http://www.manykit.com/codeplay/static/snap/pxsnap.html HTTP/1.0 Mozilla/5.0 (Windows NT 10.0; Win64; x64) AppleWebKit/537.36 (KHTML, like Gecko) Chrome/69.0.3497.100 Safari/537.36]
[2018-09-22T23:27:56.613] [INFO] default - [undefined GET /codeplay/static/snap/byob.js 304 1ms][http://www.manykit.com/codeplay/static/snap/pxsnap.html HTTP/1.0 Mozilla/5.0 (Windows NT 10.0; Win64; x64) AppleWebKit/537.36 (KHTML, like Gecko) Chrome/69.0.3497.100 Safari/537.36]
[2018-09-22T23:27:56.691] [INFO] default - [undefined GET /codeplay/static/snap/symbols.js 304 1ms][http://www.manykit.com/codeplay/static/snap/pxsnap.html HTTP/1.0 Mozilla/5.0 (Windows NT 10.0; Win64; x64) AppleWebKit/537.36 (KHTML, like Gecko) Chrome/69.0.3497.100 Safari/537.36]
[2018-09-22T23:27:56.693] [INFO] default - [undefined GET /codeplay/static/snap/xml.js 304 1ms][http://www.manykit.com/codeplay/static/snap/pxsnap.html HTTP/1.0 Mozilla/5.0 (Windows NT 10.0; Win64; x64) AppleWebKit/537.36 (KHTML, like Gecko) Chrome/69.0.3497.100 Safari/537.36]
[2018-09-22T23:27:56.777] [INFO] default - [undefined GET /codeplay/static/snap/store.js 304 1ms][http://www.manykit.com/codeplay/static/snap/pxsnap.html HTTP/1.0 Mozilla/5.0 (Windows NT 10.0; Win64; x64) AppleWebKit/537.36 (KHTML, like Gecko) Chrome/69.0.3497.100 Safari/537.36]
[2018-09-22T23:27:56.788] [INFO] default - [undefined GET /codeplay/static/snap/locale.js 304 1ms][http://www.manykit.com/codeplay/static/snap/pxsnap.html HTTP/1.0 Mozilla/5.0 (Windows NT 10.0; Win64; x64) AppleWebKit/537.36 (KHTML, like Gecko) Chrome/69.0.3497.100 Safari/537.36]
[2018-09-22T23:27:56.872] [INFO] default - [undefined GET /codeplay/static/snap/cloud.js 304 1ms][http://www.manykit.com/codeplay/static/snap/pxsnap.html HTTP/1.0 Mozilla/5.0 (Windows NT 10.0; Win64; x64) AppleWebKit/537.36 (KHTML, like Gecko) Chrome/69.0.3497.100 Safari/537.36]
[2018-09-22T23:27:56.873] [INFO] default - [undefined GET /codeplay/static/snap/manykit/locale.js 304 1ms][http://www.manykit.com/codeplay/static/snap/pxsnap.html HTTP/1.0 Mozilla/5.0 (Windows NT 10.0; Win64; x64) AppleWebKit/537.36 (KHTML, like Gecko) Chrome/69.0.3497.100 Safari/537.36]
[2018-09-22T23:27:56.952] [INFO] default - [undefined GET /codeplay/static/snap/sha512.js 304 1ms][http://www.manykit.com/codeplay/static/snap/pxsnap.html HTTP/1.0 Mozilla/5.0 (Windows NT 10.0; Win64; x64) AppleWebKit/537.36 (KHTML, like Gecko) Chrome/69.0.3497.100 Safari/537.36]
[2018-09-22T23:27:56.953] [INFO] default - [undefined GET /codeplay/static/snap/manykit/cloud.js 304 2ms][http://www.manykit.com/codeplay/static/snap/pxsnap.html HTTP/1.0 Mozilla/5.0 (Windows NT 10.0; Win64; x64) AppleWebKit/537.36 (KHTML, like Gecko) Chrome/69.0.3497.100 Safari/537.36]
[2018-09-22T23:27:57.061] [INFO] default - [undefined GET /codeplay/static/snap/FileSaver.min.js 304 1ms][http://www.manykit.com/codeplay/static/snap/pxsnap.html HTTP/1.0 Mozilla/5.0 (Windows NT 10.0; Win64; x64) AppleWebKit/537.36 (KHTML, like Gecko) Chrome/69.0.3497.100 Safari/537.36]
[2018-09-22T23:27:57.072] [INFO] default - [undefined GET /codeplay/static/snap/manykit/base64.js 304 1ms][http://www.manykit.com/codeplay/static/snap/pxsnap.html HTTP/1.0 Mozilla/5.0 (Windows NT 10.0; Win64; x64) AppleWebKit/537.36 (KHTML, like Gecko) Chrome/69.0.3497.100 Safari/537.36]
[2018-09-22T23:27:57.181] [INFO] default - [undefined GET /res/verify 304 1ms][http://www.manykit.com/codeplay/static/snap/pxsnap.html HTTP/1.0 Mozilla/5.0 (Windows NT 10.0; Win64; x64) AppleWebKit/537.36 (KHTML, like Gecko) Chrome/69.0.3497.100 Safari/537.36]
[2018-09-22T23:27:57.481] [INFO] default - [undefined GET /codeplay/static/snap/lang-zh_CN.js 304 1ms][http://www.manykit.com/codeplay/static/snap/pxsnap.html HTTP/1.0 Mozilla/5.0 (Windows NT 10.0; Win64; x64) AppleWebKit/537.36 (KHTML, like Gecko) Chrome/69.0.3497.100 Safari/537.36]
[2018-09-22T23:27:57.493] [INFO] default - [undefined GET /codeplay/static/snap/manykit/bianchengwan.ico 304 1ms][http://www.manykit.com/codeplay/static/snap/pxsnap.html HTTP/1.0 Mozilla/5.0 (Windows NT 10.0; Win64; x64) AppleWebKit/537.36 (KHTML, like Gecko) Chrome/69.0.3497.100 Safari/537.36]
[2018-09-22T23:27:57.733] [INFO] default - [undefined GET /codeplay/static/snap/manykit/lang-zh_CN.js 304 1ms][http://www.manykit.com/codeplay/static/snap/pxsnap.html HTTP/1.0 Mozilla/5.0 (Windows NT 10.0; Win64; x64) AppleWebKit/537.36 (KHTML, like Gecko) Chrome/69.0.3497.100 Safari/537.36]
[2018-09-22T23:27:58.134] [INFO] default - [undefined POST /res/getfile 200 166ms][http://www.manykit.com/codeplay/static/snap/pxsnap.html HTTP/1.0 Mozilla/5.0 (Windows NT 10.0; Win64; x64) AppleWebKit/537.36 (KHTML, like Gecko) Chrome/69.0.3497.100 Safari/537.36]
