[2018-11-04T04:22:16.937] [INFO] default - [::ffff:107.170.219.107 GET / 500 4ms][ HTTP/1.1 Mozilla/5.0 zgrab/0.x]
[2018-11-04T08:57:58.935] [INFO] default - [undefined GET /toycar/ 200 3ms][ HTTP/1.0 Mozilla/5.0 (compatible; tracemyfile/1.0)]
[2018-11-04T09:41:31.463] [INFO] default - [::1 POST /api/material/modulelist 500 9ms][https://manykit.com/ HTTP/1.0 Mozilla/5.0 (X11; Linux x86_64) AppleWebKit/537.36 (KHTML, like Gecko) HeadlessChrome/64.0.3282.119 Safari/537.36]
[2018-11-04T09:41:32.034] [INFO] default - [::ffff:127.0.0.1 POST /res/filelist 200 171ms][https://manykit.com/ HTTP/1.0 Mozilla/5.0 (X11; Linux x86_64) AppleWebKit/537.36 (KHTML, like Gecko) HeadlessChrome/64.0.3282.119 Safari/537.36]
[2018-11-04T09:41:33.410] [INFO] default - [::1 GET /res/verify 200 2ms][https://manykit.com/ HTTP/1.0 Mozilla/5.0 (X11; Linux x86_64) AppleWebKit/537.36 (KHTML, like Gecko) HeadlessChrome/64.0.3282.119 Safari/537.36]
[2018-11-04T10:51:30.950] [INFO] default - [undefined GET /codeplay/ 200 3ms][http://www.manykit.com/codeplay/ HTTP/1.0 Mozilla/5.0 (iPhone; CPU iPhone OS 9_3_4 like Mac OS X) AppleWebKit/601.1.46 (KHTML, like Gecko) Mobile/13G35 QQ/6.5.3.410 V1_IPH_SQ_6.5.3_1_APP_A Pixel/750 Core/UIWebView NetType/2G Mem/117]
[2018-11-04T10:54:12.906] [INFO] default - [210.152.243.180 POST /api/material/modulelist 500 4ms][https://manykit.com/ HTTP/1.0 Mozilla/5.0 (X11; Linux x86_64) AppleWebKit/537.36 (KHTML, like Gecko; Google Web Preview) Chrome/41.0.2272.118 Safari/537.36]
[2018-11-04T10:54:13.274] [INFO] default - [210.152.243.180 POST /res/filelist 200 156ms][https://manykit.com/ HTTP/1.0 Mozilla/5.0 (X11; Linux x86_64) AppleWebKit/537.36 (KHTML, like Gecko; Google Web Preview) Chrome/41.0.2272.118 Safari/537.36]
[2018-11-04T13:52:05.728] [INFO] default - [undefined GET /codeplay/static/snap/playersharesnap.html 304 1ms][ HTTP/1.0 Mozilla/5.0 (iPhone; CPU iPhone OS 12_0 like Mac OS X) AppleWebKit/605.1.15 (KHTML, like Gecko) CriOS/70.0.3538.75 Mobile/15E148 Safari/605.1]
[2018-11-04T13:52:05.882] [INFO] default - [undefined GET /codeplay/static/snap/manykit/jquery-3.2.1.min.js 200 4ms][https://manykit.com/codeplay/static/snap/playersharesnap.html HTTP/1.0 Mozilla/5.0 (iPhone; CPU iPhone OS 12_0 like Mac OS X) AppleWebKit/605.1.15 (KHTML, like Gecko) CriOS/70.0.3538.75 Mobile/15E148 Safari/605.1]
[2018-11-04T13:52:06.354] [INFO] default - [undefined GET /codeplay/static/snap/widgets.js 200 1ms][https://manykit.com/codeplay/static/snap/playersharesnap.html HTTP/1.0 Mozilla/5.0 (iPhone; CPU iPhone OS 12_0 like Mac OS X) AppleWebKit/605.1.15 (KHTML, like Gecko) CriOS/70.0.3538.75 Mobile/15E148 Safari/605.1]
[2018-11-04T13:52:06.359] [INFO] default - [undefined GET /codeplay/static/snap/manykit/blocks.js 200 2ms][https://manykit.com/codeplay/static/snap/playersharesnap.html HTTP/1.0 Mozilla/5.0 (iPhone; CPU iPhone OS 12_0 like Mac OS X) AppleWebKit/605.1.15 (KHTML, like Gecko) CriOS/70.0.3538.75 Mobile/15E148 Safari/605.1]
[2018-11-04T13:52:06.395] [INFO] default - [undefined GET /codeplay/static/snap/blocks.js 200 33ms][https://manykit.com/codeplay/static/snap/playersharesnap.html HTTP/1.0 Mozilla/5.0 (iPhone; CPU iPhone OS 12_0 like Mac OS X) AppleWebKit/605.1.15 (KHTML, like Gecko) CriOS/70.0.3538.75 Mobile/15E148 Safari/605.1]
[2018-11-04T13:52:06.395] [INFO] default - [undefined GET /codeplay/static/snap/morphic.js 200 35ms][https://manykit.com/codeplay/static/snap/playersharesnap.html HTTP/1.0 Mozilla/5.0 (iPhone; CPU iPhone OS 12_0 like Mac OS X) AppleWebKit/605.1.15 (KHTML, like Gecko) CriOS/70.0.3538.75 Mobile/15E148 Safari/605.1]
[2018-11-04T13:52:06.448] [INFO] default - [undefined GET /codeplay/static/snap/manykit/arduino.js 200 2ms][https://manykit.com/codeplay/static/snap/playersharesnap.html HTTP/1.0 Mozilla/5.0 (iPhone; CPU iPhone OS 12_0 like Mac OS X) AppleWebKit/605.1.15 (KHTML, like Gecko) CriOS/70.0.3538.75 Mobile/15E148 Safari/605.1]
[2018-11-04T13:52:06.568] [INFO] default - [undefined GET /codeplay/static/snap/threads.js 200 3ms][https://manykit.com/codeplay/static/snap/playersharesnap.html HTTP/1.0 Mozilla/5.0 (iPhone; CPU iPhone OS 12_0 like Mac OS X) AppleWebKit/605.1.15 (KHTML, like Gecko) CriOS/70.0.3538.75 Mobile/15E148 Safari/605.1]
[2018-11-04T13:52:06.914] [INFO] default - [undefined GET /codeplay/static/snap/manykit/threads.js 200 1ms][https://manykit.com/codeplay/static/snap/playersharesnap.html HTTP/1.0 Mozilla/5.0 (iPhone; CPU iPhone OS 12_0 like Mac OS X) AppleWebKit/605.1.15 (KHTML, like Gecko) CriOS/70.0.3538.75 Mobile/15E148 Safari/605.1]
[2018-11-04T13:52:07.007] [INFO] default - [undefined GET /codeplay/static/snap/objects.js 200 8ms][https://manykit.com/codeplay/static/snap/playersharesnap.html HTTP/1.0 Mozilla/5.0 (iPhone; CPU iPhone OS 12_0 like Mac OS X) AppleWebKit/605.1.15 (KHTML, like Gecko) CriOS/70.0.3538.75 Mobile/15E148 Safari/605.1]
[2018-11-04T13:52:07.088] [INFO] default - [undefined GET /codeplay/static/snap/manykit/objects.js 200 2ms][https://manykit.com/codeplay/static/snap/playersharesnap.html HTTP/1.0 Mozilla/5.0 (iPhone; CPU iPhone OS 12_0 like Mac OS X) AppleWebKit/605.1.15 (KHTML, like Gecko) CriOS/70.0.3538.75 Mobile/15E148 Safari/605.1]
[2018-11-04T13:52:07.211] [INFO] default - [::ffff:127.0.0.1 GET /codeplay/static/snap/gui.js 200 4ms][https://manykit.com/codeplay/static/snap/playersharesnap.html HTTP/1.0 Mozilla/5.0 (iPhone; CPU iPhone OS 12_0 like Mac OS X) AppleWebKit/605.1.15 (KHTML, like Gecko) CriOS/70.0.3538.75 Mobile/15E148 Safari/605.1]
[2018-11-04T13:52:07.691] [INFO] default - [undefined GET /codeplay/static/snap/manykit/playersharegui.js 200 4ms][https://manykit.com/codeplay/static/snap/playersharesnap.html HTTP/1.0 Mozilla/5.0 (iPhone; CPU iPhone OS 12_0 like Mac OS X) AppleWebKit/605.1.15 (KHTML, like Gecko) CriOS/70.0.3538.75 Mobile/15E148 Safari/605.1]
[2018-11-04T13:52:07.762] [INFO] default - [undefined GET /codeplay/static/snap/paint.js 200 2ms][https://manykit.com/codeplay/static/snap/playersharesnap.html HTTP/1.0 Mozilla/5.0 (iPhone; CPU iPhone OS 12_0 like Mac OS X) AppleWebKit/605.1.15 (KHTML, like Gecko) CriOS/70.0.3538.75 Mobile/15E148 Safari/605.1]
[2018-11-04T13:52:07.779] [INFO] default - [undefined GET /codeplay/static/snap/lists.js 200 3ms][https://manykit.com/codeplay/static/snap/playersharesnap.html HTTP/1.0 Mozilla/5.0 (iPhone; CPU iPhone OS 12_0 like Mac OS X) AppleWebKit/605.1.15 (KHTML, like Gecko) CriOS/70.0.3538.75 Mobile/15E148 Safari/605.1]
[2018-11-04T13:52:07.842] [INFO] default - [undefined GET /codeplay/static/snap/byob.js 200 2ms][https://manykit.com/codeplay/static/snap/playersharesnap.html HTTP/1.0 Mozilla/5.0 (iPhone; CPU iPhone OS 12_0 like Mac OS X) AppleWebKit/605.1.15 (KHTML, like Gecko) CriOS/70.0.3538.75 Mobile/15E148 Safari/605.1]
[2018-11-04T13:52:07.874] [INFO] default - [undefined GET /codeplay/static/snap/tables.js 200 2ms][https://manykit.com/codeplay/static/snap/playersharesnap.html HTTP/1.0 Mozilla/5.0 (iPhone; CPU iPhone OS 12_0 like Mac OS X) AppleWebKit/605.1.15 (KHTML, like Gecko) CriOS/70.0.3538.75 Mobile/15E148 Safari/605.1]
[2018-11-04T13:52:07.922] [INFO] default - [undefined GET /codeplay/static/snap/symbols.js 200 2ms][https://manykit.com/codeplay/static/snap/playersharesnap.html HTTP/1.0 Mozilla/5.0 (iPhone; CPU iPhone OS 12_0 like Mac OS X) AppleWebKit/605.1.15 (KHTML, like Gecko) CriOS/70.0.3538.75 Mobile/15E148 Safari/605.1]
[2018-11-04T13:52:08.045] [INFO] default - [undefined GET /codeplay/static/snap/xml.js 200 2ms][https://manykit.com/codeplay/static/snap/playersharesnap.html HTTP/1.0 Mozilla/5.0 (iPhone; CPU iPhone OS 12_0 like Mac OS X) AppleWebKit/605.1.15 (KHTML, like Gecko) CriOS/70.0.3538.75 Mobile/15E148 Safari/605.1]
[2018-11-04T13:52:08.123] [INFO] default - [undefined GET /codeplay/static/snap/locale.js 200 2ms][https://manykit.com/codeplay/static/snap/playersharesnap.html HTTP/1.0 Mozilla/5.0 (iPhone; CPU iPhone OS 12_0 like Mac OS X) AppleWebKit/605.1.15 (KHTML, like Gecko) CriOS/70.0.3538.75 Mobile/15E148 Safari/605.1]
[2018-11-04T13:52:08.128] [INFO] default - [undefined GET /codeplay/static/snap/manykit/locale.js 200 2ms][https://manykit.com/codeplay/static/snap/playersharesnap.html HTTP/1.0 Mozilla/5.0 (iPhone; CPU iPhone OS 12_0 like Mac OS X) AppleWebKit/605.1.15 (KHTML, like Gecko) CriOS/70.0.3538.75 Mobile/15E148 Safari/605.1]
[2018-11-04T13:52:08.131] [INFO] default - [undefined GET /codeplay/static/snap/store.js 200 2ms][https://manykit.com/codeplay/static/snap/playersharesnap.html HTTP/1.0 Mozilla/5.0 (iPhone; CPU iPhone OS 12_0 like Mac OS X) AppleWebKit/605.1.15 (KHTML, like Gecko) CriOS/70.0.3538.75 Mobile/15E148 Safari/605.1]
[2018-11-04T13:52:08.243] [INFO] default - [undefined GET /codeplay/static/snap/cloud.js 200 3ms][https://manykit.com/codeplay/static/snap/playersharesnap.html HTTP/1.0 Mozilla/5.0 (iPhone; CPU iPhone OS 12_0 like Mac OS X) AppleWebKit/605.1.15 (KHTML, like Gecko) CriOS/70.0.3538.75 Mobile/15E148 Safari/605.1]
[2018-11-04T13:52:08.244] [INFO] default - [undefined GET /codeplay/static/snap/sha512.js 200 3ms][https://manykit.com/codeplay/static/snap/playersharesnap.html HTTP/1.0 Mozilla/5.0 (iPhone; CPU iPhone OS 12_0 like Mac OS X) AppleWebKit/605.1.15 (KHTML, like Gecko) CriOS/70.0.3538.75 Mobile/15E148 Safari/605.1]
[2018-11-04T13:52:08.244] [INFO] default - [undefined GET /codeplay/static/snap/manykit/playersharecloud.js 200 3ms][https://manykit.com/codeplay/static/snap/playersharesnap.html HTTP/1.0 Mozilla/5.0 (iPhone; CPU iPhone OS 12_0 like Mac OS X) AppleWebKit/605.1.15 (KHTML, like Gecko) CriOS/70.0.3538.75 Mobile/15E148 Safari/605.1]
[2018-11-04T13:52:08.353] [INFO] default - [undefined GET /codeplay/static/snap/FileSaver.min.js 200 1ms][https://manykit.com/codeplay/static/snap/playersharesnap.html HTTP/1.0 Mozilla/5.0 (iPhone; CPU iPhone OS 12_0 like Mac OS X) AppleWebKit/605.1.15 (KHTML, like Gecko) CriOS/70.0.3538.75 Mobile/15E148 Safari/605.1]
[2018-11-04T13:52:08.363] [INFO] default - [undefined GET /codeplay/static/snap/manykit/base64.js 200 3ms][https://manykit.com/codeplay/static/snap/playersharesnap.html HTTP/1.0 Mozilla/5.0 (iPhone; CPU iPhone OS 12_0 like Mac OS X) AppleWebKit/605.1.15 (KHTML, like Gecko) CriOS/70.0.3538.75 Mobile/15E148 Safari/605.1]
[2018-11-04T13:52:08.364] [INFO] default - [undefined GET /codeplay/static/snap/player.png 200 3ms][https://manykit.com/codeplay/static/snap/playersharesnap.html HTTP/1.0 Mozilla/5.0 (iPhone; CPU iPhone OS 12_0 like Mac OS X) AppleWebKit/605.1.15 (KHTML, like Gecko) CriOS/70.0.3538.75 Mobile/15E148 Safari/605.1]
[2018-11-04T13:52:09.088] [INFO] default - [::1 GET /res/verify 200 1ms][https://manykit.com/codeplay/static/snap/playersharesnap.html HTTP/1.0 Mozilla/5.0 (iPhone; CPU iPhone OS 12_0 like Mac OS X) AppleWebKit/605.1.15 (KHTML, like Gecko) CriOS/70.0.3538.75 Mobile/15E148 Safari/605.1]
[2018-11-04T13:52:09.203] [INFO] default - [undefined GET /codeplay/static/snap/manykit/manykit.png 200 5ms][https://manykit.com/codeplay/static/snap/playersharesnap.html HTTP/1.0 Mozilla/5.0 (iPhone; CPU iPhone OS 12_0 like Mac OS X) AppleWebKit/605.1.15 (KHTML, like Gecko) CriOS/70.0.3538.75 Mobile/15E148 Safari/605.1]
[2018-11-04T14:07:50.134] [INFO] default - [::1 GET /res/thirdlogin 200 1ms][ HTTP/1.0 Mozilla/5.0 (Linux; Android 6.0.1; Nexus 5X Build/MMB29P) AppleWebKit/537.36 (KHTML, like Gecko) Chrome/41.0.2272.96 Mobile Safari/537.36 (compatible; Googlebot/2.1; +http://www.google.com/bot.html)]
[2018-11-04T14:07:57.847] [INFO] default - [::ffff:127.0.0.1 GET /res/getverifycode 500 3ms][ HTTP/1.0 Mozilla/5.0 (Linux; Android 6.0.1; Nexus 5X Build/MMB29P) AppleWebKit/537.36 (KHTML, like Gecko) Chrome/41.0.2272.96 Mobile Safari/537.36 (compatible; Googlebot/2.1; +http://www.google.com/bot.html)]
[2018-11-04T14:08:48.773] [INFO] default - [::1 GET /api/material/modulelist 200 2ms][ HTTP/1.0 Mozilla/5.0 (Linux; Android 6.0.1; Nexus 5X Build/MMB29P) AppleWebKit/537.36 (KHTML, like Gecko) Chrome/41.0.2272.96 Mobile Safari/537.36 (compatible; Googlebot/2.1; +http://www.google.com/bot.html)]
[2018-11-04T14:46:03.113] [INFO] default - [::ffff:127.0.0.1 GET /res/verify 200 1ms][https://manykit.com/robot/ HTTP/1.0 Mozilla/5.0 (Linux; Android 8.0.0; MI 6 Build/OPR1.170623.027) AppleWebKit/537.36 (KHTML, like Gecko) Chrome/69.0.3497.100 Mobile Safari/537.36]
[2018-11-04T14:47:17.142] [INFO] default - [::1 GET /res/verify 200 1ms][https://www.manykit.com/robot/ HTTP/1.0 Mozilla/5.0 (Linux; Android 8.0.0; MI 6 Build/OPR1.170623.027) AppleWebKit/537.36 (KHTML, like Gecko) Chrome/69.0.3497.100 Mobile Safari/537.36]
[2018-11-04T14:47:23.599] [INFO] default - [undefined GET /res/verify 304 1ms][https://www.manykit.com/robot/ HTTP/1.0 Mozilla/5.0 (Linux; Android 8.0.0; MI 6 Build/OPR1.170623.027) AppleWebKit/537.36 (KHTML, like Gecko) Chrome/69.0.3497.100 Mobile Safari/537.36]
[2018-11-04T18:31:45.518] [INFO] default - [undefined GET /codeplay/static/snap/playersharesnap.html 200 2ms][http://www.manykit.com/codeplay/static/snap/playersharesnap.html HTTP/1.0 Mozilla/5.0 (iPhone; CPU iPhone OS 9_3_4 like Mac OS X) AppleWebKit/601.1.46 (KHTML, like Gecko) Mobile/13G35 QQ/6.5.3.410 V1_IPH_SQ_6.5.3_1_APP_A Pixel/750 Core/UIWebView NetType/2G Mem/117]
[2018-11-04T20:53:52.056] [INFO] default - [::ffff:127.0.0.1 POST /api/material/modulelist 500 4ms][https://www.manykit.com/ HTTP/1.0 Mozilla/5.0 (iPhone; CPU iPhone OS 12_0_1 like Mac OS X) AppleWebKit/605.1.15 (KHTML, like Gecko) Mobile/16A404 wxwork/2.6.1 MicroMessenger/6.3.22 Language/zh]
[2018-11-04T20:53:52.259] [INFO] default - [::1 POST /res/filelist 200 164ms][https://www.manykit.com/ HTTP/1.0 Mozilla/5.0 (iPhone; CPU iPhone OS 12_0_1 like Mac OS X) AppleWebKit/605.1.15 (KHTML, like Gecko) Mobile/16A404 wxwork/2.6.1 MicroMessenger/6.3.22 Language/zh]
[2018-11-04T20:53:52.958] [INFO] default - [::ffff:127.0.0.1 GET /res/verify 200 2ms][https://www.manykit.com/ HTTP/1.0 Mozilla/5.0 (iPhone; CPU iPhone OS 12_0_1 like Mac OS X) AppleWebKit/605.1.15 (KHTML, like Gecko) Mobile/16A404 wxwork/2.6.1 MicroMessenger/6.3.22 Language/zh]
[2018-11-04T21:44:22.871] [INFO] default - [::1 POST /api/material/modulelist 500 4ms][https://manykit.com/ HTTP/1.0 Mozilla/5.0 (Windows NT 10.0; WOW64) AppleWebKit/537.36 (KHTML, like Gecko) Chrome/63.0.3239.26 Safari/537.36 Core/1.63.6776.400 QQBrowser/10.3.2577.400]
[2018-11-04T21:44:23.240] [INFO] default - [::ffff:127.0.0.1 POST /res/filelist 200 160ms][https://manykit.com/ HTTP/1.0 Mozilla/5.0 (Windows NT 10.0; WOW64) AppleWebKit/537.36 (KHTML, like Gecko) Chrome/63.0.3239.26 Safari/537.36 Core/1.63.6776.400 QQBrowser/10.3.2577.400]
[2018-11-04T21:44:24.269] [INFO] default - [::1 GET /res/verify 200 1ms][https://manykit.com/ HTTP/1.0 Mozilla/5.0 (Windows NT 10.0; WOW64) AppleWebKit/537.36 (KHTML, like Gecko) Chrome/63.0.3239.26 Safari/537.36 Core/1.63.6776.400 QQBrowser/10.3.2577.400]
[2018-11-04T21:44:29.160] [INFO] default - [::ffff:127.0.0.1 POST /api/material/modulelist 500 4ms][https://manykit.com/ HTTP/1.0 Mozilla/5.0 (Windows NT 10.0; WOW64) AppleWebKit/537.36 (KHTML, like Gecko) Chrome/63.0.3239.26 Safari/537.36 Core/1.63.6776.400 QQBrowser/10.3.2577.400]
[2018-11-04T21:44:29.362] [INFO] default - [::1 POST /res/filelist 200 141ms][https://manykit.com/ HTTP/1.0 Mozilla/5.0 (Windows NT 10.0; WOW64) AppleWebKit/537.36 (KHTML, like Gecko) Chrome/63.0.3239.26 Safari/537.36 Core/1.63.6776.400 QQBrowser/10.3.2577.400]
[2018-11-04T21:44:30.534] [INFO] default - [undefined GET /res/verify 304 2ms][https://manykit.com/ HTTP/1.0 Mozilla/5.0 (Windows NT 10.0; WOW64) AppleWebKit/537.36 (KHTML, like Gecko) Chrome/63.0.3239.26 Safari/537.36 Core/1.63.6776.400 QQBrowser/10.3.2577.400]
[2018-11-04T21:44:42.965] [INFO] default - [::1 POST /api/material/modulelist 500 3ms][https://manykit.com/ HTTP/1.0 Mozilla/5.0 (Windows NT 10.0; WOW64) AppleWebKit/537.36 (KHTML, like Gecko) Chrome/63.0.3239.26 Safari/537.36 Core/1.63.6776.400 QQBrowser/10.3.2577.400]
[2018-11-04T21:44:43.169] [INFO] default - [::ffff:127.0.0.1 POST /res/filelist 200 165ms][https://manykit.com/ HTTP/1.0 Mozilla/5.0 (Windows NT 10.0; WOW64) AppleWebKit/537.36 (KHTML, like Gecko) Chrome/63.0.3239.26 Safari/537.36 Core/1.63.6776.400 QQBrowser/10.3.2577.400]
[2018-11-04T21:44:44.185] [INFO] default - [undefined GET /res/verify 304 2ms][https://manykit.com/ HTTP/1.0 Mozilla/5.0 (Windows NT 10.0; WOW64) AppleWebKit/537.36 (KHTML, like Gecko) Chrome/63.0.3239.26 Safari/537.36 Core/1.63.6776.400 QQBrowser/10.3.2577.400]
[2018-11-04T21:53:09.815] [INFO] default - [::ffff:127.0.0.1 GET /codeplay 301 2ms][ HTTP/1.0 Mozilla/5.0 (Windows NT 10.0; WOW64) AppleWebKit/537.36 (KHTML, like Gecko) Chrome/63.0.3239.26 Safari/537.36 Core/1.63.6776.400 QQBrowser/10.3.2577.400]
[2018-11-04T21:53:09.901] [INFO] default - [undefined GET /codeplay/ 200 2ms][ HTTP/1.0 Mozilla/5.0 (Windows NT 10.0; WOW64) AppleWebKit/537.36 (KHTML, like Gecko) Chrome/63.0.3239.26 Safari/537.36 Core/1.63.6776.400 QQBrowser/10.3.2577.400]
[2018-11-04T21:53:09.990] [INFO] default - [undefined GET /codeplay/static/js/manifest.bf27ebb7a9d868607c53.js 200 3ms][https://www.manykit.com/codeplay/ HTTP/1.0 Mozilla/5.0 (Windows NT 10.0; WOW64) AppleWebKit/537.36 (KHTML, like Gecko) Chrome/63.0.3239.26 Safari/537.36 Core/1.63.6776.400 QQBrowser/10.3.2577.400]
[2018-11-04T21:53:09.994] [INFO] default - [::ffff:127.0.0.1 GET /codeplay/static/css/app.29d1e45f80fb43a80cdf1683a14d2db7.css 200 7ms][https://www.manykit.com/codeplay/ HTTP/1.0 Mozilla/5.0 (Windows NT 10.0; WOW64) AppleWebKit/537.36 (KHTML, like Gecko) Chrome/63.0.3239.26 Safari/537.36 Core/1.63.6776.400 QQBrowser/10.3.2577.400]
[2018-11-04T21:53:10.024] [INFO] default - [undefined GET /codeplay/static/js/vendor.93538bf508ed5f4069e2.js 200 9ms][https://www.manykit.com/codeplay/ HTTP/1.0 Mozilla/5.0 (Windows NT 10.0; WOW64) AppleWebKit/537.36 (KHTML, like Gecko) Chrome/63.0.3239.26 Safari/537.36 Core/1.63.6776.400 QQBrowser/10.3.2577.400]
[2018-11-04T21:53:10.043] [INFO] default - [undefined GET /codeplay/static/js/app.b214dc3a1d874a29be87.js 200 2ms][https://www.manykit.com/codeplay/ HTTP/1.0 Mozilla/5.0 (Windows NT 10.0; WOW64) AppleWebKit/537.36 (KHTML, like Gecko) Chrome/63.0.3239.26 Safari/537.36 Core/1.63.6776.400 QQBrowser/10.3.2577.400]
[2018-11-04T21:53:11.085] [INFO] default - [undefined GET /codeplay/static/js/6.de878bba405860d223d9.js 200 3ms][https://www.manykit.com/codeplay/ HTTP/1.0 Mozilla/5.0 (Windows NT 10.0; WOW64) AppleWebKit/537.36 (KHTML, like Gecko) Chrome/63.0.3239.26 Safari/537.36 Core/1.63.6776.400 QQBrowser/10.3.2577.400]
[2018-11-04T21:53:11.087] [INFO] default - [undefined GET /codeplay/static/js/8.604ea9d35740161ac5ee.js 200 3ms][https://www.manykit.com/codeplay/ HTTP/1.0 Mozilla/5.0 (Windows NT 10.0; WOW64) AppleWebKit/537.36 (KHTML, like Gecko) Chrome/63.0.3239.26 Safari/537.36 Core/1.63.6776.400 QQBrowser/10.3.2577.400]
[2018-11-04T21:53:11.093] [INFO] default - [::1 GET /codeplay/static/js/0.aaa689a23396e7f20311.js 200 10ms][https://www.manykit.com/codeplay/ HTTP/1.0 Mozilla/5.0 (Windows NT 10.0; WOW64) AppleWebKit/537.36 (KHTML, like Gecko) Chrome/63.0.3239.26 Safari/537.36 Core/1.63.6776.400 QQBrowser/10.3.2577.400]
[2018-11-04T21:53:11.756] [INFO] default - [undefined GET /codeplay/static/left-up.png 200 5ms][https://www.manykit.com/codeplay/ HTTP/1.0 Mozilla/5.0 (Windows NT 10.0; WOW64) AppleWebKit/537.36 (KHTML, like Gecko) Chrome/63.0.3239.26 Safari/537.36 Core/1.63.6776.400 QQBrowser/10.3.2577.400]
[2018-11-04T21:53:11.758] [INFO] default - [undefined GET /codeplay/static/right.png 200 6ms][https://www.manykit.com/codeplay/ HTTP/1.0 Mozilla/5.0 (Windows NT 10.0; WOW64) AppleWebKit/537.36 (KHTML, like Gecko) Chrome/63.0.3239.26 Safari/537.36 Core/1.63.6776.400 QQBrowser/10.3.2577.400]
[2018-11-04T21:53:11.759] [INFO] default - [undefined GET /codeplay/static/img/book1.a3bcb0f.png 200 6ms][https://www.manykit.com/codeplay/ HTTP/1.0 Mozilla/5.0 (Windows NT 10.0; WOW64) AppleWebKit/537.36 (KHTML, like Gecko) Chrome/63.0.3239.26 Safari/537.36 Core/1.63.6776.400 QQBrowser/10.3.2577.400]
[2018-11-04T21:53:11.760] [INFO] default - [undefined GET /codeplay/static/1.png 200 15ms][https://www.manykit.com/codeplay/ HTTP/1.0 Mozilla/5.0 (Windows NT 10.0; WOW64) AppleWebKit/537.36 (KHTML, like Gecko) Chrome/63.0.3239.26 Safari/537.36 Core/1.63.6776.400 QQBrowser/10.3.2577.400]
[2018-11-04T21:53:11.784] [INFO] default - [::1 GET /res/verify 200 4ms][https://www.manykit.com/codeplay/ HTTP/1.0 Mozilla/5.0 (Windows NT 10.0; WOW64) AppleWebKit/537.36 (KHTML, like Gecko) Chrome/63.0.3239.26 Safari/537.36 Core/1.63.6776.400 QQBrowser/10.3.2577.400]
[2018-11-04T21:53:11.972] [INFO] default - [::ffff:127.0.0.1 POST /res/filelist 200 180ms][https://www.manykit.com/codeplay/ HTTP/1.0 Mozilla/5.0 (Windows NT 10.0; WOW64) AppleWebKit/537.36 (KHTML, like Gecko) Chrome/63.0.3239.26 Safari/537.36 Core/1.63.6776.400 QQBrowser/10.3.2577.400]
[2018-11-04T21:53:12.005] [INFO] default - [undefined GET /codeplay/static/img/book2.7c65446.png 200 4ms][https://www.manykit.com/codeplay/ HTTP/1.0 Mozilla/5.0 (Windows NT 10.0; WOW64) AppleWebKit/537.36 (KHTML, like Gecko) Chrome/63.0.3239.26 Safari/537.36 Core/1.63.6776.400 QQBrowser/10.3.2577.400]
[2018-11-04T21:53:12.007] [INFO] default - [::ffff:127.0.0.1 GET /codeplay/static/img/book3.5c42697.png 200 7ms][https://www.manykit.com/codeplay/ HTTP/1.0 Mozilla/5.0 (Windows NT 10.0; WOW64) AppleWebKit/537.36 (KHTML, like Gecko) Chrome/63.0.3239.26 Safari/537.36 Core/1.63.6776.400 QQBrowser/10.3.2577.400]
[2018-11-04T21:53:12.008] [INFO] default - [::ffff:127.0.0.1 GET /codeplay/static/img/book4.ed62f8a.png 200 7ms][https://www.manykit.com/codeplay/ HTTP/1.0 Mozilla/5.0 (Windows NT 10.0; WOW64) AppleWebKit/537.36 (KHTML, like Gecko) Chrome/63.0.3239.26 Safari/537.36 Core/1.63.6776.400 QQBrowser/10.3.2577.400]
[2018-11-04T21:53:12.143] [INFO] default - [::1 POST /res/filelist 200 144ms][https://www.manykit.com/codeplay/ HTTP/1.0 Mozilla/5.0 (Windows NT 10.0; WOW64) AppleWebKit/537.36 (KHTML, like Gecko) Chrome/63.0.3239.26 Safari/537.36 Core/1.63.6776.400 QQBrowser/10.3.2577.400]
[2018-11-04T21:53:12.149] [INFO] default - [undefined GET /codeplay/static/img/shopbook.88b0b0d.png 200 5ms][https://www.manykit.com/codeplay/ HTTP/1.0 Mozilla/5.0 (Windows NT 10.0; WOW64) AppleWebKit/537.36 (KHTML, like Gecko) Chrome/63.0.3239.26 Safari/537.36 Core/1.63.6776.400 QQBrowser/10.3.2577.400]
[2018-11-04T21:53:12.150] [INFO] default - [undefined GET /codeplay/static/img/qr_code01.1707b53.jpg 200 5ms][https://www.manykit.com/codeplay/ HTTP/1.0 Mozilla/5.0 (Windows NT 10.0; WOW64) AppleWebKit/537.36 (KHTML, like Gecko) Chrome/63.0.3239.26 Safari/537.36 Core/1.63.6776.400 QQBrowser/10.3.2577.400]
[2018-11-04T21:53:12.152] [INFO] default - [::1 GET /codeplay/static/img/qr_code02.f1cd7b4.jpg 200 6ms][https://www.manykit.com/codeplay/ HTTP/1.0 Mozilla/5.0 (Windows NT 10.0; WOW64) AppleWebKit/537.36 (KHTML, like Gecko) Chrome/63.0.3239.26 Safari/537.36 Core/1.63.6776.400 QQBrowser/10.3.2577.400]
[2018-11-04T21:53:13.525] [INFO] default - [undefined GET /codeplay/ 304 1ms][https://www.manykit.com/codeplay/ HTTP/1.0 Mozilla/5.0 (Windows NT 10.0; WOW64) AppleWebKit/537.36 (KHTML, like Gecko) Chrome/63.0.3239.26 Safari/537.36 Core/1.63.6776.400 QQBrowser/10.3.2577.400]
[2018-11-04T21:53:13.624] [INFO] default - [undefined GET /codeplay/static/css/app.29d1e45f80fb43a80cdf1683a14d2db7.css 304 3ms][https://www.manykit.com/codeplay/ HTTP/1.0 Mozilla/5.0 (Windows NT 10.0; WOW64) AppleWebKit/537.36 (KHTML, like Gecko) Chrome/63.0.3239.26 Safari/537.36 Core/1.63.6776.400 QQBrowser/10.3.2577.400]
[2018-11-04T21:53:13.625] [INFO] default - [undefined GET /codeplay/static/js/vendor.93538bf508ed5f4069e2.js 304 4ms][https://www.manykit.com/codeplay/ HTTP/1.0 Mozilla/5.0 (Windows NT 10.0; WOW64) AppleWebKit/537.36 (KHTML, like Gecko) Chrome/63.0.3239.26 Safari/537.36 Core/1.63.6776.400 QQBrowser/10.3.2577.400]
[2018-11-04T21:53:13.626] [INFO] default - [undefined GET /codeplay/static/js/manifest.bf27ebb7a9d868607c53.js 304 4ms][https://www.manykit.com/codeplay/ HTTP/1.0 Mozilla/5.0 (Windows NT 10.0; WOW64) AppleWebKit/537.36 (KHTML, like Gecko) Chrome/63.0.3239.26 Safari/537.36 Core/1.63.6776.400 QQBrowser/10.3.2577.400]
[2018-11-04T21:53:13.627] [INFO] default - [undefined GET /codeplay/static/js/app.b214dc3a1d874a29be87.js 304 4ms][https://www.manykit.com/codeplay/ HTTP/1.0 Mozilla/5.0 (Windows NT 10.0; WOW64) AppleWebKit/537.36 (KHTML, like Gecko) Chrome/63.0.3239.26 Safari/537.36 Core/1.63.6776.400 QQBrowser/10.3.2577.400]
[2018-11-04T21:53:14.027] [INFO] default - [undefined GET /codeplay/static/js/35.0f6f6f0aed7b95746677.js 200 2ms][https://www.manykit.com/codeplay/ HTTP/1.0 Mozilla/5.0 (Windows NT 10.0; WOW64) AppleWebKit/537.36 (KHTML, like Gecko) Chrome/63.0.3239.26 Safari/537.36 Core/1.63.6776.400 QQBrowser/10.3.2577.400]
[2018-11-04T21:53:14.283] [INFO] default - [::1 POST /res/getfile 200 5ms][https://www.manykit.com/codeplay/ HTTP/1.0 Mozilla/5.0 (Windows NT 10.0; WOW64) AppleWebKit/537.36 (KHTML, like Gecko) Chrome/63.0.3239.26 Safari/537.36 Core/1.63.6776.400 QQBrowser/10.3.2577.400]
[2018-11-04T21:53:14.285] [INFO] default - [undefined GET /codeplay/static/snap/pxsnap.html 200 46ms][https://www.manykit.com/codeplay/ HTTP/1.0 Mozilla/5.0 (Windows NT 10.0; WOW64) AppleWebKit/537.36 (KHTML, like Gecko) Chrome/63.0.3239.26 Safari/537.36 Core/1.63.6776.400 QQBrowser/10.3.2577.400]
[2018-11-04T21:53:14.393] [INFO] default - [undefined GET /codeplay/static/snap/manykit/styles/monokai-sublime.css 200 1ms][https://www.manykit.com/codeplay/static/snap/pxsnap.html HTTP/1.0 Mozilla/5.0 (Windows NT 10.0; WOW64) AppleWebKit/537.36 (KHTML, like Gecko) Chrome/63.0.3239.26 Safari/537.36 Core/1.63.6776.400 QQBrowser/10.3.2577.400]
[2018-11-04T21:53:14.396] [INFO] default - [undefined GET /codeplay/static/snap/manykit/styles/jquery-ui.css 200 3ms][https://www.manykit.com/codeplay/static/snap/pxsnap.html HTTP/1.0 Mozilla/5.0 (Windows NT 10.0; WOW64) AppleWebKit/537.36 (KHTML, like Gecko) Chrome/63.0.3239.26 Safari/537.36 Core/1.63.6776.400 QQBrowser/10.3.2577.400]
[2018-11-04T21:53:14.400] [INFO] default - [undefined GET /codeplay/static/snap/manykit/highlight.pack.js 200 3ms][https://www.manykit.com/codeplay/static/snap/pxsnap.html HTTP/1.0 Mozilla/5.0 (Windows NT 10.0; WOW64) AppleWebKit/537.36 (KHTML, like Gecko) Chrome/63.0.3239.26 Safari/537.36 Core/1.63.6776.400 QQBrowser/10.3.2577.400]
[2018-11-04T21:53:14.407] [INFO] default - [undefined GET /codeplay/static/snap/manykit/prism.js 200 3ms][https://www.manykit.com/codeplay/static/snap/pxsnap.html HTTP/1.0 Mozilla/5.0 (Windows NT 10.0; WOW64) AppleWebKit/537.36 (KHTML, like Gecko) Chrome/63.0.3239.26 Safari/537.36 Core/1.63.6776.400 QQBrowser/10.3.2577.400]
[2018-11-04T21:53:14.408] [INFO] default - [undefined GET /codeplay/static/snap/manykit/prism.css 200 4ms][https://www.manykit.com/codeplay/static/snap/pxsnap.html HTTP/1.0 Mozilla/5.0 (Windows NT 10.0; WOW64) AppleWebKit/537.36 (KHTML, like Gecko) Chrome/63.0.3239.26 Safari/537.36 Core/1.63.6776.400 QQBrowser/10.3.2577.400]
[2018-11-04T21:53:14.409] [INFO] default - [undefined GET /codeplay/static/snap/manykit/jquery-3.2.1.min.js 200 4ms][https://www.manykit.com/codeplay/static/snap/pxsnap.html HTTP/1.0 Mozilla/5.0 (Windows NT 10.0; WOW64) AppleWebKit/537.36 (KHTML, like Gecko) Chrome/63.0.3239.26 Safari/537.36 Core/1.63.6776.400 QQBrowser/10.3.2577.400]
[2018-11-04T21:53:14.435] [INFO] default - [undefined GET /codeplay/static/snap/morphic.js 200 5ms][https://www.manykit.com/codeplay/static/snap/pxsnap.html HTTP/1.0 Mozilla/5.0 (Windows NT 10.0; WOW64) AppleWebKit/537.36 (KHTML, like Gecko) Chrome/63.0.3239.26 Safari/537.36 Core/1.63.6776.400 QQBrowser/10.3.2577.400]
[2018-11-04T21:53:14.440] [INFO] default - [undefined GET /codeplay/static/snap/widgets.js 200 2ms][https://www.manykit.com/codeplay/static/snap/pxsnap.html HTTP/1.0 Mozilla/5.0 (Windows NT 10.0; WOW64) AppleWebKit/537.36 (KHTML, like Gecko) Chrome/63.0.3239.26 Safari/537.36 Core/1.63.6776.400 QQBrowser/10.3.2577.400]
[2018-11-04T21:53:14.454] [INFO] default - [undefined GET /codeplay/static/snap/manykit/blocks.js 200 2ms][https://www.manykit.com/codeplay/static/snap/pxsnap.html HTTP/1.0 Mozilla/5.0 (Windows NT 10.0; WOW64) AppleWebKit/537.36 (KHTML, like Gecko) Chrome/63.0.3239.26 Safari/537.36 Core/1.63.6776.400 QQBrowser/10.3.2577.400]
[2018-11-04T21:53:14.459] [INFO] default - [undefined GET /codeplay/static/snap/blocks.js 200 8ms][https://www.manykit.com/codeplay/static/snap/pxsnap.html HTTP/1.0 Mozilla/5.0 (Windows NT 10.0; WOW64) AppleWebKit/537.36 (KHTML, like Gecko) Chrome/63.0.3239.26 Safari/537.36 Core/1.63.6776.400 QQBrowser/10.3.2577.400]
[2018-11-04T21:53:14.468] [INFO] default - [undefined GET /codeplay/static/snap/manykit/arduino.js 200 2ms][https://www.manykit.com/codeplay/static/snap/pxsnap.html HTTP/1.0 Mozilla/5.0 (Windows NT 10.0; WOW64) AppleWebKit/537.36 (KHTML, like Gecko) Chrome/63.0.3239.26 Safari/537.36 Core/1.63.6776.400 QQBrowser/10.3.2577.400]
[2018-11-04T21:53:14.505] [INFO] default - [undefined GET /codeplay/static/snap/threads.js 200 2ms][https://www.manykit.com/codeplay/static/snap/pxsnap.html HTTP/1.0 Mozilla/5.0 (Windows NT 10.0; WOW64) AppleWebKit/537.36 (KHTML, like Gecko) Chrome/63.0.3239.26 Safari/537.36 Core/1.63.6776.400 QQBrowser/10.3.2577.400]
[2018-11-04T21:53:14.508] [INFO] default - [undefined GET /codeplay/static/snap/manykit/threads.js 200 1ms][https://www.manykit.com/codeplay/static/snap/pxsnap.html HTTP/1.0 Mozilla/5.0 (Windows NT 10.0; WOW64) AppleWebKit/537.36 (KHTML, like Gecko) Chrome/63.0.3239.26 Safari/537.36 Core/1.63.6776.400 QQBrowser/10.3.2577.400]
[2018-11-04T21:53:14.514] [INFO] default - [::1 GET /codeplay/static/snap/objects.js 200 4ms][https://www.manykit.com/codeplay/static/snap/pxsnap.html HTTP/1.0 Mozilla/5.0 (Windows NT 10.0; WOW64) AppleWebKit/537.36 (KHTML, like Gecko) Chrome/63.0.3239.26 Safari/537.36 Core/1.63.6776.400 QQBrowser/10.3.2577.400]
[2018-11-04T21:53:14.641] [INFO] default - [undefined GET /codeplay/static/snap/manykit/objects.js 200 1ms][https://www.manykit.com/codeplay/static/snap/pxsnap.html HTTP/1.0 Mozilla/5.0 (Windows NT 10.0; WOW64) AppleWebKit/537.36 (KHTML, like Gecko) Chrome/63.0.3239.26 Safari/537.36 Core/1.63.6776.400 QQBrowser/10.3.2577.400]
[2018-11-04T21:53:14.668] [INFO] default - [::1 GET /codeplay/static/snap/gui.js 200 5ms][https://www.manykit.com/codeplay/static/snap/pxsnap.html HTTP/1.0 Mozilla/5.0 (Windows NT 10.0; WOW64) AppleWebKit/537.36 (KHTML, like Gecko) Chrome/63.0.3239.26 Safari/537.36 Core/1.63.6776.400 QQBrowser/10.3.2577.400]
[2018-11-04T21:53:14.679] [INFO] default - [undefined GET /codeplay/static/snap/manykit/gui.js 200 2ms][https://www.manykit.com/codeplay/static/snap/pxsnap.html HTTP/1.0 Mozilla/5.0 (Windows NT 10.0; WOW64) AppleWebKit/537.36 (KHTML, like Gecko) Chrome/63.0.3239.26 Safari/537.36 Core/1.63.6776.400 QQBrowser/10.3.2577.400]
[2018-11-04T21:53:14.838] [INFO] default - [undefined GET /codeplay/static/snap/paint.js 200 2ms][https://www.manykit.com/codeplay/static/snap/pxsnap.html HTTP/1.0 Mozilla/5.0 (Windows NT 10.0; WOW64) AppleWebKit/537.36 (KHTML, like Gecko) Chrome/63.0.3239.26 Safari/537.36 Core/1.63.6776.400 QQBrowser/10.3.2577.400]
[2018-11-04T21:53:14.900] [INFO] default - [undefined GET /codeplay/static/snap/lists.js 200 2ms][https://www.manykit.com/codeplay/static/snap/pxsnap.html HTTP/1.0 Mozilla/5.0 (Windows NT 10.0; WOW64) AppleWebKit/537.36 (KHTML, like Gecko) Chrome/63.0.3239.26 Safari/537.36 Core/1.63.6776.400 QQBrowser/10.3.2577.400]
[2018-11-04T21:53:14.935] [INFO] default - [undefined GET /codeplay/static/snap/byob.js 200 2ms][https://www.manykit.com/codeplay/static/snap/pxsnap.html HTTP/1.0 Mozilla/5.0 (Windows NT 10.0; WOW64) AppleWebKit/537.36 (KHTML, like Gecko) Chrome/63.0.3239.26 Safari/537.36 Core/1.63.6776.400 QQBrowser/10.3.2577.400]
[2018-11-04T21:53:14.948] [INFO] default - [undefined GET /codeplay/static/snap/tables.js 200 1ms][https://www.manykit.com/codeplay/static/snap/pxsnap.html HTTP/1.0 Mozilla/5.0 (Windows NT 10.0; WOW64) AppleWebKit/537.36 (KHTML, like Gecko) Chrome/63.0.3239.26 Safari/537.36 Core/1.63.6776.400 QQBrowser/10.3.2577.400]
[2018-11-04T21:53:15.008] [INFO] default - [::1 GET /codeplay/static/snap/symbols.js 200 3ms][https://www.manykit.com/codeplay/static/snap/pxsnap.html HTTP/1.0 Mozilla/5.0 (Windows NT 10.0; WOW64) AppleWebKit/537.36 (KHTML, like Gecko) Chrome/63.0.3239.26 Safari/537.36 Core/1.63.6776.400 QQBrowser/10.3.2577.400]
[2018-11-04T21:53:15.015] [INFO] default - [undefined GET /codeplay/static/snap/xml.js 200 0ms][https://www.manykit.com/codeplay/static/snap/pxsnap.html HTTP/1.0 Mozilla/5.0 (Windows NT 10.0; WOW64) AppleWebKit/537.36 (KHTML, like Gecko) Chrome/63.0.3239.26 Safari/537.36 Core/1.63.6776.400 QQBrowser/10.3.2577.400]
[2018-11-04T21:53:15.032] [INFO] default - [undefined GET /codeplay/static/snap/store.js 200 2ms][https://www.manykit.com/codeplay/static/snap/pxsnap.html HTTP/1.0 Mozilla/5.0 (Windows NT 10.0; WOW64) AppleWebKit/537.36 (KHTML, like Gecko) Chrome/63.0.3239.26 Safari/537.36 Core/1.63.6776.400 QQBrowser/10.3.2577.400]
[2018-11-04T21:53:15.046] [INFO] default - [undefined GET /codeplay/static/snap/locale.js 200 1ms][https://www.manykit.com/codeplay/static/snap/pxsnap.html HTTP/1.0 Mozilla/5.0 (Windows NT 10.0; WOW64) AppleWebKit/537.36 (KHTML, like Gecko) Chrome/63.0.3239.26 Safari/537.36 Core/1.63.6776.400 QQBrowser/10.3.2577.400]
[2018-11-04T21:53:15.057] [INFO] default - [undefined GET /codeplay/static/snap/manykit/locale.js 200 1ms][https://www.manykit.com/codeplay/static/snap/pxsnap.html HTTP/1.0 Mozilla/5.0 (Windows NT 10.0; WOW64) AppleWebKit/537.36 (KHTML, like Gecko) Chrome/63.0.3239.26 Safari/537.36 Core/1.63.6776.400 QQBrowser/10.3.2577.400]
[2018-11-04T21:53:15.076] [INFO] default - [undefined GET /codeplay/static/snap/cloud.js 200 2ms][https://www.manykit.com/codeplay/static/snap/pxsnap.html HTTP/1.0 Mozilla/5.0 (Windows NT 10.0; WOW64) AppleWebKit/537.36 (KHTML, like Gecko) Chrome/63.0.3239.26 Safari/537.36 Core/1.63.6776.400 QQBrowser/10.3.2577.400]
[2018-11-04T21:53:15.085] [INFO] default - [undefined GET /codeplay/static/snap/manykit/cloud.js 200 2ms][https://www.manykit.com/codeplay/static/snap/pxsnap.html HTTP/1.0 Mozilla/5.0 (Windows NT 10.0; WOW64) AppleWebKit/537.36 (KHTML, like Gecko) Chrome/63.0.3239.26 Safari/537.36 Core/1.63.6776.400 QQBrowser/10.3.2577.400]
[2018-11-04T21:53:15.104] [INFO] default - [undefined GET /codeplay/static/snap/sha512.js 200 2ms][https://www.manykit.com/codeplay/static/snap/pxsnap.html HTTP/1.0 Mozilla/5.0 (Windows NT 10.0; WOW64) AppleWebKit/537.36 (KHTML, like Gecko) Chrome/63.0.3239.26 Safari/537.36 Core/1.63.6776.400 QQBrowser/10.3.2577.400]
[2018-11-04T21:53:15.169] [INFO] default - [undefined GET /codeplay/static/snap/FileSaver.min.js 200 2ms][https://www.manykit.com/codeplay/static/snap/pxsnap.html HTTP/1.0 Mozilla/5.0 (Windows NT 10.0; WOW64) AppleWebKit/537.36 (KHTML, like Gecko) Chrome/63.0.3239.26 Safari/537.36 Core/1.63.6776.400 QQBrowser/10.3.2577.400]
[2018-11-04T21:53:15.228] [INFO] default - [undefined GET /codeplay/static/snap/manykit/base64.js 200 2ms][https://www.manykit.com/codeplay/static/snap/pxsnap.html HTTP/1.0 Mozilla/5.0 (Windows NT 10.0; WOW64) AppleWebKit/537.36 (KHTML, like Gecko) Chrome/63.0.3239.26 Safari/537.36 Core/1.63.6776.400 QQBrowser/10.3.2577.400]
[2018-11-04T21:53:15.274] [INFO] default - [undefined GET /codeplay/static/snap/manykit/close.png 200 1ms][https://www.manykit.com/codeplay/static/snap/pxsnap.html HTTP/1.0 Mozilla/5.0 (Windows NT 10.0; WOW64) AppleWebKit/537.36 (KHTML, like Gecko) Chrome/63.0.3239.26 Safari/537.36 Core/1.63.6776.400 QQBrowser/10.3.2577.400]
[2018-11-04T21:53:25.861] [INFO] default - [undefined GET /codeplay/static/snap/manykit/code.html 200 3ms][https://www.manykit.com/codeplay/static/snap/pxsnap.html HTTP/1.0 Mozilla/5.0 (Windows NT 10.0; WOW64) AppleWebKit/537.36 (KHTML, like Gecko) Chrome/63.0.3239.26 Safari/537.36 Core/1.63.6776.400 QQBrowser/10.3.2577.400]
[2018-11-04T21:53:26.007] [INFO] default - [undefined GET /res/verify 304 3ms][https://www.manykit.com/codeplay/static/snap/pxsnap.html HTTP/1.0 Mozilla/5.0 (Windows NT 10.0; WOW64) AppleWebKit/537.36 (KHTML, like Gecko) Chrome/63.0.3239.26 Safari/537.36 Core/1.63.6776.400 QQBrowser/10.3.2577.400]
[2018-11-04T21:53:26.825] [INFO] default - [undefined GET /codeplay/static/snap/lang-zh_CN.js 200 2ms][https://www.manykit.com/codeplay/static/snap/pxsnap.html HTTP/1.0 Mozilla/5.0 (Windows NT 10.0; WOW64) AppleWebKit/537.36 (KHTML, like Gecko) Chrome/63.0.3239.26 Safari/537.36 Core/1.63.6776.400 QQBrowser/10.3.2577.400]
[2018-11-04T21:53:27.035] [INFO] default - [undefined GET /codeplay/static/snap/manykit/bianchengwan.ico 200 2ms][https://www.manykit.com/codeplay/static/snap/pxsnap.html HTTP/1.0 Mozilla/5.0 (Windows NT 10.0; WOW64) AppleWebKit/537.36 (KHTML, like Gecko) Chrome/63.0.3239.26 Safari/537.36 Core/1.63.6776.400 QQBrowser/10.3.2577.400]
[2018-11-04T21:53:27.315] [INFO] default - [undefined GET /codeplay/static/snap/manykit/lang-zh_CN.js 200 1ms][https://www.manykit.com/codeplay/static/snap/pxsnap.html HTTP/1.0 Mozilla/5.0 (Windows NT 10.0; WOW64) AppleWebKit/537.36 (KHTML, like Gecko) Chrome/63.0.3239.26 Safari/537.36 Core/1.63.6776.400 QQBrowser/10.3.2577.400]
[2018-11-04T21:54:14.162] [INFO] default - [::1 GET /codeplay 301 1ms][blank HTTP/1.0 Mozilla/5.0 (Windows NT 6.1; WOW64) AppleWebKit/537.36 (KHTML, like Gecko) Chrome/45.0.2454.101 Safari/537.36]
[2018-11-04T21:54:14.401] [INFO] default - [undefined GET /codeplay/ 200 1ms][https://www.manykit.com/codeplay HTTP/1.0 Mozilla/5.0 (Windows NT 6.1; WOW64) AppleWebKit/537.36 (KHTML, like Gecko) Chrome/45.0.2454.101 Safari/537.36]
[2018-11-04T21:54:14.808] [INFO] default - [undefined GET /codeplay/static/js/manifest.bf27ebb7a9d868607c53.js 200 1ms][https://www.manykit.com/codeplay/ HTTP/1.0 Mozilla/5.0 (Macintosh; Intel Mac OS X 10_12_4) AppleWebKit/537.36 (KHTML, like Gecko) 			Chrome/55.0.2883.95 Safari/537.36]
[2018-11-04T21:54:14.954] [INFO] default - [undefined GET /codeplay/static/js/vendor.93538bf508ed5f4069e2.js 200 7ms][https://www.manykit.com/codeplay/ HTTP/1.0 Mozilla/5.0 (Windows NT 6.1; WOW64) AppleWebKit/537.36 (KHTML, like Gecko) Chrome/53.0.2785.104 Safari/537.36 Core/1.53.2141.400 QQBrowser/9.5.10219.400]
[2018-11-04T21:54:17.213] [INFO] default - [undefined GET /codeplay/static/js/app.b214dc3a1d874a29be87.js 200 2ms][https://www.manykit.com/codeplay/ HTTP/1.0 Mozilla/5.0 (Windows NT 6.1; WOW64) AppleWebKit/537.36 (KHTML, like Gecko) Chrome/53.0.2785.104 Safari/537.36 Core/1.53.2141.400 QQBrowser/9.5.10219.400]
[2018-11-04T21:55:14.178] [INFO] default - [::ffff:127.0.0.1 POST /api/material/modulelist 500 3ms][https://www.manykit.com/ HTTP/1.0 Mozilla/5.0 (Windows NT 10.0; WOW64) AppleWebKit/537.36 (KHTML, like Gecko) Chrome/63.0.3239.26 Safari/537.36 Core/1.63.6776.400 QQBrowser/10.3.2577.400]
[2018-11-04T21:55:14.409] [INFO] default - [::1 POST /res/filelist 200 176ms][https://www.manykit.com/ HTTP/1.0 Mozilla/5.0 (Windows NT 10.0; WOW64) AppleWebKit/537.36 (KHTML, like Gecko) Chrome/63.0.3239.26 Safari/537.36 Core/1.63.6776.400 QQBrowser/10.3.2577.400]
[2018-11-04T21:55:15.595] [INFO] default - [undefined GET /res/verify 304 2ms][https://www.manykit.com/ HTTP/1.0 Mozilla/5.0 (Windows NT 10.0; WOW64) AppleWebKit/537.36 (KHTML, like Gecko) Chrome/63.0.3239.26 Safari/537.36 Core/1.63.6776.400 QQBrowser/10.3.2577.400]
[2018-11-04T21:55:34.364] [INFO] default - [undefined GET /codeplay/ 304 2ms][ HTTP/1.0 Mozilla/5.0 (Windows NT 10.0; WOW64) AppleWebKit/537.36 (KHTML, like Gecko) Chrome/63.0.3239.26 Safari/537.36 Core/1.63.6776.400 QQBrowser/10.3.2577.400]
[2018-11-04T21:55:34.482] [INFO] default - [undefined GET /codeplay/static/js/manifest.bf27ebb7a9d868607c53.js 304 2ms][https://www.manykit.com/codeplay/ HTTP/1.0 Mozilla/5.0 (Windows NT 10.0; WOW64) AppleWebKit/537.36 (KHTML, like Gecko) Chrome/63.0.3239.26 Safari/537.36 Core/1.63.6776.400 QQBrowser/10.3.2577.400]
[2018-11-04T21:55:34.484] [INFO] default - [undefined GET /codeplay/static/css/app.29d1e45f80fb43a80cdf1683a14d2db7.css 304 3ms][https://www.manykit.com/codeplay/ HTTP/1.0 Mozilla/5.0 (Windows NT 10.0; WOW64) AppleWebKit/537.36 (KHTML, like Gecko) Chrome/63.0.3239.26 Safari/537.36 Core/1.63.6776.400 QQBrowser/10.3.2577.400]
[2018-11-04T21:55:34.485] [INFO] default - [undefined GET /codeplay/static/js/app.b214dc3a1d874a29be87.js 304 2ms][https://www.manykit.com/codeplay/ HTTP/1.0 Mozilla/5.0 (Windows NT 10.0; WOW64) AppleWebKit/537.36 (KHTML, like Gecko) Chrome/63.0.3239.26 Safari/537.36 Core/1.63.6776.400 QQBrowser/10.3.2577.400]
[2018-11-04T21:55:34.486] [INFO] default - [undefined GET /codeplay/static/js/vendor.93538bf508ed5f4069e2.js 304 3ms][https://www.manykit.com/codeplay/ HTTP/1.0 Mozilla/5.0 (Windows NT 10.0; WOW64) AppleWebKit/537.36 (KHTML, like Gecko) Chrome/63.0.3239.26 Safari/537.36 Core/1.63.6776.400 QQBrowser/10.3.2577.400]
[2018-11-04T21:55:34.649] [INFO] default - [undefined GET /codeplay/static/js/8.604ea9d35740161ac5ee.js 304 2ms][https://www.manykit.com/codeplay/ HTTP/1.0 Mozilla/5.0 (Windows NT 10.0; WOW64) AppleWebKit/537.36 (KHTML, like Gecko) Chrome/63.0.3239.26 Safari/537.36 Core/1.63.6776.400 QQBrowser/10.3.2577.400]
[2018-11-04T21:55:34.651] [INFO] default - [undefined GET /codeplay/static/js/0.aaa689a23396e7f20311.js 304 3ms][https://www.manykit.com/codeplay/ HTTP/1.0 Mozilla/5.0 (Windows NT 10.0; WOW64) AppleWebKit/537.36 (KHTML, like Gecko) Chrome/63.0.3239.26 Safari/537.36 Core/1.63.6776.400 QQBrowser/10.3.2577.400]
[2018-11-04T21:55:34.652] [INFO] default - [undefined GET /codeplay/static/js/6.de878bba405860d223d9.js 304 2ms][https://www.manykit.com/codeplay/ HTTP/1.0 Mozilla/5.0 (Windows NT 10.0; WOW64) AppleWebKit/537.36 (KHTML, like Gecko) Chrome/63.0.3239.26 Safari/537.36 Core/1.63.6776.400 QQBrowser/10.3.2577.400]
[2018-11-04T21:55:34.813] [INFO] default - [undefined GET /codeplay/static/img/book1.a3bcb0f.png 304 5ms][https://www.manykit.com/codeplay/ HTTP/1.0 Mozilla/5.0 (Windows NT 10.0; WOW64) AppleWebKit/537.36 (KHTML, like Gecko) Chrome/63.0.3239.26 Safari/537.36 Core/1.63.6776.400 QQBrowser/10.3.2577.400]
[2018-11-04T21:55:34.814] [INFO] default - [undefined GET /codeplay/static/img/book3.5c42697.png 304 5ms][https://www.manykit.com/codeplay/ HTTP/1.0 Mozilla/5.0 (Windows NT 10.0; WOW64) AppleWebKit/537.36 (KHTML, like Gecko) Chrome/63.0.3239.26 Safari/537.36 Core/1.63.6776.400 QQBrowser/10.3.2577.400]
[2018-11-04T21:55:34.814] [INFO] default - [undefined GET /codeplay/static/right.png 304 5ms][https://www.manykit.com/codeplay/ HTTP/1.0 Mozilla/5.0 (Windows NT 10.0; WOW64) AppleWebKit/537.36 (KHTML, like Gecko) Chrome/63.0.3239.26 Safari/537.36 Core/1.63.6776.400 QQBrowser/10.3.2577.400]
[2018-11-04T21:55:34.815] [INFO] default - [undefined GET /codeplay/static/img/book2.7c65446.png 304 4ms][https://www.manykit.com/codeplay/ HTTP/1.0 Mozilla/5.0 (Windows NT 10.0; WOW64) AppleWebKit/537.36 (KHTML, like Gecko) Chrome/63.0.3239.26 Safari/537.36 Core/1.63.6776.400 QQBrowser/10.3.2577.400]
[2018-11-04T21:55:34.817] [INFO] default - [undefined GET /codeplay/static/1.png 304 4ms][https://www.manykit.com/codeplay/ HTTP/1.0 Mozilla/5.0 (Windows NT 10.0; WOW64) AppleWebKit/537.36 (KHTML, like Gecko) Chrome/63.0.3239.26 Safari/537.36 Core/1.63.6776.400 QQBrowser/10.3.2577.400]
[2018-11-04T21:55:34.818] [INFO] default - [undefined GET /codeplay/static/left-up.png 304 5ms][https://www.manykit.com/codeplay/ HTTP/1.0 Mozilla/5.0 (Windows NT 10.0; WOW64) AppleWebKit/537.36 (KHTML, like Gecko) Chrome/63.0.3239.26 Safari/537.36 Core/1.63.6776.400 QQBrowser/10.3.2577.400]
[2018-11-04T21:55:34.822] [INFO] default - [undefined GET /res/verify 304 3ms][https://www.manykit.com/codeplay/ HTTP/1.0 Mozilla/5.0 (Windows NT 10.0; WOW64) AppleWebKit/537.36 (KHTML, like Gecko) Chrome/63.0.3239.26 Safari/537.36 Core/1.63.6776.400 QQBrowser/10.3.2577.400]
[2018-11-04T21:55:34.994] [INFO] default - [::ffff:127.0.0.1 POST /res/filelist 200 160ms][https://www.manykit.com/codeplay/ HTTP/1.0 Mozilla/5.0 (Windows NT 10.0; WOW64) AppleWebKit/537.36 (KHTML, like Gecko) Chrome/63.0.3239.26 Safari/537.36 Core/1.63.6776.400 QQBrowser/10.3.2577.400]
[2018-11-04T21:55:35.031] [INFO] default - [undefined GET /codeplay/static/img/book4.ed62f8a.png 304 4ms][https://www.manykit.com/codeplay/ HTTP/1.0 Mozilla/5.0 (Windows NT 10.0; WOW64) AppleWebKit/537.36 (KHTML, like Gecko) Chrome/63.0.3239.26 Safari/537.36 Core/1.63.6776.400 QQBrowser/10.3.2577.400]
[2018-11-04T21:55:35.032] [INFO] default - [undefined GET /codeplay/static/img/shopbook.88b0b0d.png 304 4ms][https://www.manykit.com/codeplay/ HTTP/1.0 Mozilla/5.0 (Windows NT 10.0; WOW64) AppleWebKit/537.36 (KHTML, like Gecko) Chrome/63.0.3239.26 Safari/537.36 Core/1.63.6776.400 QQBrowser/10.3.2577.400]
[2018-11-04T21:55:35.033] [INFO] default - [undefined GET /codeplay/static/img/qr_code01.1707b53.jpg 304 5ms][https://www.manykit.com/codeplay/ HTTP/1.0 Mozilla/5.0 (Windows NT 10.0; WOW64) AppleWebKit/537.36 (KHTML, like Gecko) Chrome/63.0.3239.26 Safari/537.36 Core/1.63.6776.400 QQBrowser/10.3.2577.400]
[2018-11-04T21:55:35.034] [INFO] default - [undefined GET /codeplay/static/img/qr_code02.f1cd7b4.jpg 304 5ms][https://www.manykit.com/codeplay/ HTTP/1.0 Mozilla/5.0 (Windows NT 10.0; WOW64) AppleWebKit/537.36 (KHTML, like Gecko) Chrome/63.0.3239.26 Safari/537.36 Core/1.63.6776.400 QQBrowser/10.3.2577.400]
[2018-11-04T21:55:35.144] [INFO] default - [::1 POST /res/filelist 200 119ms][https://www.manykit.com/codeplay/ HTTP/1.0 Mozilla/5.0 (Windows NT 10.0; WOW64) AppleWebKit/537.36 (KHTML, like Gecko) Chrome/63.0.3239.26 Safari/537.36 Core/1.63.6776.400 QQBrowser/10.3.2577.400]
[2018-11-04T22:10:35.471] [INFO] default - [::ffff:127.0.0.1 OPTIONS /res/verify 500 1ms][http://manykit.com/robot/ HTTP/1.0 Mozilla/5.0 (iPhone; CPU iPhone OS 9_1 like Mac OS X) AppleWebKit/601.1.46 (KHTML, like Gecko) Version/9.0 Mobile/13B143 Safari/601.1 (compatible; Baiduspider-render/2.0; +http://www.baidu.com/search/spider.html)]
[2018-11-04T22:10:35.817] [INFO] default - [::1 OPTIONS /res/verify 500 2ms][http://manykit.com/robot/ HTTP/1.0 Mozilla/5.0 (iPhone; CPU iPhone OS 9_1 like Mac OS X) AppleWebKit/601.1.46 (KHTML, like Gecko) Version/9.0 Mobile/13B143 Safari/601.1 (compatible; Baiduspider-render/2.0; +http://www.baidu.com/search/spider.html)]
[2018-11-04T22:10:41.283] [INFO] default - [::ffff:127.0.0.1 OPTIONS /res/verify 500 2ms][http://manykit.com/robot/ HTTP/1.0 Mozilla/5.0 (iPhone; CPU iPhone OS 9_1 like Mac OS X) AppleWebKit/601.1.46 (KHTML, like Gecko) Version/9.0 Mobile/13B143 Safari/601.1 (compatible; Baiduspider-render/2.0; +http://www.baidu.com/search/spider.html)]
[2018-11-04T22:10:41.662] [INFO] default - [::1 OPTIONS /res/verify 500 1ms][http://manykit.com/robot/ HTTP/1.0 Mozilla/5.0 (iPhone; CPU iPhone OS 9_1 like Mac OS X) AppleWebKit/601.1.46 (KHTML, like Gecko) Version/9.0 Mobile/13B143 Safari/601.1 (compatible; Baiduspider-render/2.0; +http://www.baidu.com/search/spider.html)]
