[2018-10-24T00:08:33.682] [INFO] default - [undefined GET /codeplay/static/right.png 200 2ms][ HTTP/1.0 Googlebot-Image/1.0]
[2018-10-24T01:52:22.945] [INFO] default - [::ffff:127.0.0.1 POST /api/material/modulelist 200 3ms][http://www.manykit.com/ HTTP/1.0 Mozilla/5.0 (compatible; Baiduspider-render/2.0; +http://www.baidu.com/search/spider.html)]
[2018-10-24T01:52:23.056] [INFO] default - [::1 GET /static/images/4405ba30-d02a-11e8-b472-73f501acc6c4QdUhWK.png 200 3ms][http://www.manykit.com/ HTTP/1.0 Mozilla/5.0 (compatible; Baiduspider-render/2.0; +http://www.baidu.com/search/spider.html)]
[2018-10-24T01:52:23.237] [INFO] default - [::ffff:127.0.0.1 POST /res/filelist 200 164ms][http://www.manykit.com/ HTTP/1.0 Mozilla/5.0 (compatible; Baiduspider-render/2.0; +http://www.baidu.com/search/spider.html)]
[2018-10-24T01:52:23.806] [INFO] default - [::1 GET /res/verify 200 2ms][http://www.manykit.com/ HTTP/1.0 Mozilla/5.0 (compatible; Baiduspider-render/2.0; +http://www.baidu.com/search/spider.html)]
[2018-10-24T03:50:06.332] [INFO] default - [undefined GET /codeplay/static/left-up.png 200 3ms][ HTTP/1.0 Googlebot-Image/1.0]
[2018-10-24T06:00:39.201] [INFO] default - [undefined GET /codeplay/static/bianchengwan.ico 200 2ms][ HTTP/1.0 Googlebot-Image/1.0]
[2018-10-24T06:02:59.810] [INFO] default - [::ffff:209.17.96.234 GET / 500 6ms][ HTTP/1.1 Mozilla/5.0 (compatible; Nimbostratus-Bot/v1.3.2; http://cloudsystemnetworks.com)]
[2018-10-24T06:10:58.018] [INFO] default - [undefined GET /codeplay/static/img/book4.ed62f8a.png 200 3ms][ HTTP/1.0 Googlebot-Image/1.0]
[2018-10-24T07:38:51.539] [INFO] default - [::1 GET /codeplay/static/css/app.cded7df1281f156cd8f563a6feb44ac1.css 200 7ms][http://www.manykit.com/codeplay/ HTTP/1.0 Mozilla/5.0 (Linux; Android 6.0.1; Nexus 5X Build/MMB29P) AppleWebKit/537.36 (KHTML, like Gecko) Chrome/41.0.2272.96 Mobile Safari/537.36 (compatible; Googlebot/2.1; +http://www.google.com/bot.html)]
[2018-10-24T07:38:52.532] [INFO] default - [undefined GET /codeplay/static/js/app.3f0756b0bc4939c13738.js 200 2ms][http://www.manykit.com/codeplay/ HTTP/1.0 Mozilla/5.0 (Linux; Android 6.0.1; Nexus 5X Build/MMB29P) AppleWebKit/537.36 (KHTML, like Gecko) Chrome/41.0.2272.96 Mobile Safari/537.36 (compatible; Googlebot/2.1; +http://www.google.com/bot.html)]
[2018-10-24T07:38:53.115] [INFO] default - [undefined GET /codeplay/static/js/manifest.785b66c285d8b7048746.js 200 1ms][http://www.manykit.com/codeplay/ HTTP/1.0 Mozilla/5.0 (Linux; Android 6.0.1; Nexus 5X Build/MMB29P) AppleWebKit/537.36 (KHTML, like Gecko) Chrome/41.0.2272.96 Mobile Safari/537.36 (compatible; Googlebot/2.1; +http://www.google.com/bot.html)]
[2018-10-24T07:38:53.638] [INFO] default - [::ffff:127.0.0.1 GET /codeplay/static/js/vendor.93538bf508ed5f4069e2.js 200 7ms][http://www.manykit.com/codeplay/ HTTP/1.0 Mozilla/5.0 (Linux; Android 6.0.1; Nexus 5X Build/MMB29P) AppleWebKit/537.36 (KHTML, like Gecko) Chrome/41.0.2272.96 Mobile Safari/537.36 (compatible; Googlebot/2.1; +http://www.google.com/bot.html)]
[2018-10-24T07:38:55.244] [INFO] default - [undefined GET /codeplay/static/js/0.aaa689a23396e7f20311.js 200 6ms][http://www.manykit.com/codeplay/ HTTP/1.0 Mozilla/5.0 (Linux; Android 6.0.1; Nexus 5X Build/MMB29P) AppleWebKit/537.36 (KHTML, like Gecko) Chrome/41.0.2272.96 Mobile Safari/537.36 (compatible; Googlebot/2.1; +http://www.google.com/bot.html)]
[2018-10-24T07:38:56.025] [INFO] default - [undefined GET /codeplay/static/js/8.604ea9d35740161ac5ee.js 200 2ms][http://www.manykit.com/codeplay/ HTTP/1.0 Mozilla/5.0 (Linux; Android 6.0.1; Nexus 5X Build/MMB29P) AppleWebKit/537.36 (KHTML, like Gecko) Chrome/41.0.2272.96 Mobile Safari/537.36 (compatible; Googlebot/2.1; +http://www.google.com/bot.html)]
[2018-10-24T08:22:35.457] [INFO] default - [::ffff:209.17.97.34 GET / 500 4ms][ HTTP/1.1 Mozilla/5.0 (compatible; Nimbostratus-Bot/v1.3.2; http://cloudsystemnetworks.com)]
[2018-10-24T09:44:22.940] [INFO] default - [::1 POST /api/material/modulelist 200 6ms][http://www.manykit.com/ HTTP/1.0 Mozilla/5.0 (compatible; Baiduspider-render/2.0; +http://www.baidu.com/search/spider.html)]
[2018-10-24T09:44:23.067] [INFO] default - [::ffff:127.0.0.1 GET /static/images/c39c4650-d02b-11e8-b472-73f501acc6c420UVPU.png 200 5ms][http://www.manykit.com/ HTTP/1.0 Mozilla/5.0 (compatible; Baiduspider-render/2.0; +http://www.baidu.com/search/spider.html)]
[2018-10-24T09:44:23.298] [INFO] default - [::1 POST /res/filelist 200 174ms][http://www.manykit.com/ HTTP/1.0 Mozilla/5.0 (compatible; Baiduspider-render/2.0; +http://www.baidu.com/search/spider.html)]
[2018-10-24T09:44:23.929] [INFO] default - [::ffff:127.0.0.1 GET /res/verify 200 1ms][http://www.manykit.com/ HTTP/1.0 Mozilla/5.0 (compatible; Baiduspider-render/2.0; +http://www.baidu.com/search/spider.html)]
[2018-10-24T11:19:48.821] [INFO] default - [::1 POST /api/material/modulelist 200 5ms][http://www.manykit.com/ HTTP/1.0 Mozilla/5.0 (Windows NT 6.1; WOW64) AppleWebKit/537.36 (KHTML, like Gecko) Chrome/63.0.3239.132 Safari/537.36]
[2018-10-24T11:19:48.881] [INFO] default - [undefined GET /static/images/c39c4650-d02b-11e8-b472-73f501acc6c420UVPU.png 200 5ms][http://www.manykit.com/ HTTP/1.0 Mozilla/5.0 (Windows NT 6.1; WOW64) AppleWebKit/537.36 (KHTML, like Gecko) Chrome/63.0.3239.132 Safari/537.36]
[2018-10-24T11:19:48.883] [INFO] default - [undefined GET /static/images/5e784bd0-ceb3-11e8-b0dd-b59eb6c2d87fVJGdhz.png 200 5ms][http://www.manykit.com/ HTTP/1.0 Mozilla/5.0 (Windows NT 6.1; WOW64) AppleWebKit/537.36 (KHTML, like Gecko) Chrome/63.0.3239.132 Safari/537.36]
[2018-10-24T11:19:48.884] [INFO] default - [undefined GET /static/images/4405ba30-d02a-11e8-b472-73f501acc6c4QdUhWK.png 200 7ms][http://www.manykit.com/ HTTP/1.0 Mozilla/5.0 (Windows NT 6.1; WOW64) AppleWebKit/537.36 (KHTML, like Gecko) Chrome/63.0.3239.132 Safari/537.36]
[2018-10-24T11:19:48.885] [INFO] default - [undefined GET /static/images/91bb86b0-d02a-11e8-b472-73f501acc6c4fjyFvO.png 200 6ms][http://www.manykit.com/ HTTP/1.0 Mozilla/5.0 (Windows NT 6.1; WOW64) AppleWebKit/537.36 (KHTML, like Gecko) Chrome/63.0.3239.132 Safari/537.36]
[2018-10-24T11:19:48.886] [INFO] default - [undefined GET /static/images/f963b600-d02c-11e8-8f91-455df81aec64XDgqFR.png 200 7ms][http://www.manykit.com/ HTTP/1.0 Mozilla/5.0 (Windows NT 6.1; WOW64) AppleWebKit/537.36 (KHTML, like Gecko) Chrome/63.0.3239.132 Safari/537.36]
[2018-10-24T11:19:49.101] [INFO] default - [::1 POST /res/filelist 200 162ms][http://www.manykit.com/ HTTP/1.0 Mozilla/5.0 (Windows NT 6.1; WOW64) AppleWebKit/537.36 (KHTML, like Gecko) Chrome/63.0.3239.132 Safari/537.36]
[2018-10-24T11:19:49.853] [INFO] default - [::ffff:127.0.0.1 GET /res/verify 200 1ms][http://www.manykit.com/ HTTP/1.0 Mozilla/5.0 (Windows NT 6.1; WOW64) AppleWebKit/537.36 (KHTML, like Gecko) Chrome/63.0.3239.132 Safari/537.36]
[2018-10-24T11:39:32.639] [INFO] default - [::1 POST /api/material/modulelist 200 4ms][http://www.manykit.com/ HTTP/1.0 Mozilla/5.0 (Windows NT 10.0; WOW64) AppleWebKit/537.36 (KHTML, like Gecko) Chrome/63.0.3239.132 Safari/537.36]
[2018-10-24T11:39:32.844] [INFO] default - [::ffff:127.0.0.1 POST /res/filelist 200 176ms][http://www.manykit.com/ HTTP/1.0 Mozilla/5.0 (Windows NT 10.0; WOW64) AppleWebKit/537.36 (KHTML, like Gecko) Chrome/63.0.3239.132 Safari/537.36]
[2018-10-24T11:39:35.306] [INFO] default - [::1 GET /res/verify 200 1ms][http://www.manykit.com/ HTTP/1.0 Mozilla/5.0 (Windows NT 10.0; WOW64) AppleWebKit/537.36 (KHTML, like Gecko) Chrome/63.0.3239.132 Safari/537.36]
[2018-10-24T11:39:36.154] [INFO] default - [undefined GET /static/images/c39c4650-d02b-11e8-b472-73f501acc6c420UVPU.png 200 2ms][http://www.manykit.com/ HTTP/1.0 Mozilla/5.0 (Windows NT 10.0; WOW64) AppleWebKit/537.36 (KHTML, like Gecko) Chrome/63.0.3239.132 Safari/537.36]
[2018-10-24T11:39:36.169] [INFO] default - [undefined GET /static/images/5e784bd0-ceb3-11e8-b0dd-b59eb6c2d87fVJGdhz.png 200 2ms][http://www.manykit.com/ HTTP/1.0 Mozilla/5.0 (Windows NT 10.0; WOW64) AppleWebKit/537.36 (KHTML, like Gecko) Chrome/63.0.3239.132 Safari/537.36]
[2018-10-24T11:39:36.171] [INFO] default - [undefined GET /static/images/4405ba30-d02a-11e8-b472-73f501acc6c4QdUhWK.png 200 3ms][http://www.manykit.com/ HTTP/1.0 Mozilla/5.0 (Windows NT 10.0; WOW64) AppleWebKit/537.36 (KHTML, like Gecko) Chrome/63.0.3239.132 Safari/537.36]
[2018-10-24T11:39:36.182] [INFO] default - [undefined GET /static/images/91bb86b0-d02a-11e8-b472-73f501acc6c4fjyFvO.png 200 2ms][http://www.manykit.com/ HTTP/1.0 Mozilla/5.0 (Windows NT 10.0; WOW64) AppleWebKit/537.36 (KHTML, like Gecko) Chrome/63.0.3239.132 Safari/537.36]
[2018-10-24T11:39:36.198] [INFO] default - [undefined GET /static/images/f963b600-d02c-11e8-8f91-455df81aec64XDgqFR.png 200 2ms][http://www.manykit.com/ HTTP/1.0 Mozilla/5.0 (Windows NT 10.0; WOW64) AppleWebKit/537.36 (KHTML, like Gecko) Chrome/63.0.3239.132 Safari/537.36]
[2018-10-24T11:39:58.119] [INFO] default - [undefined GET /toycar/ 200 2ms][http://www.manykit.com/ HTTP/1.0 Mozilla/5.0 (Windows NT 10.0; WOW64) AppleWebKit/537.36 (KHTML, like Gecko) Chrome/63.0.3239.132 Safari/537.36]
[2018-10-24T11:39:58.171] [INFO] default - [undefined GET /toycar/static/js/manifest.37a2ecbb1d1b7e6c9ada.js 200 15ms][http://www.manykit.com/toycar/ HTTP/1.0 Mozilla/5.0 (Windows NT 10.0; WOW64) AppleWebKit/537.36 (KHTML, like Gecko) Chrome/63.0.3239.132 Safari/537.36]
[2018-10-24T11:39:58.203] [INFO] default - [undefined GET /toycar/static/js/app.ec6a6090af456a149a68.js 200 43ms][http://www.manykit.com/toycar/ HTTP/1.0 Mozilla/5.0 (Windows NT 10.0; WOW64) AppleWebKit/537.36 (KHTML, like Gecko) Chrome/63.0.3239.132 Safari/537.36]
[2018-10-24T11:39:58.226] [INFO] default - [undefined GET /toycar/static/css/app.afaf6916398d23f74ef72e40d6fc23c0.css 200 71ms][http://www.manykit.com/toycar/ HTTP/1.0 Mozilla/5.0 (Windows NT 10.0; WOW64) AppleWebKit/537.36 (KHTML, like Gecko) Chrome/63.0.3239.132 Safari/537.36]
[2018-10-24T11:39:58.372] [INFO] default - [undefined GET /toycar/static/js/vendor.924cfa02963f0288d9d3.js 200 215ms][http://www.manykit.com/toycar/ HTTP/1.0 Mozilla/5.0 (Windows NT 10.0; WOW64) AppleWebKit/537.36 (KHTML, like Gecko) Chrome/63.0.3239.132 Safari/537.36]
[2018-10-24T11:40:01.541] [INFO] default - [::ffff:127.0.0.1 POST /toycar/projectlist 200 80ms][http://www.manykit.com/toycar/ HTTP/1.0 Mozilla/5.0 (Windows NT 10.0; WOW64) AppleWebKit/537.36 (KHTML, like Gecko) Chrome/63.0.3239.132 Safari/537.36]
[2018-10-24T11:40:04.701] [INFO] default - [undefined GET /codeplay/static/resource/class/1007%E5%A4%B1%E8%B4%A5.mp3 206 39ms][http://www.manykit.com/toycar/ HTTP/1.0 Mozilla/5.0 (Windows NT 10.0; WOW64) AppleWebKit/537.36 (KHTML, like Gecko) Chrome/63.0.3239.132 Safari/537.36]
[2018-10-24T11:40:11.962] [INFO] default - [::ffff:127.0.0.1 POST /toycar/projectlist 200 3ms][http://www.manykit.com/toycar/ HTTP/1.0 Mozilla/5.0 (Windows NT 10.0; WOW64) AppleWebKit/537.36 (KHTML, like Gecko) Chrome/63.0.3239.132 Safari/537.36]
[2018-10-24T11:40:12.014] [INFO] default - [undefined GET /toycar/static/img/car.cba21fc.png 200 21ms][http://www.manykit.com/toycar/ HTTP/1.0 Mozilla/5.0 (Windows NT 10.0; WOW64) AppleWebKit/537.36 (KHTML, like Gecko) Chrome/63.0.3239.132 Safari/537.36]
[2018-10-24T11:40:12.646] [INFO] default - [::ffff:127.0.0.1 POST /toycar/projectlist 200 2ms][http://www.manykit.com/toycar/ HTTP/1.0 Mozilla/5.0 (Windows NT 10.0; WOW64) AppleWebKit/537.36 (KHTML, like Gecko) Chrome/63.0.3239.132 Safari/537.36]
[2018-10-24T11:40:13.047] [INFO] default - [::1 POST /toycar/projectlist 200 2ms][http://www.manykit.com/toycar/ HTTP/1.0 Mozilla/5.0 (Windows NT 10.0; WOW64) AppleWebKit/537.36 (KHTML, like Gecko) Chrome/63.0.3239.132 Safari/537.36]
[2018-10-24T11:40:13.293] [INFO] default - [::ffff:127.0.0.1 POST /toycar/projectlist 200 1ms][http://www.manykit.com/toycar/ HTTP/1.0 Mozilla/5.0 (Windows NT 10.0; WOW64) AppleWebKit/537.36 (KHTML, like Gecko) Chrome/63.0.3239.132 Safari/537.36]
[2018-10-24T11:40:23.629] [INFO] default - [::1 GET /model 301 2ms][http://www.manykit.com/ HTTP/1.0 Mozilla/5.0 (Windows NT 10.0; WOW64) AppleWebKit/537.36 (KHTML, like Gecko) Chrome/63.0.3239.132 Safari/537.36]
[2018-10-24T11:40:23.666] [INFO] default - [undefined GET /model/ 200 2ms][http://www.manykit.com/ HTTP/1.0 Mozilla/5.0 (Windows NT 10.0; WOW64) AppleWebKit/537.36 (KHTML, like Gecko) Chrome/63.0.3239.132 Safari/537.36]
[2018-10-24T11:40:23.721] [INFO] default - [undefined GET /model/static/css/app.7b8d99a9d7b0777afe010fe4a19c7cf2.css 200 7ms][http://www.manykit.com/model/ HTTP/1.0 Mozilla/5.0 (Windows NT 10.0; WOW64) AppleWebKit/537.36 (KHTML, like Gecko) Chrome/63.0.3239.132 Safari/537.36]
[2018-10-24T11:40:23.723] [INFO] default - [undefined GET /model/static/js/app.4c67dab4513afdfbf26b.js 200 6ms][http://www.manykit.com/model/ HTTP/1.0 Mozilla/5.0 (Windows NT 10.0; WOW64) AppleWebKit/537.36 (KHTML, like Gecko) Chrome/63.0.3239.132 Safari/537.36]
[2018-10-24T11:40:23.737] [INFO] default - [undefined GET /model/static/js/manifest.9e877a17fe962a07e820.js 200 21ms][http://www.manykit.com/model/ HTTP/1.0 Mozilla/5.0 (Windows NT 10.0; WOW64) AppleWebKit/537.36 (KHTML, like Gecko) Chrome/63.0.3239.132 Safari/537.36]
[2018-10-24T11:40:23.804] [INFO] default - [undefined GET /model/static/js/vendor.0437df50d3fbb8bf32f8.js 200 87ms][http://www.manykit.com/model/ HTTP/1.0 Mozilla/5.0 (Windows NT 10.0; WOW64) AppleWebKit/537.36 (KHTML, like Gecko) Chrome/63.0.3239.132 Safari/537.36]
[2018-10-24T11:40:27.126] [INFO] default - [undefined GET /model/static/js/5.f37fda9109164cb27901.js 200 12ms][http://www.manykit.com/model/ HTTP/1.0 Mozilla/5.0 (Windows NT 10.0; WOW64) AppleWebKit/537.36 (KHTML, like Gecko) Chrome/63.0.3239.132 Safari/537.36]
[2018-10-24T11:40:27.129] [INFO] default - [undefined GET /model/static/js/0.99d63549bc2dce53da4c.js 200 16ms][http://www.manykit.com/model/ HTTP/1.0 Mozilla/5.0 (Windows NT 10.0; WOW64) AppleWebKit/537.36 (KHTML, like Gecko) Chrome/63.0.3239.132 Safari/537.36]
[2018-10-24T11:40:27.277] [INFO] default - [undefined GET /res/verify 304 2ms][http://www.manykit.com/model/ HTTP/1.0 Mozilla/5.0 (Windows NT 10.0; WOW64) AppleWebKit/537.36 (KHTML, like Gecko) Chrome/63.0.3239.132 Safari/537.36]
[2018-10-24T11:40:27.280] [INFO] default - [::ffff:127.0.0.1 POST /api/material/modulelist 200 2ms][http://www.manykit.com/model/ HTTP/1.0 Mozilla/5.0 (Windows NT 10.0; WOW64) AppleWebKit/537.36 (KHTML, like Gecko) Chrome/63.0.3239.132 Safari/537.36]
[2018-10-24T11:40:35.184] [INFO] default - [::1 GET /res/verify 200 2ms][http://www.manykit.com/ HTTP/1.0 Mozilla/5.0 (Windows NT 6.1; WOW64) AppleWebKit/537.36 (KHTML, like Gecko) Chrome/56.0.2924.87 Safari/537.36]
[2018-10-24T11:40:42.389] [INFO] default - [::ffff:127.0.0.1 POST /api/material/modulelist 200 1ms][http://www.manykit.com/model/ HTTP/1.0 Mozilla/5.0 (Windows NT 10.0; WOW64) AppleWebKit/537.36 (KHTML, like Gecko) Chrome/63.0.3239.132 Safari/537.36]
[2018-10-24T11:40:43.947] [INFO] default - [::1 POST /api/material/modulelist 200 2ms][http://www.manykit.com/model/ HTTP/1.0 Mozilla/5.0 (Windows NT 10.0; WOW64) AppleWebKit/537.36 (KHTML, like Gecko) Chrome/63.0.3239.132 Safari/537.36]
[2018-10-24T11:40:45.029] [INFO] default - [::ffff:127.0.0.1 POST /api/material/modulelist 200 2ms][http://www.manykit.com/model/ HTTP/1.0 Mozilla/5.0 (Windows NT 10.0; WOW64) AppleWebKit/537.36 (KHTML, like Gecko) Chrome/63.0.3239.132 Safari/537.36]
[2018-10-24T11:40:45.483] [INFO] default - [::1 POST /api/material/modulelist 200 1ms][http://www.manykit.com/model/ HTTP/1.0 Mozilla/5.0 (Windows NT 10.0; WOW64) AppleWebKit/537.36 (KHTML, like Gecko) Chrome/63.0.3239.132 Safari/537.36]
[2018-10-24T11:40:46.500] [INFO] default - [::ffff:127.0.0.1 POST /api/material/modulelist 200 2ms][http://www.manykit.com/model/ HTTP/1.0 Mozilla/5.0 (Windows NT 10.0; WOW64) AppleWebKit/537.36 (KHTML, like Gecko) Chrome/63.0.3239.132 Safari/537.36]
[2018-10-24T11:40:48.992] [INFO] default - [undefined GET /model/static/js/4.c385aa855986d2c07a53.js 200 16ms][http://www.manykit.com/model/ HTTP/1.0 Mozilla/5.0 (Windows NT 10.0; WOW64) AppleWebKit/537.36 (KHTML, like Gecko) Chrome/63.0.3239.132 Safari/537.36]
[2018-10-24T11:40:49.062] [INFO] default - [::ffff:127.0.0.1 POST /api/material/modulelist 200 2ms][http://www.manykit.com/model/ HTTP/1.0 Mozilla/5.0 (Windows NT 10.0; WOW64) AppleWebKit/537.36 (KHTML, like Gecko) Chrome/63.0.3239.132 Safari/537.36]
[2018-10-24T11:40:49.106] [INFO] default - [undefined GET /static/images/c39c4650-d02b-11e8-b472-73f501acc6c420UVPU.png 304 2ms][http://www.manykit.com/model/ HTTP/1.0 Mozilla/5.0 (Windows NT 10.0; WOW64) AppleWebKit/537.36 (KHTML, like Gecko) Chrome/63.0.3239.132 Safari/537.36]
[2018-10-24T11:40:49.109] [INFO] default - [undefined GET /static/images/5e784bd0-ceb3-11e8-b0dd-b59eb6c2d87fVJGdhz.png 304 3ms][http://www.manykit.com/model/ HTTP/1.0 Mozilla/5.0 (Windows NT 10.0; WOW64) AppleWebKit/537.36 (KHTML, like Gecko) Chrome/63.0.3239.132 Safari/537.36]
[2018-10-24T11:40:49.110] [INFO] default - [undefined GET /static/images/4405ba30-d02a-11e8-b472-73f501acc6c4QdUhWK.png 304 2ms][http://www.manykit.com/model/ HTTP/1.0 Mozilla/5.0 (Windows NT 10.0; WOW64) AppleWebKit/537.36 (KHTML, like Gecko) Chrome/63.0.3239.132 Safari/537.36]
[2018-10-24T11:40:49.128] [INFO] default - [undefined GET /static/images/91bb86b0-d02a-11e8-b472-73f501acc6c4fjyFvO.png 304 1ms][http://www.manykit.com/model/ HTTP/1.0 Mozilla/5.0 (Windows NT 10.0; WOW64) AppleWebKit/537.36 (KHTML, like Gecko) Chrome/63.0.3239.132 Safari/537.36]
[2018-10-24T11:40:49.131] [INFO] default - [undefined GET /static/images/f963b600-d02c-11e8-8f91-455df81aec64XDgqFR.png 304 1ms][http://www.manykit.com/model/ HTTP/1.0 Mozilla/5.0 (Windows NT 10.0; WOW64) AppleWebKit/537.36 (KHTML, like Gecko) Chrome/63.0.3239.132 Safari/537.36]
[2018-10-24T11:40:49.187] [INFO] default - [undefined GET /static/headportrait/f12dc3e0-cba9-11e8-89f8-7f3bb4329636gBsUfH.png 200 83ms][http://www.manykit.com/model/ HTTP/1.0 Mozilla/5.0 (Windows NT 10.0; WOW64) AppleWebKit/537.36 (KHTML, like Gecko) Chrome/63.0.3239.132 Safari/537.36]
[2018-10-24T11:40:58.037] [INFO] default - [::1 GET /toycar 301 1ms][http://www.manykit.com/ HTTP/1.0 Mozilla/5.0 (Windows NT 6.1; WOW64) AppleWebKit/537.36 (KHTML, like Gecko) Chrome/43.0.2357.124 Safari/537.36]
[2018-10-24T11:41:23.434] [INFO] default - [::ffff:127.0.0.1 GET /model 301 1ms][http://www.manykit.com/ HTTP/1.0 Mozilla/5.0 (Windows NT 6.1; WOW64) AppleWebKit/537.36 (KHTML, like Gecko) Chrome/43.0.2357.124 Safari/537.36]
[2018-10-24T13:28:53.946] [INFO] default - [::1 POST /api/material/modulelist 200 2ms][http://www.manykit.com/ HTTP/1.0 Mozilla/5.0 (iPhone; CPU iPhone OS 9_1 like Mac OS X) AppleWebKit/601.1.46 (KHTML, like Gecko) Version/9.0 Mobile/13B143 Safari/601.1]
[2018-10-24T13:28:54.336] [INFO] default - [::ffff:127.0.0.1 POST /res/filelist 200 167ms][http://www.manykit.com/ HTTP/1.0 Mozilla/5.0 (iPhone; CPU iPhone OS 9_1 like Mac OS X) AppleWebKit/601.1.46 (KHTML, like Gecko) Version/9.0 Mobile/13B143 Safari/601.1]
[2018-10-24T13:45:18.382] [INFO] default - [::1 POST /api/material/modulelist 200 3ms][http://www.manykit.com/ HTTP/1.0 Mozilla/5.0 (Macintosh; Intel Mac OS X 10_14_0) AppleWebKit/537.36 (KHTML, like Gecko) Chrome/70.0.3538.67 Safari/537.36]
[2018-10-24T13:45:18.638] [INFO] default - [::ffff:127.0.0.1 POST /res/filelist 200 174ms][http://www.manykit.com/ HTTP/1.0 Mozilla/5.0 (Macintosh; Intel Mac OS X 10_14_0) AppleWebKit/537.36 (KHTML, like Gecko) Chrome/70.0.3538.67 Safari/537.36]
[2018-10-24T13:45:19.214] [INFO] default - [::1 GET /res/verify 200 1ms][http://www.manykit.com/ HTTP/1.0 Mozilla/5.0 (Macintosh; Intel Mac OS X 10_14_0) AppleWebKit/537.36 (KHTML, like Gecko) Chrome/70.0.3538.67 Safari/537.36]
[2018-10-24T13:45:20.160] [INFO] default - [undefined GET /static/images/c39c4650-d02b-11e8-b472-73f501acc6c420UVPU.png 200 2ms][http://www.manykit.com/ HTTP/1.0 Mozilla/5.0 (Macintosh; Intel Mac OS X 10_14_0) AppleWebKit/537.36 (KHTML, like Gecko) Chrome/70.0.3538.67 Safari/537.36]
[2018-10-24T13:45:20.289] [INFO] default - [undefined GET /static/images/4405ba30-d02a-11e8-b472-73f501acc6c4QdUhWK.png 200 3ms][http://www.manykit.com/ HTTP/1.0 Mozilla/5.0 (Macintosh; Intel Mac OS X 10_14_0) AppleWebKit/537.36 (KHTML, like Gecko) Chrome/70.0.3538.67 Safari/537.36]
[2018-10-24T13:45:20.289] [INFO] default - [undefined GET /static/images/5e784bd0-ceb3-11e8-b0dd-b59eb6c2d87fVJGdhz.png 200 2ms][http://www.manykit.com/ HTTP/1.0 Mozilla/5.0 (Macintosh; Intel Mac OS X 10_14_0) AppleWebKit/537.36 (KHTML, like Gecko) Chrome/70.0.3538.67 Safari/537.36]
[2018-10-24T13:45:20.351] [INFO] default - [undefined GET /static/images/91bb86b0-d02a-11e8-b472-73f501acc6c4fjyFvO.png 200 1ms][http://www.manykit.com/ HTTP/1.0 Mozilla/5.0 (Macintosh; Intel Mac OS X 10_14_0) AppleWebKit/537.36 (KHTML, like Gecko) Chrome/70.0.3538.67 Safari/537.36]
[2018-10-24T13:45:20.356] [INFO] default - [undefined GET /static/images/f963b600-d02c-11e8-8f91-455df81aec64XDgqFR.png 200 1ms][http://www.manykit.com/ HTTP/1.0 Mozilla/5.0 (Macintosh; Intel Mac OS X 10_14_0) AppleWebKit/537.36 (KHTML, like Gecko) Chrome/70.0.3538.67 Safari/537.36]
[2018-10-24T14:08:34.615] [INFO] default - [::1 GET /res/snaplogin?username=loki&password=123123 200 6ms][ HTTP/1.0 Mozilla/5.0 (Windows NT 6.1; Win64; x64) AppleWebKit/537.36 (KHTML, like Gecko) Chrome/70.0.3538.67 Safari/537.36]
[2018-10-24T14:08:37.305] [INFO] default - [undefined GET /res/snaplogin?username=loki&password=123123 304 4ms][ HTTP/1.0 Mozilla/5.0 (Windows NT 6.1; Win64; x64) AppleWebKit/537.36 (KHTML, like Gecko) Chrome/70.0.3538.67 Safari/537.36]
[2018-10-24T14:08:37.357] [INFO] default - [::1 POST /res/filelist?userid=5 200 10ms][ HTTP/1.0 Mozilla/5.0 (Windows NT 6.1; Win64; x64) AppleWebKit/537.36 (KHTML, like Gecko) Chrome/70.0.3538.67 Safari/537.36]
[2018-10-24T14:08:39.680] [INFO] default - [undefined GET /res/snaplogin?username=loki&password=123123 304 2ms][ HTTP/1.0 Mozilla/5.0 (Windows NT 6.1; Win64; x64) AppleWebKit/537.36 (KHTML, like Gecko) Chrome/70.0.3538.67 Safari/537.36]
[2018-10-24T14:08:39.750] [INFO] default - [::1 POST /res/filelist?userid=5 200 2ms][ HTTP/1.0 Mozilla/5.0 (Windows NT 6.1; Win64; x64) AppleWebKit/537.36 (KHTML, like Gecko) Chrome/70.0.3538.67 Safari/537.36]
[2018-10-24T14:08:41.357] [INFO] default - [undefined GET /res/snaplogin?username=loki&password=123123 304 2ms][ HTTP/1.0 Mozilla/5.0 (Windows NT 6.1; Win64; x64) AppleWebKit/537.36 (KHTML, like Gecko) Chrome/70.0.3538.67 Safari/537.36]
[2018-10-24T14:08:41.427] [INFO] default - [::1 POST /res/filelist?userid=5 200 2ms][ HTTP/1.0 Mozilla/5.0 (Windows NT 6.1; Win64; x64) AppleWebKit/537.36 (KHTML, like Gecko) Chrome/70.0.3538.67 Safari/537.36]
[2018-10-24T14:08:42.547] [INFO] default - [undefined GET /res/snaplogin?username=loki&password=123123 304 3ms][ HTTP/1.0 Mozilla/5.0 (Windows NT 6.1; Win64; x64) AppleWebKit/537.36 (KHTML, like Gecko) Chrome/70.0.3538.67 Safari/537.36]
[2018-10-24T14:08:42.591] [INFO] default - [::1 POST /res/filelist?userid=5 200 2ms][ HTTP/1.0 Mozilla/5.0 (Windows NT 6.1; Win64; x64) AppleWebKit/537.36 (KHTML, like Gecko) Chrome/70.0.3538.67 Safari/537.36]
[2018-10-24T14:08:58.916] [INFO] default - [undefined GET /res/snaplogin?username=loki&password=123123 304 2ms][ HTTP/1.0 Mozilla/5.0 (Windows NT 6.1; Win64; x64) AppleWebKit/537.36 (KHTML, like Gecko) Chrome/70.0.3538.67 Safari/537.36]
[2018-10-24T14:08:58.965] [INFO] default - [::1 POST /res/filelist?userid=5 200 3ms][ HTTP/1.0 Mozilla/5.0 (Windows NT 6.1; Win64; x64) AppleWebKit/537.36 (KHTML, like Gecko) Chrome/70.0.3538.67 Safari/537.36]
[2018-10-24T14:09:11.602] [INFO] default - [undefined GET /res/snaplogin?username=loki&password=123123 304 2ms][ HTTP/1.0 Mozilla/5.0 (Windows NT 6.1; Win64; x64) AppleWebKit/537.36 (KHTML, like Gecko) Chrome/70.0.3538.67 Safari/537.36]
[2018-10-24T14:09:11.647] [INFO] default - [::1 POST /res/filelist?userid=5 200 2ms][ HTTP/1.0 Mozilla/5.0 (Windows NT 6.1; Win64; x64) AppleWebKit/537.36 (KHTML, like Gecko) Chrome/70.0.3538.67 Safari/537.36]
[2018-10-24T14:09:13.340] [INFO] default - [undefined GET /res/snaplogin?username=loki&password=123123 304 3ms][ HTTP/1.0 Mozilla/5.0 (Windows NT 6.1; Win64; x64) AppleWebKit/537.36 (KHTML, like Gecko) Chrome/70.0.3538.67 Safari/537.36]
[2018-10-24T14:09:13.386] [INFO] default - [::1 POST /res/filelist?userid=5 200 2ms][ HTTP/1.0 Mozilla/5.0 (Windows NT 6.1; Win64; x64) AppleWebKit/537.36 (KHTML, like Gecko) Chrome/70.0.3538.67 Safari/537.36]
[2018-10-24T14:39:06.768] [INFO] default - [::ffff:127.0.0.1 POST /res/login 200 3ms][ HTTP/1.0 undefined]
[2018-10-24T14:49:44.564] [INFO] default - [::1 POST /res/filelist 200 157ms][http://localhost:8080/ HTTP/1.0 Mozilla/5.0 (Windows NT 10.0; Win64; x64) AppleWebKit/537.36 (KHTML, like Gecko) Chrome/70.0.3538.67 Safari/537.36]
[2018-10-24T14:49:44.736] [INFO] default - [::ffff:127.0.0.1 POST /res/filelist 200 327ms][http://localhost:8080/ HTTP/1.0 Mozilla/5.0 (Windows NT 10.0; Win64; x64) AppleWebKit/537.36 (KHTML, like Gecko) Chrome/70.0.3538.67 Safari/537.36]
[2018-10-24T14:49:44.740] [INFO] default - [::1 POST /res/getfile 200 2ms][http://localhost:8080/ HTTP/1.0 Mozilla/5.0 (Windows NT 10.0; Win64; x64) AppleWebKit/537.36 (KHTML, like Gecko) Chrome/70.0.3538.67 Safari/537.36]
[2018-10-24T14:49:44.742] [INFO] default - [::ffff:127.0.0.1 GET /res/verify 200 3ms][http://localhost:8080/ HTTP/1.0 Mozilla/5.0 (Windows NT 10.0; Win64; x64) AppleWebKit/537.36 (KHTML, like Gecko) Chrome/70.0.3538.67 Safari/537.36]
[2018-10-24T14:49:45.099] [INFO] default - [undefined GET /res/verify 304 1ms][http://localhost:8080/static/snap/pxsnap.html HTTP/1.0 Mozilla/5.0 (Windows NT 10.0; Win64; x64) AppleWebKit/537.36 (KHTML, like Gecko) Chrome/70.0.3538.67 Safari/537.36]
[2018-10-24T15:05:28.896] [INFO] default - [::ffff:127.0.0.1 POST /api/material/modulelist 200 5ms][http://www.manykit.com/ HTTP/1.0 Mozilla/5.0 (Windows NT 6.1; Win64; x64) AppleWebKit/537.36 (KHTML, like Gecko) Chrome/69.0.3497.100 Safari/537.36]
[2018-10-24T15:05:29.294] [INFO] default - [::1 POST /res/filelist 200 200ms][http://www.manykit.com/ HTTP/1.0 Mozilla/5.0 (Windows NT 6.1; Win64; x64) AppleWebKit/537.36 (KHTML, like Gecko) Chrome/69.0.3497.100 Safari/537.36]
[2018-10-24T15:05:30.506] [INFO] default - [undefined GET /static/images/c39c4650-d02b-11e8-b472-73f501acc6c420UVPU.png 200 4ms][http://www.manykit.com/ HTTP/1.0 Mozilla/5.0 (Windows NT 6.1; Win64; x64) AppleWebKit/537.36 (KHTML, like Gecko) Chrome/69.0.3497.100 Safari/537.36]
[2018-10-24T15:05:30.509] [INFO] default - [undefined GET /static/images/5e784bd0-ceb3-11e8-b0dd-b59eb6c2d87fVJGdhz.png 200 1ms][http://www.manykit.com/ HTTP/1.0 Mozilla/5.0 (Windows NT 6.1; Win64; x64) AppleWebKit/537.36 (KHTML, like Gecko) Chrome/69.0.3497.100 Safari/537.36]
[2018-10-24T15:05:30.520] [INFO] default - [undefined GET /static/images/4405ba30-d02a-11e8-b472-73f501acc6c4QdUhWK.png 200 3ms][http://www.manykit.com/ HTTP/1.0 Mozilla/5.0 (Windows NT 6.1; Win64; x64) AppleWebKit/537.36 (KHTML, like Gecko) Chrome/69.0.3497.100 Safari/537.36]
[2018-10-24T15:05:30.521] [INFO] default - [undefined GET /static/images/91bb86b0-d02a-11e8-b472-73f501acc6c4fjyFvO.png 200 3ms][http://www.manykit.com/ HTTP/1.0 Mozilla/5.0 (Windows NT 6.1; Win64; x64) AppleWebKit/537.36 (KHTML, like Gecko) Chrome/69.0.3497.100 Safari/537.36]
[2018-10-24T15:05:30.552] [INFO] default - [undefined GET /static/images/f963b600-d02c-11e8-8f91-455df81aec64XDgqFR.png 200 2ms][http://www.manykit.com/ HTTP/1.0 Mozilla/5.0 (Windows NT 6.1; Win64; x64) AppleWebKit/537.36 (KHTML, like Gecko) Chrome/69.0.3497.100 Safari/537.36]
[2018-10-24T15:05:31.132] [INFO] default - [undefined GET /res/verify 304 3ms][http://www.manykit.com/ HTTP/1.0 Mozilla/5.0 (Windows NT 6.1; Win64; x64) AppleWebKit/537.36 (KHTML, like Gecko) Chrome/69.0.3497.100 Safari/537.36]
[2018-10-24T15:05:31.610] [INFO] default - [undefined GET /codeplay/ 200 2ms][http://www.manykit.com/ HTTP/1.0 Mozilla/5.0 (Windows NT 6.1; Win64; x64) AppleWebKit/537.36 (KHTML, like Gecko) Chrome/69.0.3497.100 Safari/537.36]
[2018-10-24T15:05:31.702] [INFO] default - [undefined GET /codeplay/static/js/vendor.93538bf508ed5f4069e2.js 200 9ms][http://www.manykit.com/codeplay/ HTTP/1.0 Mozilla/5.0 (Windows NT 6.1; Win64; x64) AppleWebKit/537.36 (KHTML, like Gecko) Chrome/69.0.3497.100 Safari/537.36]
[2018-10-24T15:05:31.704] [INFO] default - [undefined GET /codeplay/static/js/manifest.785b66c285d8b7048746.js 200 4ms][http://www.manykit.com/codeplay/ HTTP/1.0 Mozilla/5.0 (Windows NT 6.1; Win64; x64) AppleWebKit/537.36 (KHTML, like Gecko) Chrome/69.0.3497.100 Safari/537.36]
[2018-10-24T15:05:31.705] [INFO] default - [undefined GET /codeplay/static/js/app.3f0756b0bc4939c13738.js 200 5ms][http://www.manykit.com/codeplay/ HTTP/1.0 Mozilla/5.0 (Windows NT 6.1; Win64; x64) AppleWebKit/537.36 (KHTML, like Gecko) Chrome/69.0.3497.100 Safari/537.36]
[2018-10-24T15:05:31.711] [INFO] default - [::ffff:127.0.0.1 GET /codeplay/static/css/app.cded7df1281f156cd8f563a6feb44ac1.css 200 12ms][http://www.manykit.com/codeplay/ HTTP/1.0 Mozilla/5.0 (Windows NT 6.1; Win64; x64) AppleWebKit/537.36 (KHTML, like Gecko) Chrome/69.0.3497.100 Safari/537.36]
[2018-10-24T15:05:32.474] [INFO] default - [undefined GET /codeplay/static/js/35.0f6f6f0aed7b95746677.js 200 23ms][http://www.manykit.com/codeplay/ HTTP/1.0 Mozilla/5.0 (Windows NT 6.1; Win64; x64) AppleWebKit/537.36 (KHTML, like Gecko) Chrome/69.0.3497.100 Safari/537.36]
[2018-10-24T15:05:32.526] [INFO] default - [undefined GET /codeplay/static/snap/pxsnap.html 304 1ms][http://www.manykit.com/codeplay/ HTTP/1.0 Mozilla/5.0 (Windows NT 6.1; Win64; x64) AppleWebKit/537.36 (KHTML, like Gecko) Chrome/69.0.3497.100 Safari/537.36]
[2018-10-24T15:05:32.530] [INFO] default - [::1 POST /res/getfile 200 2ms][http://www.manykit.com/codeplay/ HTTP/1.0 Mozilla/5.0 (Windows NT 6.1; Win64; x64) AppleWebKit/537.36 (KHTML, like Gecko) Chrome/69.0.3497.100 Safari/537.36]
[2018-10-24T15:05:32.611] [INFO] default - [undefined GET /codeplay/static/snap/manykit/prism.css 200 1ms][http://www.manykit.com/codeplay/static/snap/pxsnap.html HTTP/1.0 Mozilla/5.0 (Windows NT 6.1; Win64; x64) AppleWebKit/537.36 (KHTML, like Gecko) Chrome/69.0.3497.100 Safari/537.36]
[2018-10-24T15:05:32.614] [INFO] default - [undefined GET /codeplay/static/snap/manykit/styles/monokai-sublime.css 200 1ms][http://www.manykit.com/codeplay/static/snap/pxsnap.html HTTP/1.0 Mozilla/5.0 (Windows NT 6.1; Win64; x64) AppleWebKit/537.36 (KHTML, like Gecko) Chrome/69.0.3497.100 Safari/537.36]
[2018-10-24T15:05:32.616] [INFO] default - [undefined GET /codeplay/static/snap/manykit/highlight.pack.js 304 0ms][http://www.manykit.com/codeplay/static/snap/pxsnap.html HTTP/1.0 Mozilla/5.0 (Windows NT 6.1; Win64; x64) AppleWebKit/537.36 (KHTML, like Gecko) Chrome/69.0.3497.100 Safari/537.36]
[2018-10-24T15:05:32.618] [INFO] default - [undefined GET /codeplay/static/snap/manykit/prism.js 304 1ms][http://www.manykit.com/codeplay/static/snap/pxsnap.html HTTP/1.0 Mozilla/5.0 (Windows NT 6.1; Win64; x64) AppleWebKit/537.36 (KHTML, like Gecko) Chrome/69.0.3497.100 Safari/537.36]
[2018-10-24T15:05:32.624] [INFO] default - [undefined GET /codeplay/static/snap/manykit/jquery-3.2.1.min.js 304 3ms][http://www.manykit.com/codeplay/static/snap/pxsnap.html HTTP/1.0 Mozilla/5.0 (Windows NT 6.1; Win64; x64) AppleWebKit/537.36 (KHTML, like Gecko) Chrome/69.0.3497.100 Safari/537.36]
[2018-10-24T15:05:32.625] [INFO] default - [undefined GET /codeplay/static/snap/blocks.js 304 3ms][http://www.manykit.com/codeplay/static/snap/pxsnap.html HTTP/1.0 Mozilla/5.0 (Windows NT 6.1; Win64; x64) AppleWebKit/537.36 (KHTML, like Gecko) Chrome/69.0.3497.100 Safari/537.36]
[2018-10-24T15:05:32.626] [INFO] default - [undefined GET /codeplay/static/snap/morphic.js 304 3ms][http://www.manykit.com/codeplay/static/snap/pxsnap.html HTTP/1.0 Mozilla/5.0 (Windows NT 6.1; Win64; x64) AppleWebKit/537.36 (KHTML, like Gecko) Chrome/69.0.3497.100 Safari/537.36]
[2018-10-24T15:05:32.628] [INFO] default - [undefined GET /codeplay/static/snap/widgets.js 304 0ms][http://www.manykit.com/codeplay/static/snap/pxsnap.html HTTP/1.0 Mozilla/5.0 (Windows NT 6.1; Win64; x64) AppleWebKit/537.36 (KHTML, like Gecko) Chrome/69.0.3497.100 Safari/537.36]
[2018-10-24T15:05:32.648] [INFO] default - [undefined GET /codeplay/static/snap/manykit/blocks.js 304 2ms][http://www.manykit.com/codeplay/static/snap/pxsnap.html HTTP/1.0 Mozilla/5.0 (Windows NT 6.1; Win64; x64) AppleWebKit/537.36 (KHTML, like Gecko) Chrome/69.0.3497.100 Safari/537.36]
[2018-10-24T15:05:32.651] [INFO] default - [undefined GET /codeplay/static/snap/manykit/arduino.js 304 0ms][http://www.manykit.com/codeplay/static/snap/pxsnap.html HTTP/1.0 Mozilla/5.0 (Windows NT 6.1; Win64; x64) AppleWebKit/537.36 (KHTML, like Gecko) Chrome/69.0.3497.100 Safari/537.36]
[2018-10-24T15:05:32.653] [INFO] default - [undefined GET /codeplay/static/snap/threads.js 304 1ms][http://www.manykit.com/codeplay/static/snap/pxsnap.html HTTP/1.0 Mozilla/5.0 (Windows NT 6.1; Win64; x64) AppleWebKit/537.36 (KHTML, like Gecko) Chrome/69.0.3497.100 Safari/537.36]
[2018-10-24T15:05:32.670] [INFO] default - [undefined GET /codeplay/static/snap/manykit/threads.js 304 4ms][http://www.manykit.com/codeplay/static/snap/pxsnap.html HTTP/1.0 Mozilla/5.0 (Windows NT 6.1; Win64; x64) AppleWebKit/537.36 (KHTML, like Gecko) Chrome/69.0.3497.100 Safari/537.36]
[2018-10-24T15:05:32.672] [INFO] default - [undefined GET /codeplay/static/snap/manykit/gui.js 304 4ms][http://www.manykit.com/codeplay/static/snap/pxsnap.html HTTP/1.0 Mozilla/5.0 (Windows NT 6.1; Win64; x64) AppleWebKit/537.36 (KHTML, like Gecko) Chrome/69.0.3497.100 Safari/537.36]
[2018-10-24T15:05:32.673] [INFO] default - [undefined GET /codeplay/static/snap/gui.js 304 5ms][http://www.manykit.com/codeplay/static/snap/pxsnap.html HTTP/1.0 Mozilla/5.0 (Windows NT 6.1; Win64; x64) AppleWebKit/537.36 (KHTML, like Gecko) Chrome/69.0.3497.100 Safari/537.36]
[2018-10-24T15:05:32.673] [INFO] default - [undefined GET /codeplay/static/snap/manykit/objects.js 304 5ms][http://www.manykit.com/codeplay/static/snap/pxsnap.html HTTP/1.0 Mozilla/5.0 (Windows NT 6.1; Win64; x64) AppleWebKit/537.36 (KHTML, like Gecko) Chrome/69.0.3497.100 Safari/537.36]
[2018-10-24T15:05:32.674] [INFO] default - [undefined GET /codeplay/static/snap/objects.js 304 6ms][http://www.manykit.com/codeplay/static/snap/pxsnap.html HTTP/1.0 Mozilla/5.0 (Windows NT 6.1; Win64; x64) AppleWebKit/537.36 (KHTML, like Gecko) Chrome/69.0.3497.100 Safari/537.36]
[2018-10-24T15:05:32.696] [INFO] default - [undefined GET /codeplay/static/snap/paint.js 304 2ms][http://www.manykit.com/codeplay/static/snap/pxsnap.html HTTP/1.0 Mozilla/5.0 (Windows NT 6.1; Win64; x64) AppleWebKit/537.36 (KHTML, like Gecko) Chrome/69.0.3497.100 Safari/537.36]
[2018-10-24T15:05:32.697] [INFO] default - [undefined GET /codeplay/static/snap/byob.js 304 3ms][http://www.manykit.com/codeplay/static/snap/pxsnap.html HTTP/1.0 Mozilla/5.0 (Windows NT 6.1; Win64; x64) AppleWebKit/537.36 (KHTML, like Gecko) Chrome/69.0.3497.100 Safari/537.36]
[2018-10-24T15:05:32.699] [INFO] default - [undefined GET /codeplay/static/snap/lists.js 304 3ms][http://www.manykit.com/codeplay/static/snap/pxsnap.html HTTP/1.0 Mozilla/5.0 (Windows NT 6.1; Win64; x64) AppleWebKit/537.36 (KHTML, like Gecko) Chrome/69.0.3497.100 Safari/537.36]
[2018-10-24T15:05:32.708] [INFO] default - [undefined GET /codeplay/static/snap/store.js 304 2ms][http://www.manykit.com/codeplay/static/snap/pxsnap.html HTTP/1.0 Mozilla/5.0 (Windows NT 6.1; Win64; x64) AppleWebKit/537.36 (KHTML, like Gecko) Chrome/69.0.3497.100 Safari/537.36]
[2018-10-24T15:05:32.711] [INFO] default - [undefined GET /codeplay/static/snap/tables.js 304 4ms][http://www.manykit.com/codeplay/static/snap/pxsnap.html HTTP/1.0 Mozilla/5.0 (Windows NT 6.1; Win64; x64) AppleWebKit/537.36 (KHTML, like Gecko) Chrome/69.0.3497.100 Safari/537.36]
[2018-10-24T15:05:32.711] [INFO] default - [undefined GET /codeplay/static/snap/symbols.js 304 4ms][http://www.manykit.com/codeplay/static/snap/pxsnap.html HTTP/1.0 Mozilla/5.0 (Windows NT 6.1; Win64; x64) AppleWebKit/537.36 (KHTML, like Gecko) Chrome/69.0.3497.100 Safari/537.36]
[2018-10-24T15:05:32.715] [INFO] default - [undefined GET /codeplay/static/snap/xml.js 304 2ms][http://www.manykit.com/codeplay/static/snap/pxsnap.html HTTP/1.0 Mozilla/5.0 (Windows NT 6.1; Win64; x64) AppleWebKit/537.36 (KHTML, like Gecko) Chrome/69.0.3497.100 Safari/537.36]
[2018-10-24T15:05:32.717] [INFO] default - [undefined GET /codeplay/static/snap/locale.js 304 3ms][http://www.manykit.com/codeplay/static/snap/pxsnap.html HTTP/1.0 Mozilla/5.0 (Windows NT 6.1; Win64; x64) AppleWebKit/537.36 (KHTML, like Gecko) Chrome/69.0.3497.100 Safari/537.36]
[2018-10-24T15:05:32.742] [INFO] default - [undefined GET /codeplay/static/snap/manykit/locale.js 304 3ms][http://www.manykit.com/codeplay/static/snap/pxsnap.html HTTP/1.0 Mozilla/5.0 (Windows NT 6.1; Win64; x64) AppleWebKit/537.36 (KHTML, like Gecko) Chrome/69.0.3497.100 Safari/537.36]
[2018-10-24T15:05:32.743] [INFO] default - [undefined GET /codeplay/static/snap/cloud.js 304 3ms][http://www.manykit.com/codeplay/static/snap/pxsnap.html HTTP/1.0 Mozilla/5.0 (Windows NT 6.1; Win64; x64) AppleWebKit/537.36 (KHTML, like Gecko) Chrome/69.0.3497.100 Safari/537.36]
[2018-10-24T15:05:32.744] [INFO] default - [undefined GET /codeplay/static/snap/manykit/cloud.js 304 3ms][http://www.manykit.com/codeplay/static/snap/pxsnap.html HTTP/1.0 Mozilla/5.0 (Windows NT 6.1; Win64; x64) AppleWebKit/537.36 (KHTML, like Gecko) Chrome/69.0.3497.100 Safari/537.36]
[2018-10-24T15:05:32.745] [INFO] default - [undefined GET /codeplay/static/snap/sha512.js 304 4ms][http://www.manykit.com/codeplay/static/snap/pxsnap.html HTTP/1.0 Mozilla/5.0 (Windows NT 6.1; Win64; x64) AppleWebKit/537.36 (KHTML, like Gecko) Chrome/69.0.3497.100 Safari/537.36]
[2018-10-24T15:05:32.750] [INFO] default - [undefined GET /codeplay/static/snap/FileSaver.min.js 304 2ms][http://www.manykit.com/codeplay/static/snap/pxsnap.html HTTP/1.0 Mozilla/5.0 (Windows NT 6.1; Win64; x64) AppleWebKit/537.36 (KHTML, like Gecko) Chrome/69.0.3497.100 Safari/537.36]
[2018-10-24T15:05:32.751] [INFO] default - [undefined GET /codeplay/static/snap/manykit/base64.js 304 2ms][http://www.manykit.com/codeplay/static/snap/pxsnap.html HTTP/1.0 Mozilla/5.0 (Windows NT 6.1; Win64; x64) AppleWebKit/537.36 (KHTML, like Gecko) Chrome/69.0.3497.100 Safari/537.36]
[2018-10-24T15:05:32.794] [INFO] default - [undefined GET /codeplay/static/snap/manykit/close.png 200 2ms][http://www.manykit.com/codeplay/static/snap/pxsnap.html HTTP/1.0 Mozilla/5.0 (Windows NT 6.1; Win64; x64) AppleWebKit/537.36 (KHTML, like Gecko) Chrome/69.0.3497.100 Safari/537.36]
[2018-10-24T15:05:32.959] [INFO] default - [undefined GET /codeplay/static/snap/manykit/code.html 200 2ms][http://www.manykit.com/codeplay/static/snap/pxsnap.html HTTP/1.0 Mozilla/5.0 (Windows NT 6.1; Win64; x64) AppleWebKit/537.36 (KHTML, like Gecko) Chrome/69.0.3497.100 Safari/537.36]
[2018-10-24T15:05:33.242] [INFO] default - [undefined GET /res/verify 304 2ms][http://www.manykit.com/codeplay/static/snap/pxsnap.html HTTP/1.0 Mozilla/5.0 (Windows NT 6.1; Win64; x64) AppleWebKit/537.36 (KHTML, like Gecko) Chrome/69.0.3497.100 Safari/537.36]
[2018-10-24T15:05:33.282] [INFO] default - [undefined GET /res/snaplogin?username=loki&password=123123 304 2ms][http://www.manykit.com/codeplay/static/snap/pxsnap.html HTTP/1.0 Mozilla/5.0 (Windows NT 6.1; Win64; x64) AppleWebKit/537.36 (KHTML, like Gecko) Chrome/69.0.3497.100 Safari/537.36]
[2018-10-24T15:05:33.574] [INFO] default - [undefined GET /codeplay/static/snap/lang-zh_CN.js 304 2ms][http://www.manykit.com/codeplay/static/snap/pxsnap.html HTTP/1.0 Mozilla/5.0 (Windows NT 6.1; Win64; x64) AppleWebKit/537.36 (KHTML, like Gecko) Chrome/69.0.3497.100 Safari/537.36]
[2018-10-24T15:05:33.792] [INFO] default - [undefined GET /codeplay/static/snap/manykit/lang-zh_CN.js 304 1ms][http://www.manykit.com/codeplay/static/snap/pxsnap.html HTTP/1.0 Mozilla/5.0 (Windows NT 6.1; Win64; x64) AppleWebKit/537.36 (KHTML, like Gecko) Chrome/69.0.3497.100 Safari/537.36]
[2018-10-24T15:09:45.075] [INFO] default - [::1 POST /res/login 200 3ms][ HTTP/1.0 undefined]
[2018-10-24T15:12:56.805] [INFO] default - [undefined GET /codeplay/static/css/app.cded7df1281f156cd8f563a6feb44ac1.css 304 3ms][http://www.manykit.com/codeplay/ HTTP/1.0 Mozilla/5.0 (Windows NT 6.1; Win64; x64) AppleWebKit/537.36 (KHTML, like Gecko) Chrome/69.0.3497.100 Safari/537.36]
[2018-10-24T15:12:56.810] [INFO] default - [undefined GET /codeplay/static/snap/manykit/styles/monokai-sublime.css 304 6ms][http://www.manykit.com/codeplay/static/snap/pxsnap.html HTTP/1.0 Mozilla/5.0 (Windows NT 6.1; Win64; x64) AppleWebKit/537.36 (KHTML, like Gecko) Chrome/69.0.3497.100 Safari/537.36]
[2018-10-24T15:12:56.811] [INFO] default - [undefined GET /codeplay/static/snap/manykit/prism.css 304 3ms][http://www.manykit.com/codeplay/static/snap/pxsnap.html HTTP/1.0 Mozilla/5.0 (Windows NT 6.1; Win64; x64) AppleWebKit/537.36 (KHTML, like Gecko) Chrome/69.0.3497.100 Safari/537.36]
[2018-10-24T15:12:56.833] [INFO] default - [undefined GET /codeplay/static/js/app.3f0756b0bc4939c13738.js.map 200 18ms][ HTTP/1.0 Mozilla/5.0 (Windows NT 6.1; Win64; x64) AppleWebKit/537.36 (KHTML, like Gecko) Chrome/69.0.3497.100 Safari/537.36]
[2018-10-24T15:12:56.860] [INFO] default - [undefined GET /codeplay/static/js/35.0f6f6f0aed7b95746677.js.map 200 11ms][ HTTP/1.0 Mozilla/5.0 (Windows NT 6.1; Win64; x64) AppleWebKit/537.36 (KHTML, like Gecko) Chrome/69.0.3497.100 Safari/537.36]
[2018-10-24T15:12:57.001] [INFO] default - [undefined GET /codeplay/static/css/app.cded7df1281f156cd8f563a6feb44ac1.css.map 200 67ms][ HTTP/1.0 Mozilla/5.0 (Windows NT 6.1; Win64; x64) AppleWebKit/537.36 (KHTML, like Gecko) Chrome/69.0.3497.100 Safari/537.36]
[2018-10-24T15:57:09.190] [INFO] default - [::ffff:127.0.0.1 GET /res/filelist 500 2ms][ HTTP/1.0 Mozilla/5.0 (iPhone; CPU iPhone OS 9_3_4 like Mac OS X) AppleWebKit/601.1.46 (KHTML, like Gecko) Mobile/13G35 QQ/6.5.3.410 V1_IPH_SQ_6.5.3_1_APP_A Pixel/750 Core/UIWebView NetType/2G Mem/117]
[2018-10-24T15:57:10.690] [INFO] default - [::1 GET /toycar 301 1ms][ HTTP/1.0 Mozilla/5.0 (iPhone; CPU iPhone OS 9_3_4 like Mac OS X) AppleWebKit/601.1.46 (KHTML, like Gecko) Mobile/13G35 QQ/6.5.3.410 V1_IPH_SQ_6.5.3_1_APP_A Pixel/750 Core/UIWebView NetType/2G Mem/117]
[2018-10-24T15:57:10.767] [INFO] default - [undefined GET /toycar/ 200 2ms][http://www.manykit.com/toycar HTTP/1.0 Mozilla/5.0 (iPhone; CPU iPhone OS 9_3_4 like Mac OS X) AppleWebKit/601.1.46 (KHTML, like Gecko) Mobile/13G35 QQ/6.5.3.410 V1_IPH_SQ_6.5.3_1_APP_A Pixel/750 Core/UIWebView NetType/2G Mem/117]
[2018-10-24T15:59:19.459] [INFO] default - [::1 OPTIONS /res/login 500 3ms][ HTTP/1.0 Mozilla/5.0 (Windows NT 10.0; Win64; x64) AppleWebKit/537.36 (KHTML, like Gecko) Chrome/70.0.3538.67 Safari/537.36]
[2018-10-24T16:03:53.438] [INFO] default - [::ffff:127.0.0.1 OPTIONS /res/login 500 1ms][ HTTP/1.0 Mozilla/5.0 (Windows NT 10.0; Win64; x64) AppleWebKit/537.36 (KHTML, like Gecko) Chrome/70.0.3538.67 Safari/537.36]
[2018-10-24T16:05:49.837] [INFO] default - [::1 OPTIONS /res/login 500 2ms][ HTTP/1.0 Mozilla/5.0 (Windows NT 10.0; Win64; x64) AppleWebKit/537.36 (KHTML, like Gecko) Chrome/70.0.3538.67 Safari/537.36]
[2018-10-24T16:06:02.019] [INFO] default - [::ffff:127.0.0.1 OPTIONS /res/login 500 2ms][ HTTP/1.0 Mozilla/5.0 (Windows NT 10.0; Win64; x64) AppleWebKit/537.36 (KHTML, like Gecko) Chrome/70.0.3538.67 Safari/537.36]
[2018-10-24T16:06:32.975] [INFO] default - [::1 POST /api/material/modulelist 200 3ms][http://www.manykit.com/ HTTP/1.0 Mozilla/5.0 (Windows NT 10.0; Win64; x64) AppleWebKit/537.36 (KHTML, like Gecko) Chrome/70.0.3538.67 Safari/537.36]
[2018-10-24T16:06:33.313] [INFO] default - [::ffff:127.0.0.1 POST /res/filelist 200 164ms][http://www.manykit.com/ HTTP/1.0 Mozilla/5.0 (Windows NT 10.0; Win64; x64) AppleWebKit/537.36 (KHTML, like Gecko) Chrome/70.0.3538.67 Safari/537.36]
[2018-10-24T16:06:34.964] [INFO] default - [undefined GET /static/images/c39c4650-d02b-11e8-b472-73f501acc6c420UVPU.png 304 2ms][http://www.manykit.com/ HTTP/1.0 Mozilla/5.0 (Windows NT 10.0; Win64; x64) AppleWebKit/537.36 (KHTML, like Gecko) Chrome/70.0.3538.67 Safari/537.36]
[2018-10-24T16:06:35.022] [INFO] default - [undefined GET /static/images/5e784bd0-ceb3-11e8-b0dd-b59eb6c2d87fVJGdhz.png 304 2ms][http://www.manykit.com/ HTTP/1.0 Mozilla/5.0 (Windows NT 10.0; Win64; x64) AppleWebKit/537.36 (KHTML, like Gecko) Chrome/70.0.3538.67 Safari/537.36]
[2018-10-24T16:06:35.067] [INFO] default - [undefined GET /static/images/4405ba30-d02a-11e8-b472-73f501acc6c4QdUhWK.png 304 1ms][http://www.manykit.com/ HTTP/1.0 Mozilla/5.0 (Windows NT 10.0; Win64; x64) AppleWebKit/537.36 (KHTML, like Gecko) Chrome/70.0.3538.67 Safari/537.36]
[2018-10-24T16:06:35.121] [INFO] default - [undefined GET /static/images/91bb86b0-d02a-11e8-b472-73f501acc6c4fjyFvO.png 304 1ms][http://www.manykit.com/ HTTP/1.0 Mozilla/5.0 (Windows NT 10.0; Win64; x64) AppleWebKit/537.36 (KHTML, like Gecko) Chrome/70.0.3538.67 Safari/537.36]
[2018-10-24T16:06:35.175] [INFO] default - [undefined GET /static/images/f963b600-d02c-11e8-8f91-455df81aec64XDgqFR.png 304 1ms][http://www.manykit.com/ HTTP/1.0 Mozilla/5.0 (Windows NT 10.0; Win64; x64) AppleWebKit/537.36 (KHTML, like Gecko) Chrome/70.0.3538.67 Safari/537.36]
[2018-10-24T16:06:35.476] [INFO] default - [undefined GET /res/verify 304 1ms][http://www.manykit.com/ HTTP/1.0 Mozilla/5.0 (Windows NT 10.0; Win64; x64) AppleWebKit/537.36 (KHTML, like Gecko) Chrome/70.0.3538.67 Safari/537.36]
[2018-10-24T16:06:35.478] [INFO] default - [undefined GET /codeplay/ 304 2ms][http://www.manykit.com/ HTTP/1.0 Mozilla/5.0 (Windows NT 10.0; Win64; x64) AppleWebKit/537.36 (KHTML, like Gecko) Chrome/70.0.3538.67 Safari/537.36]
[2018-10-24T16:06:35.607] [INFO] default - [undefined GET /codeplay/static/css/app.cded7df1281f156cd8f563a6feb44ac1.css 304 2ms][http://www.manykit.com/codeplay/ HTTP/1.0 Mozilla/5.0 (Windows NT 10.0; Win64; x64) AppleWebKit/537.36 (KHTML, like Gecko) Chrome/70.0.3538.67 Safari/537.36]
[2018-10-24T16:06:35.617] [INFO] default - [undefined GET /codeplay/static/js/manifest.785b66c285d8b7048746.js 304 2ms][http://www.manykit.com/codeplay/ HTTP/1.0 Mozilla/5.0 (Windows NT 10.0; Win64; x64) AppleWebKit/537.36 (KHTML, like Gecko) Chrome/70.0.3538.67 Safari/537.36]
[2018-10-24T16:06:35.618] [INFO] default - [undefined GET /codeplay/static/js/vendor.93538bf508ed5f4069e2.js 304 2ms][http://www.manykit.com/codeplay/ HTTP/1.0 Mozilla/5.0 (Windows NT 10.0; Win64; x64) AppleWebKit/537.36 (KHTML, like Gecko) Chrome/70.0.3538.67 Safari/537.36]
[2018-10-24T16:06:35.618] [INFO] default - [undefined GET /codeplay/static/js/app.3f0756b0bc4939c13738.js 304 2ms][http://www.manykit.com/codeplay/ HTTP/1.0 Mozilla/5.0 (Windows NT 10.0; Win64; x64) AppleWebKit/537.36 (KHTML, like Gecko) Chrome/70.0.3538.67 Safari/537.36]
[2018-10-24T16:06:35.818] [INFO] default - [undefined GET /codeplay/static/js/0.aaa689a23396e7f20311.js 304 2ms][http://www.manykit.com/codeplay/ HTTP/1.0 Mozilla/5.0 (Windows NT 10.0; Win64; x64) AppleWebKit/537.36 (KHTML, like Gecko) Chrome/70.0.3538.67 Safari/537.36]
[2018-10-24T16:06:35.818] [INFO] default - [undefined GET /codeplay/static/js/6.de878bba405860d223d9.js 304 1ms][http://www.manykit.com/codeplay/ HTTP/1.0 Mozilla/5.0 (Windows NT 10.0; Win64; x64) AppleWebKit/537.36 (KHTML, like Gecko) Chrome/70.0.3538.67 Safari/537.36]
[2018-10-24T16:06:35.818] [INFO] default - [undefined GET /codeplay/static/js/8.604ea9d35740161ac5ee.js 304 1ms][http://www.manykit.com/codeplay/ HTTP/1.0 Mozilla/5.0 (Windows NT 10.0; Win64; x64) AppleWebKit/537.36 (KHTML, like Gecko) Chrome/70.0.3538.67 Safari/537.36]
[2018-10-24T16:06:35.964] [INFO] default - [undefined GET /codeplay/static/right.png 304 9ms][http://www.manykit.com/codeplay/ HTTP/1.0 Mozilla/5.0 (Windows NT 10.0; Win64; x64) AppleWebKit/537.36 (KHTML, like Gecko) Chrome/70.0.3538.67 Safari/537.36]
[2018-10-24T16:06:35.965] [INFO] default - [undefined GET /res/verify 304 5ms][http://www.manykit.com/codeplay/ HTTP/1.0 Mozilla/5.0 (Windows NT 10.0; Win64; x64) AppleWebKit/537.36 (KHTML, like Gecko) Chrome/70.0.3538.67 Safari/537.36]
[2018-10-24T16:06:35.967] [INFO] default - [undefined GET /codeplay/static/left-up.png 304 9ms][http://www.manykit.com/codeplay/ HTTP/1.0 Mozilla/5.0 (Windows NT 10.0; Win64; x64) AppleWebKit/537.36 (KHTML, like Gecko) Chrome/70.0.3538.67 Safari/537.36]
[2018-10-24T16:06:35.968] [INFO] default - [undefined GET /codeplay/static/1.png 304 9ms][http://www.manykit.com/codeplay/ HTTP/1.0 Mozilla/5.0 (Windows NT 10.0; Win64; x64) AppleWebKit/537.36 (KHTML, like Gecko) Chrome/70.0.3538.67 Safari/537.36]
[2018-10-24T16:06:35.968] [INFO] default - [undefined GET /codeplay/static/img/book2.7c65446.png 304 10ms][http://www.manykit.com/codeplay/ HTTP/1.0 Mozilla/5.0 (Windows NT 10.0; Win64; x64) AppleWebKit/537.36 (KHTML, like Gecko) Chrome/70.0.3538.67 Safari/537.36]
[2018-10-24T16:06:35.969] [INFO] default - [undefined GET /codeplay/static/img/book1.a3bcb0f.png 304 11ms][http://www.manykit.com/codeplay/ HTTP/1.0 Mozilla/5.0 (Windows NT 10.0; Win64; x64) AppleWebKit/537.36 (KHTML, like Gecko) Chrome/70.0.3538.67 Safari/537.36]
[2018-10-24T16:06:35.970] [INFO] default - [undefined GET /codeplay/static/img/book3.5c42697.png 304 9ms][http://www.manykit.com/codeplay/ HTTP/1.0 Mozilla/5.0 (Windows NT 10.0; Win64; x64) AppleWebKit/537.36 (KHTML, like Gecko) Chrome/70.0.3538.67 Safari/537.36]
[2018-10-24T16:06:36.131] [INFO] default - [::1 POST /res/filelist 200 169ms][http://www.manykit.com/codeplay/ HTTP/1.0 Mozilla/5.0 (Windows NT 10.0; Win64; x64) AppleWebKit/537.36 (KHTML, like Gecko) Chrome/70.0.3538.67 Safari/537.36]
[2018-10-24T16:06:36.286] [INFO] default - [::1 POST /res/filelist 200 120ms][http://www.manykit.com/codeplay/ HTTP/1.0 Mozilla/5.0 (Windows NT 10.0; Win64; x64) AppleWebKit/537.36 (KHTML, like Gecko) Chrome/70.0.3538.67 Safari/537.36]
[2018-10-24T16:06:36.332] [INFO] default - [::ffff:127.0.0.1 GET /codeplay/static/img/book4.ed62f8a.png 304 164ms][http://www.manykit.com/codeplay/ HTTP/1.0 Mozilla/5.0 (Windows NT 10.0; Win64; x64) AppleWebKit/537.36 (KHTML, like Gecko) Chrome/70.0.3538.67 Safari/537.36]
[2018-10-24T16:06:36.333] [INFO] default - [::1 GET /codeplay/static/img/shopbook.88b0b0d.png 304 165ms][http://www.manykit.com/codeplay/ HTTP/1.0 Mozilla/5.0 (Windows NT 10.0; Win64; x64) AppleWebKit/537.36 (KHTML, like Gecko) Chrome/70.0.3538.67 Safari/537.36]
[2018-10-24T16:06:36.334] [INFO] default - [::ffff:127.0.0.1 GET /codeplay/static/img/qr_code01.1707b53.jpg 304 165ms][http://www.manykit.com/codeplay/ HTTP/1.0 Mozilla/5.0 (Windows NT 10.0; Win64; x64) AppleWebKit/537.36 (KHTML, like Gecko) Chrome/70.0.3538.67 Safari/537.36]
[2018-10-24T16:06:36.335] [INFO] default - [::1 GET /codeplay/static/img/qr_code02.f1cd7b4.jpg 304 165ms][http://www.manykit.com/codeplay/ HTTP/1.0 Mozilla/5.0 (Windows NT 10.0; Win64; x64) AppleWebKit/537.36 (KHTML, like Gecko) Chrome/70.0.3538.67 Safari/537.36]
[2018-10-24T16:06:37.750] [INFO] default - [undefined GET /codeplay/static/css/app.cded7df1281f156cd8f563a6feb44ac1.css 304 2ms][http://www.manykit.com/codeplay/ HTTP/1.0 Mozilla/5.0 (Windows NT 10.0; Win64; x64) AppleWebKit/537.36 (KHTML, like Gecko) Chrome/70.0.3538.67 Safari/537.36]
[2018-10-24T16:06:37.805] [INFO] default - [undefined GET /codeplay/static/js/manifest.785b66c285d8b7048746.js.map 200 3ms][ HTTP/1.0 Mozilla/5.0 (Windows NT 10.0; Win64; x64) AppleWebKit/537.36 (KHTML, like Gecko) Chrome/70.0.3538.67 Safari/537.36]
[2018-10-24T16:06:37.813] [INFO] default - [undefined GET /codeplay/static/js/app.3f0756b0bc4939c13738.js.map 200 4ms][ HTTP/1.0 Mozilla/5.0 (Windows NT 10.0; Win64; x64) AppleWebKit/537.36 (KHTML, like Gecko) Chrome/70.0.3538.67 Safari/537.36]
[2018-10-24T16:06:37.827] [INFO] default - [undefined GET /codeplay/static/js/vendor.93538bf508ed5f4069e2.js.map 200 29ms][ HTTP/1.0 Mozilla/5.0 (Windows NT 10.0; Win64; x64) AppleWebKit/537.36 (KHTML, like Gecko) Chrome/70.0.3538.67 Safari/537.36]
[2018-10-24T16:06:37.834] [INFO] default - [undefined GET /codeplay/static/js/8.604ea9d35740161ac5ee.js.map 200 25ms][ HTTP/1.0 Mozilla/5.0 (Windows NT 10.0; Win64; x64) AppleWebKit/537.36 (KHTML, like Gecko) Chrome/70.0.3538.67 Safari/537.36]
[2018-10-24T16:06:37.862] [INFO] default - [undefined GET /codeplay/static/js/6.de878bba405860d223d9.js.map 200 47ms][ HTTP/1.0 Mozilla/5.0 (Windows NT 10.0; Win64; x64) AppleWebKit/537.36 (KHTML, like Gecko) Chrome/70.0.3538.67 Safari/537.36]
[2018-10-24T16:06:37.868] [INFO] default - [::1 GET /codeplay/static/css/app.cded7df1281f156cd8f563a6feb44ac1.css.map 200 8ms][ HTTP/1.0 Mozilla/5.0 (Windows NT 10.0; Win64; x64) AppleWebKit/537.36 (KHTML, like Gecko) Chrome/70.0.3538.67 Safari/537.36]
[2018-10-24T16:06:37.908] [INFO] default - [undefined GET /codeplay/static/js/0.aaa689a23396e7f20311.js.map 200 92ms][ HTTP/1.0 Mozilla/5.0 (Windows NT 10.0; Win64; x64) AppleWebKit/537.36 (KHTML, like Gecko) Chrome/70.0.3538.67 Safari/537.36]
[2018-10-24T16:06:44.710] [INFO] default - [::ffff:127.0.0.1 POST /res/login 200 8ms][http://www.manykit.com/codeplay/ HTTP/1.0 Mozilla/5.0 (Windows NT 10.0; Win64; x64) AppleWebKit/537.36 (KHTML, like Gecko) Chrome/70.0.3538.67 Safari/537.36]
[2018-10-24T16:06:44.771] [INFO] default - [::1 GET /res/verify 200 5ms][http://www.manykit.com/codeplay/ HTTP/1.0 Mozilla/5.0 (Windows NT 10.0; Win64; x64) AppleWebKit/537.36 (KHTML, like Gecko) Chrome/70.0.3538.67 Safari/537.36]
[2018-10-24T16:11:42.207] [INFO] default - [::ffff:127.0.0.1 OPTIONS /res/login 500 2ms][ HTTP/1.0 Mozilla/5.0 (Windows NT 10.0; Win64; x64) AppleWebKit/537.36 (KHTML, like Gecko) Chrome/70.0.3538.67 Safari/537.36]
[2018-10-24T16:14:08.002] [INFO] default - [::1 OPTIONS /res/login 500 2ms][ HTTP/1.0 Mozilla/5.0 (Windows NT 10.0; Win64; x64) AppleWebKit/537.36 (KHTML, like Gecko) Chrome/70.0.3538.67 Safari/537.36]
[2018-10-24T16:19:31.005] [INFO] default - [::ffff:127.0.0.1 OPTIONS /res/login 500 3ms][ HTTP/1.0 Mozilla/5.0 (Windows NT 10.0; Win64; x64) AppleWebKit/537.36 (KHTML, like Gecko) Chrome/70.0.3538.67 Safari/537.36]
[2018-10-24T16:28:12.395] [INFO] default - [::1 OPTIONS /res/login 500 2ms][ HTTP/1.0 Mozilla/5.0 (Windows NT 10.0; Win64; x64) AppleWebKit/537.36 (KHTML, like Gecko) Chrome/70.0.3538.67 Safari/537.36]
[2018-10-24T16:28:28.807] [INFO] default - [::ffff:127.0.0.1 OPTIONS /res/login 500 3ms][ HTTP/1.0 Mozilla/5.0 (Windows NT 10.0; Win64; x64) AppleWebKit/537.36 (KHTML, like Gecko) Chrome/70.0.3538.67 Safari/537.36]
[2018-10-24T16:28:54.572] [INFO] default - [::1 OPTIONS /res/login 500 2ms][ HTTP/1.0 Mozilla/5.0 (Windows NT 10.0; Win64; x64) AppleWebKit/537.36 (KHTML, like Gecko) Chrome/70.0.3538.67 Safari/537.36]
[2018-10-24T16:30:37.060] [INFO] default - [::ffff:127.0.0.1 OPTIONS /res/login 500 65ms][ HTTP/1.0 Mozilla/5.0 (Windows NT 10.0; Win64; x64) AppleWebKit/537.36 (KHTML, like Gecko) Chrome/70.0.3538.67 Safari/537.36]
[2018-10-24T16:33:06.589] [INFO] default - [::1 OPTIONS /res/login 500 2ms][ HTTP/1.0 Mozilla/5.0 (Windows NT 10.0; Win64; x64) AppleWebKit/537.36 (KHTML, like Gecko) Chrome/70.0.3538.67 Safari/537.36]
[2018-10-24T16:34:02.499] [INFO] default - [::ffff:127.0.0.1 OPTIONS /res/login 500 2ms][ HTTP/1.0 Mozilla/5.0 (Windows NT 10.0; Win64; x64) AppleWebKit/537.36 (KHTML, like Gecko) Chrome/70.0.3538.67 Safari/537.36]
[2018-10-24T16:38:31.069] [INFO] default - [::1 GET /model 301 306ms][ HTTP/1.0 Mozilla/5.0 (iPhone; CPU iPhone OS 9_3_4 like Mac OS X) AppleWebKit/601.1.46 (KHTML, like Gecko) Mobile/13G35 QQ/6.5.3.410 V1_IPH_SQ_6.5.3_1_APP_A Pixel/750 Core/UIWebView NetType/2G Mem/117]
[2018-10-24T16:38:31.216] [INFO] default - [undefined GET /model/ 200 82ms][http://www.manykit.com/model HTTP/1.0 Mozilla/5.0 (iPhone; CPU iPhone OS 9_3_4 like Mac OS X) AppleWebKit/601.1.46 (KHTML, like Gecko) Mobile/13G35 QQ/6.5.3.410 V1_IPH_SQ_6.5.3_1_APP_A Pixel/750 Core/UIWebView NetType/2G Mem/117]
[2018-10-24T16:38:43.578] [INFO] default - [::1 OPTIONS /res/login 500 2ms][ HTTP/1.0 Mozilla/5.0 (Windows NT 10.0; Win64; x64) AppleWebKit/537.36 (KHTML, like Gecko) Chrome/70.0.3538.67 Safari/537.36]
[2018-10-24T16:51:46.553] [INFO] default - [::ffff:127.0.0.1 POST /res/login 200 1679ms][http://localhost:9528/ HTTP/1.0 Mozilla/5.0 (Windows NT 10.0; Win64; x64) AppleWebKit/537.36 (KHTML, like Gecko) Chrome/70.0.3538.67 Safari/537.36]
[2018-10-24T16:54:23.478] [INFO] default - [::1 POST /res/login 200 44ms][http://localhost:9528/ HTTP/1.0 Mozilla/5.0 (Windows NT 10.0; Win64; x64) AppleWebKit/537.36 (KHTML, like Gecko) Chrome/70.0.3538.67 Safari/537.36]
[2018-10-24T16:54:38.129] [INFO] default - [::ffff:127.0.0.1 POST /res/login 200 1139ms][http://localhost:9528/ HTTP/1.0 Mozilla/5.0 (Windows NT 10.0; Win64; x64) AppleWebKit/537.36 (KHTML, like Gecko) Chrome/70.0.3538.67 Safari/537.36]
[2018-10-24T16:57:21.836] [INFO] default - [undefined GET /codeplay/ 304 224ms][http://www.manykit.com/ HTTP/1.0 Mozilla/5.0 (Windows NT 6.1; Win64; x64) AppleWebKit/537.36 (KHTML, like Gecko) Chrome/69.0.3497.100 Safari/537.36]
[2018-10-24T16:57:22.104] [INFO] default - [undefined GET /codeplay/static/js/manifest.785b66c285d8b7048746.js 304 102ms][http://www.manykit.com/codeplay/ HTTP/1.0 Mozilla/5.0 (Windows NT 6.1; Win64; x64) AppleWebKit/537.36 (KHTML, like Gecko) Chrome/69.0.3497.100 Safari/537.36]
[2018-10-24T16:57:22.107] [INFO] default - [undefined GET /codeplay/static/js/vendor.93538bf508ed5f4069e2.js 304 68ms][http://www.manykit.com/codeplay/ HTTP/1.0 Mozilla/5.0 (Windows NT 6.1; Win64; x64) AppleWebKit/537.36 (KHTML, like Gecko) Chrome/69.0.3497.100 Safari/537.36]
[2018-10-24T16:57:22.111] [INFO] default - [undefined GET /codeplay/static/css/app.cded7df1281f156cd8f563a6feb44ac1.css 304 146ms][http://www.manykit.com/codeplay/ HTTP/1.0 Mozilla/5.0 (Windows NT 6.1; Win64; x64) AppleWebKit/537.36 (KHTML, like Gecko) Chrome/69.0.3497.100 Safari/537.36]
[2018-10-24T16:57:22.112] [INFO] default - [undefined GET /codeplay/static/js/app.3f0756b0bc4939c13738.js 304 57ms][http://www.manykit.com/codeplay/ HTTP/1.0 Mozilla/5.0 (Windows NT 6.1; Win64; x64) AppleWebKit/537.36 (KHTML, like Gecko) Chrome/69.0.3497.100 Safari/537.36]
[2018-10-24T16:57:22.393] [INFO] default - [undefined GET /codeplay/static/js/35.0f6f6f0aed7b95746677.js 304 34ms][http://www.manykit.com/codeplay/ HTTP/1.0 Mozilla/5.0 (Windows NT 6.1; Win64; x64) AppleWebKit/537.36 (KHTML, like Gecko) Chrome/69.0.3497.100 Safari/537.36]
[2018-10-24T16:57:22.568] [INFO] default - [undefined GET /codeplay/static/snap/pxsnap.html 304 109ms][http://www.manykit.com/codeplay/ HTTP/1.0 Mozilla/5.0 (Windows NT 6.1; Win64; x64) AppleWebKit/537.36 (KHTML, like Gecko) Chrome/69.0.3497.100 Safari/537.36]
[2018-10-24T16:57:22.572] [INFO] default - [::1 POST /res/getfile 200 127ms][http://www.manykit.com/codeplay/ HTTP/1.0 Mozilla/5.0 (Windows NT 6.1; Win64; x64) AppleWebKit/537.36 (KHTML, like Gecko) Chrome/69.0.3497.100 Safari/537.36]
[2018-10-24T16:57:22.731] [INFO] default - [undefined GET /codeplay/static/snap/manykit/prism.css 304 84ms][http://www.manykit.com/codeplay/static/snap/pxsnap.html HTTP/1.0 Mozilla/5.0 (Windows NT 6.1; Win64; x64) AppleWebKit/537.36 (KHTML, like Gecko) Chrome/69.0.3497.100 Safari/537.36]
[2018-10-24T16:57:22.746] [INFO] default - [undefined GET /codeplay/static/snap/manykit/highlight.pack.js 304 101ms][http://www.manykit.com/codeplay/static/snap/pxsnap.html HTTP/1.0 Mozilla/5.0 (Windows NT 6.1; Win64; x64) AppleWebKit/537.36 (KHTML, like Gecko) Chrome/69.0.3497.100 Safari/537.36]
[2018-10-24T16:57:22.747] [INFO] default - [undefined GET /codeplay/static/snap/manykit/prism.js 304 25ms][http://www.manykit.com/codeplay/static/snap/pxsnap.html HTTP/1.0 Mozilla/5.0 (Windows NT 6.1; Win64; x64) AppleWebKit/537.36 (KHTML, like Gecko) Chrome/69.0.3497.100 Safari/537.36]
[2018-10-24T16:57:22.751] [INFO] default - [undefined GET /codeplay/static/snap/manykit/styles/monokai-sublime.css 304 110ms][http://www.manykit.com/codeplay/static/snap/pxsnap.html HTTP/1.0 Mozilla/5.0 (Windows NT 6.1; Win64; x64) AppleWebKit/537.36 (KHTML, like Gecko) Chrome/69.0.3497.100 Safari/537.36]
[2018-10-24T16:57:22.752] [INFO] default - [undefined GET /codeplay/static/snap/manykit/jquery-3.2.1.min.js 304 103ms][http://www.manykit.com/codeplay/static/snap/pxsnap.html HTTP/1.0 Mozilla/5.0 (Windows NT 6.1; Win64; x64) AppleWebKit/537.36 (KHTML, like Gecko) Chrome/69.0.3497.100 Safari/537.36]
[2018-10-24T16:57:22.759] [INFO] default - [undefined GET /codeplay/static/snap/morphic.js 304 50ms][http://www.manykit.com/codeplay/static/snap/pxsnap.html HTTP/1.0 Mozilla/5.0 (Windows NT 6.1; Win64; x64) AppleWebKit/537.36 (KHTML, like Gecko) Chrome/69.0.3497.100 Safari/537.36]
[2018-10-24T16:57:22.769] [INFO] default - [undefined GET /codeplay/static/snap/widgets.js 304 1ms][http://www.manykit.com/codeplay/static/snap/pxsnap.html HTTP/1.0 Mozilla/5.0 (Windows NT 6.1; Win64; x64) AppleWebKit/537.36 (KHTML, like Gecko) Chrome/69.0.3497.100 Safari/537.36]
[2018-10-24T16:57:22.880] [INFO] default - [undefined GET /codeplay/static/snap/manykit/blocks.js 304 58ms][http://www.manykit.com/codeplay/static/snap/pxsnap.html HTTP/1.0 Mozilla/5.0 (Windows NT 6.1; Win64; x64) AppleWebKit/537.36 (KHTML, like Gecko) Chrome/69.0.3497.100 Safari/537.36]
[2018-10-24T16:57:22.880] [INFO] default - [undefined GET /codeplay/static/snap/blocks.js 304 95ms][http://www.manykit.com/codeplay/static/snap/pxsnap.html HTTP/1.0 Mozilla/5.0 (Windows NT 6.1; Win64; x64) AppleWebKit/537.36 (KHTML, like Gecko) Chrome/69.0.3497.100 Safari/537.36]
[2018-10-24T16:57:22.933] [INFO] default - [undefined GET /codeplay/static/snap/manykit/arduino.js 304 108ms][http://www.manykit.com/codeplay/static/snap/pxsnap.html HTTP/1.0 Mozilla/5.0 (Windows NT 6.1; Win64; x64) AppleWebKit/537.36 (KHTML, like Gecko) Chrome/69.0.3497.100 Safari/537.36]
[2018-10-24T16:57:22.934] [INFO] default - [undefined GET /codeplay/static/snap/manykit/threads.js 304 108ms][http://www.manykit.com/codeplay/static/snap/pxsnap.html HTTP/1.0 Mozilla/5.0 (Windows NT 6.1; Win64; x64) AppleWebKit/537.36 (KHTML, like Gecko) Chrome/69.0.3497.100 Safari/537.36]
[2018-10-24T16:57:22.936] [INFO] default - [undefined GET /codeplay/static/snap/threads.js 304 111ms][http://www.manykit.com/codeplay/static/snap/pxsnap.html HTTP/1.0 Mozilla/5.0 (Windows NT 6.1; Win64; x64) AppleWebKit/537.36 (KHTML, like Gecko) Chrome/69.0.3497.100 Safari/537.36]
[2018-10-24T16:57:22.936] [INFO] default - [undefined GET /codeplay/static/snap/objects.js 304 110ms][http://www.manykit.com/codeplay/static/snap/pxsnap.html HTTP/1.0 Mozilla/5.0 (Windows NT 6.1; Win64; x64) AppleWebKit/537.36 (KHTML, like Gecko) Chrome/69.0.3497.100 Safari/537.36]
[2018-10-24T16:57:22.983] [INFO] default - [undefined GET /codeplay/static/snap/manykit/gui.js 304 3ms][http://www.manykit.com/codeplay/static/snap/pxsnap.html HTTP/1.0 Mozilla/5.0 (Windows NT 6.1; Win64; x64) AppleWebKit/537.36 (KHTML, like Gecko) Chrome/69.0.3497.100 Safari/537.36]
[2018-10-24T16:57:23.031] [INFO] default - [undefined GET /codeplay/static/snap/gui.js 304 52ms][http://www.manykit.com/codeplay/static/snap/pxsnap.html HTTP/1.0 Mozilla/5.0 (Windows NT 6.1; Win64; x64) AppleWebKit/537.36 (KHTML, like Gecko) Chrome/69.0.3497.100 Safari/537.36]
[2018-10-24T16:57:23.031] [INFO] default - [undefined GET /codeplay/static/snap/manykit/objects.js 304 51ms][http://www.manykit.com/codeplay/static/snap/pxsnap.html HTTP/1.0 Mozilla/5.0 (Windows NT 6.1; Win64; x64) AppleWebKit/537.36 (KHTML, like Gecko) Chrome/69.0.3497.100 Safari/537.36]
[2018-10-24T16:57:23.032] [INFO] default - [undefined GET /codeplay/static/snap/lists.js 304 52ms][http://www.manykit.com/codeplay/static/snap/pxsnap.html HTTP/1.0 Mozilla/5.0 (Windows NT 6.1; Win64; x64) AppleWebKit/537.36 (KHTML, like Gecko) Chrome/69.0.3497.100 Safari/537.36]
[2018-10-24T16:57:23.033] [INFO] default - [undefined GET /codeplay/static/snap/byob.js 304 52ms][http://www.manykit.com/codeplay/static/snap/pxsnap.html HTTP/1.0 Mozilla/5.0 (Windows NT 6.1; Win64; x64) AppleWebKit/537.36 (KHTML, like Gecko) Chrome/69.0.3497.100 Safari/537.36]
[2018-10-24T16:57:23.033] [INFO] default - [undefined GET /codeplay/static/snap/paint.js 304 52ms][http://www.manykit.com/codeplay/static/snap/pxsnap.html HTTP/1.0 Mozilla/5.0 (Windows NT 6.1; Win64; x64) AppleWebKit/537.36 (KHTML, like Gecko) Chrome/69.0.3497.100 Safari/537.36]
[2018-10-24T16:57:23.036] [INFO] default - [undefined GET /codeplay/static/snap/tables.js 304 7ms][http://www.manykit.com/codeplay/static/snap/pxsnap.html HTTP/1.0 Mozilla/5.0 (Windows NT 6.1; Win64; x64) AppleWebKit/537.36 (KHTML, like Gecko) Chrome/69.0.3497.100 Safari/537.36]
[2018-10-24T16:57:23.068] [INFO] default - [undefined GET /codeplay/static/snap/store.js 304 3ms][http://www.manykit.com/codeplay/static/snap/pxsnap.html HTTP/1.0 Mozilla/5.0 (Windows NT 6.1; Win64; x64) AppleWebKit/537.36 (KHTML, like Gecko) Chrome/69.0.3497.100 Safari/537.36]
[2018-10-24T16:57:23.072] [INFO] default - [undefined GET /codeplay/static/snap/xml.js 304 5ms][http://www.manykit.com/codeplay/static/snap/pxsnap.html HTTP/1.0 Mozilla/5.0 (Windows NT 6.1; Win64; x64) AppleWebKit/537.36 (KHTML, like Gecko) Chrome/69.0.3497.100 Safari/537.36]
[2018-10-24T16:57:23.073] [INFO] default - [undefined GET /codeplay/static/snap/symbols.js 304 4ms][http://www.manykit.com/codeplay/static/snap/pxsnap.html HTTP/1.0 Mozilla/5.0 (Windows NT 6.1; Win64; x64) AppleWebKit/537.36 (KHTML, like Gecko) Chrome/69.0.3497.100 Safari/537.36]
[2018-10-24T16:57:23.075] [INFO] default - [undefined GET /codeplay/static/snap/locale.js 304 4ms][http://www.manykit.com/codeplay/static/snap/pxsnap.html HTTP/1.0 Mozilla/5.0 (Windows NT 6.1; Win64; x64) AppleWebKit/537.36 (KHTML, like Gecko) Chrome/69.0.3497.100 Safari/537.36]
[2018-10-24T16:57:23.076] [INFO] default - [undefined GET /codeplay/static/snap/manykit/locale.js 304 4ms][http://www.manykit.com/codeplay/static/snap/pxsnap.html HTTP/1.0 Mozilla/5.0 (Windows NT 6.1; Win64; x64) AppleWebKit/537.36 (KHTML, like Gecko) Chrome/69.0.3497.100 Safari/537.36]
[2018-10-24T16:57:23.139] [INFO] default - [undefined GET /codeplay/static/snap/manykit/cloud.js 304 5ms][http://www.manykit.com/codeplay/static/snap/pxsnap.html HTTP/1.0 Mozilla/5.0 (Windows NT 6.1; Win64; x64) AppleWebKit/537.36 (KHTML, like Gecko) Chrome/69.0.3497.100 Safari/537.36]
[2018-10-24T16:57:23.140] [INFO] default - [undefined GET /codeplay/static/snap/FileSaver.min.js 304 4ms][http://www.manykit.com/codeplay/static/snap/pxsnap.html HTTP/1.0 Mozilla/5.0 (Windows NT 6.1; Win64; x64) AppleWebKit/537.36 (KHTML, like Gecko) Chrome/69.0.3497.100 Safari/537.36]
[2018-10-24T16:57:23.141] [INFO] default - [undefined GET /codeplay/static/snap/manykit/base64.js 304 5ms][http://www.manykit.com/codeplay/static/snap/pxsnap.html HTTP/1.0 Mozilla/5.0 (Windows NT 6.1; Win64; x64) AppleWebKit/537.36 (KHTML, like Gecko) Chrome/69.0.3497.100 Safari/537.36]
[2018-10-24T16:57:23.142] [INFO] default - [undefined GET /codeplay/static/snap/manykit/close.png 304 5ms][http://www.manykit.com/codeplay/static/snap/pxsnap.html HTTP/1.0 Mozilla/5.0 (Windows NT 6.1; Win64; x64) AppleWebKit/537.36 (KHTML, like Gecko) Chrome/69.0.3497.100 Safari/537.36]
[2018-10-24T16:57:23.142] [INFO] default - [undefined GET /codeplay/static/snap/cloud.js 304 66ms][http://www.manykit.com/codeplay/static/snap/pxsnap.html HTTP/1.0 Mozilla/5.0 (Windows NT 6.1; Win64; x64) AppleWebKit/537.36 (KHTML, like Gecko) Chrome/69.0.3497.100 Safari/537.36]
[2018-10-24T16:57:23.283] [INFO] default - [undefined GET /codeplay/static/snap/sha512.js 304 8ms][http://www.manykit.com/codeplay/static/snap/pxsnap.html HTTP/1.0 Mozilla/5.0 (Windows NT 6.1; Win64; x64) AppleWebKit/537.36 (KHTML, like Gecko) Chrome/69.0.3497.100 Safari/537.36]
[2018-10-24T16:57:23.287] [INFO] default - [undefined GET /codeplay/static/snap/manykit/code.html 304 2ms][http://www.manykit.com/codeplay/static/snap/pxsnap.html HTTP/1.0 Mozilla/5.0 (Windows NT 6.1; Win64; x64) AppleWebKit/537.36 (KHTML, like Gecko) Chrome/69.0.3497.100 Safari/537.36]
[2018-10-24T16:57:23.643] [INFO] default - [::1 GET /res/verify 304 65ms][http://www.manykit.com/codeplay/static/snap/pxsnap.html HTTP/1.0 Mozilla/5.0 (Windows NT 6.1; Win64; x64) AppleWebKit/537.36 (KHTML, like Gecko) Chrome/69.0.3497.100 Safari/537.36]
[2018-10-24T16:57:23.731] [INFO] default - [undefined GET /res/snaplogin?username=loki&password=123123 304 35ms][http://www.manykit.com/codeplay/static/snap/pxsnap.html HTTP/1.0 Mozilla/5.0 (Windows NT 6.1; Win64; x64) AppleWebKit/537.36 (KHTML, like Gecko) Chrome/69.0.3497.100 Safari/537.36]
[2018-10-24T16:57:24.375] [INFO] default - [undefined GET /codeplay/static/snap/manykit/bianchengwan.ico 304 2ms][http://www.manykit.com/codeplay/static/snap/pxsnap.html HTTP/1.0 Mozilla/5.0 (Windows NT 6.1; Win64; x64) AppleWebKit/537.36 (KHTML, like Gecko) Chrome/69.0.3497.100 Safari/537.36]
[2018-10-24T16:57:31.171] [INFO] default - [::ffff:127.0.0.1 POST /res/login 200 55ms][ HTTP/1.0 undefined]
[2018-10-24T16:57:37.420] [INFO] default - [undefined GET /codeplay/static/css/app.cded7df1281f156cd8f563a6feb44ac1.css 304 2ms][http://www.manykit.com/codeplay/ HTTP/1.0 Mozilla/5.0 (Windows NT 6.1; Win64; x64) AppleWebKit/537.36 (KHTML, like Gecko) Chrome/69.0.3497.100 Safari/537.36]
[2018-10-24T16:57:37.423] [INFO] default - [undefined GET /codeplay/static/snap/manykit/styles/monokai-sublime.css 304 3ms][http://www.manykit.com/codeplay/static/snap/pxsnap.html HTTP/1.0 Mozilla/5.0 (Windows NT 6.1; Win64; x64) AppleWebKit/537.36 (KHTML, like Gecko) Chrome/69.0.3497.100 Safari/537.36]
[2018-10-24T16:57:37.423] [INFO] default - [undefined GET /codeplay/static/snap/manykit/prism.css 304 2ms][http://www.manykit.com/codeplay/static/snap/pxsnap.html HTTP/1.0 Mozilla/5.0 (Windows NT 6.1; Win64; x64) AppleWebKit/537.36 (KHTML, like Gecko) Chrome/69.0.3497.100 Safari/537.36]
[2018-10-24T16:57:37.427] [INFO] default - [undefined GET /codeplay/static/js/manifest.785b66c285d8b7048746.js.map 304 2ms][ HTTP/1.0 Mozilla/5.0 (Windows NT 6.1; Win64; x64) AppleWebKit/537.36 (KHTML, like Gecko) Chrome/69.0.3497.100 Safari/537.36]
[2018-10-24T16:57:37.440] [INFO] default - [undefined GET /codeplay/static/js/app.3f0756b0bc4939c13738.js.map 304 2ms][ HTTP/1.0 Mozilla/5.0 (Windows NT 6.1; Win64; x64) AppleWebKit/537.36 (KHTML, like Gecko) Chrome/69.0.3497.100 Safari/537.36]
[2018-10-24T16:57:37.440] [INFO] default - [undefined GET /codeplay/static/js/vendor.93538bf508ed5f4069e2.js.map 304 3ms][ HTTP/1.0 Mozilla/5.0 (Windows NT 6.1; Win64; x64) AppleWebKit/537.36 (KHTML, like Gecko) Chrome/69.0.3497.100 Safari/537.36]
[2018-10-24T16:57:37.459] [INFO] default - [undefined GET /codeplay/static/js/35.0f6f6f0aed7b95746677.js.map 304 2ms][ HTTP/1.0 Mozilla/5.0 (Windows NT 6.1; Win64; x64) AppleWebKit/537.36 (KHTML, like Gecko) Chrome/69.0.3497.100 Safari/537.36]
[2018-10-24T16:57:37.591] [INFO] default - [undefined GET /codeplay/static/css/app.cded7df1281f156cd8f563a6feb44ac1.css.map 304 2ms][ HTTP/1.0 Mozilla/5.0 (Windows NT 6.1; Win64; x64) AppleWebKit/537.36 (KHTML, like Gecko) Chrome/69.0.3497.100 Safari/537.36]
[2018-10-24T17:01:59.285] [INFO] default - [::1 POST /res/login 200 2ms][http://localhost:9528/ HTTP/1.0 Mozilla/5.0 (Windows NT 10.0; Win64; x64) AppleWebKit/537.36 (KHTML, like Gecko) Chrome/70.0.3538.67 Safari/537.36]
[2018-10-24T17:15:38.029] [INFO] default - [::1 POST /res/filelist 200 13639ms][http://www.manykit.com/codeplay/ HTTP/1.0 Mozilla/5.0 (Windows NT 10.0; Win64; x64) AppleWebKit/537.36 (KHTML, like Gecko) Chrome/70.0.3538.67 Safari/537.36]
[2018-10-24T17:32:30.946] [INFO] default - [::ffff:127.0.0.1 POST /res/login 200 18ms][ HTTP/1.0 undefined]
[2018-10-24T18:08:05.773] [INFO] default - [::1 POST /res/login 200 3ms][ HTTP/1.0 undefined]
[2018-10-24T18:11:02.910] [INFO] default - [::ffff:127.0.0.1 POST /res/login 200 3ms][ HTTP/1.0 undefined]
[2018-10-24T18:14:05.510] [INFO] default - [::1 POST /res/login 200 2ms][ HTTP/1.0 undefined]
[2018-10-24T19:42:46.339] [INFO] default - [undefined GET /codeplay/static/js/35.0f6f6f0aed7b95746677.js.map 200 22ms][ HTTP/1.0 Mozilla/5.0 (iPhone; CPU iPhone OS 9_3_4 like Mac OS X) AppleWebKit/601.1.46 (KHTML, like Gecko) Mobile/13G35 QQ/6.5.3.410 V1_IPH_SQ_6.5.3_1_APP_A Pixel/750 Core/UIWebView NetType/2G Mem/117]
[2018-10-24T20:12:55.527] [INFO] default - [::1 POST /api/material/modulelist 200 100ms][http://www.manykit.com/ HTTP/1.0 Mozilla/5.0 (compatible; Baiduspider-render/2.0; +http://www.baidu.com/search/spider.html)]
[2018-10-24T20:12:55.895] [INFO] default - [::ffff:127.0.0.1 POST /res/filelist 200 253ms][http://www.manykit.com/ HTTP/1.0 Mozilla/5.0 (compatible; Baiduspider-render/2.0; +http://www.baidu.com/search/spider.html)]
[2018-10-24T20:13:04.423] [INFO] default - [::1 GET /res/verify 200 2ms][http://www.manykit.com/ HTTP/1.0 Mozilla/5.0 (compatible; Baiduspider-render/2.0; +http://www.baidu.com/search/spider.html)]
[2018-10-24T20:18:13.760] [INFO] default - [undefined GET /codeplay/static/js/vendor.93538bf508ed5f4069e2.js.map 200 155ms][ HTTP/1.0 Mozilla/5.0 (iPhone; CPU iPhone OS 9_3_4 like Mac OS X) AppleWebKit/601.1.46 (KHTML, like Gecko) Mobile/13G35 QQ/6.5.3.410 V1_IPH_SQ_6.5.3_1_APP_A Pixel/750 Core/UIWebView NetType/2G Mem/117]
[2018-10-24T20:29:18.103] [INFO] default - [::1 GET /res/login 500 32ms][ HTTP/1.0 Mozilla/5.0 (iPhone; CPU iPhone OS 9_3_4 like Mac OS X) AppleWebKit/601.1.46 (KHTML, like Gecko) Mobile/13G35 QQ/6.5.3.410 V1_IPH_SQ_6.5.3_1_APP_A Pixel/750 Core/UIWebView NetType/2G Mem/117]
[2018-10-24T20:37:35.852] [INFO] default - [undefined GET /codeplay/static/js/8.604ea9d35740161ac5ee.js.map 200 38ms][ HTTP/1.0 Mozilla/5.0 (iPhone; CPU iPhone OS 9_3_4 like Mac OS X) AppleWebKit/601.1.46 (KHTML, like Gecko) Mobile/13G35 QQ/6.5.3.410 V1_IPH_SQ_6.5.3_1_APP_A Pixel/750 Core/UIWebView NetType/2G Mem/117]
[2018-10-24T20:49:09.496] [INFO] default - [::1 GET /res/verify 200 1ms][ HTTP/1.0 Mozilla/5.0 (iPhone; CPU iPhone OS 9_3_4 like Mac OS X) AppleWebKit/601.1.46 (KHTML, like Gecko) Mobile/13G35 QQ/6.5.3.410 V1_IPH_SQ_6.5.3_1_APP_A Pixel/750 Core/UIWebView NetType/2G Mem/117]
[2018-10-24T21:46:01.076] [INFO] default - [undefined GET /codeplay/static/js/app.3f0756b0bc4939c13738.js.map 200 17ms][ HTTP/1.0 Mozilla/5.0 (iPhone; CPU iPhone OS 9_3_4 like Mac OS X) AppleWebKit/601.1.46 (KHTML, like Gecko) Mobile/13G35 QQ/6.5.3.410 V1_IPH_SQ_6.5.3_1_APP_A Pixel/750 Core/UIWebView NetType/2G Mem/117]
