[2018-09-26T01:46:06.742] [INFO] default - [::ffff:127.0.0.1 GET /res/verify 200 1ms][http://www.manykit.com/ HTTP/1.0 Mozilla/5.0 (compatible; Baiduspider-render/2.0; +http://www.baidu.com/search/spider.html)]
[2018-09-26T01:46:07.353] [INFO] default - [::1 POST /res/filelist 200 120ms][http://www.manykit.com/ HTTP/1.0 Mozilla/5.0 (compatible; Baiduspider-render/2.0; +http://www.baidu.com/search/spider.html)]
[2018-09-26T03:05:57.933] [INFO] default - [undefined GET /codeplay/ 200 3ms][ HTTP/1.0 Mozilla/5.0 (Linux; Android 6.0.1; Nexus 5X Build/MMB29P) AppleWebKit/537.36 (KHTML, like Gecko) Chrome/41.0.2272.96 Mobile Safari/537.36 (compatible; Googlebot/2.1; +http://www.google.com/bot.html)]
[2018-09-26T04:27:19.511] [INFO] default - [::1 GET /res/verify 200 1ms][http://www.manykit.com/ HTTP/1.0 Mozilla/5.0 (iPhone; CPU iPhone OS 10_3_2 like Mac OS X) AppleWebKit/603.2.4 (KHTML, like Gecko) Mobile/14F89 baiduboxapp/10.12.0.13 (Baidu; P2 10.3.2)]
[2018-09-26T04:27:22.324] [INFO] default - [::ffff:127.0.0.1 POST /res/filelist 200 113ms][http://www.manykit.com/ HTTP/1.0 Mozilla/5.0 (iPhone; CPU iPhone OS 10_3_2 like Mac OS X) AppleWebKit/603.2.4 (KHTML, like Gecko) Mobile/14F89 baiduboxapp/10.12.0.13 (Baidu; P2 10.3.2)]
[2018-09-26T04:41:21.205] [INFO] default - [::1 GET /res/verify 200 2ms][http://www.manykit.com/ HTTP/1.0 Mozilla/5.0 (iPhone; CPU iPhone OS 9_1 like Mac OS X) AppleWebKit/601.1.46 (KHTML, like Gecko) Version/9.0 Mobile/13B143 Safari/601.1 (compatible; Baiduspider-render/2.0; +http://www.baidu.com/search/spider.html)]
[2018-09-26T04:41:22.019] [INFO] default - [::ffff:127.0.0.1 POST /res/filelist 200 101ms][http://www.manykit.com/ HTTP/1.0 Mozilla/5.0 (iPhone; CPU iPhone OS 9_1 like Mac OS X) AppleWebKit/601.1.46 (KHTML, like Gecko) Version/9.0 Mobile/13B143 Safari/601.1 (compatible; Baiduspider-render/2.0; +http://www.baidu.com/search/spider.html)]
[2018-09-26T04:55:57.103] [INFO] default - [::ffff:122.228.10.50 GET / 500 9ms][ HTTP/1.1 Mozilla/5.0 (Macintosh; Intel Mac OS X 10.11; rv:47.0) Gecko/20100101 Firefox/47.0]
[2018-09-26T08:24:40.563] [INFO] default - [::1 POST /res/filelist 200 98ms][http://www.manykit.com/ HTTP/1.0 Mozilla/5.0 (Windows NT 6.1; WOW64; rv:43.0) Gecko/20100101 Firefox/43.0]
[2018-09-26T08:41:08.914] [INFO] default - [::ffff:127.0.0.1 GET /res/filelist 500 3ms][ HTTP/1.0 Mozilla/5.0 (iPhone; CPU iPhone OS 9_3_4 like Mac OS X) AppleWebKit/601.1.46 (KHTML, like Gecko) Mobile/13G35 QQ/6.5.3.410 V1_IPH_SQ_6.5.3_1_APP_A Pixel/750 Core/UIWebView NetType/2G Mem/117]
[2018-09-26T09:05:58.858] [INFO] default - [::1 GET /res/verify 200 1ms][http://www.manykit.com/ HTTP/1.0 Mozilla/5.0 (Macintosh; Intel Mac OS X 10_12_6) AppleWebKit/537.36 (KHTML, like Gecko) Chrome/69.0.3497.92 Safari/537.36]
[2018-09-26T09:05:59.463] [INFO] default - [::ffff:127.0.0.1 POST /res/filelist 200 112ms][http://www.manykit.com/ HTTP/1.0 Mozilla/5.0 (Macintosh; Intel Mac OS X 10_12_6) AppleWebKit/537.36 (KHTML, like Gecko) Chrome/69.0.3497.92 Safari/537.36]
[2018-09-26T09:06:16.534] [INFO] default - [undefined GET /codeplay/ 200 2ms][http://www.manykit.com/ HTTP/1.0 Mozilla/5.0 (Macintosh; Intel Mac OS X 10_12_6) AppleWebKit/537.36 (KHTML, like Gecko) Chrome/69.0.3497.92 Safari/537.36]
[2018-09-26T09:06:16.614] [INFO] default - [undefined GET /codeplay/static/js/manifest.b2e0a933ccc4d20f7c75.js 200 2ms][http://www.manykit.com/codeplay/ HTTP/1.0 Mozilla/5.0 (Macintosh; Intel Mac OS X 10_12_6) AppleWebKit/537.36 (KHTML, like Gecko) Chrome/69.0.3497.92 Safari/537.36]
[2018-09-26T09:06:16.621] [INFO] default - [::ffff:127.0.0.1 GET /codeplay/static/css/app.f09a98d24b32145b0b37f9b3aff05d9f.css 200 11ms][http://www.manykit.com/codeplay/ HTTP/1.0 Mozilla/5.0 (Macintosh; Intel Mac OS X 10_12_6) AppleWebKit/537.36 (KHTML, like Gecko) Chrome/69.0.3497.92 Safari/537.36]
[2018-09-26T09:06:16.624] [INFO] default - [undefined GET /codeplay/static/js/app.01cfe28e9073b1358c6d.js 200 4ms][http://www.manykit.com/codeplay/ HTTP/1.0 Mozilla/5.0 (Macintosh; Intel Mac OS X 10_12_6) AppleWebKit/537.36 (KHTML, like Gecko) Chrome/69.0.3497.92 Safari/537.36]
[2018-09-26T09:06:16.632] [INFO] default - [::ffff:127.0.0.1 GET /codeplay/static/js/vendor.3fa4caac75ed9dd268ec.js 200 12ms][http://www.manykit.com/codeplay/ HTTP/1.0 Mozilla/5.0 (Macintosh; Intel Mac OS X 10_12_6) AppleWebKit/537.36 (KHTML, like Gecko) Chrome/69.0.3497.92 Safari/537.36]
[2018-09-26T09:06:17.618] [INFO] default - [undefined GET /codeplay/static/js/7.003607541dd61576f5e0.js 200 2ms][http://www.manykit.com/codeplay/ HTTP/1.0 Mozilla/5.0 (Macintosh; Intel Mac OS X 10_12_6) AppleWebKit/537.36 (KHTML, like Gecko) Chrome/69.0.3497.92 Safari/537.36]
[2018-09-26T09:06:17.621] [INFO] default - [undefined GET /codeplay/static/js/6.de0d7934fdbff8f204d4.js 200 4ms][http://www.manykit.com/codeplay/ HTTP/1.0 Mozilla/5.0 (Macintosh; Intel Mac OS X 10_12_6) AppleWebKit/537.36 (KHTML, like Gecko) Chrome/69.0.3497.92 Safari/537.36]
[2018-09-26T09:06:17.625] [INFO] default - [::ffff:127.0.0.1 GET /codeplay/static/js/0.9d8e2a748d8e79aceb6e.js 200 10ms][http://www.manykit.com/codeplay/ HTTP/1.0 Mozilla/5.0 (Macintosh; Intel Mac OS X 10_12_6) AppleWebKit/537.36 (KHTML, like Gecko) Chrome/69.0.3497.92 Safari/537.36]
[2018-09-26T09:06:18.191] [INFO] default - [undefined GET /codeplay/static/snap/playsnap.html 200 2ms][http://www.manykit.com/codeplay/ HTTP/1.0 Mozilla/5.0 (Macintosh; Intel Mac OS X 10_12_6) AppleWebKit/537.36 (KHTML, like Gecko) Chrome/69.0.3497.92 Safari/537.36]
[2018-09-26T09:06:18.194] [INFO] default - [undefined GET /res/verify 304 2ms][http://www.manykit.com/codeplay/ HTTP/1.0 Mozilla/5.0 (Macintosh; Intel Mac OS X 10_12_6) AppleWebKit/537.36 (KHTML, like Gecko) Chrome/69.0.3497.92 Safari/537.36]
[2018-09-26T09:06:18.314] [INFO] default - [undefined GET /res/verify 304 2ms][http://www.manykit.com/codeplay/ HTTP/1.0 Mozilla/5.0 (Macintosh; Intel Mac OS X 10_12_6) AppleWebKit/537.36 (KHTML, like Gecko) Chrome/69.0.3497.92 Safari/537.36]
[2018-09-26T09:06:18.359] [INFO] default - [::ffff:127.0.0.1 POST /res/filelist 200 118ms][http://www.manykit.com/codeplay/ HTTP/1.0 Mozilla/5.0 (Macintosh; Intel Mac OS X 10_12_6) AppleWebKit/537.36 (KHTML, like Gecko) Chrome/69.0.3497.92 Safari/537.36]
[2018-09-26T09:06:18.486] [INFO] default - [::1 POST /res/filelist 200 295ms][http://www.manykit.com/codeplay/ HTTP/1.0 Mozilla/5.0 (Macintosh; Intel Mac OS X 10_12_6) AppleWebKit/537.36 (KHTML, like Gecko) Chrome/69.0.3497.92 Safari/537.36]
[2018-09-26T09:06:18.570] [INFO] default - [::1 POST /res/filelist 200 367ms][http://www.manykit.com/codeplay/ HTTP/1.0 Mozilla/5.0 (Macintosh; Intel Mac OS X 10_12_6) AppleWebKit/537.36 (KHTML, like Gecko) Chrome/69.0.3497.92 Safari/537.36]
[2018-09-26T09:06:18.573] [INFO] default - [undefined GET /codeplay/static/localpic.png 200 212ms][http://www.manykit.com/codeplay/ HTTP/1.0 Mozilla/5.0 (Macintosh; Intel Mac OS X 10_12_6) AppleWebKit/537.36 (KHTML, like Gecko) Chrome/69.0.3497.92 Safari/537.36]
[2018-09-26T09:06:18.574] [INFO] default - [undefined GET /codeplay/static/img/qr_code01.1707b53.jpg 200 48ms][http://www.manykit.com/codeplay/ HTTP/1.0 Mozilla/5.0 (Macintosh; Intel Mac OS X 10_12_6) AppleWebKit/537.36 (KHTML, like Gecko) Chrome/69.0.3497.92 Safari/537.36]
[2018-09-26T09:06:18.677] [INFO] default - [::ffff:127.0.0.1 POST /res/getfile 200 483ms][http://www.manykit.com/codeplay/ HTTP/1.0 Mozilla/5.0 (Macintosh; Intel Mac OS X 10_12_6) AppleWebKit/537.36 (KHTML, like Gecko) Chrome/69.0.3497.92 Safari/537.36]
[2018-09-26T09:06:18.700] [INFO] default - [::1 POST /res/getfile 200 432ms][http://www.manykit.com/codeplay/ HTTP/1.0 Mozilla/5.0 (Macintosh; Intel Mac OS X 10_12_6) AppleWebKit/537.36 (KHTML, like Gecko) Chrome/69.0.3497.92 Safari/537.36]
[2018-09-26T09:06:18.715] [INFO] default - [undefined GET /codeplay/static/img/qr_code02.f1cd7b4.jpg 200 22ms][http://www.manykit.com/codeplay/ HTTP/1.0 Mozilla/5.0 (Macintosh; Intel Mac OS X 10_12_6) AppleWebKit/537.36 (KHTML, like Gecko) Chrome/69.0.3497.92 Safari/537.36]
[2018-09-26T09:06:18.765] [INFO] default - [undefined GET /codeplay/static/snap/manykit/jquery-3.2.1.min.js 200 2ms][http://www.manykit.com/codeplay/static/snap/playsnap.html HTTP/1.0 Mozilla/5.0 (Macintosh; Intel Mac OS X 10_12_6) AppleWebKit/537.36 (KHTML, like Gecko) Chrome/69.0.3497.92 Safari/537.36]
[2018-09-26T09:06:19.040] [INFO] default - [::1 GET /codeplay/static/snap/morphic.js 200 7ms][http://www.manykit.com/codeplay/static/snap/playsnap.html HTTP/1.0 Mozilla/5.0 (Macintosh; Intel Mac OS X 10_12_6) AppleWebKit/537.36 (KHTML, like Gecko) Chrome/69.0.3497.92 Safari/537.36]
[2018-09-26T09:06:19.093] [INFO] default - [undefined GET /codeplay/static/snap/widgets.js 200 5ms][http://www.manykit.com/codeplay/static/snap/playsnap.html HTTP/1.0 Mozilla/5.0 (Macintosh; Intel Mac OS X 10_12_6) AppleWebKit/537.36 (KHTML, like Gecko) Chrome/69.0.3497.92 Safari/537.36]
[2018-09-26T09:06:19.265] [INFO] default - [undefined GET /codeplay/static/snap/blocks.js 200 5ms][http://www.manykit.com/codeplay/static/snap/playsnap.html HTTP/1.0 Mozilla/5.0 (Macintosh; Intel Mac OS X 10_12_6) AppleWebKit/537.36 (KHTML, like Gecko) Chrome/69.0.3497.92 Safari/537.36]
[2018-09-26T09:06:19.651] [INFO] default - [undefined GET /codeplay/static/snap/manykit/blocks.js 200 1ms][http://www.manykit.com/codeplay/static/snap/playsnap.html HTTP/1.0 Mozilla/5.0 (Macintosh; Intel Mac OS X 10_12_6) AppleWebKit/537.36 (KHTML, like Gecko) Chrome/69.0.3497.92 Safari/537.36]
[2018-09-26T09:06:19.743] [INFO] default - [undefined GET /codeplay/static/snap/manykit/arduino.js 200 2ms][http://www.manykit.com/codeplay/static/snap/playsnap.html HTTP/1.0 Mozilla/5.0 (Macintosh; Intel Mac OS X 10_12_6) AppleWebKit/537.36 (KHTML, like Gecko) Chrome/69.0.3497.92 Safari/537.36]
[2018-09-26T09:06:19.745] [INFO] default - [undefined GET /codeplay/static/snap/threads.js 200 4ms][http://www.manykit.com/codeplay/static/snap/playsnap.html HTTP/1.0 Mozilla/5.0 (Macintosh; Intel Mac OS X 10_12_6) AppleWebKit/537.36 (KHTML, like Gecko) Chrome/69.0.3497.92 Safari/537.36]
[2018-09-26T09:06:19.814] [INFO] default - [undefined GET /codeplay/static/snap/manykit/threads.js 200 2ms][http://www.manykit.com/codeplay/static/snap/playsnap.html HTTP/1.0 Mozilla/5.0 (Macintosh; Intel Mac OS X 10_12_6) AppleWebKit/537.36 (KHTML, like Gecko) Chrome/69.0.3497.92 Safari/537.36]
[2018-09-26T09:06:19.919] [INFO] default - [undefined GET /codeplay/static/snap/manykit/objects.js 200 2ms][http://www.manykit.com/codeplay/static/snap/playsnap.html HTTP/1.0 Mozilla/5.0 (Macintosh; Intel Mac OS X 10_12_6) AppleWebKit/537.36 (KHTML, like Gecko) Chrome/69.0.3497.92 Safari/537.36]
[2018-09-26T09:06:19.922] [INFO] default - [::ffff:127.0.0.1 GET /codeplay/static/snap/objects.js 200 5ms][http://www.manykit.com/codeplay/static/snap/playsnap.html HTTP/1.0 Mozilla/5.0 (Macintosh; Intel Mac OS X 10_12_6) AppleWebKit/537.36 (KHTML, like Gecko) Chrome/69.0.3497.92 Safari/537.36]
[2018-09-26T09:06:19.983] [INFO] default - [::ffff:127.0.0.1 GET /codeplay/static/snap/gui.js 200 3ms][http://www.manykit.com/codeplay/static/snap/playsnap.html HTTP/1.0 Mozilla/5.0 (Macintosh; Intel Mac OS X 10_12_6) AppleWebKit/537.36 (KHTML, like Gecko) Chrome/69.0.3497.92 Safari/537.36]
[2018-09-26T09:06:20.264] [INFO] default - [undefined GET /codeplay/static/snap/manykit/playergui.js 200 2ms][http://www.manykit.com/codeplay/static/snap/playsnap.html HTTP/1.0 Mozilla/5.0 (Macintosh; Intel Mac OS X 10_12_6) AppleWebKit/537.36 (KHTML, like Gecko) Chrome/69.0.3497.92 Safari/537.36]
[2018-09-26T09:06:20.321] [INFO] default - [undefined GET /codeplay/static/snap/paint.js 200 1ms][http://www.manykit.com/codeplay/static/snap/playsnap.html HTTP/1.0 Mozilla/5.0 (Macintosh; Intel Mac OS X 10_12_6) AppleWebKit/537.36 (KHTML, like Gecko) Chrome/69.0.3497.92 Safari/537.36]
[2018-09-26T09:06:20.414] [INFO] default - [undefined GET /codeplay/static/snap/lists.js 200 4ms][http://www.manykit.com/codeplay/static/snap/playsnap.html HTTP/1.0 Mozilla/5.0 (Macintosh; Intel Mac OS X 10_12_6) AppleWebKit/537.36 (KHTML, like Gecko) Chrome/69.0.3497.92 Safari/537.36]
[2018-09-26T09:06:20.418] [INFO] default - [undefined GET /codeplay/static/snap/byob.js 200 7ms][http://www.manykit.com/codeplay/static/snap/playsnap.html HTTP/1.0 Mozilla/5.0 (Macintosh; Intel Mac OS X 10_12_6) AppleWebKit/537.36 (KHTML, like Gecko) Chrome/69.0.3497.92 Safari/537.36]
[2018-09-26T09:06:20.539] [INFO] default - [undefined GET /codeplay/static/snap/tables.js 200 2ms][http://www.manykit.com/codeplay/static/snap/playsnap.html HTTP/1.0 Mozilla/5.0 (Macintosh; Intel Mac OS X 10_12_6) AppleWebKit/537.36 (KHTML, like Gecko) Chrome/69.0.3497.92 Safari/537.36]
[2018-09-26T09:06:20.590] [INFO] default - [undefined GET /codeplay/static/snap/symbols.js 200 1ms][http://www.manykit.com/codeplay/static/snap/playsnap.html HTTP/1.0 Mozilla/5.0 (Macintosh; Intel Mac OS X 10_12_6) AppleWebKit/537.36 (KHTML, like Gecko) Chrome/69.0.3497.92 Safari/537.36]
[2018-09-26T09:06:20.669] [INFO] default - [undefined GET /codeplay/static/snap/xml.js 200 2ms][http://www.manykit.com/codeplay/static/snap/playsnap.html HTTP/1.0 Mozilla/5.0 (Macintosh; Intel Mac OS X 10_12_6) AppleWebKit/537.36 (KHTML, like Gecko) Chrome/69.0.3497.92 Safari/537.36]
[2018-09-26T09:06:20.707] [INFO] default - [undefined GET /codeplay/static/snap/store.js 200 2ms][http://www.manykit.com/codeplay/static/snap/playsnap.html HTTP/1.0 Mozilla/5.0 (Macintosh; Intel Mac OS X 10_12_6) AppleWebKit/537.36 (KHTML, like Gecko) Chrome/69.0.3497.92 Safari/537.36]
[2018-09-26T09:06:20.732] [INFO] default - [undefined GET /codeplay/static/snap/locale.js 200 2ms][http://www.manykit.com/codeplay/static/snap/playsnap.html HTTP/1.0 Mozilla/5.0 (Macintosh; Intel Mac OS X 10_12_6) AppleWebKit/537.36 (KHTML, like Gecko) Chrome/69.0.3497.92 Safari/537.36]
[2018-09-26T09:06:20.790] [INFO] default - [undefined GET /codeplay/static/snap/manykit/locale.js 200 3ms][http://www.manykit.com/codeplay/static/snap/playsnap.html HTTP/1.0 Mozilla/5.0 (Macintosh; Intel Mac OS X 10_12_6) AppleWebKit/537.36 (KHTML, like Gecko) Chrome/69.0.3497.92 Safari/537.36]
[2018-09-26T09:06:20.826] [INFO] default - [undefined GET /codeplay/static/snap/cloud.js 200 2ms][http://www.manykit.com/codeplay/static/snap/playsnap.html HTTP/1.0 Mozilla/5.0 (Macintosh; Intel Mac OS X 10_12_6) AppleWebKit/537.36 (KHTML, like Gecko) Chrome/69.0.3497.92 Safari/537.36]
[2018-09-26T09:06:20.841] [INFO] default - [::ffff:127.0.0.1 GET /codeplay/static/snap/manykit/cloud.js 200 1ms][http://www.manykit.com/codeplay/static/snap/playsnap.html HTTP/1.0 Mozilla/5.0 (Macintosh; Intel Mac OS X 10_12_6) AppleWebKit/537.36 (KHTML, like Gecko) Chrome/69.0.3497.92 Safari/537.36]
[2018-09-26T09:06:20.889] [INFO] default - [undefined GET /codeplay/static/snap/sha512.js 200 2ms][http://www.manykit.com/codeplay/static/snap/playsnap.html HTTP/1.0 Mozilla/5.0 (Macintosh; Intel Mac OS X 10_12_6) AppleWebKit/537.36 (KHTML, like Gecko) Chrome/69.0.3497.92 Safari/537.36]
[2018-09-26T09:06:20.920] [INFO] default - [undefined GET /codeplay/static/snap/FileSaver.min.js 200 1ms][http://www.manykit.com/codeplay/static/snap/playsnap.html HTTP/1.0 Mozilla/5.0 (Macintosh; Intel Mac OS X 10_12_6) AppleWebKit/537.36 (KHTML, like Gecko) Chrome/69.0.3497.92 Safari/537.36]
[2018-09-26T09:06:20.949] [INFO] default - [undefined GET /codeplay/static/snap/manykit/base64.js 200 2ms][http://www.manykit.com/codeplay/static/snap/playsnap.html HTTP/1.0 Mozilla/5.0 (Macintosh; Intel Mac OS X 10_12_6) AppleWebKit/537.36 (KHTML, like Gecko) Chrome/69.0.3497.92 Safari/537.36]
[2018-09-26T09:06:20.973] [INFO] default - [undefined GET /codeplay/static/snap/player.png 200 2ms][http://www.manykit.com/codeplay/static/snap/playsnap.html HTTP/1.0 Mozilla/5.0 (Macintosh; Intel Mac OS X 10_12_6) AppleWebKit/537.36 (KHTML, like Gecko) Chrome/69.0.3497.92 Safari/537.36]
[2018-09-26T09:06:21.152] [INFO] default - [undefined GET /res/verify 304 1ms][http://www.manykit.com/codeplay/static/snap/playsnap.html HTTP/1.0 Mozilla/5.0 (Macintosh; Intel Mac OS X 10_12_6) AppleWebKit/537.36 (KHTML, like Gecko) Chrome/69.0.3497.92 Safari/537.36]
[2018-09-26T09:06:21.895] [INFO] default - [undefined GET /codeplay/static/snap/manykit/manykit.png 200 6ms][http://www.manykit.com/codeplay/static/snap/playsnap.html HTTP/1.0 Mozilla/5.0 (Macintosh; Intel Mac OS X 10_12_6) AppleWebKit/537.36 (KHTML, like Gecko) Chrome/69.0.3497.92 Safari/537.36]
[2018-09-26T09:06:21.927] [INFO] default - [::1 POST /res/getfile 200 36ms][http://www.manykit.com/codeplay/static/snap/playsnap.html HTTP/1.0 Mozilla/5.0 (Macintosh; Intel Mac OS X 10_12_6) AppleWebKit/537.36 (KHTML, like Gecko) Chrome/69.0.3497.92 Safari/537.36]
[2018-09-26T09:06:22.013] [INFO] default - [undefined GET /codeplay/static/bianchengwan.ico 200 3ms][http://www.manykit.com/codeplay/ HTTP/1.0 Mozilla/5.0 (Macintosh; Intel Mac OS X 10_12_6) AppleWebKit/537.36 (KHTML, like Gecko) Chrome/69.0.3497.92 Safari/537.36]
[2018-09-26T09:06:45.870] [INFO] default - [undefined GET /codeplay/ 304 2ms][http://www.manykit.com/codeplay/ HTTP/1.0 Mozilla/5.0 (Macintosh; Intel Mac OS X 10_12_6) AppleWebKit/537.36 (KHTML, like Gecko) Chrome/69.0.3497.92 Safari/537.36]
[2018-09-26T09:06:45.880] [INFO] default - [undefined GET /codeplay/static/bianchengwan.ico 304 1ms][http://www.manykit.com/codeplay/ HTTP/1.0 Mozilla/5.0 (Macintosh; Intel Mac OS X 10_12_6) AppleWebKit/537.36 (KHTML, like Gecko) Chrome/69.0.3497.92 Safari/537.36]
[2018-09-26T09:06:46.024] [INFO] default - [undefined GET /codeplay/static/css/app.f09a98d24b32145b0b37f9b3aff05d9f.css 304 2ms][http://www.manykit.com/codeplay/ HTTP/1.0 Mozilla/5.0 (Macintosh; Intel Mac OS X 10_12_6) AppleWebKit/537.36 (KHTML, like Gecko) Chrome/69.0.3497.92 Safari/537.36]
[2018-09-26T09:06:46.025] [INFO] default - [undefined GET /codeplay/static/js/vendor.3fa4caac75ed9dd268ec.js 304 2ms][http://www.manykit.com/codeplay/ HTTP/1.0 Mozilla/5.0 (Macintosh; Intel Mac OS X 10_12_6) AppleWebKit/537.36 (KHTML, like Gecko) Chrome/69.0.3497.92 Safari/537.36]
[2018-09-26T09:06:46.025] [INFO] default - [undefined GET /codeplay/static/js/app.01cfe28e9073b1358c6d.js 304 2ms][http://www.manykit.com/codeplay/ HTTP/1.0 Mozilla/5.0 (Macintosh; Intel Mac OS X 10_12_6) AppleWebKit/537.36 (KHTML, like Gecko) Chrome/69.0.3497.92 Safari/537.36]
[2018-09-26T09:06:46.026] [INFO] default - [undefined GET /codeplay/static/js/manifest.b2e0a933ccc4d20f7c75.js 304 5ms][http://www.manykit.com/codeplay/ HTTP/1.0 Mozilla/5.0 (Macintosh; Intel Mac OS X 10_12_6) AppleWebKit/537.36 (KHTML, like Gecko) Chrome/69.0.3497.92 Safari/537.36]
[2018-09-26T09:06:46.231] [INFO] default - [undefined GET /codeplay/static/js/0.9d8e2a748d8e79aceb6e.js 304 1ms][http://www.manykit.com/codeplay/ HTTP/1.0 Mozilla/5.0 (Macintosh; Intel Mac OS X 10_12_6) AppleWebKit/537.36 (KHTML, like Gecko) Chrome/69.0.3497.92 Safari/537.36]
[2018-09-26T09:06:46.233] [INFO] default - [undefined GET /codeplay/static/js/7.003607541dd61576f5e0.js 304 0ms][http://www.manykit.com/codeplay/ HTTP/1.0 Mozilla/5.0 (Macintosh; Intel Mac OS X 10_12_6) AppleWebKit/537.36 (KHTML, like Gecko) Chrome/69.0.3497.92 Safari/537.36]
[2018-09-26T09:06:46.244] [INFO] default - [undefined GET /codeplay/static/js/6.de0d7934fdbff8f204d4.js 304 1ms][http://www.manykit.com/codeplay/ HTTP/1.0 Mozilla/5.0 (Macintosh; Intel Mac OS X 10_12_6) AppleWebKit/537.36 (KHTML, like Gecko) Chrome/69.0.3497.92 Safari/537.36]
[2018-09-26T09:06:46.377] [INFO] default - [undefined GET /codeplay/static/localpic.png 304 1ms][http://www.manykit.com/codeplay/ HTTP/1.0 Mozilla/5.0 (Macintosh; Intel Mac OS X 10_12_6) AppleWebKit/537.36 (KHTML, like Gecko) Chrome/69.0.3497.92 Safari/537.36]
[2018-09-26T09:06:46.389] [INFO] default - [undefined GET /codeplay/static/img/qr_code02.f1cd7b4.jpg 304 3ms][http://www.manykit.com/codeplay/ HTTP/1.0 Mozilla/5.0 (Macintosh; Intel Mac OS X 10_12_6) AppleWebKit/537.36 (KHTML, like Gecko) Chrome/69.0.3497.92 Safari/537.36]
[2018-09-26T09:06:46.390] [INFO] default - [undefined GET /codeplay/static/snap/playsnap.html 304 3ms][http://www.manykit.com/codeplay/ HTTP/1.0 Mozilla/5.0 (Macintosh; Intel Mac OS X 10_12_6) AppleWebKit/537.36 (KHTML, like Gecko) Chrome/69.0.3497.92 Safari/537.36]
[2018-09-26T09:06:46.391] [INFO] default - [undefined GET /codeplay/static/img/qr_code01.1707b53.jpg 304 4ms][http://www.manykit.com/codeplay/ HTTP/1.0 Mozilla/5.0 (Macintosh; Intel Mac OS X 10_12_6) AppleWebKit/537.36 (KHTML, like Gecko) Chrome/69.0.3497.92 Safari/537.36]
[2018-09-26T09:06:46.398] [INFO] default - [undefined GET /res/verify 304 1ms][http://www.manykit.com/codeplay/ HTTP/1.0 Mozilla/5.0 (Macintosh; Intel Mac OS X 10_12_6) AppleWebKit/537.36 (KHTML, like Gecko) Chrome/69.0.3497.92 Safari/537.36]
[2018-09-26T09:06:46.506] [INFO] default - [::ffff:127.0.0.1 POST /res/filelist 200 49ms][http://www.manykit.com/codeplay/ HTTP/1.0 Mozilla/5.0 (Macintosh; Intel Mac OS X 10_12_6) AppleWebKit/537.36 (KHTML, like Gecko) Chrome/69.0.3497.92 Safari/537.36]
[2018-09-26T09:06:46.508] [INFO] default - [::1 POST /res/getfile 200 120ms][http://www.manykit.com/codeplay/ HTTP/1.0 Mozilla/5.0 (Macintosh; Intel Mac OS X 10_12_6) AppleWebKit/537.36 (KHTML, like Gecko) Chrome/69.0.3497.92 Safari/537.36]
[2018-09-26T09:06:46.664] [INFO] default - [::ffff:127.0.0.1 POST /res/filelist 200 219ms][http://www.manykit.com/codeplay/ HTTP/1.0 Mozilla/5.0 (Macintosh; Intel Mac OS X 10_12_6) AppleWebKit/537.36 (KHTML, like Gecko) Chrome/69.0.3497.92 Safari/537.36]
[2018-09-26T09:06:46.667] [INFO] default - [::1 POST /res/filelist 200 211ms][http://www.manykit.com/codeplay/ HTTP/1.0 Mozilla/5.0 (Macintosh; Intel Mac OS X 10_12_6) AppleWebKit/537.36 (KHTML, like Gecko) Chrome/69.0.3497.92 Safari/537.36]
[2018-09-26T09:06:46.704] [INFO] default - [undefined GET /res/verify 304 37ms][http://www.manykit.com/codeplay/ HTTP/1.0 Mozilla/5.0 (Macintosh; Intel Mac OS X 10_12_6) AppleWebKit/537.36 (KHTML, like Gecko) Chrome/69.0.3497.92 Safari/537.36]
[2018-09-26T09:06:46.720] [INFO] default - [undefined GET /codeplay/static/snap/manykit/jquery-3.2.1.min.js 304 14ms][http://www.manykit.com/codeplay/static/snap/playsnap.html HTTP/1.0 Mozilla/5.0 (Macintosh; Intel Mac OS X 10_12_6) AppleWebKit/537.36 (KHTML, like Gecko) Chrome/69.0.3497.92 Safari/537.36]
[2018-09-26T09:06:46.762] [INFO] default - [undefined GET /codeplay/static/snap/morphic.js 304 4ms][http://www.manykit.com/codeplay/static/snap/playsnap.html HTTP/1.0 Mozilla/5.0 (Macintosh; Intel Mac OS X 10_12_6) AppleWebKit/537.36 (KHTML, like Gecko) Chrome/69.0.3497.92 Safari/537.36]
[2018-09-26T09:06:46.777] [INFO] default - [undefined POST /res/getfile 200 321ms][http://www.manykit.com/codeplay/ HTTP/1.0 Mozilla/5.0 (Macintosh; Intel Mac OS X 10_12_6) AppleWebKit/537.36 (KHTML, like Gecko) Chrome/69.0.3497.92 Safari/537.36]
[2018-09-26T09:06:46.789] [INFO] default - [undefined GET /codeplay/static/snap/widgets.js 304 1ms][http://www.manykit.com/codeplay/static/snap/playsnap.html HTTP/1.0 Mozilla/5.0 (Macintosh; Intel Mac OS X 10_12_6) AppleWebKit/537.36 (KHTML, like Gecko) Chrome/69.0.3497.92 Safari/537.36]
[2018-09-26T09:06:46.838] [INFO] default - [undefined GET /codeplay/static/snap/blocks.js 304 2ms][http://www.manykit.com/codeplay/static/snap/playsnap.html HTTP/1.0 Mozilla/5.0 (Macintosh; Intel Mac OS X 10_12_6) AppleWebKit/537.36 (KHTML, like Gecko) Chrome/69.0.3497.92 Safari/537.36]
[2018-09-26T09:06:46.868] [INFO] default - [undefined GET /codeplay/static/snap/manykit/blocks.js 304 1ms][http://www.manykit.com/codeplay/static/snap/playsnap.html HTTP/1.0 Mozilla/5.0 (Macintosh; Intel Mac OS X 10_12_6) AppleWebKit/537.36 (KHTML, like Gecko) Chrome/69.0.3497.92 Safari/537.36]
[2018-09-26T09:06:46.896] [INFO] default - [undefined GET /codeplay/static/snap/manykit/arduino.js 304 2ms][http://www.manykit.com/codeplay/static/snap/playsnap.html HTTP/1.0 Mozilla/5.0 (Macintosh; Intel Mac OS X 10_12_6) AppleWebKit/537.36 (KHTML, like Gecko) Chrome/69.0.3497.92 Safari/537.36]
[2018-09-26T09:06:46.946] [INFO] default - [undefined GET /codeplay/static/snap/threads.js 304 2ms][http://www.manykit.com/codeplay/static/snap/playsnap.html HTTP/1.0 Mozilla/5.0 (Macintosh; Intel Mac OS X 10_12_6) AppleWebKit/537.36 (KHTML, like Gecko) Chrome/69.0.3497.92 Safari/537.36]
[2018-09-26T09:06:46.969] [INFO] default - [undefined GET /codeplay/static/snap/manykit/threads.js 304 2ms][http://www.manykit.com/codeplay/static/snap/playsnap.html HTTP/1.0 Mozilla/5.0 (Macintosh; Intel Mac OS X 10_12_6) AppleWebKit/537.36 (KHTML, like Gecko) Chrome/69.0.3497.92 Safari/537.36]
[2018-09-26T09:06:47.012] [INFO] default - [undefined GET /codeplay/static/snap/objects.js 304 2ms][http://www.manykit.com/codeplay/static/snap/playsnap.html HTTP/1.0 Mozilla/5.0 (Macintosh; Intel Mac OS X 10_12_6) AppleWebKit/537.36 (KHTML, like Gecko) Chrome/69.0.3497.92 Safari/537.36]
[2018-09-26T09:06:47.027] [INFO] default - [undefined GET /codeplay/static/snap/manykit/objects.js 304 1ms][http://www.manykit.com/codeplay/static/snap/playsnap.html HTTP/1.0 Mozilla/5.0 (Macintosh; Intel Mac OS X 10_12_6) AppleWebKit/537.36 (KHTML, like Gecko) Chrome/69.0.3497.92 Safari/537.36]
[2018-09-26T09:06:47.087] [INFO] default - [undefined GET /codeplay/static/snap/gui.js 304 1ms][http://www.manykit.com/codeplay/static/snap/playsnap.html HTTP/1.0 Mozilla/5.0 (Macintosh; Intel Mac OS X 10_12_6) AppleWebKit/537.36 (KHTML, like Gecko) Chrome/69.0.3497.92 Safari/537.36]
[2018-09-26T09:06:47.102] [INFO] default - [undefined GET /codeplay/static/snap/manykit/playergui.js 304 1ms][http://www.manykit.com/codeplay/static/snap/playsnap.html HTTP/1.0 Mozilla/5.0 (Macintosh; Intel Mac OS X 10_12_6) AppleWebKit/537.36 (KHTML, like Gecko) Chrome/69.0.3497.92 Safari/537.36]
[2018-09-26T09:06:47.148] [INFO] default - [undefined GET /codeplay/static/snap/paint.js 304 2ms][http://www.manykit.com/codeplay/static/snap/playsnap.html HTTP/1.0 Mozilla/5.0 (Macintosh; Intel Mac OS X 10_12_6) AppleWebKit/537.36 (KHTML, like Gecko) Chrome/69.0.3497.92 Safari/537.36]
[2018-09-26T09:06:47.221] [INFO] default - [undefined GET /codeplay/static/snap/lists.js 304 2ms][http://www.manykit.com/codeplay/static/snap/playsnap.html HTTP/1.0 Mozilla/5.0 (Macintosh; Intel Mac OS X 10_12_6) AppleWebKit/537.36 (KHTML, like Gecko) Chrome/69.0.3497.92 Safari/537.36]
[2018-09-26T09:06:47.232] [INFO] default - [undefined GET /codeplay/static/snap/byob.js 304 2ms][http://www.manykit.com/codeplay/static/snap/playsnap.html HTTP/1.0 Mozilla/5.0 (Macintosh; Intel Mac OS X 10_12_6) AppleWebKit/537.36 (KHTML, like Gecko) Chrome/69.0.3497.92 Safari/537.36]
[2018-09-26T09:06:47.287] [INFO] default - [undefined GET /codeplay/static/snap/tables.js 304 2ms][http://www.manykit.com/codeplay/static/snap/playsnap.html HTTP/1.0 Mozilla/5.0 (Macintosh; Intel Mac OS X 10_12_6) AppleWebKit/537.36 (KHTML, like Gecko) Chrome/69.0.3497.92 Safari/537.36]
[2018-09-26T09:06:47.298] [INFO] default - [undefined GET /codeplay/static/snap/symbols.js 304 2ms][http://www.manykit.com/codeplay/static/snap/playsnap.html HTTP/1.0 Mozilla/5.0 (Macintosh; Intel Mac OS X 10_12_6) AppleWebKit/537.36 (KHTML, like Gecko) Chrome/69.0.3497.92 Safari/537.36]
[2018-09-26T09:06:47.388] [INFO] default - [undefined GET /codeplay/static/snap/xml.js 304 1ms][http://www.manykit.com/codeplay/static/snap/playsnap.html HTTP/1.0 Mozilla/5.0 (Macintosh; Intel Mac OS X 10_12_6) AppleWebKit/537.36 (KHTML, like Gecko) Chrome/69.0.3497.92 Safari/537.36]
[2018-09-26T09:06:47.400] [INFO] default - [undefined GET /codeplay/static/snap/store.js 304 1ms][http://www.manykit.com/codeplay/static/snap/playsnap.html HTTP/1.0 Mozilla/5.0 (Macintosh; Intel Mac OS X 10_12_6) AppleWebKit/537.36 (KHTML, like Gecko) Chrome/69.0.3497.92 Safari/537.36]
[2018-09-26T09:06:47.435] [INFO] default - [undefined GET /codeplay/static/snap/locale.js 304 1ms][http://www.manykit.com/codeplay/static/snap/playsnap.html HTTP/1.0 Mozilla/5.0 (Macintosh; Intel Mac OS X 10_12_6) AppleWebKit/537.36 (KHTML, like Gecko) Chrome/69.0.3497.92 Safari/537.36]
[2018-09-26T09:06:47.459] [INFO] default - [undefined GET /codeplay/static/snap/manykit/locale.js 304 1ms][http://www.manykit.com/codeplay/static/snap/playsnap.html HTTP/1.0 Mozilla/5.0 (Macintosh; Intel Mac OS X 10_12_6) AppleWebKit/537.36 (KHTML, like Gecko) Chrome/69.0.3497.92 Safari/537.36]
[2018-09-26T09:06:47.489] [INFO] default - [undefined GET /codeplay/static/snap/cloud.js 304 1ms][http://www.manykit.com/codeplay/static/snap/playsnap.html HTTP/1.0 Mozilla/5.0 (Macintosh; Intel Mac OS X 10_12_6) AppleWebKit/537.36 (KHTML, like Gecko) Chrome/69.0.3497.92 Safari/537.36]
[2018-09-26T09:06:47.515] [INFO] default - [undefined GET /codeplay/static/snap/manykit/cloud.js 304 1ms][http://www.manykit.com/codeplay/static/snap/playsnap.html HTTP/1.0 Mozilla/5.0 (Macintosh; Intel Mac OS X 10_12_6) AppleWebKit/537.36 (KHTML, like Gecko) Chrome/69.0.3497.92 Safari/537.36]
[2018-09-26T09:06:47.557] [INFO] default - [undefined GET /codeplay/static/snap/sha512.js 304 1ms][http://www.manykit.com/codeplay/static/snap/playsnap.html HTTP/1.0 Mozilla/5.0 (Macintosh; Intel Mac OS X 10_12_6) AppleWebKit/537.36 (KHTML, like Gecko) Chrome/69.0.3497.92 Safari/537.36]
[2018-09-26T09:06:47.566] [INFO] default - [undefined GET /codeplay/static/snap/FileSaver.min.js 304 1ms][http://www.manykit.com/codeplay/static/snap/playsnap.html HTTP/1.0 Mozilla/5.0 (Macintosh; Intel Mac OS X 10_12_6) AppleWebKit/537.36 (KHTML, like Gecko) Chrome/69.0.3497.92 Safari/537.36]
[2018-09-26T09:06:47.610] [INFO] default - [undefined GET /codeplay/static/snap/manykit/base64.js 304 1ms][http://www.manykit.com/codeplay/static/snap/playsnap.html HTTP/1.0 Mozilla/5.0 (Macintosh; Intel Mac OS X 10_12_6) AppleWebKit/537.36 (KHTML, like Gecko) Chrome/69.0.3497.92 Safari/537.36]
[2018-09-26T09:06:47.678] [INFO] default - [undefined GET /codeplay/static/snap/player.png 304 1ms][http://www.manykit.com/codeplay/static/snap/playsnap.html HTTP/1.0 Mozilla/5.0 (Macintosh; Intel Mac OS X 10_12_6) AppleWebKit/537.36 (KHTML, like Gecko) Chrome/69.0.3497.92 Safari/537.36]
[2018-09-26T09:06:47.806] [INFO] default - [undefined GET /res/verify 304 1ms][http://www.manykit.com/codeplay/static/snap/playsnap.html HTTP/1.0 Mozilla/5.0 (Macintosh; Intel Mac OS X 10_12_6) AppleWebKit/537.36 (KHTML, like Gecko) Chrome/69.0.3497.92 Safari/537.36]
[2018-09-26T09:06:48.286] [INFO] default - [undefined GET /codeplay/static/snap/manykit/manykit.png 304 1ms][http://www.manykit.com/codeplay/static/snap/playsnap.html HTTP/1.0 Mozilla/5.0 (Macintosh; Intel Mac OS X 10_12_6) AppleWebKit/537.36 (KHTML, like Gecko) Chrome/69.0.3497.92 Safari/537.36]
[2018-09-26T09:06:48.325] [INFO] default - [undefined POST /res/getfile 200 29ms][http://www.manykit.com/codeplay/static/snap/playsnap.html HTTP/1.0 Mozilla/5.0 (Macintosh; Intel Mac OS X 10_12_6) AppleWebKit/537.36 (KHTML, like Gecko) Chrome/69.0.3497.92 Safari/537.36]
[2018-09-26T09:06:58.570] [INFO] default - [::1 GET /res/verify 200 2ms][http://www.manykit.com/ HTTP/1.0 Mozilla/5.0 (Windows NT 6.1; Win64; x64) AppleWebKit/537.36 (KHTML, like Gecko) Chrome/67.0.3396.62 Safari/537.36]
[2018-09-26T09:06:58.800] [INFO] default - [::ffff:127.0.0.1 POST /res/filelist 200 104ms][http://www.manykit.com/ HTTP/1.0 Mozilla/5.0 (Windows NT 6.1; Win64; x64) AppleWebKit/537.36 (KHTML, like Gecko) Chrome/67.0.3396.62 Safari/537.36]
[2018-09-26T09:07:22.241] [INFO] default - [undefined GET /codeplay/ 304 2ms][http://www.manykit.com/codeplay/ HTTP/1.0 Mozilla/5.0 (Macintosh; Intel Mac OS X 10_12_6) AppleWebKit/537.36 (KHTML, like Gecko) Chrome/69.0.3497.92 Safari/537.36]
[2018-09-26T09:07:22.444] [INFO] default - [undefined GET /codeplay/static/css/app.f09a98d24b32145b0b37f9b3aff05d9f.css 304 1ms][http://www.manykit.com/codeplay/ HTTP/1.0 Mozilla/5.0 (Macintosh; Intel Mac OS X 10_12_6) AppleWebKit/537.36 (KHTML, like Gecko) Chrome/69.0.3497.92 Safari/537.36]
[2018-09-26T09:07:22.449] [INFO] default - [undefined GET /codeplay/static/js/manifest.b2e0a933ccc4d20f7c75.js 304 1ms][http://www.manykit.com/codeplay/ HTTP/1.0 Mozilla/5.0 (Macintosh; Intel Mac OS X 10_12_6) AppleWebKit/537.36 (KHTML, like Gecko) Chrome/69.0.3497.92 Safari/537.36]
[2018-09-26T09:07:22.507] [INFO] default - [undefined GET /codeplay/static/js/vendor.3fa4caac75ed9dd268ec.js 304 1ms][http://www.manykit.com/codeplay/ HTTP/1.0 Mozilla/5.0 (Macintosh; Intel Mac OS X 10_12_6) AppleWebKit/537.36 (KHTML, like Gecko) Chrome/69.0.3497.92 Safari/537.36]
[2018-09-26T09:07:22.515] [INFO] default - [undefined GET /codeplay/static/js/app.01cfe28e9073b1358c6d.js 304 1ms][http://www.manykit.com/codeplay/ HTTP/1.0 Mozilla/5.0 (Macintosh; Intel Mac OS X 10_12_6) AppleWebKit/537.36 (KHTML, like Gecko) Chrome/69.0.3497.92 Safari/537.36]
[2018-09-26T09:07:23.676] [INFO] default - [undefined GET /codeplay/static/js/0.9d8e2a748d8e79aceb6e.js 304 1ms][http://www.manykit.com/codeplay/ HTTP/1.0 Mozilla/5.0 (Macintosh; Intel Mac OS X 10_12_6) AppleWebKit/537.36 (KHTML, like Gecko) Chrome/69.0.3497.92 Safari/537.36]
[2018-09-26T09:07:23.680] [INFO] default - [undefined GET /codeplay/static/js/7.003607541dd61576f5e0.js 304 1ms][http://www.manykit.com/codeplay/ HTTP/1.0 Mozilla/5.0 (Macintosh; Intel Mac OS X 10_12_6) AppleWebKit/537.36 (KHTML, like Gecko) Chrome/69.0.3497.92 Safari/537.36]
[2018-09-26T09:07:23.740] [INFO] default - [undefined GET /codeplay/static/js/6.de0d7934fdbff8f204d4.js 304 2ms][http://www.manykit.com/codeplay/ HTTP/1.0 Mozilla/5.0 (Macintosh; Intel Mac OS X 10_12_6) AppleWebKit/537.36 (KHTML, like Gecko) Chrome/69.0.3497.92 Safari/537.36]
[2018-09-26T09:07:24.011] [INFO] default - [undefined GET /res/verify 304 2ms][http://www.manykit.com/codeplay/ HTTP/1.0 Mozilla/5.0 (Macintosh; Intel Mac OS X 10_12_6) AppleWebKit/537.36 (KHTML, like Gecko) Chrome/69.0.3497.92 Safari/537.36]
[2018-09-26T09:07:24.013] [INFO] default - [undefined GET /codeplay/static/snap/playsnap.html 304 3ms][http://www.manykit.com/codeplay/ HTTP/1.0 Mozilla/5.0 (Macintosh; Intel Mac OS X 10_12_6) AppleWebKit/537.36 (KHTML, like Gecko) Chrome/69.0.3497.92 Safari/537.36]
[2018-09-26T09:07:24.026] [INFO] default - [::1 POST /res/getfile 200 1ms][http://www.manykit.com/codeplay/ HTTP/1.0 Mozilla/5.0 (Macintosh; Intel Mac OS X 10_12_6) AppleWebKit/537.36 (KHTML, like Gecko) Chrome/69.0.3497.92 Safari/537.36]
[2018-09-26T09:07:24.070] [INFO] default - [::ffff:127.0.0.1 POST /res/filelist 200 44ms][http://www.manykit.com/codeplay/ HTTP/1.0 Mozilla/5.0 (Macintosh; Intel Mac OS X 10_12_6) AppleWebKit/537.36 (KHTML, like Gecko) Chrome/69.0.3497.92 Safari/537.36]
[2018-09-26T09:07:24.076] [INFO] default - [::1 POST /res/getfile 200 1ms][http://www.manykit.com/codeplay/ HTTP/1.0 Mozilla/5.0 (Macintosh; Intel Mac OS X 10_12_6) AppleWebKit/537.36 (KHTML, like Gecko) Chrome/69.0.3497.92 Safari/537.36]
[2018-09-26T09:07:24.117] [INFO] default - [undefined GET /res/verify 304 3ms][http://www.manykit.com/codeplay/ HTTP/1.0 Mozilla/5.0 (Macintosh; Intel Mac OS X 10_12_6) AppleWebKit/537.36 (KHTML, like Gecko) Chrome/69.0.3497.92 Safari/537.36]
[2018-09-26T09:07:24.233] [INFO] default - [::1 POST /res/filelist 200 205ms][http://www.manykit.com/codeplay/ HTTP/1.0 Mozilla/5.0 (Macintosh; Intel Mac OS X 10_12_6) AppleWebKit/537.36 (KHTML, like Gecko) Chrome/69.0.3497.92 Safari/537.36]
[2018-09-26T09:07:24.234] [INFO] default - [::ffff:127.0.0.1 POST /res/filelist 200 207ms][http://www.manykit.com/codeplay/ HTTP/1.0 Mozilla/5.0 (Macintosh; Intel Mac OS X 10_12_6) AppleWebKit/537.36 (KHTML, like Gecko) Chrome/69.0.3497.92 Safari/537.36]
[2018-09-26T09:07:24.291] [INFO] default - [undefined GET /codeplay/static/localpic.png 304 176ms][http://www.manykit.com/codeplay/ HTTP/1.0 Mozilla/5.0 (Macintosh; Intel Mac OS X 10_12_6) AppleWebKit/537.36 (KHTML, like Gecko) Chrome/69.0.3497.92 Safari/537.36]
[2018-09-26T09:07:37.796] [INFO] default - [undefined GET /res/verify 304 1ms][http://www.manykit.com/ HTTP/1.0 Mozilla/5.0 (Macintosh; Intel Mac OS X 10_12_6) AppleWebKit/537.36 (KHTML, like Gecko) Chrome/69.0.3497.92 Safari/537.36]
[2018-09-26T09:07:38.019] [INFO] default - [::1 POST /res/filelist 200 92ms][http://www.manykit.com/ HTTP/1.0 Mozilla/5.0 (Macintosh; Intel Mac OS X 10_12_6) AppleWebKit/537.36 (KHTML, like Gecko) Chrome/69.0.3497.92 Safari/537.36]
[2018-09-26T09:07:44.344] [INFO] default - [undefined GET /codeplay/ 304 1ms][http://www.manykit.com/ HTTP/1.0 Mozilla/5.0 (Macintosh; Intel Mac OS X 10_12_6) AppleWebKit/537.36 (KHTML, like Gecko) Chrome/69.0.3497.92 Safari/537.36]
[2018-09-26T09:07:44.426] [INFO] default - [undefined GET /codeplay/static/css/app.f09a98d24b32145b0b37f9b3aff05d9f.css 304 1ms][http://www.manykit.com/codeplay/ HTTP/1.0 Mozilla/5.0 (Macintosh; Intel Mac OS X 10_12_6) AppleWebKit/537.36 (KHTML, like Gecko) Chrome/69.0.3497.92 Safari/537.36]
[2018-09-26T09:07:44.426] [INFO] default - [undefined GET /codeplay/static/js/manifest.b2e0a933ccc4d20f7c75.js 304 1ms][http://www.manykit.com/codeplay/ HTTP/1.0 Mozilla/5.0 (Macintosh; Intel Mac OS X 10_12_6) AppleWebKit/537.36 (KHTML, like Gecko) Chrome/69.0.3497.92 Safari/537.36]
[2018-09-26T09:07:44.482] [INFO] default - [undefined GET /codeplay/static/js/app.01cfe28e9073b1358c6d.js 304 1ms][http://www.manykit.com/codeplay/ HTTP/1.0 Mozilla/5.0 (Macintosh; Intel Mac OS X 10_12_6) AppleWebKit/537.36 (KHTML, like Gecko) Chrome/69.0.3497.92 Safari/537.36]
[2018-09-26T09:07:44.482] [INFO] default - [undefined GET /codeplay/static/js/vendor.3fa4caac75ed9dd268ec.js 304 2ms][http://www.manykit.com/codeplay/ HTTP/1.0 Mozilla/5.0 (Macintosh; Intel Mac OS X 10_12_6) AppleWebKit/537.36 (KHTML, like Gecko) Chrome/69.0.3497.92 Safari/537.36]
[2018-09-26T09:07:44.685] [INFO] default - [undefined GET /codeplay/static/js/7.003607541dd61576f5e0.js 304 2ms][http://www.manykit.com/codeplay/ HTTP/1.0 Mozilla/5.0 (Macintosh; Intel Mac OS X 10_12_6) AppleWebKit/537.36 (KHTML, like Gecko) Chrome/69.0.3497.92 Safari/537.36]
[2018-09-26T09:07:44.686] [INFO] default - [undefined GET /codeplay/static/js/0.9d8e2a748d8e79aceb6e.js 304 2ms][http://www.manykit.com/codeplay/ HTTP/1.0 Mozilla/5.0 (Macintosh; Intel Mac OS X 10_12_6) AppleWebKit/537.36 (KHTML, like Gecko) Chrome/69.0.3497.92 Safari/537.36]
[2018-09-26T09:07:44.686] [INFO] default - [undefined GET /codeplay/static/js/6.de0d7934fdbff8f204d4.js 304 2ms][http://www.manykit.com/codeplay/ HTTP/1.0 Mozilla/5.0 (Macintosh; Intel Mac OS X 10_12_6) AppleWebKit/537.36 (KHTML, like Gecko) Chrome/69.0.3497.92 Safari/537.36]
[2018-09-26T09:07:44.799] [INFO] default - [undefined GET /codeplay/static/snap/playsnap.html 304 1ms][http://www.manykit.com/codeplay/ HTTP/1.0 Mozilla/5.0 (Macintosh; Intel Mac OS X 10_12_6) AppleWebKit/537.36 (KHTML, like Gecko) Chrome/69.0.3497.92 Safari/537.36]
[2018-09-26T09:07:44.806] [INFO] default - [undefined GET /res/verify 304 1ms][http://www.manykit.com/codeplay/ HTTP/1.0 Mozilla/5.0 (Macintosh; Intel Mac OS X 10_12_6) AppleWebKit/537.36 (KHTML, like Gecko) Chrome/69.0.3497.92 Safari/537.36]
[2018-09-26T09:07:44.910] [INFO] default - [::ffff:127.0.0.1 POST /res/filelist 200 107ms][http://www.manykit.com/codeplay/ HTTP/1.0 Mozilla/5.0 (Macintosh; Intel Mac OS X 10_12_6) AppleWebKit/537.36 (KHTML, like Gecko) Chrome/69.0.3497.92 Safari/537.36]
[2018-09-26T09:07:44.965] [INFO] default - [undefined GET /res/verify 304 2ms][http://www.manykit.com/codeplay/ HTTP/1.0 Mozilla/5.0 (Macintosh; Intel Mac OS X 10_12_6) AppleWebKit/537.36 (KHTML, like Gecko) Chrome/69.0.3497.92 Safari/537.36]
[2018-09-26T09:07:45.004] [INFO] default - [::ffff:127.0.0.1 POST /res/filelist 200 43ms][http://www.manykit.com/codeplay/ HTTP/1.0 Mozilla/5.0 (Macintosh; Intel Mac OS X 10_12_6) AppleWebKit/537.36 (KHTML, like Gecko) Chrome/69.0.3497.92 Safari/537.36]
[2018-09-26T09:07:45.005] [INFO] default - [::1 POST /res/filelist 200 44ms][http://www.manykit.com/codeplay/ HTTP/1.0 Mozilla/5.0 (Macintosh; Intel Mac OS X 10_12_6) AppleWebKit/537.36 (KHTML, like Gecko) Chrome/69.0.3497.92 Safari/537.36]
[2018-09-26T09:07:45.057] [INFO] default - [undefined GET /codeplay/static/localpic.png 200 3ms][http://www.manykit.com/codeplay/ HTTP/1.0 Mozilla/5.0 (Macintosh; Intel Mac OS X 10_12_6) AppleWebKit/537.36 (KHTML, like Gecko) Chrome/69.0.3497.92 Safari/537.36]
[2018-09-26T09:07:45.069] [INFO] default - [undefined GET /codeplay/static/img/qr_code01.1707b53.jpg 200 2ms][http://www.manykit.com/codeplay/ HTTP/1.0 Mozilla/5.0 (Macintosh; Intel Mac OS X 10_12_6) AppleWebKit/537.36 (KHTML, like Gecko) Chrome/69.0.3497.92 Safari/537.36]
[2018-09-26T09:07:45.150] [INFO] default - [::1 POST /res/getfile 200 347ms][http://www.manykit.com/codeplay/ HTTP/1.0 Mozilla/5.0 (Macintosh; Intel Mac OS X 10_12_6) AppleWebKit/537.36 (KHTML, like Gecko) Chrome/69.0.3497.92 Safari/537.36]
[2018-09-26T09:07:45.291] [INFO] default - [undefined GET /codeplay/static/snap/manykit/jquery-3.2.1.min.js 304 2ms][http://www.manykit.com/codeplay/static/snap/playsnap.html HTTP/1.0 Mozilla/5.0 (Macintosh; Intel Mac OS X 10_12_6) AppleWebKit/537.36 (KHTML, like Gecko) Chrome/69.0.3497.92 Safari/537.36]
[2018-09-26T09:07:45.307] [INFO] default - [undefined GET /codeplay/static/img/qr_code02.f1cd7b4.jpg 200 18ms][http://www.manykit.com/codeplay/ HTTP/1.0 Mozilla/5.0 (Macintosh; Intel Mac OS X 10_12_6) AppleWebKit/537.36 (KHTML, like Gecko) Chrome/69.0.3497.92 Safari/537.36]
[2018-09-26T09:07:45.369] [INFO] default - [undefined GET /codeplay/static/snap/morphic.js 304 3ms][http://www.manykit.com/codeplay/static/snap/playsnap.html HTTP/1.0 Mozilla/5.0 (Macintosh; Intel Mac OS X 10_12_6) AppleWebKit/537.36 (KHTML, like Gecko) Chrome/69.0.3497.92 Safari/537.36]
[2018-09-26T09:07:45.377] [INFO] default - [undefined GET /codeplay/static/snap/widgets.js 304 4ms][http://www.manykit.com/codeplay/static/snap/playsnap.html HTTP/1.0 Mozilla/5.0 (Macintosh; Intel Mac OS X 10_12_6) AppleWebKit/537.36 (KHTML, like Gecko) Chrome/69.0.3497.92 Safari/537.36]
[2018-09-26T09:07:45.387] [INFO] default - [::ffff:127.0.0.1 POST /res/getfile 200 424ms][http://www.manykit.com/codeplay/ HTTP/1.0 Mozilla/5.0 (Macintosh; Intel Mac OS X 10_12_6) AppleWebKit/537.36 (KHTML, like Gecko) Chrome/69.0.3497.92 Safari/537.36]
[2018-09-26T09:07:45.449] [INFO] default - [undefined GET /codeplay/static/snap/blocks.js 304 4ms][http://www.manykit.com/codeplay/static/snap/playsnap.html HTTP/1.0 Mozilla/5.0 (Macintosh; Intel Mac OS X 10_12_6) AppleWebKit/537.36 (KHTML, like Gecko) Chrome/69.0.3497.92 Safari/537.36]
[2018-09-26T09:07:45.451] [INFO] default - [undefined GET /codeplay/static/snap/manykit/blocks.js 304 3ms][http://www.manykit.com/codeplay/static/snap/playsnap.html HTTP/1.0 Mozilla/5.0 (Macintosh; Intel Mac OS X 10_12_6) AppleWebKit/537.36 (KHTML, like Gecko) Chrome/69.0.3497.92 Safari/537.36]
[2018-09-26T09:07:45.543] [INFO] default - [undefined GET /codeplay/static/snap/threads.js 304 11ms][http://www.manykit.com/codeplay/static/snap/playsnap.html HTTP/1.0 Mozilla/5.0 (Macintosh; Intel Mac OS X 10_12_6) AppleWebKit/537.36 (KHTML, like Gecko) Chrome/69.0.3497.92 Safari/537.36]
[2018-09-26T09:07:45.544] [INFO] default - [undefined GET /codeplay/static/snap/manykit/arduino.js 304 11ms][http://www.manykit.com/codeplay/static/snap/playsnap.html HTTP/1.0 Mozilla/5.0 (Macintosh; Intel Mac OS X 10_12_6) AppleWebKit/537.36 (KHTML, like Gecko) Chrome/69.0.3497.92 Safari/537.36]
[2018-09-26T09:07:45.614] [INFO] default - [undefined GET /codeplay/static/snap/manykit/threads.js 304 1ms][http://www.manykit.com/codeplay/static/snap/playsnap.html HTTP/1.0 Mozilla/5.0 (Macintosh; Intel Mac OS X 10_12_6) AppleWebKit/537.36 (KHTML, like Gecko) Chrome/69.0.3497.92 Safari/537.36]
[2018-09-26T09:07:45.619] [INFO] default - [undefined GET /codeplay/static/snap/objects.js 304 2ms][http://www.manykit.com/codeplay/static/snap/playsnap.html HTTP/1.0 Mozilla/5.0 (Macintosh; Intel Mac OS X 10_12_6) AppleWebKit/537.36 (KHTML, like Gecko) Chrome/69.0.3497.92 Safari/537.36]
[2018-09-26T09:07:45.680] [INFO] default - [undefined GET /codeplay/static/snap/manykit/objects.js 304 1ms][http://www.manykit.com/codeplay/static/snap/playsnap.html HTTP/1.0 Mozilla/5.0 (Macintosh; Intel Mac OS X 10_12_6) AppleWebKit/537.36 (KHTML, like Gecko) Chrome/69.0.3497.92 Safari/537.36]
[2018-09-26T09:07:45.687] [INFO] default - [undefined GET /codeplay/static/snap/gui.js 304 2ms][http://www.manykit.com/codeplay/static/snap/playsnap.html HTTP/1.0 Mozilla/5.0 (Macintosh; Intel Mac OS X 10_12_6) AppleWebKit/537.36 (KHTML, like Gecko) Chrome/69.0.3497.92 Safari/537.36]
[2018-09-26T09:07:45.752] [INFO] default - [undefined GET /codeplay/static/snap/paint.js 304 2ms][http://www.manykit.com/codeplay/static/snap/playsnap.html HTTP/1.0 Mozilla/5.0 (Macintosh; Intel Mac OS X 10_12_6) AppleWebKit/537.36 (KHTML, like Gecko) Chrome/69.0.3497.92 Safari/537.36]
[2018-09-26T09:07:45.753] [INFO] default - [undefined GET /codeplay/static/snap/manykit/playergui.js 304 1ms][http://www.manykit.com/codeplay/static/snap/playsnap.html HTTP/1.0 Mozilla/5.0 (Macintosh; Intel Mac OS X 10_12_6) AppleWebKit/537.36 (KHTML, like Gecko) Chrome/69.0.3497.92 Safari/537.36]
[2018-09-26T09:07:45.824] [INFO] default - [undefined GET /codeplay/static/snap/lists.js 304 1ms][http://www.manykit.com/codeplay/static/snap/playsnap.html HTTP/1.0 Mozilla/5.0 (Macintosh; Intel Mac OS X 10_12_6) AppleWebKit/537.36 (KHTML, like Gecko) Chrome/69.0.3497.92 Safari/537.36]
[2018-09-26T09:07:45.835] [INFO] default - [undefined GET /codeplay/static/snap/byob.js 304 1ms][http://www.manykit.com/codeplay/static/snap/playsnap.html HTTP/1.0 Mozilla/5.0 (Macintosh; Intel Mac OS X 10_12_6) AppleWebKit/537.36 (KHTML, like Gecko) Chrome/69.0.3497.92 Safari/537.36]
[2018-09-26T09:07:45.914] [INFO] default - [undefined GET /codeplay/static/snap/tables.js 304 1ms][http://www.manykit.com/codeplay/static/snap/playsnap.html HTTP/1.0 Mozilla/5.0 (Macintosh; Intel Mac OS X 10_12_6) AppleWebKit/537.36 (KHTML, like Gecko) Chrome/69.0.3497.92 Safari/537.36]
[2018-09-26T09:07:45.916] [INFO] default - [undefined GET /codeplay/static/snap/symbols.js 304 2ms][http://www.manykit.com/codeplay/static/snap/playsnap.html HTTP/1.0 Mozilla/5.0 (Macintosh; Intel Mac OS X 10_12_6) AppleWebKit/537.36 (KHTML, like Gecko) Chrome/69.0.3497.92 Safari/537.36]
[2018-09-26T09:07:45.971] [INFO] default - [undefined GET /codeplay/static/snap/xml.js 304 1ms][http://www.manykit.com/codeplay/static/snap/playsnap.html HTTP/1.0 Mozilla/5.0 (Macintosh; Intel Mac OS X 10_12_6) AppleWebKit/537.36 (KHTML, like Gecko) Chrome/69.0.3497.92 Safari/537.36]
[2018-09-26T09:07:45.972] [INFO] default - [undefined GET /codeplay/static/snap/store.js 304 2ms][http://www.manykit.com/codeplay/static/snap/playsnap.html HTTP/1.0 Mozilla/5.0 (Macintosh; Intel Mac OS X 10_12_6) AppleWebKit/537.36 (KHTML, like Gecko) Chrome/69.0.3497.92 Safari/537.36]
[2018-09-26T09:07:46.026] [INFO] default - [undefined GET /codeplay/static/snap/locale.js 304 1ms][http://www.manykit.com/codeplay/static/snap/playsnap.html HTTP/1.0 Mozilla/5.0 (Macintosh; Intel Mac OS X 10_12_6) AppleWebKit/537.36 (KHTML, like Gecko) Chrome/69.0.3497.92 Safari/537.36]
[2018-09-26T09:07:46.039] [INFO] default - [undefined GET /codeplay/static/snap/manykit/locale.js 304 2ms][http://www.manykit.com/codeplay/static/snap/playsnap.html HTTP/1.0 Mozilla/5.0 (Macintosh; Intel Mac OS X 10_12_6) AppleWebKit/537.36 (KHTML, like Gecko) Chrome/69.0.3497.92 Safari/537.36]
[2018-09-26T09:07:46.087] [INFO] default - [undefined GET /codeplay/static/snap/cloud.js 304 1ms][http://www.manykit.com/codeplay/static/snap/playsnap.html HTTP/1.0 Mozilla/5.0 (Macintosh; Intel Mac OS X 10_12_6) AppleWebKit/537.36 (KHTML, like Gecko) Chrome/69.0.3497.92 Safari/537.36]
[2018-09-26T09:07:46.088] [INFO] default - [undefined GET /codeplay/static/snap/manykit/cloud.js 304 2ms][http://www.manykit.com/codeplay/static/snap/playsnap.html HTTP/1.0 Mozilla/5.0 (Macintosh; Intel Mac OS X 10_12_6) AppleWebKit/537.36 (KHTML, like Gecko) Chrome/69.0.3497.92 Safari/537.36]
[2018-09-26T09:07:46.148] [INFO] default - [undefined GET /codeplay/static/snap/sha512.js 304 1ms][http://www.manykit.com/codeplay/static/snap/playsnap.html HTTP/1.0 Mozilla/5.0 (Macintosh; Intel Mac OS X 10_12_6) AppleWebKit/537.36 (KHTML, like Gecko) Chrome/69.0.3497.92 Safari/537.36]
[2018-09-26T09:07:46.150] [INFO] default - [undefined GET /codeplay/static/snap/FileSaver.min.js 304 1ms][http://www.manykit.com/codeplay/static/snap/playsnap.html HTTP/1.0 Mozilla/5.0 (Macintosh; Intel Mac OS X 10_12_6) AppleWebKit/537.36 (KHTML, like Gecko) Chrome/69.0.3497.92 Safari/537.36]
[2018-09-26T09:07:46.195] [INFO] default - [undefined GET /codeplay/static/snap/manykit/base64.js 304 2ms][http://www.manykit.com/codeplay/static/snap/playsnap.html HTTP/1.0 Mozilla/5.0 (Macintosh; Intel Mac OS X 10_12_6) AppleWebKit/537.36 (KHTML, like Gecko) Chrome/69.0.3497.92 Safari/537.36]
[2018-09-26T09:07:46.203] [INFO] default - [undefined GET /codeplay/static/snap/player.png 304 1ms][http://www.manykit.com/codeplay/static/snap/playsnap.html HTTP/1.0 Mozilla/5.0 (Macintosh; Intel Mac OS X 10_12_6) AppleWebKit/537.36 (KHTML, like Gecko) Chrome/69.0.3497.92 Safari/537.36]
[2018-09-26T09:07:46.323] [INFO] default - [undefined GET /res/verify 304 1ms][http://www.manykit.com/codeplay/static/snap/playsnap.html HTTP/1.0 Mozilla/5.0 (Macintosh; Intel Mac OS X 10_12_6) AppleWebKit/537.36 (KHTML, like Gecko) Chrome/69.0.3497.92 Safari/537.36]
[2018-09-26T09:07:46.859] [INFO] default - [undefined GET /codeplay/static/snap/manykit/manykit.png 304 2ms][http://www.manykit.com/codeplay/static/snap/playsnap.html HTTP/1.0 Mozilla/5.0 (Macintosh; Intel Mac OS X 10_12_6) AppleWebKit/537.36 (KHTML, like Gecko) Chrome/69.0.3497.92 Safari/537.36]
[2018-09-26T09:07:47.018] [INFO] default - [::ffff:127.0.0.1 POST /res/getfile 200 161ms][http://www.manykit.com/codeplay/static/snap/playsnap.html HTTP/1.0 Mozilla/5.0 (Macintosh; Intel Mac OS X 10_12_6) AppleWebKit/537.36 (KHTML, like Gecko) Chrome/69.0.3497.92 Safari/537.36]
[2018-09-26T09:08:24.559] [INFO] default - [undefined GET /codeplay/static/js/17.9fb53da375b8b1a3a597.js 200 4ms][http://www.manykit.com/codeplay/ HTTP/1.0 Mozilla/5.0 (Macintosh; Intel Mac OS X 10_12_6) AppleWebKit/537.36 (KHTML, like Gecko) Chrome/69.0.3497.92 Safari/537.36]
[2018-09-26T09:08:24.561] [INFO] default - [undefined GET /codeplay/static/js/4.27a24dce0195fd498297.js 200 5ms][http://www.manykit.com/codeplay/ HTTP/1.0 Mozilla/5.0 (Macintosh; Intel Mac OS X 10_12_6) AppleWebKit/537.36 (KHTML, like Gecko) Chrome/69.0.3497.92 Safari/537.36]
[2018-09-26T09:08:24.851] [INFO] default - [undefined GET /res/verify 304 3ms][http://www.manykit.com/codeplay/ HTTP/1.0 Mozilla/5.0 (Macintosh; Intel Mac OS X 10_12_6) AppleWebKit/537.36 (KHTML, like Gecko) Chrome/69.0.3497.92 Safari/537.36]
[2018-09-26T09:08:24.854] [INFO] default - [undefined GET /codeplay/static/img/qiqiu.347f93a.png 200 16ms][http://www.manykit.com/codeplay/ HTTP/1.0 Mozilla/5.0 (Macintosh; Intel Mac OS X 10_12_6) AppleWebKit/537.36 (KHTML, like Gecko) Chrome/69.0.3497.92 Safari/537.36]
[2018-09-26T09:08:25.848] [INFO] default - [::ffff:127.0.0.1 POST /res/resourcelist 200 1000ms][http://www.manykit.com/codeplay/ HTTP/1.0 Mozilla/5.0 (Macintosh; Intel Mac OS X 10_12_6) AppleWebKit/537.36 (KHTML, like Gecko) Chrome/69.0.3497.92 Safari/537.36]
[2018-09-26T09:08:25.851] [INFO] default - [::ffff:127.0.0.1 POST /res/resourcelist 200 1007ms][http://www.manykit.com/codeplay/ HTTP/1.0 Mozilla/5.0 (Macintosh; Intel Mac OS X 10_12_6) AppleWebKit/537.36 (KHTML, like Gecko) Chrome/69.0.3497.92 Safari/537.36]
[2018-09-26T09:08:25.853] [INFO] default - [::1 POST /res/resourcelist 200 1003ms][http://www.manykit.com/codeplay/ HTTP/1.0 Mozilla/5.0 (Macintosh; Intel Mac OS X 10_12_6) AppleWebKit/537.36 (KHTML, like Gecko) Chrome/69.0.3497.92 Safari/537.36]
[2018-09-26T09:08:26.001] [INFO] default - [::1 GET /codeplay/static/resource/scene/10200.png 200 55ms][http://www.manykit.com/codeplay/ HTTP/1.0 Mozilla/5.0 (Macintosh; Intel Mac OS X 10_12_6) AppleWebKit/537.36 (KHTML, like Gecko) Chrome/69.0.3497.92 Safari/537.36]
[2018-09-26T09:08:26.020] [INFO] default - [::ffff:127.0.0.1 GET /codeplay/static/resource/scene/10198.png 200 74ms][http://www.manykit.com/codeplay/ HTTP/1.0 Mozilla/5.0 (Macintosh; Intel Mac OS X 10_12_6) AppleWebKit/537.36 (KHTML, like Gecko) Chrome/69.0.3497.92 Safari/537.36]
[2018-09-26T09:08:26.027] [INFO] default - [::1 GET /codeplay/static/resource/scene/10196.png 200 84ms][http://www.manykit.com/codeplay/ HTTP/1.0 Mozilla/5.0 (Macintosh; Intel Mac OS X 10_12_6) AppleWebKit/537.36 (KHTML, like Gecko) Chrome/69.0.3497.92 Safari/537.36]
[2018-09-26T09:08:26.034] [INFO] default - [::1 GET /codeplay/static/resource/scene/10199.png 200 88ms][http://www.manykit.com/codeplay/ HTTP/1.0 Mozilla/5.0 (Macintosh; Intel Mac OS X 10_12_6) AppleWebKit/537.36 (KHTML, like Gecko) Chrome/69.0.3497.92 Safari/537.36]
[2018-09-26T09:08:26.039] [INFO] default - [::ffff:127.0.0.1 GET /codeplay/static/resource/scene/10197.png 200 93ms][http://www.manykit.com/codeplay/ HTTP/1.0 Mozilla/5.0 (Macintosh; Intel Mac OS X 10_12_6) AppleWebKit/537.36 (KHTML, like Gecko) Chrome/69.0.3497.92 Safari/537.36]
[2018-09-26T09:08:26.043] [INFO] default - [::ffff:127.0.0.1 GET /codeplay/static/resource/music/%E6%B3%A1%E6%B3%A1%E5%8D%A1%E4%B8%81%E8%BD%A6.mp3 206 101ms][http://www.manykit.com/codeplay/ HTTP/1.0 Mozilla/5.0 (Macintosh; Intel Mac OS X 10_12_6) AppleWebKit/537.36 (KHTML, like Gecko) Chrome/69.0.3497.92 Safari/537.36]
[2018-09-26T09:08:26.275] [INFO] default - [undefined GET /codeplay/static/resource/material/10001.png 200 31ms][http://www.manykit.com/codeplay/ HTTP/1.0 Mozilla/5.0 (Macintosh; Intel Mac OS X 10_12_6) AppleWebKit/537.36 (KHTML, like Gecko) Chrome/69.0.3497.92 Safari/537.36]
[2018-09-26T09:08:26.329] [INFO] default - [undefined GET /codeplay/static/resource/material/10000.png 200 30ms][http://www.manykit.com/codeplay/ HTTP/1.0 Mozilla/5.0 (Macintosh; Intel Mac OS X 10_12_6) AppleWebKit/537.36 (KHTML, like Gecko) Chrome/69.0.3497.92 Safari/537.36]
[2018-09-26T09:08:26.332] [INFO] default - [undefined GET /codeplay/static/resource/material/10004.png 200 14ms][http://www.manykit.com/codeplay/ HTTP/1.0 Mozilla/5.0 (Macintosh; Intel Mac OS X 10_12_6) AppleWebKit/537.36 (KHTML, like Gecko) Chrome/69.0.3497.92 Safari/537.36]
[2018-09-26T09:08:26.346] [INFO] default - [undefined GET /codeplay/static/resource/material/10002.png 200 18ms][http://www.manykit.com/codeplay/ HTTP/1.0 Mozilla/5.0 (Macintosh; Intel Mac OS X 10_12_6) AppleWebKit/537.36 (KHTML, like Gecko) Chrome/69.0.3497.92 Safari/537.36]
[2018-09-26T09:08:26.358] [INFO] default - [undefined GET /codeplay/static/resource/scene/10201.png 200 28ms][http://www.manykit.com/codeplay/ HTTP/1.0 Mozilla/5.0 (Macintosh; Intel Mac OS X 10_12_6) AppleWebKit/537.36 (KHTML, like Gecko) Chrome/69.0.3497.92 Safari/537.36]
[2018-09-26T09:08:26.379] [INFO] default - [undefined GET /codeplay/static/resource/material/10003.png 200 99ms][http://www.manykit.com/codeplay/ HTTP/1.0 Mozilla/5.0 (Macintosh; Intel Mac OS X 10_12_6) AppleWebKit/537.36 (KHTML, like Gecko) Chrome/69.0.3497.92 Safari/537.36]
[2018-09-26T09:08:26.431] [INFO] default - [undefined GET /codeplay/static/resource/scene/10202.png 200 38ms][http://www.manykit.com/codeplay/ HTTP/1.0 Mozilla/5.0 (Macintosh; Intel Mac OS X 10_12_6) AppleWebKit/537.36 (KHTML, like Gecko) Chrome/69.0.3497.92 Safari/537.36]
[2018-09-26T09:08:26.450] [INFO] default - [undefined GET /codeplay/static/resource/scene/10203.png 200 34ms][http://www.manykit.com/codeplay/ HTTP/1.0 Mozilla/5.0 (Macintosh; Intel Mac OS X 10_12_6) AppleWebKit/537.36 (KHTML, like Gecko) Chrome/69.0.3497.92 Safari/537.36]
[2018-09-26T09:08:26.612] [INFO] default - [undefined GET /codeplay/static/resource/scene/10204.png 200 28ms][http://www.manykit.com/codeplay/ HTTP/1.0 Mozilla/5.0 (Macintosh; Intel Mac OS X 10_12_6) AppleWebKit/537.36 (KHTML, like Gecko) Chrome/69.0.3497.92 Safari/537.36]
[2018-09-26T09:08:27.384] [INFO] default - [undefined GET /codeplay/static/resource/scene/10205.png 200 137ms][http://www.manykit.com/codeplay/ HTTP/1.0 Mozilla/5.0 (Macintosh; Intel Mac OS X 10_12_6) AppleWebKit/537.36 (KHTML, like Gecko) Chrome/69.0.3497.92 Safari/537.36]
[2018-09-26T09:08:27.851] [INFO] default - [undefined GET /codeplay/static/resource/material/10005.png 200 28ms][http://www.manykit.com/codeplay/ HTTP/1.0 Mozilla/5.0 (Macintosh; Intel Mac OS X 10_12_6) AppleWebKit/537.36 (KHTML, like Gecko) Chrome/69.0.3497.92 Safari/537.36]
[2018-09-26T09:08:27.985] [INFO] default - [undefined GET /codeplay/static/resource/material/10006.png 200 10ms][http://www.manykit.com/codeplay/ HTTP/1.0 Mozilla/5.0 (Macintosh; Intel Mac OS X 10_12_6) AppleWebKit/537.36 (KHTML, like Gecko) Chrome/69.0.3497.92 Safari/537.36]
[2018-09-26T09:08:28.064] [INFO] default - [undefined GET /codeplay/static/resource/material/10007.png 200 20ms][http://www.manykit.com/codeplay/ HTTP/1.0 Mozilla/5.0 (Macintosh; Intel Mac OS X 10_12_6) AppleWebKit/537.36 (KHTML, like Gecko) Chrome/69.0.3497.92 Safari/537.36]
[2018-09-26T09:08:28.082] [INFO] default - [undefined GET /codeplay/static/resource/material/10008.png 200 15ms][http://www.manykit.com/codeplay/ HTTP/1.0 Mozilla/5.0 (Macintosh; Intel Mac OS X 10_12_6) AppleWebKit/537.36 (KHTML, like Gecko) Chrome/69.0.3497.92 Safari/537.36]
[2018-09-26T09:08:28.164] [INFO] default - [undefined GET /codeplay/static/resource/material/10009.png 200 18ms][http://www.manykit.com/codeplay/ HTTP/1.0 Mozilla/5.0 (Macintosh; Intel Mac OS X 10_12_6) AppleWebKit/537.36 (KHTML, like Gecko) Chrome/69.0.3497.92 Safari/537.36]
[2018-09-26T09:08:28.209] [INFO] default - [undefined GET /codeplay/static/resource/material/10010.png 200 14ms][http://www.manykit.com/codeplay/ HTTP/1.0 Mozilla/5.0 (Macintosh; Intel Mac OS X 10_12_6) AppleWebKit/537.36 (KHTML, like Gecko) Chrome/69.0.3497.92 Safari/537.36]
[2018-09-26T09:08:28.275] [INFO] default - [undefined GET /codeplay/static/resource/material/10011.png 200 16ms][http://www.manykit.com/codeplay/ HTTP/1.0 Mozilla/5.0 (Macintosh; Intel Mac OS X 10_12_6) AppleWebKit/537.36 (KHTML, like Gecko) Chrome/69.0.3497.92 Safari/537.36]
[2018-09-26T09:08:28.314] [INFO] default - [undefined GET /codeplay/static/resource/material/10012.png 200 19ms][http://www.manykit.com/codeplay/ HTTP/1.0 Mozilla/5.0 (Macintosh; Intel Mac OS X 10_12_6) AppleWebKit/537.36 (KHTML, like Gecko) Chrome/69.0.3497.92 Safari/537.36]
[2018-09-26T09:08:28.358] [INFO] default - [undefined GET /codeplay/static/resource/material/10013.png 200 14ms][http://www.manykit.com/codeplay/ HTTP/1.0 Mozilla/5.0 (Macintosh; Intel Mac OS X 10_12_6) AppleWebKit/537.36 (KHTML, like Gecko) Chrome/69.0.3497.92 Safari/537.36]
[2018-09-26T09:08:28.363] [INFO] default - [undefined GET /codeplay/static/resource/material/10014.png 200 18ms][http://www.manykit.com/codeplay/ HTTP/1.0 Mozilla/5.0 (Macintosh; Intel Mac OS X 10_12_6) AppleWebKit/537.36 (KHTML, like Gecko) Chrome/69.0.3497.92 Safari/537.36]
[2018-09-26T09:08:28.430] [INFO] default - [::ffff:127.0.0.1 GET /codeplay/static/resource/music/%E5%8F%98%E5%BD%A2%E9%87%91%E5%88%9A.mp3 206 63ms][http://www.manykit.com/codeplay/ HTTP/1.0 Mozilla/5.0 (Macintosh; Intel Mac OS X 10_12_6) AppleWebKit/537.36 (KHTML, like Gecko) Chrome/69.0.3497.92 Safari/537.36]
[2018-09-26T09:08:28.453] [INFO] default - [undefined GET /codeplay/static/resource/music/%E5%B0%8F%E6%B8%B8%E6%88%8F.mp3 206 85ms][http://www.manykit.com/codeplay/ HTTP/1.0 Mozilla/5.0 (Macintosh; Intel Mac OS X 10_12_6) AppleWebKit/537.36 (KHTML, like Gecko) Chrome/69.0.3497.92 Safari/537.36]
[2018-09-26T09:08:28.487] [INFO] default - [::ffff:127.0.0.1 GET /codeplay/static/resource/music/%E5%A4%8F%E5%A8%81%E5%A4%B7%E7%9A%84%E5%BE%AE%E7%AC%91.mp3 206 73ms][http://www.manykit.com/codeplay/ HTTP/1.0 Mozilla/5.0 (Macintosh; Intel Mac OS X 10_12_6) AppleWebKit/537.36 (KHTML, like Gecko) Chrome/69.0.3497.92 Safari/537.36]
[2018-09-26T09:08:28.579] [INFO] default - [undefined GET /codeplay/static/resource/music/%E6%9C%80%E5%90%8E%E4%B8%80%E6%88%98.mp3 206 133ms][http://www.manykit.com/codeplay/ HTTP/1.0 Mozilla/5.0 (Macintosh; Intel Mac OS X 10_12_6) AppleWebKit/537.36 (KHTML, like Gecko) Chrome/69.0.3497.92 Safari/537.36]
[2018-09-26T09:08:28.589] [INFO] default - [undefined GET /codeplay/static/resource/music/%E6%BB%91%E9%9B%AA%E5%A4%A7%E5%86%92%E9%99%A9.mp3 206 104ms][http://www.manykit.com/codeplay/ HTTP/1.0 Mozilla/5.0 (Macintosh; Intel Mac OS X 10_12_6) AppleWebKit/537.36 (KHTML, like Gecko) Chrome/69.0.3497.92 Safari/537.36]
[2018-09-26T09:08:28.854] [INFO] default - [undefined GET /codeplay/static/resource/music/%E8%AF%AD%E8%A8%80%E5%AD%A6.mp3 206 83ms][http://www.manykit.com/codeplay/ HTTP/1.0 Mozilla/5.0 (Macintosh; Intel Mac OS X 10_12_6) AppleWebKit/537.36 (KHTML, like Gecko) Chrome/69.0.3497.92 Safari/537.36]
[2018-09-26T09:08:29.119] [INFO] default - [undefined GET /codeplay/static/resource/music/%E6%98%A5%E5%A4%A9%E6%98%AF%E7%A9%BA%E6%B0%94%E4%B8%AD.mp3 206 40ms][http://www.manykit.com/codeplay/ HTTP/1.0 Mozilla/5.0 (Macintosh; Intel Mac OS X 10_12_6) AppleWebKit/537.36 (KHTML, like Gecko) Chrome/69.0.3497.92 Safari/537.36]
[2018-09-26T09:08:29.364] [INFO] default - [undefined GET /codeplay/static/resource/music/%E6%94%BE%E9%A3%9E%E5%BF%83%E6%83%85.mp3 206 215ms][http://www.manykit.com/codeplay/ HTTP/1.0 Mozilla/5.0 (Macintosh; Intel Mac OS X 10_12_6) AppleWebKit/537.36 (KHTML, like Gecko) Chrome/69.0.3497.92 Safari/537.36]
[2018-09-26T09:08:29.375] [INFO] default - [undefined GET /codeplay/static/resource/music/%E9%92%A2%E7%90%B4%20%E7%BE%8E%E5%A5%BD%E5%9B%9E%E5%BF%86.mp3 206 110ms][http://www.manykit.com/codeplay/ HTTP/1.0 Mozilla/5.0 (Macintosh; Intel Mac OS X 10_12_6) AppleWebKit/537.36 (KHTML, like Gecko) Chrome/69.0.3497.92 Safari/537.36]
[2018-09-26T09:08:29.435] [INFO] default - [undefined GET /codeplay/static/resource/music/%E6%8D%95%E9%B1%BC.mp3 206 78ms][http://www.manykit.com/codeplay/ HTTP/1.0 Mozilla/5.0 (Macintosh; Intel Mac OS X 10_12_6) AppleWebKit/537.36 (KHTML, like Gecko) Chrome/69.0.3497.92 Safari/537.36]
[2018-09-26T09:08:29.517] [INFO] default - [undefined GET /codeplay/static/resource/music/%E6%84%9F%E5%88%B0%E9%BC%93%E8%88%9E%E7%9A%84%E5%85%A8.mp3 206 90ms][http://www.manykit.com/codeplay/ HTTP/1.0 Mozilla/5.0 (Macintosh; Intel Mac OS X 10_12_6) AppleWebKit/537.36 (KHTML, like Gecko) Chrome/69.0.3497.92 Safari/537.36]
[2018-09-26T09:08:29.591] [INFO] default - [undefined GET /codeplay/static/resource/music/%E5%A4%8F%E5%A4%A9%E7%9A%84%E5%BE%AE%E7%AC%91.mp3 206 101ms][http://www.manykit.com/codeplay/ HTTP/1.0 Mozilla/5.0 (Macintosh; Intel Mac OS X 10_12_6) AppleWebKit/537.36 (KHTML, like Gecko) Chrome/69.0.3497.92 Safari/537.36]
[2018-09-26T09:08:29.939] [INFO] default - [undefined GET /codeplay/static/resource/music/%E7%80%91%E5%B8%83.mp3 206 23ms][http://www.manykit.com/codeplay/ HTTP/1.0 Mozilla/5.0 (Macintosh; Intel Mac OS X 10_12_6) AppleWebKit/537.36 (KHTML, like Gecko) Chrome/69.0.3497.92 Safari/537.36]
[2018-09-26T09:08:30.183] [INFO] default - [undefined GET /codeplay/static/resource/music/%E9%A3%8E.mp3 206 58ms][http://www.manykit.com/codeplay/ HTTP/1.0 Mozilla/5.0 (Macintosh; Intel Mac OS X 10_12_6) AppleWebKit/537.36 (KHTML, like Gecko) Chrome/69.0.3497.92 Safari/537.36]
[2018-09-26T09:08:41.208] [INFO] default - [undefined GET /codeplay/static/js/38.1952023115819b3e749d.js 200 2ms][http://www.manykit.com/codeplay/ HTTP/1.0 Mozilla/5.0 (Macintosh; Intel Mac OS X 10_12_6) AppleWebKit/537.36 (KHTML, like Gecko) Chrome/69.0.3497.92 Safari/537.36]
[2018-09-26T09:08:41.308] [INFO] default - [::1 POST /res/resourcelist 200 3ms][http://www.manykit.com/codeplay/ HTTP/1.0 Mozilla/5.0 (Macintosh; Intel Mac OS X 10_12_6) AppleWebKit/537.36 (KHTML, like Gecko) Chrome/69.0.3497.92 Safari/537.36]
[2018-09-26T09:08:42.242] [INFO] default - [undefined GET /codeplay/static/js/33.ff9d62a8ee32e27d0282.js 200 3ms][http://www.manykit.com/codeplay/ HTTP/1.0 Mozilla/5.0 (Macintosh; Intel Mac OS X 10_12_6) AppleWebKit/537.36 (KHTML, like Gecko) Chrome/69.0.3497.92 Safari/537.36]
[2018-09-26T09:08:42.343] [INFO] default - [::1 POST /res/resourcelist 200 3ms][http://www.manykit.com/codeplay/ HTTP/1.0 Mozilla/5.0 (Macintosh; Intel Mac OS X 10_12_6) AppleWebKit/537.36 (KHTML, like Gecko) Chrome/69.0.3497.92 Safari/537.36]
[2018-09-26T09:08:42.424] [INFO] default - [undefined GET /codeplay/static/resource/scene/10206.jpg 200 22ms][http://www.manykit.com/codeplay/ HTTP/1.0 Mozilla/5.0 (Macintosh; Intel Mac OS X 10_12_6) AppleWebKit/537.36 (KHTML, like Gecko) Chrome/69.0.3497.92 Safari/537.36]
[2018-09-26T09:08:42.521] [INFO] default - [undefined GET /codeplay/static/resource/scene/10207.png 200 78ms][http://www.manykit.com/codeplay/ HTTP/1.0 Mozilla/5.0 (Macintosh; Intel Mac OS X 10_12_6) AppleWebKit/537.36 (KHTML, like Gecko) Chrome/69.0.3497.92 Safari/537.36]
[2018-09-26T09:08:42.536] [INFO] default - [undefined GET /codeplay/static/resource/scene/10208.png 200 90ms][http://www.manykit.com/codeplay/ HTTP/1.0 Mozilla/5.0 (Macintosh; Intel Mac OS X 10_12_6) AppleWebKit/537.36 (KHTML, like Gecko) Chrome/69.0.3497.92 Safari/537.36]
[2018-09-26T09:08:42.541] [INFO] default - [undefined GET /codeplay/static/resource/scene/10210.png 200 97ms][http://www.manykit.com/codeplay/ HTTP/1.0 Mozilla/5.0 (Macintosh; Intel Mac OS X 10_12_6) AppleWebKit/537.36 (KHTML, like Gecko) Chrome/69.0.3497.92 Safari/537.36]
[2018-09-26T09:08:42.583] [INFO] default - [undefined GET /codeplay/static/resource/scene/10209.png 200 137ms][http://www.manykit.com/codeplay/ HTTP/1.0 Mozilla/5.0 (Macintosh; Intel Mac OS X 10_12_6) AppleWebKit/537.36 (KHTML, like Gecko) Chrome/69.0.3497.92 Safari/537.36]
[2018-09-26T09:17:44.361] [INFO] default - [::1 GET /res/verify 200 1ms][http://www.manykit.com/ HTTP/1.0 osee2unifiedRelease/1098 osee2unifiedReleaseVersion/4.25.0 Mozilla/5.0 (iPhone; CPU iPhone OS 12_0 like Mac OS X) AppleWebKit/605.1.15 (KHTML, like Gecko) Mobile/16A366]
[2018-09-26T09:17:48.799] [INFO] default - [::ffff:127.0.0.1 POST /res/filelist 200 113ms][http://www.manykit.com/ HTTP/1.0 osee2unifiedRelease/1098 osee2unifiedReleaseVersion/4.25.0 Mozilla/5.0 (iPhone; CPU iPhone OS 12_0 like Mac OS X) AppleWebKit/605.1.15 (KHTML, like Gecko) Mobile/16A366]
[2018-09-26T09:18:12.141] [INFO] default - [undefined GET /codeplay/ 200 2ms][ HTTP/1.0 osee2unifiedRelease/1098 osee2unifiedReleaseVersion/4.25.0 Mozilla/5.0 (iPhone; CPU iPhone OS 12_0 like Mac OS X) AppleWebKit/605.1.15 (KHTML, like Gecko) Mobile/16A366]
[2018-09-26T09:18:12.247] [INFO] default - [::ffff:127.0.0.1 GET /codeplay/static/css/app.f09a98d24b32145b0b37f9b3aff05d9f.css 200 7ms][http://www.manykit.com/codeplay/ HTTP/1.0 osee2unifiedRelease/1098 osee2unifiedReleaseVersion/4.25.0 Mozilla/5.0 (iPhone; CPU iPhone OS 12_0 like Mac OS X) AppleWebKit/605.1.15 (KHTML, like Gecko) Mobile/16A366]
[2018-09-26T09:18:12.306] [INFO] default - [undefined GET /codeplay/static/js/manifest.b2e0a933ccc4d20f7c75.js 200 3ms][http://www.manykit.com/codeplay/ HTTP/1.0 osee2unifiedRelease/1098 osee2unifiedReleaseVersion/4.25.0 Mozilla/5.0 (iPhone; CPU iPhone OS 12_0 like Mac OS X) AppleWebKit/605.1.15 (KHTML, like Gecko) Mobile/16A366]
[2018-09-26T09:18:12.307] [INFO] default - [undefined GET /codeplay/static/js/app.01cfe28e9073b1358c6d.js 200 3ms][http://www.manykit.com/codeplay/ HTTP/1.0 osee2unifiedRelease/1098 osee2unifiedReleaseVersion/4.25.0 Mozilla/5.0 (iPhone; CPU iPhone OS 12_0 like Mac OS X) AppleWebKit/605.1.15 (KHTML, like Gecko) Mobile/16A366]
[2018-09-26T09:18:12.312] [INFO] default - [::ffff:127.0.0.1 GET /codeplay/static/js/vendor.3fa4caac75ed9dd268ec.js 200 9ms][http://www.manykit.com/codeplay/ HTTP/1.0 osee2unifiedRelease/1098 osee2unifiedReleaseVersion/4.25.0 Mozilla/5.0 (iPhone; CPU iPhone OS 12_0 like Mac OS X) AppleWebKit/605.1.15 (KHTML, like Gecko) Mobile/16A366]
[2018-09-26T09:18:13.972] [INFO] default - [undefined GET /codeplay/static/js/8.6b66e5363cfc585069df.js 200 3ms][http://www.manykit.com/codeplay/ HTTP/1.0 osee2unifiedRelease/1098 osee2unifiedReleaseVersion/4.25.0 Mozilla/5.0 (iPhone; CPU iPhone OS 12_0 like Mac OS X) AppleWebKit/605.1.15 (KHTML, like Gecko) Mobile/16A366]
[2018-09-26T09:18:13.974] [INFO] default - [undefined GET /codeplay/static/js/3.111129f77a2eb0217de1.js 200 3ms][http://www.manykit.com/codeplay/ HTTP/1.0 osee2unifiedRelease/1098 osee2unifiedReleaseVersion/4.25.0 Mozilla/5.0 (iPhone; CPU iPhone OS 12_0 like Mac OS X) AppleWebKit/605.1.15 (KHTML, like Gecko) Mobile/16A366]
[2018-09-26T09:18:13.978] [INFO] default - [::1 GET /codeplay/static/js/0.9d8e2a748d8e79aceb6e.js 200 8ms][http://www.manykit.com/codeplay/ HTTP/1.0 osee2unifiedRelease/1098 osee2unifiedReleaseVersion/4.25.0 Mozilla/5.0 (iPhone; CPU iPhone OS 12_0 like Mac OS X) AppleWebKit/605.1.15 (KHTML, like Gecko) Mobile/16A366]
[2018-09-26T09:18:14.879] [INFO] default - [undefined GET /codeplay/static/left-up.png 200 2ms][http://www.manykit.com/codeplay/ HTTP/1.0 osee2unifiedRelease/1098 osee2unifiedReleaseVersion/4.25.0 Mozilla/5.0 (iPhone; CPU iPhone OS 12_0 like Mac OS X) AppleWebKit/605.1.15 (KHTML, like Gecko) Mobile/16A366]
[2018-09-26T09:18:14.880] [INFO] default - [undefined GET /codeplay/static/right.png 200 3ms][http://www.manykit.com/codeplay/ HTTP/1.0 osee2unifiedRelease/1098 osee2unifiedReleaseVersion/4.25.0 Mozilla/5.0 (iPhone; CPU iPhone OS 12_0 like Mac OS X) AppleWebKit/605.1.15 (KHTML, like Gecko) Mobile/16A366]
[2018-09-26T09:18:14.887] [INFO] default - [::1 GET /codeplay/static/1.png 200 11ms][http://www.manykit.com/codeplay/ HTTP/1.0 osee2unifiedRelease/1098 osee2unifiedReleaseVersion/4.25.0 Mozilla/5.0 (iPhone; CPU iPhone OS 12_0 like Mac OS X) AppleWebKit/605.1.15 (KHTML, like Gecko) Mobile/16A366]
[2018-09-26T09:18:14.897] [INFO] default - [undefined GET /codeplay/static/img/book1.a3bcb0f.png 200 2ms][http://www.manykit.com/codeplay/ HTTP/1.0 osee2unifiedRelease/1098 osee2unifiedReleaseVersion/4.25.0 Mozilla/5.0 (iPhone; CPU iPhone OS 12_0 like Mac OS X) AppleWebKit/605.1.15 (KHTML, like Gecko) Mobile/16A366]
[2018-09-26T09:18:15.066] [INFO] default - [::1 POST /res/filelist 200 104ms][http://www.manykit.com/codeplay/ HTTP/1.0 osee2unifiedRelease/1098 osee2unifiedReleaseVersion/4.25.0 Mozilla/5.0 (iPhone; CPU iPhone OS 12_0 like Mac OS X) AppleWebKit/605.1.15 (KHTML, like Gecko) Mobile/16A366]
[2018-09-26T09:18:15.211] [INFO] default - [::ffff:127.0.0.1 POST /res/filelist 200 97ms][http://www.manykit.com/codeplay/ HTTP/1.0 osee2unifiedRelease/1098 osee2unifiedReleaseVersion/4.25.0 Mozilla/5.0 (iPhone; CPU iPhone OS 12_0 like Mac OS X) AppleWebKit/605.1.15 (KHTML, like Gecko) Mobile/16A366]
[2018-09-26T09:18:16.511] [INFO] default - [undefined GET /res/verify 304 1ms][http://www.manykit.com/codeplay/ HTTP/1.0 osee2unifiedRelease/1098 osee2unifiedReleaseVersion/4.25.0 Mozilla/5.0 (iPhone; CPU iPhone OS 12_0 like Mac OS X) AppleWebKit/605.1.15 (KHTML, like Gecko) Mobile/16A366]
[2018-09-26T09:18:16.849] [INFO] default - [undefined GET /codeplay/static/img/book3.5c42697.png 200 2ms][http://www.manykit.com/codeplay/ HTTP/1.0 osee2unifiedRelease/1098 osee2unifiedReleaseVersion/4.25.0 Mozilla/5.0 (iPhone; CPU iPhone OS 12_0 like Mac OS X) AppleWebKit/605.1.15 (KHTML, like Gecko) Mobile/16A366]
[2018-09-26T09:18:17.034] [INFO] default - [undefined GET /codeplay/static/img/book2.7c65446.png 200 1ms][http://www.manykit.com/codeplay/ HTTP/1.0 osee2unifiedRelease/1098 osee2unifiedReleaseVersion/4.25.0 Mozilla/5.0 (iPhone; CPU iPhone OS 12_0 like Mac OS X) AppleWebKit/605.1.15 (KHTML, like Gecko) Mobile/16A366]
[2018-09-26T09:18:17.285] [INFO] default - [undefined GET /codeplay/static/img/book4.ed62f8a.png 200 2ms][http://www.manykit.com/codeplay/ HTTP/1.0 osee2unifiedRelease/1098 osee2unifiedReleaseVersion/4.25.0 Mozilla/5.0 (iPhone; CPU iPhone OS 12_0 like Mac OS X) AppleWebKit/605.1.15 (KHTML, like Gecko) Mobile/16A366]
[2018-09-26T09:18:17.458] [INFO] default - [undefined GET /codeplay/static/img/shopbook.88b0b0d.png 200 2ms][http://www.manykit.com/codeplay/ HTTP/1.0 osee2unifiedRelease/1098 osee2unifiedReleaseVersion/4.25.0 Mozilla/5.0 (iPhone; CPU iPhone OS 12_0 like Mac OS X) AppleWebKit/605.1.15 (KHTML, like Gecko) Mobile/16A366]
[2018-09-26T09:18:17.486] [INFO] default - [undefined GET /codeplay/static/img/qr_code01.1707b53.jpg 200 1ms][http://www.manykit.com/codeplay/ HTTP/1.0 osee2unifiedRelease/1098 osee2unifiedReleaseVersion/4.25.0 Mozilla/5.0 (iPhone; CPU iPhone OS 12_0 like Mac OS X) AppleWebKit/605.1.15 (KHTML, like Gecko) Mobile/16A366]
[2018-09-26T09:18:17.655] [INFO] default - [::1 GET /codeplay/static/img/qr_code02.f1cd7b4.jpg 200 3ms][http://www.manykit.com/codeplay/ HTTP/1.0 osee2unifiedRelease/1098 osee2unifiedReleaseVersion/4.25.0 Mozilla/5.0 (iPhone; CPU iPhone OS 12_0 like Mac OS X) AppleWebKit/605.1.15 (KHTML, like Gecko) Mobile/16A366]
[2018-09-26T09:18:32.674] [INFO] default - [::ffff:127.0.0.1 POST /res/filelist 200 108ms][http://www.manykit.com/ HTTP/1.0 osee2unifiedRelease/1098 osee2unifiedReleaseVersion/4.25.0 Mozilla/5.0 (iPhone; CPU iPhone OS 12_0 like Mac OS X) AppleWebKit/605.1.15 (KHTML, like Gecko) Mobile/16A366]
[2018-09-26T09:55:44.592] [INFO] default - [::ffff:183.57.53.196 GET / 500 2ms][ HTTP/1.1 Mozilla/5.0 (iPhone; CPU iPhone OS 9_3_4 like Mac OS X) AppleWebKit/601.1.46 (KHTML, like Gecko) Mobile/13G35 QQ/6.5.3.410 V1_IPH_SQ_6.5.3_1_APP_A Pixel/750 Core/UIWebView NetType/2G Mem/117]
[2018-09-26T10:41:14.741] [INFO] default - [::1 GET /res/verify 200 1ms][http://www.manykit.com/ HTTP/1.0 Mozilla/5.0 (compatible; Baiduspider-render/2.0; +http://www.baidu.com/search/spider.html)]
[2018-09-26T10:41:15.197] [INFO] default - [::ffff:127.0.0.1 POST /res/filelist 200 99ms][http://www.manykit.com/ HTTP/1.0 Mozilla/5.0 (compatible; Baiduspider-render/2.0; +http://www.baidu.com/search/spider.html)]
[2018-09-26T11:14:34.257] [INFO] default - [undefined GET /toycar/ 200 118ms][ HTTP/1.0 Mozilla/5.0 (compatible; Baiduspider/2.0; +http://www.baidu.com/search/spider.html)]
[2018-09-26T13:42:25.826] [INFO] default - [undefined GET /res/verify 304 3ms][http://localhost:8080/ HTTP/1.0 Mozilla/5.0 (Windows NT 10.0; Win64; x64) AppleWebKit/537.36 (KHTML, like Gecko) Chrome/69.0.3497.100 Safari/537.36]
[2018-09-26T13:42:25.988] [INFO] default - [::ffff:127.0.0.1 POST /res/filelist 200 166ms][http://localhost:8080/ HTTP/1.0 Mozilla/5.0 (Windows NT 10.0; Win64; x64) AppleWebKit/537.36 (KHTML, like Gecko) Chrome/69.0.3497.100 Safari/537.36]
[2018-09-26T13:42:26.078] [INFO] default - [::ffff:127.0.0.1 POST /res/filelist 200 122ms][http://localhost:8080/ HTTP/1.0 Mozilla/5.0 (Windows NT 10.0; Win64; x64) AppleWebKit/537.36 (KHTML, like Gecko) Chrome/69.0.3497.100 Safari/537.36]
[2018-09-26T13:42:28.435] [INFO] default - [undefined GET /codeplay/static/js/2.c10bade8969583102b11.js 200 8ms][http://www.manykit.com/codeplay/ HTTP/1.0 Mozilla/5.0 (Windows NT 10.0; Win64; x64) AppleWebKit/537.36 (KHTML, like Gecko) Chrome/69.0.3497.100 Safari/537.36]
[2018-09-26T13:42:29.581] [INFO] default - [undefined GET /res/verify 304 4ms][http://www.manykit.com/codeplay/ HTTP/1.0 Mozilla/5.0 (Windows NT 10.0; Win64; x64) AppleWebKit/537.36 (KHTML, like Gecko) Chrome/69.0.3497.100 Safari/537.36]
[2018-09-26T13:42:31.178] [INFO] default - [::ffff:127.0.0.1 GET /codeplay/static/homelesson.mp4 206 46ms][http://www.manykit.com/codeplay/ HTTP/1.0 Mozilla/5.0 (Windows NT 10.0; Win64; x64) AppleWebKit/537.36 (KHTML, like Gecko) Chrome/69.0.3497.100 Safari/537.36]
[2018-09-26T13:42:31.651] [INFO] default - [undefined GET /codeplay/static/homelesson.mp4 304 2ms][http://www.manykit.com/codeplay/ HTTP/1.0 Mozilla/5.0 (Windows NT 10.0; Win64; x64) AppleWebKit/537.36 (KHTML, like Gecko) Chrome/69.0.3497.100 Safari/537.36]
[2018-09-26T13:42:31.757] [INFO] default - [undefined GET /codeplay/static/homelesson.mp4 206 56ms][http://www.manykit.com/codeplay/ HTTP/1.0 Mozilla/5.0 (Windows NT 10.0; Win64; x64) AppleWebKit/537.36 (KHTML, like Gecko) Chrome/69.0.3497.100 Safari/537.36]
[2018-09-26T13:42:38.858] [INFO] default - [undefined GET /codeplay/static/homelesson.mp4 304 1ms][http://www.manykit.com/codeplay/ HTTP/1.0 Mozilla/5.0 (Windows NT 10.0; Win64; x64) AppleWebKit/537.36 (KHTML, like Gecko) Chrome/69.0.3497.100 Safari/537.36]
[2018-09-26T13:42:38.927] [INFO] default - [undefined GET /codeplay/static/homelesson.mp4 206 12ms][http://www.manykit.com/codeplay/ HTTP/1.0 Mozilla/5.0 (Windows NT 10.0; Win64; x64) AppleWebKit/537.36 (KHTML, like Gecko) Chrome/69.0.3497.100 Safari/537.36]
[2018-09-26T13:42:55.139] [INFO] default - [undefined GET /codeplay/static/homelesson.mp4 304 3ms][http://www.manykit.com/codeplay/ HTTP/1.0 Mozilla/5.0 (Windows NT 10.0; Win64; x64) AppleWebKit/537.36 (KHTML, like Gecko) Chrome/69.0.3497.100 Safari/537.36]
[2018-09-26T13:42:55.238] [INFO] default - [undefined GET /codeplay/static/homelesson.mp4 206 13ms][http://www.manykit.com/codeplay/ HTTP/1.0 Mozilla/5.0 (Windows NT 10.0; Win64; x64) AppleWebKit/537.36 (KHTML, like Gecko) Chrome/69.0.3497.100 Safari/537.36]
[2018-09-26T13:43:02.393] [INFO] default - [undefined GET /codeplay/static/homelesson.mp4 304 2ms][http://www.manykit.com/codeplay/ HTTP/1.0 Mozilla/5.0 (Windows NT 10.0; Win64; x64) AppleWebKit/537.36 (KHTML, like Gecko) Chrome/69.0.3497.100 Safari/537.36]
[2018-09-26T13:49:44.440] [INFO] default - [undefined GET /codeplay/ 200 2ms][ HTTP/1.0 Mozilla/5.0 (Linux; Android 6.0.1; Nexus 5X Build/MMB29P) AppleWebKit/537.36 (KHTML, like Gecko) Chrome/41.0.2272.96 Mobile Safari/537.36 (compatible; Googlebot/2.1; +http://www.google.com/bot.html)]
[2018-09-26T16:16:01.630] [INFO] default - [undefined GET /res/verify 304 27ms][http://www.manykit.com/ HTTP/1.0 Mozilla/5.0 (Windows NT 10.0; Win64; x64) AppleWebKit/537.36 (KHTML, like Gecko) Chrome/69.0.3497.100 Safari/537.36]
[2018-09-26T16:16:02.513] [INFO] default - [::ffff:127.0.0.1 POST /res/filelist 200 516ms][http://www.manykit.com/ HTTP/1.0 Mozilla/5.0 (Windows NT 10.0; Win64; x64) AppleWebKit/537.36 (KHTML, like Gecko) Chrome/69.0.3497.100 Safari/537.36]
[2018-09-26T16:44:05.850] [INFO] default - [undefined GET /codeplay/ 304 2ms][http://www.manykit.com/ HTTP/1.0 Mozilla/5.0 (Windows NT 10.0; Win64; x64) AppleWebKit/537.36 (KHTML, like Gecko) Chrome/69.0.3497.100 Safari/537.36]
[2018-09-26T16:44:05.960] [INFO] default - [undefined GET /codeplay/static/js/manifest.b2e0a933ccc4d20f7c75.js 304 3ms][http://www.manykit.com/codeplay/ HTTP/1.0 Mozilla/5.0 (Windows NT 10.0; Win64; x64) AppleWebKit/537.36 (KHTML, like Gecko) Chrome/69.0.3497.100 Safari/537.36]
[2018-09-26T16:44:05.960] [INFO] default - [undefined GET /codeplay/static/css/app.f09a98d24b32145b0b37f9b3aff05d9f.css 304 3ms][http://www.manykit.com/codeplay/ HTTP/1.0 Mozilla/5.0 (Windows NT 10.0; Win64; x64) AppleWebKit/537.36 (KHTML, like Gecko) Chrome/69.0.3497.100 Safari/537.36]
[2018-09-26T16:44:06.002] [INFO] default - [undefined GET /codeplay/static/js/vendor.3fa4caac75ed9dd268ec.js 304 2ms][http://www.manykit.com/codeplay/ HTTP/1.0 Mozilla/5.0 (Windows NT 10.0; Win64; x64) AppleWebKit/537.36 (KHTML, like Gecko) Chrome/69.0.3497.100 Safari/537.36]
[2018-09-26T16:44:06.010] [INFO] default - [undefined GET /codeplay/static/js/app.01cfe28e9073b1358c6d.js 304 2ms][http://www.manykit.com/codeplay/ HTTP/1.0 Mozilla/5.0 (Windows NT 10.0; Win64; x64) AppleWebKit/537.36 (KHTML, like Gecko) Chrome/69.0.3497.100 Safari/537.36]
[2018-09-26T16:44:06.347] [INFO] default - [undefined GET /codeplay/static/js/8.6b66e5363cfc585069df.js 304 2ms][http://www.manykit.com/codeplay/ HTTP/1.0 Mozilla/5.0 (Windows NT 10.0; Win64; x64) AppleWebKit/537.36 (KHTML, like Gecko) Chrome/69.0.3497.100 Safari/537.36]
[2018-09-26T16:44:06.348] [INFO] default - [undefined GET /codeplay/static/js/0.9d8e2a748d8e79aceb6e.js 304 3ms][http://www.manykit.com/codeplay/ HTTP/1.0 Mozilla/5.0 (Windows NT 10.0; Win64; x64) AppleWebKit/537.36 (KHTML, like Gecko) Chrome/69.0.3497.100 Safari/537.36]
[2018-09-26T16:44:06.351] [INFO] default - [undefined GET /codeplay/static/js/3.111129f77a2eb0217de1.js 304 2ms][http://www.manykit.com/codeplay/ HTTP/1.0 Mozilla/5.0 (Windows NT 10.0; Win64; x64) AppleWebKit/537.36 (KHTML, like Gecko) Chrome/69.0.3497.100 Safari/537.36]
[2018-09-26T16:44:06.572] [INFO] default - [undefined GET /codeplay/static/left-up.png 304 1ms][http://www.manykit.com/codeplay/ HTTP/1.0 Mozilla/5.0 (Windows NT 10.0; Win64; x64) AppleWebKit/537.36 (KHTML, like Gecko) Chrome/69.0.3497.100 Safari/537.36]
[2018-09-26T16:44:06.585] [INFO] default - [undefined GET /codeplay/static/1.png 304 3ms][http://www.manykit.com/codeplay/ HTTP/1.0 Mozilla/5.0 (Windows NT 10.0; Win64; x64) AppleWebKit/537.36 (KHTML, like Gecko) Chrome/69.0.3497.100 Safari/537.36]
[2018-09-26T16:44:06.586] [INFO] default - [undefined GET /codeplay/static/right.png 304 3ms][http://www.manykit.com/codeplay/ HTTP/1.0 Mozilla/5.0 (Windows NT 10.0; Win64; x64) AppleWebKit/537.36 (KHTML, like Gecko) Chrome/69.0.3497.100 Safari/537.36]
[2018-09-26T16:44:06.587] [INFO] default - [undefined GET /codeplay/static/img/book1.a3bcb0f.png 304 4ms][http://www.manykit.com/codeplay/ HTTP/1.0 Mozilla/5.0 (Windows NT 10.0; Win64; x64) AppleWebKit/537.36 (KHTML, like Gecko) Chrome/69.0.3497.100 Safari/537.36]
[2018-09-26T16:44:06.616] [INFO] default - [undefined GET /res/verify 304 3ms][http://www.manykit.com/codeplay/ HTTP/1.0 Mozilla/5.0 (Windows NT 10.0; Win64; x64) AppleWebKit/537.36 (KHTML, like Gecko) Chrome/69.0.3497.100 Safari/537.36]
[2018-09-26T16:44:06.641] [INFO] default - [undefined GET /codeplay/static/img/book3.5c42697.png 304 4ms][http://www.manykit.com/codeplay/ HTTP/1.0 Mozilla/5.0 (Windows NT 10.0; Win64; x64) AppleWebKit/537.36 (KHTML, like Gecko) Chrome/69.0.3497.100 Safari/537.36]
[2018-09-26T16:44:06.896] [INFO] default - [::ffff:127.0.0.1 POST /res/filelist 200 257ms][http://www.manykit.com/codeplay/ HTTP/1.0 Mozilla/5.0 (Windows NT 10.0; Win64; x64) AppleWebKit/537.36 (KHTML, like Gecko) Chrome/69.0.3497.100 Safari/537.36]
[2018-09-26T16:44:06.896] [INFO] default - [::ffff:127.0.0.1 POST /res/filelist 200 260ms][http://www.manykit.com/codeplay/ HTTP/1.0 Mozilla/5.0 (Windows NT 10.0; Win64; x64) AppleWebKit/537.36 (KHTML, like Gecko) Chrome/69.0.3497.100 Safari/537.36]
[2018-09-26T16:44:06.901] [INFO] default - [undefined GET /codeplay/static/img/shopbook.88b0b0d.png 304 20ms][http://www.manykit.com/codeplay/ HTTP/1.0 Mozilla/5.0 (Windows NT 10.0; Win64; x64) AppleWebKit/537.36 (KHTML, like Gecko) Chrome/69.0.3497.100 Safari/537.36]
[2018-09-26T16:44:06.902] [INFO] default - [undefined GET /codeplay/static/img/book4.ed62f8a.png 304 18ms][http://www.manykit.com/codeplay/ HTTP/1.0 Mozilla/5.0 (Windows NT 10.0; Win64; x64) AppleWebKit/537.36 (KHTML, like Gecko) Chrome/69.0.3497.100 Safari/537.36]
[2018-09-26T16:44:06.902] [INFO] default - [undefined GET /codeplay/static/img/book2.7c65446.png 304 19ms][http://www.manykit.com/codeplay/ HTTP/1.0 Mozilla/5.0 (Windows NT 10.0; Win64; x64) AppleWebKit/537.36 (KHTML, like Gecko) Chrome/69.0.3497.100 Safari/537.36]
[2018-09-26T16:44:06.953] [INFO] default - [undefined GET /codeplay/static/img/qr_code01.1707b53.jpg 304 3ms][http://www.manykit.com/codeplay/ HTTP/1.0 Mozilla/5.0 (Windows NT 10.0; Win64; x64) AppleWebKit/537.36 (KHTML, like Gecko) Chrome/69.0.3497.100 Safari/537.36]
[2018-09-26T16:44:06.966] [INFO] default - [undefined GET /codeplay/static/img/qr_code02.f1cd7b4.jpg 304 3ms][http://www.manykit.com/codeplay/ HTTP/1.0 Mozilla/5.0 (Windows NT 10.0; Win64; x64) AppleWebKit/537.36 (KHTML, like Gecko) Chrome/69.0.3497.100 Safari/537.36]
[2018-09-26T16:45:24.883] [INFO] default - [undefined GET /toycar/ 200 5ms][http://www.manykit.com/toycar/ HTTP/1.0 Mozilla/5.0 (Windows NT 6.1; WOW64) AppleWebKit/537.36 (KHTML, like Gecko) Chrome/50.4.2661.102 Safari/537.36; 360Spider]
[2018-09-26T17:15:42.796] [INFO] default - [::1 GET /res/verify 200 0ms][ HTTP/1.0 Mozilla/5.0 (iPhone; CPU iPhone OS 9_3_4 like Mac OS X) AppleWebKit/601.1.46 (KHTML, like Gecko) Mobile/13G35 QQ/6.5.3.410 V1_IPH_SQ_6.5.3_1_APP_A Pixel/750 Core/UIWebView NetType/2G Mem/117]
[2018-09-26T17:37:39.930] [INFO] default - [::ffff:127.0.0.1 GET /res/verify 200 1ms][http://www.manykit.com/ HTTP/1.0 Mozilla/5.0 (compatible; Baiduspider-render/2.0; +http://www.baidu.com/search/spider.html)]
[2018-09-26T17:37:43.132] [INFO] default - [::1 POST /res/filelist 200 107ms][http://www.manykit.com/ HTTP/1.0 Mozilla/5.0 (compatible; Baiduspider-render/2.0; +http://www.baidu.com/search/spider.html)]
[2018-09-26T18:00:26.639] [INFO] default - [undefined GET /res/verify 304 138ms][http://localhost:8080/ HTTP/1.0 Mozilla/5.0 (Windows NT 10.0; Win64; x64) AppleWebKit/537.36 (KHTML, like Gecko) Chrome/69.0.3497.100 Safari/537.36]
[2018-09-26T18:00:26.648] [INFO] default - [::1 POST /res/userinfo 200 142ms][http://localhost:8080/ HTTP/1.0 Mozilla/5.0 (Windows NT 10.0; Win64; x64) AppleWebKit/537.36 (KHTML, like Gecko) Chrome/69.0.3497.100 Safari/537.36]
[2018-09-26T18:00:27.102] [INFO] default - [undefined GET /res/verify 304 3ms][http://localhost:8080/ HTTP/1.0 Mozilla/5.0 (Windows NT 10.0; Win64; x64) AppleWebKit/537.36 (KHTML, like Gecko) Chrome/69.0.3497.100 Safari/537.36]
[2018-09-26T18:01:17.175] [INFO] default - [::1 POST /res/userinfo 200 5ms][http://localhost:8080/ HTTP/1.0 Mozilla/5.0 (Windows NT 10.0; Win64; x64) AppleWebKit/537.36 (KHTML, like Gecko) Chrome/69.0.3497.100 Safari/537.36]
[2018-09-26T18:01:17.176] [INFO] default - [::ffff:127.0.0.1 GET /res/verify 200 7ms][http://localhost:8080/ HTTP/1.0 Mozilla/5.0 (Windows NT 10.0; Win64; x64) AppleWebKit/537.36 (KHTML, like Gecko) Chrome/69.0.3497.100 Safari/537.36]
[2018-09-26T18:03:30.708] [INFO] default - [::1 POST /res/userinfo 200 44ms][http://localhost:8080/ HTTP/1.0 Mozilla/5.0 (Windows NT 10.0; Win64; x64) AppleWebKit/537.36 (KHTML, like Gecko) Chrome/69.0.3497.100 Safari/537.36]
[2018-09-26T18:03:30.711] [INFO] default - [::1 GET /res/verify 200 54ms][http://localhost:8080/ HTTP/1.0 Mozilla/5.0 (Windows NT 10.0; Win64; x64) AppleWebKit/537.36 (KHTML, like Gecko) Chrome/69.0.3497.100 Safari/537.36]
[2018-09-26T18:03:35.550] [INFO] default - [::ffff:127.0.0.1 POST /res/userinfo 200 48ms][http://localhost:8080/ HTTP/1.0 Mozilla/5.0 (Windows NT 10.0; Win64; x64) AppleWebKit/537.36 (KHTML, like Gecko) Chrome/69.0.3497.100 Safari/537.36]
[2018-09-26T18:04:58.969] [INFO] default - [::1 GET /res/verify 200 51ms][http://localhost:8080/ HTTP/1.0 Mozilla/5.0 (Windows NT 10.0; Win64; x64) AppleWebKit/537.36 (KHTML, like Gecko) Chrome/69.0.3497.100 Safari/537.36]
[2018-09-26T18:04:58.972] [INFO] default - [::ffff:127.0.0.1 POST /res/userinfo 200 44ms][http://localhost:8080/ HTTP/1.0 Mozilla/5.0 (Windows NT 10.0; Win64; x64) AppleWebKit/537.36 (KHTML, like Gecko) Chrome/69.0.3497.100 Safari/537.36]
[2018-09-26T18:05:03.541] [INFO] default - [::1 POST /res/userinfo 200 41ms][http://localhost:8080/ HTTP/1.0 Mozilla/5.0 (Windows NT 10.0; Win64; x64) AppleWebKit/537.36 (KHTML, like Gecko) Chrome/69.0.3497.100 Safari/537.36]
[2018-09-26T18:05:03.774] [INFO] default - [::ffff:127.0.0.1 POST /res/userinfo 200 22ms][http://localhost:8080/ HTTP/1.0 Mozilla/5.0 (Windows NT 10.0; Win64; x64) AppleWebKit/537.36 (KHTML, like Gecko) Chrome/69.0.3497.100 Safari/537.36]
[2018-09-26T18:16:58.580] [INFO] default - [::1 POST /res/userinfo 500 23ms][http://localhost:8080/ HTTP/1.0 Mozilla/5.0 (Windows NT 10.0; Win64; x64) AppleWebKit/537.36 (KHTML, like Gecko) Chrome/69.0.3497.100 Safari/537.36]
[2018-09-26T18:30:40.163] [INFO] default - [undefined GET /codeplay/ 200 6ms][ HTTP/1.0 Mozilla/5.0 (Linux; Android 6.0.1; Nexus 5X Build/MMB29P) AppleWebKit/537.36 (KHTML, like Gecko) Chrome/41.0.2272.96 Mobile Safari/537.36 (compatible; Googlebot/2.1; +http://www.google.com/bot.html)]
[2018-09-26T18:30:42.397] [INFO] default - [::1 GET /codeplay/static/css/app.f09a98d24b32145b0b37f9b3aff05d9f.css 200 7ms][http://www.manykit.com/codeplay/ HTTP/1.0 Mozilla/5.0 (Linux; Android 6.0.1; Nexus 5X Build/MMB29P) AppleWebKit/537.36 (KHTML, like Gecko) Chrome/41.0.2272.96 Mobile Safari/537.36 (compatible; Googlebot/2.1; +http://www.google.com/bot.html)]
[2018-09-26T18:30:43.145] [INFO] default - [undefined GET /codeplay/static/js/app.01cfe28e9073b1358c6d.js 200 2ms][http://www.manykit.com/codeplay/ HTTP/1.0 Mozilla/5.0 (Linux; Android 6.0.1; Nexus 5X Build/MMB29P) AppleWebKit/537.36 (KHTML, like Gecko) Chrome/41.0.2272.96 Mobile Safari/537.36 (compatible; Googlebot/2.1; +http://www.google.com/bot.html)]
[2018-09-26T18:30:43.784] [INFO] default - [undefined GET /codeplay/static/js/manifest.b2e0a933ccc4d20f7c75.js 200 2ms][http://www.manykit.com/codeplay/ HTTP/1.0 Mozilla/5.0 (Linux; Android 6.0.1; Nexus 5X Build/MMB29P) AppleWebKit/537.36 (KHTML, like Gecko) Chrome/41.0.2272.96 Mobile Safari/537.36 (compatible; Googlebot/2.1; +http://www.google.com/bot.html)]
[2018-09-26T18:30:44.340] [INFO] default - [undefined GET /codeplay/static/js/vendor.3fa4caac75ed9dd268ec.js 200 16ms][http://www.manykit.com/codeplay/ HTTP/1.0 Mozilla/5.0 (Linux; Android 6.0.1; Nexus 5X Build/MMB29P) AppleWebKit/537.36 (KHTML, like Gecko) Chrome/41.0.2272.96 Mobile Safari/537.36 (compatible; Googlebot/2.1; +http://www.google.com/bot.html)]
[2018-09-26T18:30:46.097] [INFO] default - [::1 GET /codeplay/static/js/0.9d8e2a748d8e79aceb6e.js 200 4ms][http://www.manykit.com/codeplay/ HTTP/1.0 Mozilla/5.0 (Linux; Android 6.0.1; Nexus 5X Build/MMB29P) AppleWebKit/537.36 (KHTML, like Gecko) Chrome/41.0.2272.96 Mobile Safari/537.36 (compatible; Googlebot/2.1; +http://www.google.com/bot.html)]
[2018-09-26T18:30:47.367] [INFO] default - [undefined GET /codeplay/static/js/3.111129f77a2eb0217de1.js 200 2ms][http://www.manykit.com/codeplay/ HTTP/1.0 Mozilla/5.0 (Linux; Android 6.0.1; Nexus 5X Build/MMB29P) AppleWebKit/537.36 (KHTML, like Gecko) Chrome/41.0.2272.96 Mobile Safari/537.36 (compatible; Googlebot/2.1; +http://www.google.com/bot.html)]
[2018-09-26T18:30:48.469] [INFO] default - [::1 POST /res/filelist 200 118ms][http://www.manykit.com/codeplay/ HTTP/1.0 Mozilla/5.0 (Linux; Android 6.0.1; Nexus 5X Build/MMB29P) AppleWebKit/537.36 (KHTML, like Gecko) Chrome/41.0.2272.96 Mobile Safari/537.36 (compatible; Googlebot/2.1; +http://www.google.com/bot.html)]
[2018-09-26T18:36:52.374] [INFO] default - [::ffff:127.0.0.1 POST /res/userinfo 200 101ms][http://localhost:8080/ HTTP/1.0 Mozilla/5.0 (Windows NT 10.0; Win64; x64) AppleWebKit/537.36 (KHTML, like Gecko) Chrome/69.0.3497.100 Safari/537.36]
[2018-09-26T18:37:01.075] [INFO] default - [::1 POST /res/userinfo 200 15ms][http://localhost:8080/ HTTP/1.0 Mozilla/5.0 (Windows NT 10.0; Win64; x64) AppleWebKit/537.36 (KHTML, like Gecko) Chrome/69.0.3497.100 Safari/537.36]
[2018-09-26T18:37:01.079] [INFO] default - [::ffff:127.0.0.1 GET /res/verify 200 5ms][http://localhost:8080/ HTTP/1.0 Mozilla/5.0 (Windows NT 10.0; Win64; x64) AppleWebKit/537.36 (KHTML, like Gecko) Chrome/69.0.3497.100 Safari/537.36]
[2018-09-26T19:19:32.912] [INFO] default - [::1 GET /res/verify 200 1ms][http://www.manykit.com/ HTTP/1.0 osee2unifiedRelease/1044 osee2unifiedReleaseVersion/4.22.0 Mozilla/5.0 (iPhone; CPU iPhone OS 11_4_1 like Mac OS X) AppleWebKit/605.1.15 (KHTML, like Gecko) Mobile/15G77]
[2018-09-26T19:19:36.718] [INFO] default - [::ffff:127.0.0.1 POST /res/filelist 200 105ms][http://www.manykit.com/ HTTP/1.0 osee2unifiedRelease/1044 osee2unifiedReleaseVersion/4.22.0 Mozilla/5.0 (iPhone; CPU iPhone OS 11_4_1 like Mac OS X) AppleWebKit/605.1.15 (KHTML, like Gecko) Mobile/15G77]
[2018-09-26T19:19:48.686] [INFO] default - [undefined GET /res/verify 304 3ms][http://www.manykit.com/ HTTP/1.0 osee2unifiedRelease/1044 osee2unifiedReleaseVersion/4.22.0 Mozilla/5.0 (iPhone; CPU iPhone OS 11_4_1 like Mac OS X) AppleWebKit/605.1.15 (KHTML, like Gecko) Mobile/15G77]
[2018-09-26T19:19:49.056] [INFO] default - [::ffff:127.0.0.1 POST /res/filelist 200 94ms][http://www.manykit.com/ HTTP/1.0 osee2unifiedRelease/1044 osee2unifiedReleaseVersion/4.22.0 Mozilla/5.0 (iPhone; CPU iPhone OS 11_4_1 like Mac OS X) AppleWebKit/605.1.15 (KHTML, like Gecko) Mobile/15G77]
[2018-09-26T20:18:46.671] [INFO] default - [undefined GET /static/qq/qqback.html 200 3ms][http://manykit.com HTTP/1.0 Mozilla/5.0 (Windows NT 6.3; Win64; x64) AppleWebKit/537.36 (KHTML, like Gecko) Chrome/67.0.3396.99 Safari/537.36]
[2018-09-26T20:18:48.622] [INFO] default - [undefined GET /codeplay/ 200 2ms][http://manykit.com HTTP/1.0 Mozilla/5.0 (Windows NT 6.3; Win64; x64) AppleWebKit/537.36 (KHTML, like Gecko) Chrome/67.0.3396.99 Safari/537.36]
[2018-09-26T20:18:49.326] [INFO] default - [undefined GET /toycar/ 200 2ms][http://manykit.com HTTP/1.0 Mozilla/5.0 (Windows NT 6.3; Win64; x64) AppleWebKit/537.36 (KHTML, like Gecko) Chrome/67.0.3396.99 Safari/537.36]
[2018-09-26T21:11:59.396] [INFO] default - [undefined GET /codeplay/ 200 1ms][ HTTP/1.0 Mozilla/5.0 (Linux; Android 6.0.1; Nexus 5X Build/MMB29P) AppleWebKit/537.36 (KHTML, like Gecko) Chrome/41.0.2272.96 Mobile Safari/537.36 (compatible; Googlebot/2.1; +http://www.google.com/bot.html)]
[2018-09-26T23:02:49.355] [INFO] default - [undefined GET /codeplay/ 200 1ms][ HTTP/1.0 Mozilla/5.0 (Linux; Android 6.0.1; Nexus 5X Build/MMB29P) AppleWebKit/537.36 (KHTML, like Gecko) Chrome/41.0.2272.96 Mobile Safari/537.36 (compatible; Googlebot/2.1; +http://www.google.com/bot.html)]
