[2018-10-20T01:07:24.636] [INFO] default - [undefined GET /toycar/ 304 1ms][ HTTP/1.0 Mozilla/5.0 (Linux; Android 6.0.1; Nexus 5X Build/MMB29P) AppleWebKit/537.36 (KHTML, like Gecko) Chrome/41.0.2272.96 Mobile Safari/537.36 (compatible; Googlebot/2.1; +http://www.google.com/bot.html)]
[2018-10-20T01:44:01.590] [INFO] default - [::1 POST /api/material/modulelist 200 5ms][http://www.manykit.com/ HTTP/1.0 Mozilla/5.0 (compatible; Baiduspider-render/2.0; +http://www.baidu.com/search/spider.html)]
[2018-10-20T01:44:02.035] [INFO] default - [::ffff:127.0.0.1 POST /res/filelist 200 295ms][http://www.manykit.com/ HTTP/1.0 Mozilla/5.0 (compatible; Baiduspider-render/2.0; +http://www.baidu.com/search/spider.html)]
[2018-10-20T01:44:02.604] [INFO] default - [::1 GET /res/verify 200 1ms][http://www.manykit.com/ HTTP/1.0 Mozilla/5.0 (compatible; Baiduspider-render/2.0; +http://www.baidu.com/search/spider.html)]
[2018-10-20T05:19:04.998] [INFO] default - [::ffff:127.0.0.1 GET /codeplay 301 2ms][ HTTP/1.0 Mozilla/5.0 (Linux; Android 6.0.1; Nexus 5X Build/MMB29P) AppleWebKit/537.36 (KHTML, like Gecko) Chrome/41.0.2272.96 Mobile Safari/537.36 (compatible; Googlebot/2.1; +http://www.google.com/bot.html)]
[2018-10-20T05:19:06.100] [INFO] default - [undefined GET /codeplay/ 200 3ms][ HTTP/1.0 Mozilla/5.0 (Linux; Android 6.0.1; Nexus 5X Build/MMB29P) AppleWebKit/537.36 (KHTML, like Gecko) Chrome/41.0.2272.96 Mobile Safari/537.36 (compatible; Googlebot/2.1; +http://www.google.com/bot.html)]
[2018-10-20T05:19:34.421] [INFO] default - [undefined GET /codeplay/static/js/manifest.1efc0f5c81b0ce1acf99.js 200 2ms][http://www.manykit.com/codeplay/ HTTP/1.0 Mozilla/5.0 (Linux; Android 6.0.1; Nexus 5X Build/MMB29P) AppleWebKit/537.36 (KHTML, like Gecko) Chrome/41.0.2272.96 Mobile Safari/537.36 (compatible; Googlebot/2.1; +http://www.google.com/bot.html)]
[2018-10-20T05:19:34.959] [INFO] default - [::1 GET /codeplay/static/css/app.226c1a00ae8056af5e67118053c8e5fc.css 200 6ms][http://www.manykit.com/codeplay/ HTTP/1.0 Mozilla/5.0 (Linux; Android 6.0.1; Nexus 5X Build/MMB29P) AppleWebKit/537.36 (KHTML, like Gecko) Chrome/41.0.2272.96 Mobile Safari/537.36 (compatible; Googlebot/2.1; +http://www.google.com/bot.html)]
[2018-10-20T05:19:35.622] [INFO] default - [undefined GET /codeplay/static/js/app.cf3963bfa1b3552c8e0e.js 200 1ms][http://www.manykit.com/codeplay/ HTTP/1.0 Mozilla/5.0 (Linux; Android 6.0.1; Nexus 5X Build/MMB29P) AppleWebKit/537.36 (KHTML, like Gecko) Chrome/41.0.2272.96 Mobile Safari/537.36 (compatible; Googlebot/2.1; +http://www.google.com/bot.html)]
[2018-10-20T05:19:36.678] [INFO] default - [undefined GET /codeplay/static/js/8.85ed0266e2a91366ab4b.js 200 30ms][http://www.manykit.com/codeplay/ HTTP/1.0 Mozilla/5.0 (Linux; Android 6.0.1; Nexus 5X Build/MMB29P) AppleWebKit/537.36 (KHTML, like Gecko) Chrome/41.0.2272.96 Mobile Safari/537.36 (compatible; Googlebot/2.1; +http://www.google.com/bot.html)]
[2018-10-20T05:19:37.285] [INFO] default - [::ffff:127.0.0.1 GET /codeplay/static/js/0.e2bba8b39fa361974858.js 200 5ms][http://www.manykit.com/codeplay/ HTTP/1.0 Mozilla/5.0 (Linux; Android 6.0.1; Nexus 5X Build/MMB29P) AppleWebKit/537.36 (KHTML, like Gecko) Chrome/41.0.2272.96 Mobile Safari/537.36 (compatible; Googlebot/2.1; +http://www.google.com/bot.html)]
[2018-10-20T05:19:39.483] [INFO] default - [::1 POST /res/filelist 200 292ms][http://www.manykit.com/codeplay/ HTTP/1.0 Mozilla/5.0 (Linux; Android 6.0.1; Nexus 5X Build/MMB29P) AppleWebKit/537.36 (KHTML, like Gecko) Chrome/41.0.2272.96 Mobile Safari/537.36 (compatible; Googlebot/2.1; +http://www.google.com/bot.html)]
[2018-10-20T09:44:44.495] [INFO] default - [::ffff:127.0.0.1 POST /api/material/modulelist 200 5ms][http://www.manykit.com/ HTTP/1.0 Mozilla/5.0 (compatible; Baiduspider-render/2.0; +http://www.baidu.com/search/spider.html)]
[2018-10-20T09:44:45.298] [INFO] default - [::1 POST /res/filelist 200 303ms][http://www.manykit.com/ HTTP/1.0 Mozilla/5.0 (compatible; Baiduspider-render/2.0; +http://www.baidu.com/search/spider.html)]
[2018-10-20T10:18:00.777] [INFO] default - [undefined GET /toycar/ 200 12ms][ HTTP/1.0 Mozilla/5.0 (compatible; Baiduspider/2.0; +http://www.baidu.com/search/spider.html)]
[2018-10-20T10:51:57.481] [INFO] default - [::ffff:196.52.43.123 GET / 500 4ms][ HTTP/1.0 Mozilla/5.0(WindowsNT6.1;rv:31.0)Gecko/20100101Firefox/31.0]
[2018-10-20T11:32:21.471] [INFO] default - [::1 POST /res/login 200 6ms][ HTTP/1.0 undefined]
[2018-10-20T11:49:54.876] [INFO] default - [::ffff:127.0.0.1 POST /res/login 200 4ms][ HTTP/1.0 undefined]
[2018-10-20T11:49:54.940] [INFO] default - [::1 POST /res/filelist 200 8ms][ HTTP/1.0 undefined]
[2018-10-20T12:06:05.473] [INFO] default - [::ffff:127.0.0.1 POST /api/material/modulelist 200 4ms][http://www.manykit.com/ HTTP/1.0 Mozilla/5.0 (Windows NT 10.0; WOW64) AppleWebKit/537.36 (KHTML, like Gecko) Chrome/45.0.2454.93 Safari/537.36]
[2018-10-20T12:06:05.935] [INFO] default - [::1 POST /res/filelist 200 360ms][http://www.manykit.com/ HTTP/1.0 Mozilla/5.0 (Windows NT 10.0; WOW64) AppleWebKit/537.36 (KHTML, like Gecko) Chrome/45.0.2454.93 Safari/537.36]
[2018-10-20T12:06:06.439] [INFO] default - [::ffff:127.0.0.1 GET /res/verify 200 1ms][http://www.manykit.com/ HTTP/1.0 Mozilla/5.0 (Windows NT 10.0; WOW64) AppleWebKit/537.36 (KHTML, like Gecko) Chrome/45.0.2454.93 Safari/537.36]
[2018-10-20T14:02:10.808] [INFO] default - [undefined GET /toycar/ 304 2ms][ HTTP/1.0 Mozilla/5.0 (Linux; Android 6.0.1; Nexus 5X Build/MMB29P) AppleWebKit/537.36 (KHTML, like Gecko) Chrome/41.0.2272.96 Mobile Safari/537.36 (compatible; Googlebot/2.1; +http://www.google.com/bot.html)]
[2018-10-20T14:38:56.138] [INFO] default - [::ffff:127.0.0.1 POST /api/material/modulelist 200 4ms][http://www.manykit.com/ HTTP/1.0 osee2unifiedRelease/1120 osee2unifiedReleaseVersion/4.26.3 Mozilla/5.0 (iPhone; CPU iPhone OS 11_4_1 like Mac OS X) AppleWebKit/605.1.15 (KHTML, like Gecko) Mobile/15G77]
[2018-10-20T14:38:56.259] [INFO] default - [undefined GET /static/images/5e784bd0-ceb3-11e8-b0dd-b59eb6c2d87fVJGdhz.png 200 5ms][http://www.manykit.com/ HTTP/1.0 osee2unifiedRelease/1120 osee2unifiedReleaseVersion/4.26.3 Mozilla/5.0 (iPhone; CPU iPhone OS 11_4_1 like Mac OS X) AppleWebKit/605.1.15 (KHTML, like Gecko) Mobile/15G77]
[2018-10-20T14:38:56.259] [INFO] default - [undefined GET /static/images/4405ba30-d02a-11e8-b472-73f501acc6c4QdUhWK.png 200 4ms][http://www.manykit.com/ HTTP/1.0 osee2unifiedRelease/1120 osee2unifiedReleaseVersion/4.26.3 Mozilla/5.0 (iPhone; CPU iPhone OS 11_4_1 like Mac OS X) AppleWebKit/605.1.15 (KHTML, like Gecko) Mobile/15G77]
[2018-10-20T14:38:56.260] [INFO] default - [undefined GET /static/images/91bb86b0-d02a-11e8-b472-73f501acc6c4fjyFvO.png 200 4ms][http://www.manykit.com/ HTTP/1.0 osee2unifiedRelease/1120 osee2unifiedReleaseVersion/4.26.3 Mozilla/5.0 (iPhone; CPU iPhone OS 11_4_1 like Mac OS X) AppleWebKit/605.1.15 (KHTML, like Gecko) Mobile/15G77]
[2018-10-20T14:38:56.261] [INFO] default - [undefined GET /static/images/c39c4650-d02b-11e8-b472-73f501acc6c420UVPU.png 200 6ms][http://www.manykit.com/ HTTP/1.0 osee2unifiedRelease/1120 osee2unifiedReleaseVersion/4.26.3 Mozilla/5.0 (iPhone; CPU iPhone OS 11_4_1 like Mac OS X) AppleWebKit/605.1.15 (KHTML, like Gecko) Mobile/15G77]
[2018-10-20T14:38:56.381] [INFO] default - [undefined GET /static/images/f963b600-d02c-11e8-8f91-455df81aec64XDgqFR.png 200 2ms][http://www.manykit.com/ HTTP/1.0 osee2unifiedRelease/1120 osee2unifiedReleaseVersion/4.26.3 Mozilla/5.0 (iPhone; CPU iPhone OS 11_4_1 like Mac OS X) AppleWebKit/605.1.15 (KHTML, like Gecko) Mobile/15G77]
[2018-10-20T14:38:56.685] [INFO] default - [::ffff:127.0.0.1 POST /res/filelist 200 297ms][http://www.manykit.com/ HTTP/1.0 osee2unifiedRelease/1120 osee2unifiedReleaseVersion/4.26.3 Mozilla/5.0 (iPhone; CPU iPhone OS 11_4_1 like Mac OS X) AppleWebKit/605.1.15 (KHTML, like Gecko) Mobile/15G77]
[2018-10-20T14:38:58.305] [INFO] default - [::1 GET /res/verify 200 2ms][http://www.manykit.com/ HTTP/1.0 osee2unifiedRelease/1120 osee2unifiedReleaseVersion/4.26.3 Mozilla/5.0 (iPhone; CPU iPhone OS 11_4_1 like Mac OS X) AppleWebKit/605.1.15 (KHTML, like Gecko) Mobile/15G77]
[2018-10-20T14:54:00.780] [INFO] default - [::ffff:127.0.0.1 POST /api/material/modulelist 200 4ms][http://www.manykit.com/ HTTP/1.0 Mozilla/5.0 (Windows NT 6.1; WOW64) AppleWebKit/537.36 (KHTML, like Gecko) Chrome/67.0.3396.99 Safari/537.36]
[2018-10-20T14:54:01.294] [INFO] default - [::1 POST /res/filelist 200 371ms][http://www.manykit.com/ HTTP/1.0 Mozilla/5.0 (Windows NT 6.1; WOW64) AppleWebKit/537.36 (KHTML, like Gecko) Chrome/67.0.3396.99 Safari/537.36]
[2018-10-20T14:54:01.676] [INFO] default - [undefined GET /static/images/c39c4650-d02b-11e8-b472-73f501acc6c420UVPU.png 200 3ms][http://www.manykit.com/ HTTP/1.0 Mozilla/5.0 (Windows NT 6.1; WOW64) AppleWebKit/537.36 (KHTML, like Gecko) Chrome/67.0.3396.99 Safari/537.36]
[2018-10-20T14:54:01.693] [INFO] default - [undefined GET /static/images/5e784bd0-ceb3-11e8-b0dd-b59eb6c2d87fVJGdhz.png 200 2ms][http://www.manykit.com/ HTTP/1.0 Mozilla/5.0 (Windows NT 6.1; WOW64) AppleWebKit/537.36 (KHTML, like Gecko) Chrome/67.0.3396.99 Safari/537.36]
[2018-10-20T14:54:01.717] [INFO] default - [undefined GET /static/images/4405ba30-d02a-11e8-b472-73f501acc6c4QdUhWK.png 200 3ms][http://www.manykit.com/ HTTP/1.0 Mozilla/5.0 (Windows NT 6.1; WOW64) AppleWebKit/537.36 (KHTML, like Gecko) Chrome/67.0.3396.99 Safari/537.36]
[2018-10-20T14:54:01.744] [INFO] default - [undefined GET /static/images/91bb86b0-d02a-11e8-b472-73f501acc6c4fjyFvO.png 200 2ms][http://www.manykit.com/ HTTP/1.0 Mozilla/5.0 (Windows NT 6.1; WOW64) AppleWebKit/537.36 (KHTML, like Gecko) Chrome/67.0.3396.99 Safari/537.36]
[2018-10-20T14:54:01.754] [INFO] default - [undefined GET /static/images/f963b600-d02c-11e8-8f91-455df81aec64XDgqFR.png 200 2ms][http://www.manykit.com/ HTTP/1.0 Mozilla/5.0 (Windows NT 6.1; WOW64) AppleWebKit/537.36 (KHTML, like Gecko) Chrome/67.0.3396.99 Safari/537.36]
[2018-10-20T14:54:02.644] [INFO] default - [::1 GET /res/verify 200 1ms][http://www.manykit.com/ HTTP/1.0 Mozilla/5.0 (Windows NT 6.1; WOW64) AppleWebKit/537.36 (KHTML, like Gecko) Chrome/67.0.3396.99 Safari/537.36]
[2018-10-20T14:54:42.662] [INFO] default - [undefined GET /codeplay/ 200 2ms][http://www.manykit.com/ HTTP/1.0 Mozilla/5.0 (Windows NT 6.1; WOW64) AppleWebKit/537.36 (KHTML, like Gecko) Chrome/67.0.3396.99 Safari/537.36]
[2018-10-20T14:54:42.730] [INFO] default - [undefined GET /codeplay/static/js/manifest.1efc0f5c81b0ce1acf99.js 200 4ms][http://www.manykit.com/codeplay/ HTTP/1.0 Mozilla/5.0 (Windows NT 6.1; WOW64) AppleWebKit/537.36 (KHTML, like Gecko) Chrome/67.0.3396.99 Safari/537.36]
[2018-10-20T14:54:42.752] [INFO] default - [::1 GET /codeplay/static/css/app.226c1a00ae8056af5e67118053c8e5fc.css 200 27ms][http://www.manykit.com/codeplay/ HTTP/1.0 Mozilla/5.0 (Windows NT 6.1; WOW64) AppleWebKit/537.36 (KHTML, like Gecko) Chrome/67.0.3396.99 Safari/537.36]
[2018-10-20T14:54:42.757] [INFO] default - [undefined GET /codeplay/static/js/app.cf3963bfa1b3552c8e0e.js 200 3ms][http://www.manykit.com/codeplay/ HTTP/1.0 Mozilla/5.0 (Windows NT 6.1; WOW64) AppleWebKit/537.36 (KHTML, like Gecko) Chrome/67.0.3396.99 Safari/537.36]
[2018-10-20T14:54:42.760] [INFO] default - [undefined GET /codeplay/static/js/vendor.9c857c1c1ba4e034aea6.js 200 32ms][http://www.manykit.com/codeplay/ HTTP/1.0 Mozilla/5.0 (Windows NT 6.1; WOW64) AppleWebKit/537.36 (KHTML, like Gecko) Chrome/67.0.3396.99 Safari/537.36]
[2018-10-20T14:54:44.203] [INFO] default - [undefined GET /codeplay/static/js/7.177cce91856cb3b84339.js 200 4ms][http://www.manykit.com/codeplay/ HTTP/1.0 Mozilla/5.0 (Windows NT 6.1; WOW64) AppleWebKit/537.36 (KHTML, like Gecko) Chrome/67.0.3396.99 Safari/537.36]
[2018-10-20T14:54:44.206] [INFO] default - [undefined GET /codeplay/static/js/0.e2bba8b39fa361974858.js 200 6ms][http://www.manykit.com/codeplay/ HTTP/1.0 Mozilla/5.0 (Windows NT 6.1; WOW64) AppleWebKit/537.36 (KHTML, like Gecko) Chrome/67.0.3396.99 Safari/537.36]
[2018-10-20T14:54:44.208] [INFO] default - [undefined GET /codeplay/static/js/5.2c46d3a024defeadd990.js 200 1ms][http://www.manykit.com/codeplay/ HTTP/1.0 Mozilla/5.0 (Windows NT 6.1; WOW64) AppleWebKit/537.36 (KHTML, like Gecko) Chrome/67.0.3396.99 Safari/537.36]
[2018-10-20T14:54:44.854] [INFO] default - [undefined GET /res/verify 304 2ms][http://www.manykit.com/codeplay/ HTTP/1.0 Mozilla/5.0 (Windows NT 6.1; WOW64) AppleWebKit/537.36 (KHTML, like Gecko) Chrome/67.0.3396.99 Safari/537.36]
[2018-10-20T14:54:44.859] [INFO] default - [undefined GET /codeplay/static/snap/playsnap.html 200 6ms][http://www.manykit.com/codeplay/ HTTP/1.0 Mozilla/5.0 (Windows NT 6.1; WOW64) AppleWebKit/537.36 (KHTML, like Gecko) Chrome/67.0.3396.99 Safari/537.36]
[2018-10-20T14:54:44.864] [INFO] default - [undefined GET /codeplay/static/localpic.png 200 7ms][http://www.manykit.com/codeplay/ HTTP/1.0 Mozilla/5.0 (Windows NT 6.1; WOW64) AppleWebKit/537.36 (KHTML, like Gecko) Chrome/67.0.3396.99 Safari/537.36]
[2018-10-20T14:54:44.872] [INFO] default - [::ffff:127.0.0.1 POST /res/filelist 200 6ms][http://www.manykit.com/codeplay/ HTTP/1.0 Mozilla/5.0 (Windows NT 6.1; WOW64) AppleWebKit/537.36 (KHTML, like Gecko) Chrome/67.0.3396.99 Safari/537.36]
[2018-10-20T14:54:45.225] [INFO] default - [::ffff:127.0.0.1 POST /res/filelist 200 369ms][http://www.manykit.com/codeplay/ HTTP/1.0 Mozilla/5.0 (Windows NT 6.1; WOW64) AppleWebKit/537.36 (KHTML, like Gecko) Chrome/67.0.3396.99 Safari/537.36]
[2018-10-20T14:54:45.277] [INFO] default - [undefined GET /res/verify 304 3ms][http://www.manykit.com/codeplay/ HTTP/1.0 Mozilla/5.0 (Windows NT 6.1; WOW64) AppleWebKit/537.36 (KHTML, like Gecko) Chrome/67.0.3396.99 Safari/537.36]
[2018-10-20T14:54:45.282] [INFO] default - [undefined GET /codeplay/static/snap/manykit/jquery-3.2.1.min.js 200 7ms][http://www.manykit.com/codeplay/static/snap/playsnap.html HTTP/1.0 Mozilla/5.0 (Windows NT 6.1; WOW64) AppleWebKit/537.36 (KHTML, like Gecko) Chrome/67.0.3396.99 Safari/537.36]
[2018-10-20T14:54:45.374] [INFO] default - [::1 POST /res/filelist 200 510ms][http://www.manykit.com/codeplay/ HTTP/1.0 Mozilla/5.0 (Windows NT 6.1; WOW64) AppleWebKit/537.36 (KHTML, like Gecko) Chrome/67.0.3396.99 Safari/537.36]
[2018-10-20T14:54:45.393] [INFO] default - [undefined GET /codeplay/static/snap/morphic.js 200 119ms][http://www.manykit.com/codeplay/static/snap/playsnap.html HTTP/1.0 Mozilla/5.0 (Windows NT 6.1; WOW64) AppleWebKit/537.36 (KHTML, like Gecko) Chrome/67.0.3396.99 Safari/537.36]
[2018-10-20T14:54:45.396] [INFO] default - [undefined GET /codeplay/static/snap/widgets.js 200 12ms][http://www.manykit.com/codeplay/static/snap/playsnap.html HTTP/1.0 Mozilla/5.0 (Windows NT 6.1; WOW64) AppleWebKit/537.36 (KHTML, like Gecko) Chrome/67.0.3396.99 Safari/537.36]
[2018-10-20T14:54:45.407] [INFO] default - [::ffff:127.0.0.1 POST /res/getfile 200 547ms][http://www.manykit.com/codeplay/ HTTP/1.0 Mozilla/5.0 (Windows NT 6.1; WOW64) AppleWebKit/537.36 (KHTML, like Gecko) Chrome/67.0.3396.99 Safari/537.36]
[2018-10-20T14:54:45.408] [INFO] default - [::1 POST /res/getfile 200 135ms][http://www.manykit.com/codeplay/ HTTP/1.0 Mozilla/5.0 (Windows NT 6.1; WOW64) AppleWebKit/537.36 (KHTML, like Gecko) Chrome/67.0.3396.99 Safari/537.36]
[2018-10-20T14:54:45.457] [INFO] default - [undefined GET /codeplay/static/snap/blocks.js 200 4ms][http://www.manykit.com/codeplay/static/snap/playsnap.html HTTP/1.0 Mozilla/5.0 (Windows NT 6.1; WOW64) AppleWebKit/537.36 (KHTML, like Gecko) Chrome/67.0.3396.99 Safari/537.36]
[2018-10-20T14:54:45.469] [INFO] default - [undefined GET /codeplay/static/snap/manykit/blocks.js 200 2ms][http://www.manykit.com/codeplay/static/snap/playsnap.html HTTP/1.0 Mozilla/5.0 (Windows NT 6.1; WOW64) AppleWebKit/537.36 (KHTML, like Gecko) Chrome/67.0.3396.99 Safari/537.36]
[2018-10-20T14:54:45.533] [INFO] default - [undefined GET /codeplay/static/snap/manykit/arduino.js 200 2ms][http://www.manykit.com/codeplay/static/snap/playsnap.html HTTP/1.0 Mozilla/5.0 (Windows NT 6.1; WOW64) AppleWebKit/537.36 (KHTML, like Gecko) Chrome/67.0.3396.99 Safari/537.36]
[2018-10-20T14:54:45.539] [INFO] default - [undefined GET /codeplay/static/snap/threads.js 200 1ms][http://www.manykit.com/codeplay/static/snap/playsnap.html HTTP/1.0 Mozilla/5.0 (Windows NT 6.1; WOW64) AppleWebKit/537.36 (KHTML, like Gecko) Chrome/67.0.3396.99 Safari/537.36]
[2018-10-20T14:54:45.600] [INFO] default - [undefined GET /codeplay/static/snap/manykit/threads.js 200 2ms][http://www.manykit.com/codeplay/static/snap/playsnap.html HTTP/1.0 Mozilla/5.0 (Windows NT 6.1; WOW64) AppleWebKit/537.36 (KHTML, like Gecko) Chrome/67.0.3396.99 Safari/537.36]
[2018-10-20T14:54:45.671] [INFO] default - [undefined GET /codeplay/static/snap/objects.js 200 6ms][http://www.manykit.com/codeplay/static/snap/playsnap.html HTTP/1.0 Mozilla/5.0 (Windows NT 6.1; WOW64) AppleWebKit/537.36 (KHTML, like Gecko) Chrome/67.0.3396.99 Safari/537.36]
[2018-10-20T14:54:45.765] [INFO] default - [undefined GET /codeplay/static/snap/manykit/objects.js 200 1ms][http://www.manykit.com/codeplay/static/snap/playsnap.html HTTP/1.0 Mozilla/5.0 (Windows NT 6.1; WOW64) AppleWebKit/537.36 (KHTML, like Gecko) Chrome/67.0.3396.99 Safari/537.36]
[2018-10-20T14:54:45.811] [INFO] default - [::1 GET /codeplay/static/snap/gui.js 200 5ms][http://www.manykit.com/codeplay/static/snap/playsnap.html HTTP/1.0 Mozilla/5.0 (Windows NT 6.1; WOW64) AppleWebKit/537.36 (KHTML, like Gecko) Chrome/67.0.3396.99 Safari/537.36]
[2018-10-20T14:54:45.826] [INFO] default - [undefined GET /codeplay/static/snap/manykit/playergui.js 200 2ms][http://www.manykit.com/codeplay/static/snap/playsnap.html HTTP/1.0 Mozilla/5.0 (Windows NT 6.1; WOW64) AppleWebKit/537.36 (KHTML, like Gecko) Chrome/67.0.3396.99 Safari/537.36]
[2018-10-20T14:54:45.874] [INFO] default - [undefined GET /codeplay/static/snap/paint.js 200 2ms][http://www.manykit.com/codeplay/static/snap/playsnap.html HTTP/1.0 Mozilla/5.0 (Windows NT 6.1; WOW64) AppleWebKit/537.36 (KHTML, like Gecko) Chrome/67.0.3396.99 Safari/537.36]
[2018-10-20T14:54:45.891] [INFO] default - [undefined GET /codeplay/static/snap/lists.js 200 2ms][http://www.manykit.com/codeplay/static/snap/playsnap.html HTTP/1.0 Mozilla/5.0 (Windows NT 6.1; WOW64) AppleWebKit/537.36 (KHTML, like Gecko) Chrome/67.0.3396.99 Safari/537.36]
[2018-10-20T14:54:45.985] [INFO] default - [undefined GET /codeplay/static/snap/byob.js 200 2ms][http://www.manykit.com/codeplay/static/snap/playsnap.html HTTP/1.0 Mozilla/5.0 (Windows NT 6.1; WOW64) AppleWebKit/537.36 (KHTML, like Gecko) Chrome/67.0.3396.99 Safari/537.36]
[2018-10-20T14:54:46.009] [INFO] default - [undefined GET /codeplay/static/snap/tables.js 200 2ms][http://www.manykit.com/codeplay/static/snap/playsnap.html HTTP/1.0 Mozilla/5.0 (Windows NT 6.1; WOW64) AppleWebKit/537.36 (KHTML, like Gecko) Chrome/67.0.3396.99 Safari/537.36]
[2018-10-20T14:54:46.640] [INFO] default - [undefined GET /codeplay/static/snap/symbols.js 200 2ms][http://www.manykit.com/codeplay/static/snap/playsnap.html HTTP/1.0 Mozilla/5.0 (Windows NT 6.1; WOW64) AppleWebKit/537.36 (KHTML, like Gecko) Chrome/67.0.3396.99 Safari/537.36]
[2018-10-20T14:54:46.736] [INFO] default - [undefined GET /codeplay/static/snap/xml.js 200 4ms][http://www.manykit.com/codeplay/static/snap/playsnap.html HTTP/1.0 Mozilla/5.0 (Windows NT 6.1; WOW64) AppleWebKit/537.36 (KHTML, like Gecko) Chrome/67.0.3396.99 Safari/537.36]
[2018-10-20T14:54:46.803] [INFO] default - [undefined GET /codeplay/static/snap/store.js 200 3ms][http://www.manykit.com/codeplay/static/snap/playsnap.html HTTP/1.0 Mozilla/5.0 (Windows NT 6.1; WOW64) AppleWebKit/537.36 (KHTML, like Gecko) Chrome/67.0.3396.99 Safari/537.36]
[2018-10-20T14:54:46.833] [INFO] default - [undefined GET /codeplay/static/snap/locale.js 200 1ms][http://www.manykit.com/codeplay/static/snap/playsnap.html HTTP/1.0 Mozilla/5.0 (Windows NT 6.1; WOW64) AppleWebKit/537.36 (KHTML, like Gecko) Chrome/67.0.3396.99 Safari/537.36]
[2018-10-20T14:54:46.860] [INFO] default - [undefined GET /codeplay/static/snap/manykit/locale.js 200 2ms][http://www.manykit.com/codeplay/static/snap/playsnap.html HTTP/1.0 Mozilla/5.0 (Windows NT 6.1; WOW64) AppleWebKit/537.36 (KHTML, like Gecko) Chrome/67.0.3396.99 Safari/537.36]
[2018-10-20T14:54:46.891] [INFO] default - [undefined GET /codeplay/static/snap/cloud.js 200 2ms][http://www.manykit.com/codeplay/static/snap/playsnap.html HTTP/1.0 Mozilla/5.0 (Windows NT 6.1; WOW64) AppleWebKit/537.36 (KHTML, like Gecko) Chrome/67.0.3396.99 Safari/537.36]
[2018-10-20T14:54:46.903] [INFO] default - [undefined GET /codeplay/static/snap/manykit/cloud.js 200 1ms][http://www.manykit.com/codeplay/static/snap/playsnap.html HTTP/1.0 Mozilla/5.0 (Windows NT 6.1; WOW64) AppleWebKit/537.36 (KHTML, like Gecko) Chrome/67.0.3396.99 Safari/537.36]
[2018-10-20T14:54:46.918] [INFO] default - [undefined GET /codeplay/static/snap/sha512.js 200 1ms][http://www.manykit.com/codeplay/static/snap/playsnap.html HTTP/1.0 Mozilla/5.0 (Windows NT 6.1; WOW64) AppleWebKit/537.36 (KHTML, like Gecko) Chrome/67.0.3396.99 Safari/537.36]
[2018-10-20T14:54:46.949] [INFO] default - [undefined GET /codeplay/static/snap/FileSaver.min.js 200 1ms][http://www.manykit.com/codeplay/static/snap/playsnap.html HTTP/1.0 Mozilla/5.0 (Windows NT 6.1; WOW64) AppleWebKit/537.36 (KHTML, like Gecko) Chrome/67.0.3396.99 Safari/537.36]
[2018-10-20T14:54:46.957] [INFO] default - [undefined GET /codeplay/static/snap/manykit/base64.js 200 1ms][http://www.manykit.com/codeplay/static/snap/playsnap.html HTTP/1.0 Mozilla/5.0 (Windows NT 6.1; WOW64) AppleWebKit/537.36 (KHTML, like Gecko) Chrome/67.0.3396.99 Safari/537.36]
[2018-10-20T14:54:47.002] [INFO] default - [undefined GET /codeplay/static/img/qr_code01.1707b53.jpg 200 3ms][http://www.manykit.com/codeplay/ HTTP/1.0 Mozilla/5.0 (Windows NT 6.1; WOW64) AppleWebKit/537.36 (KHTML, like Gecko) Chrome/67.0.3396.99 Safari/537.36]
[2018-10-20T14:54:47.007] [INFO] default - [::ffff:127.0.0.1 GET /codeplay/static/img/qr_code02.f1cd7b4.jpg 200 2ms][http://www.manykit.com/codeplay/ HTTP/1.0 Mozilla/5.0 (Windows NT 6.1; WOW64) AppleWebKit/537.36 (KHTML, like Gecko) Chrome/67.0.3396.99 Safari/537.36]
[2018-10-20T14:54:47.020] [INFO] default - [undefined GET /codeplay/static/snap/player.png 200 2ms][http://www.manykit.com/codeplay/static/snap/playsnap.html HTTP/1.0 Mozilla/5.0 (Windows NT 6.1; WOW64) AppleWebKit/537.36 (KHTML, like Gecko) Chrome/67.0.3396.99 Safari/537.36]
[2018-10-20T14:54:48.597] [INFO] default - [undefined GET /res/verify 304 1ms][http://www.manykit.com/codeplay/static/snap/playsnap.html HTTP/1.0 Mozilla/5.0 (Windows NT 6.1; WOW64) AppleWebKit/537.36 (KHTML, like Gecko) Chrome/67.0.3396.99 Safari/537.36]
[2018-10-20T14:54:49.047] [INFO] default - [undefined GET /codeplay/static/snap/manykit/manykit.png 200 5ms][http://www.manykit.com/codeplay/static/snap/playsnap.html HTTP/1.0 Mozilla/5.0 (Windows NT 6.1; WOW64) AppleWebKit/537.36 (KHTML, like Gecko) Chrome/67.0.3396.99 Safari/537.36]
[2018-10-20T14:54:49.072] [INFO] default - [::ffff:127.0.0.1 POST /res/getfile 200 23ms][http://www.manykit.com/codeplay/static/snap/playsnap.html HTTP/1.0 Mozilla/5.0 (Windows NT 6.1; WOW64) AppleWebKit/537.36 (KHTML, like Gecko) Chrome/67.0.3396.99 Safari/537.36]
[2018-10-20T14:54:49.158] [INFO] default - [undefined GET /codeplay/static/bianchengwan.ico 200 2ms][http://www.manykit.com/codeplay/ HTTP/1.0 Mozilla/5.0 (Windows NT 6.1; WOW64) AppleWebKit/537.36 (KHTML, like Gecko) Chrome/67.0.3396.99 Safari/537.36]
[2018-10-20T14:55:02.123] [INFO] default - [::ffff:127.0.0.1 GET /res/verify 200 1ms][http://www.manykit.com/ HTTP/1.0 Mozilla/5.0 (Windows NT 6.1; WOW64) AppleWebKit/537.36 (KHTML, like Gecko) Chrome/43.0.2357.124 Safari/537.36]
[2018-10-20T14:55:42.137] [INFO] default - [::1 GET /codeplay 301 2ms][http://www.manykit.com/ HTTP/1.0 Mozilla/5.0 (Windows NT 6.1; WOW64) AppleWebKit/537.36 (KHTML, like Gecko) Chrome/45.0.2454.101 Safari/537.36]
[2018-10-20T14:55:44.693] [INFO] default - [undefined GET /codeplay/static/snap/playsnap.html 200 2ms][http://www.manykit.com/codeplay/ HTTP/1.0 Mozilla/5.0 (Windows NT 6.1; WOW64) AppleWebKit/537.36 (KHTML, like Gecko) Chrome/53.0.2785.104 Safari/537.36 Core/1.53.2141.400 QQBrowser/9.5.10219.400]
[2018-10-20T14:55:45.098] [INFO] default - [undefined GET /codeplay/static/snap/manykit/jquery-3.2.1.min.js 200 3ms][http://www.manykit.com/codeplay/static/snap/playsnap.html HTTP/1.0 Mozilla/5.0 (Windows NT 6.1; WOW64) AppleWebKit/537.36 (KHTML, like Gecko) Chrome/53.0.2785.104 Safari/537.36 Core/1.53.2141.400 QQBrowser/9.5.10219.400]
[2018-10-20T14:55:46.182] [INFO] default - [::ffff:127.0.0.1 GET /codeplay/static/snap/morphic.js 200 6ms][http://www.manykit.com/codeplay/static/snap/playsnap.html HTTP/1.0 Mozilla/5.0 (Windows NT 6.1; WOW64; rv:50.0) Gecko/20100101 Firefox/50.0]
[2018-10-20T14:55:46.708] [INFO] default - [undefined GET /codeplay/static/snap/widgets.js 200 2ms][http://www.manykit.com/codeplay/static/snap/playsnap.html HTTP/1.0 Mozilla/5.0 (Windows NT 6.1; WOW64; rv:50.0) Gecko/20100101 Firefox/50.0]
[2018-10-20T14:55:47.124] [INFO] default - [undefined GET /codeplay/static/snap/blocks.js 200 4ms][http://www.manykit.com/codeplay/static/snap/playsnap.html HTTP/1.0 Mozilla/5.0 (Windows NT 6.1; WOW64) AppleWebKit/537.36 (KHTML, like Gecko) Chrome/45.0.2454.101 Safari/537.36]
[2018-10-20T14:55:47.680] [INFO] default - [undefined GET /codeplay/static/snap/manykit/blocks.js 200 1ms][http://www.manykit.com/codeplay/static/snap/playsnap.html HTTP/1.0 Mozilla/5.0 (Macintosh; Intel Mac OS X 10_12_4) AppleWebKit/537.36 (KHTML, like Gecko) 			Chrome/55.0.2883.95 Safari/537.36]
[2018-10-20T14:55:47.796] [INFO] default - [undefined GET /codeplay/static/snap/manykit/arduino.js 200 1ms][http://www.manykit.com/codeplay/static/snap/playsnap.html HTTP/1.0 Mozilla/5.0 (Windows NT 6.1; WOW64; Trident/7.0; SLCC2; .NET CLR 2.0.50727; .NET CLR 3.5.30729; .NET CLR 3.0.30729; Media Center PC 6.0; .NET4.0C; .NET4.0E; InfoPath.3; rv:11.0) like Gecko]
[2018-10-20T14:55:47.920] [INFO] default - [::1 GET /codeplay/static/snap/threads.js 200 2ms][http://www.manykit.com/codeplay/static/snap/playsnap.html HTTP/1.0 Mozilla/5.0 (Windows NT 6.1; WOW64; Trident/7.0; SLCC2; .NET CLR 2.0.50727; .NET CLR 3.5.30729; .NET CLR 3.0.30729; Media Center PC 6.0; .NET4.0C; .NET4.0E; InfoPath.3; rv:11.0) like Gecko]
[2018-10-20T14:55:48.293] [INFO] default - [undefined GET /codeplay/static/snap/manykit/threads.js 200 2ms][http://www.manykit.com/codeplay/static/snap/playsnap.html HTTP/1.0 Mozilla/5.0 (Windows NT 6.1; WOW64) AppleWebKit/537.36 (KHTML, like Gecko) Chrome/43.0.2357.124 Safari/537.36]
[2018-10-20T14:55:48.388] [INFO] default - [::1 GET /codeplay/static/snap/objects.js 200 3ms][http://www.manykit.com/codeplay/static/snap/playsnap.html HTTP/1.0 Mozilla/5.0 (Windows NT 6.1; WOW64) AppleWebKit/537.36 (KHTML, like Gecko) Chrome/45.0.2454.101 Safari/537.36]
[2018-10-20T14:55:48.764] [INFO] default - [undefined GET /codeplay/static/snap/manykit/objects.js 200 1ms][http://www.manykit.com/codeplay/static/snap/playsnap.html HTTP/1.0 Mozilla/5.0 (Windows NT 6.1; WOW64) AppleWebKit/537.36 (KHTML, like Gecko) Chrome/43.0.2357.124 Safari/537.36]
[2018-10-20T14:55:48.906] [INFO] default - [undefined GET /codeplay/static/snap/gui.js 200 4ms][http://www.manykit.com/codeplay/static/snap/playsnap.html HTTP/1.0 Mozilla/5.0 (Macintosh; Intel Mac OS X 10_12_4) AppleWebKit/537.36 (KHTML, like Gecko) 			Chrome/55.0.2883.95 Safari/537.36]
[2018-10-20T14:55:50.377] [INFO] default - [undefined GET /codeplay/static/snap/manykit/playergui.js 200 1ms][http://www.manykit.com/codeplay/static/snap/playsnap.html HTTP/1.0 Mozilla/5.0 (Windows NT 6.1; WOW64) AppleWebKit/537.36 (KHTML, like Gecko) Chrome/56.0.2924.87 Safari/537.36]
[2018-10-20T14:55:50.562] [INFO] default - [undefined GET /codeplay/static/snap/paint.js 200 2ms][http://www.manykit.com/codeplay/static/snap/playsnap.html HTTP/1.0 Mozilla/5.0 (Windows NT 6.1; WOW64) AppleWebKit/537.36 (KHTML, like Gecko) Chrome/43.0.2357.124 Safari/537.36]
[2018-10-20T14:55:51.029] [INFO] default - [undefined GET /codeplay/static/snap/lists.js 200 2ms][http://www.manykit.com/codeplay/static/snap/playsnap.html HTTP/1.0 Mozilla/5.0 (Windows NT 6.1; WOW64; rv:50.0) Gecko/20100101 Firefox/50.0]
[2018-10-20T14:55:51.314] [INFO] default - [undefined GET /codeplay/static/snap/byob.js 200 3ms][http://www.manykit.com/codeplay/static/snap/playsnap.html HTTP/1.0 Mozilla/5.0 (Windows NT 6.1; WOW64) AppleWebKit/537.36 (KHTML, like Gecko) Chrome/56.0.2924.87 Safari/537.36]
[2018-10-20T14:55:51.830] [INFO] default - [undefined GET /codeplay/static/snap/tables.js 200 2ms][http://www.manykit.com/codeplay/static/snap/playsnap.html HTTP/1.0 Mozilla/5.0 (Windows NT 6.1; WOW64) AppleWebKit/537.36 (KHTML, like Gecko) Chrome/45.0.2454.101 Safari/537.36]
[2018-10-20T14:55:52.117] [INFO] default - [undefined GET /codeplay/static/snap/symbols.js 200 3ms][http://www.manykit.com/codeplay/static/snap/playsnap.html HTTP/1.0 Mozilla/5.0 (Windows NT 6.1; WOW64) AppleWebKit/537.36 (KHTML, like Gecko) Chrome/53.0.2785.104 Safari/537.36 Core/1.53.2141.400 QQBrowser/9.5.10219.400]
[2018-10-20T14:55:53.084] [INFO] default - [undefined GET /codeplay/static/snap/xml.js 200 1ms][http://www.manykit.com/codeplay/static/snap/playsnap.html HTTP/1.0 Mozilla/5.0 (Windows NT 6.1; WOW64) AppleWebKit/537.36 (KHTML, like Gecko) Chrome/53.0.2785.104 Safari/537.36 Core/1.53.2141.400 QQBrowser/9.5.10219.400]
[2018-10-20T14:55:53.245] [INFO] default - [undefined GET /codeplay/static/snap/store.js 200 2ms][http://www.manykit.com/codeplay/static/snap/playsnap.html HTTP/1.0 Mozilla/5.0 (Macintosh; Intel Mac OS X 10_12_4) AppleWebKit/537.36 (KHTML, like Gecko) 			Chrome/55.0.2883.95 Safari/537.36]
[2018-10-20T14:55:59.983] [INFO] default - [undefined GET /codeplay/ 304 2ms][http://www.manykit.com/codeplay/ HTTP/1.0 Mozilla/5.0 (Windows NT 6.1; WOW64) AppleWebKit/537.36 (KHTML, like Gecko) Chrome/67.0.3396.99 Safari/537.36]
[2018-10-20T14:56:00.130] [INFO] default - [undefined GET /codeplay/static/css/app.226c1a00ae8056af5e67118053c8e5fc.css 304 3ms][http://www.manykit.com/codeplay/ HTTP/1.0 Mozilla/5.0 (Windows NT 6.1; WOW64) AppleWebKit/537.36 (KHTML, like Gecko) Chrome/67.0.3396.99 Safari/537.36]
[2018-10-20T14:56:00.180] [INFO] default - [undefined GET /codeplay/static/js/manifest.1efc0f5c81b0ce1acf99.js 304 1ms][http://www.manykit.com/codeplay/ HTTP/1.0 Mozilla/5.0 (Windows NT 6.1; WOW64) AppleWebKit/537.36 (KHTML, like Gecko) Chrome/67.0.3396.99 Safari/537.36]
[2018-10-20T14:56:00.187] [INFO] default - [undefined GET /codeplay/static/js/vendor.9c857c1c1ba4e034aea6.js 304 3ms][http://www.manykit.com/codeplay/ HTTP/1.0 Mozilla/5.0 (Windows NT 6.1; WOW64) AppleWebKit/537.36 (KHTML, like Gecko) Chrome/67.0.3396.99 Safari/537.36]
[2018-10-20T14:56:00.189] [INFO] default - [undefined GET /codeplay/static/js/app.cf3963bfa1b3552c8e0e.js 304 4ms][http://www.manykit.com/codeplay/ HTTP/1.0 Mozilla/5.0 (Windows NT 6.1; WOW64) AppleWebKit/537.36 (KHTML, like Gecko) Chrome/67.0.3396.99 Safari/537.36]
[2018-10-20T14:56:00.414] [INFO] default - [undefined GET /codeplay/static/js/0.e2bba8b39fa361974858.js 304 1ms][http://www.manykit.com/codeplay/ HTTP/1.0 Mozilla/5.0 (Windows NT 6.1; WOW64) AppleWebKit/537.36 (KHTML, like Gecko) Chrome/67.0.3396.99 Safari/537.36]
[2018-10-20T14:56:00.418] [INFO] default - [undefined GET /codeplay/static/js/5.2c46d3a024defeadd990.js 304 2ms][http://www.manykit.com/codeplay/ HTTP/1.0 Mozilla/5.0 (Windows NT 6.1; WOW64) AppleWebKit/537.36 (KHTML, like Gecko) Chrome/67.0.3396.99 Safari/537.36]
[2018-10-20T14:56:00.419] [INFO] default - [undefined GET /codeplay/static/js/7.177cce91856cb3b84339.js 304 2ms][http://www.manykit.com/codeplay/ HTTP/1.0 Mozilla/5.0 (Windows NT 6.1; WOW64) AppleWebKit/537.36 (KHTML, like Gecko) Chrome/67.0.3396.99 Safari/537.36]
[2018-10-20T14:56:00.573] [INFO] default - [undefined GET /codeplay/static/localpic.png 304 1ms][http://www.manykit.com/codeplay/ HTTP/1.0 Mozilla/5.0 (Windows NT 6.1; WOW64) AppleWebKit/537.36 (KHTML, like Gecko) Chrome/67.0.3396.99 Safari/537.36]
[2018-10-20T14:56:00.576] [INFO] default - [undefined GET /codeplay/static/img/qr_code02.f1cd7b4.jpg 304 2ms][http://www.manykit.com/codeplay/ HTTP/1.0 Mozilla/5.0 (Windows NT 6.1; WOW64) AppleWebKit/537.36 (KHTML, like Gecko) Chrome/67.0.3396.99 Safari/537.36]
[2018-10-20T14:56:00.577] [INFO] default - [undefined GET /codeplay/static/img/qr_code01.1707b53.jpg 304 2ms][http://www.manykit.com/codeplay/ HTTP/1.0 Mozilla/5.0 (Windows NT 6.1; WOW64) AppleWebKit/537.36 (KHTML, like Gecko) Chrome/67.0.3396.99 Safari/537.36]
[2018-10-20T14:56:00.585] [INFO] default - [undefined GET /codeplay/static/snap/playsnap.html 304 1ms][http://www.manykit.com/codeplay/ HTTP/1.0 Mozilla/5.0 (Windows NT 6.1; WOW64) AppleWebKit/537.36 (KHTML, like Gecko) Chrome/67.0.3396.99 Safari/537.36]
[2018-10-20T14:56:00.634] [INFO] default - [undefined GET /res/verify 304 3ms][http://www.manykit.com/codeplay/ HTTP/1.0 Mozilla/5.0 (Windows NT 6.1; WOW64) AppleWebKit/537.36 (KHTML, like Gecko) Chrome/67.0.3396.99 Safari/537.36]
[2018-10-20T14:56:00.762] [INFO] default - [::1 POST /res/filelist 200 126ms][http://www.manykit.com/codeplay/ HTTP/1.0 Mozilla/5.0 (Windows NT 6.1; WOW64) AppleWebKit/537.36 (KHTML, like Gecko) Chrome/67.0.3396.99 Safari/537.36]
[2018-10-20T14:56:00.809] [INFO] default - [undefined GET /codeplay/static/snap/manykit/jquery-3.2.1.min.js 304 4ms][http://www.manykit.com/codeplay/static/snap/playsnap.html HTTP/1.0 Mozilla/5.0 (Windows NT 6.1; WOW64) AppleWebKit/537.36 (KHTML, like Gecko) Chrome/67.0.3396.99 Safari/537.36]
[2018-10-20T14:56:00.813] [INFO] default - [undefined POST /res/getfile 200 8ms][http://www.manykit.com/codeplay/ HTTP/1.0 Mozilla/5.0 (Windows NT 6.1; WOW64) AppleWebKit/537.36 (KHTML, like Gecko) Chrome/67.0.3396.99 Safari/537.36]
[2018-10-20T14:56:01.214] [INFO] default - [::ffff:127.0.0.1 POST /res/filelist 200 578ms][http://www.manykit.com/codeplay/ HTTP/1.0 Mozilla/5.0 (Windows NT 6.1; WOW64) AppleWebKit/537.36 (KHTML, like Gecko) Chrome/67.0.3396.99 Safari/537.36]
[2018-10-20T14:56:01.217] [INFO] default - [::1 POST /res/getfile 200 585ms][http://www.manykit.com/codeplay/ HTTP/1.0 Mozilla/5.0 (Windows NT 6.1; WOW64) AppleWebKit/537.36 (KHTML, like Gecko) Chrome/67.0.3396.99 Safari/537.36]
[2018-10-20T14:56:01.281] [INFO] default - [::ffff:127.0.0.1 POST /res/filelist 200 479ms][http://www.manykit.com/codeplay/ HTTP/1.0 Mozilla/5.0 (Windows NT 6.1; WOW64) AppleWebKit/537.36 (KHTML, like Gecko) Chrome/67.0.3396.99 Safari/537.36]
[2018-10-20T14:56:01.290] [INFO] default - [undefined GET /codeplay/static/snap/morphic.js 304 7ms][http://www.manykit.com/codeplay/static/snap/playsnap.html HTTP/1.0 Mozilla/5.0 (Windows NT 6.1; WOW64) AppleWebKit/537.36 (KHTML, like Gecko) Chrome/67.0.3396.99 Safari/537.36]
[2018-10-20T14:56:01.291] [INFO] default - [undefined GET /codeplay/static/snap/widgets.js 304 7ms][http://www.manykit.com/codeplay/static/snap/playsnap.html HTTP/1.0 Mozilla/5.0 (Windows NT 6.1; WOW64) AppleWebKit/537.36 (KHTML, like Gecko) Chrome/67.0.3396.99 Safari/537.36]
[2018-10-20T14:56:01.291] [INFO] default - [undefined GET /codeplay/static/snap/blocks.js 304 6ms][http://www.manykit.com/codeplay/static/snap/playsnap.html HTTP/1.0 Mozilla/5.0 (Windows NT 6.1; WOW64) AppleWebKit/537.36 (KHTML, like Gecko) Chrome/67.0.3396.99 Safari/537.36]
[2018-10-20T14:56:01.292] [INFO] default - [undefined GET /codeplay/static/snap/manykit/blocks.js 304 6ms][http://www.manykit.com/codeplay/static/snap/playsnap.html HTTP/1.0 Mozilla/5.0 (Windows NT 6.1; WOW64) AppleWebKit/537.36 (KHTML, like Gecko) Chrome/67.0.3396.99 Safari/537.36]
[2018-10-20T14:56:01.341] [INFO] default - [undefined GET /codeplay/static/snap/manykit/arduino.js 304 1ms][http://www.manykit.com/codeplay/static/snap/playsnap.html HTTP/1.0 Mozilla/5.0 (Windows NT 6.1; WOW64) AppleWebKit/537.36 (KHTML, like Gecko) Chrome/67.0.3396.99 Safari/537.36]
[2018-10-20T14:56:01.348] [INFO] default - [undefined GET /codeplay/static/snap/threads.js 304 3ms][http://www.manykit.com/codeplay/static/snap/playsnap.html HTTP/1.0 Mozilla/5.0 (Windows NT 6.1; WOW64) AppleWebKit/537.36 (KHTML, like Gecko) Chrome/67.0.3396.99 Safari/537.36]
[2018-10-20T14:56:01.349] [INFO] default - [undefined GET /codeplay/static/snap/manykit/threads.js 304 4ms][http://www.manykit.com/codeplay/static/snap/playsnap.html HTTP/1.0 Mozilla/5.0 (Windows NT 6.1; WOW64) AppleWebKit/537.36 (KHTML, like Gecko) Chrome/67.0.3396.99 Safari/537.36]
[2018-10-20T14:56:01.350] [INFO] default - [undefined GET /codeplay/static/snap/manykit/objects.js 304 2ms][http://www.manykit.com/codeplay/static/snap/playsnap.html HTTP/1.0 Mozilla/5.0 (Windows NT 6.1; WOW64) AppleWebKit/537.36 (KHTML, like Gecko) Chrome/67.0.3396.99 Safari/537.36]
[2018-10-20T14:56:01.357] [INFO] default - [undefined GET /codeplay/static/snap/objects.js 304 2ms][http://www.manykit.com/codeplay/static/snap/playsnap.html HTTP/1.0 Mozilla/5.0 (Windows NT 6.1; WOW64) AppleWebKit/537.36 (KHTML, like Gecko) Chrome/67.0.3396.99 Safari/537.36]
[2018-10-20T14:56:01.404] [INFO] default - [undefined GET /codeplay/static/snap/gui.js 304 2ms][http://www.manykit.com/codeplay/static/snap/playsnap.html HTTP/1.0 Mozilla/5.0 (Windows NT 6.1; WOW64) AppleWebKit/537.36 (KHTML, like Gecko) Chrome/67.0.3396.99 Safari/537.36]
[2018-10-20T14:56:01.407] [INFO] default - [undefined GET /codeplay/static/snap/manykit/playergui.js 304 4ms][http://www.manykit.com/codeplay/static/snap/playsnap.html HTTP/1.0 Mozilla/5.0 (Windows NT 6.1; WOW64) AppleWebKit/537.36 (KHTML, like Gecko) Chrome/67.0.3396.99 Safari/537.36]
[2018-10-20T14:56:01.408] [INFO] default - [undefined GET /codeplay/static/snap/paint.js 304 3ms][http://www.manykit.com/codeplay/static/snap/playsnap.html HTTP/1.0 Mozilla/5.0 (Windows NT 6.1; WOW64) AppleWebKit/537.36 (KHTML, like Gecko) Chrome/67.0.3396.99 Safari/537.36]
[2018-10-20T14:56:01.409] [INFO] default - [undefined GET /codeplay/static/snap/lists.js 304 3ms][http://www.manykit.com/codeplay/static/snap/playsnap.html HTTP/1.0 Mozilla/5.0 (Windows NT 6.1; WOW64) AppleWebKit/537.36 (KHTML, like Gecko) Chrome/67.0.3396.99 Safari/537.36]
[2018-10-20T14:56:01.423] [INFO] default - [undefined GET /codeplay/static/snap/byob.js 304 1ms][http://www.manykit.com/codeplay/static/snap/playsnap.html HTTP/1.0 Mozilla/5.0 (Windows NT 6.1; WOW64) AppleWebKit/537.36 (KHTML, like Gecko) Chrome/67.0.3396.99 Safari/537.36]
[2018-10-20T14:56:01.460] [INFO] default - [undefined GET /codeplay/static/snap/symbols.js 304 2ms][http://www.manykit.com/codeplay/static/snap/playsnap.html HTTP/1.0 Mozilla/5.0 (Windows NT 6.1; WOW64) AppleWebKit/537.36 (KHTML, like Gecko) Chrome/67.0.3396.99 Safari/537.36]
[2018-10-20T14:56:01.465] [INFO] default - [undefined GET /codeplay/static/snap/tables.js 304 3ms][http://www.manykit.com/codeplay/static/snap/playsnap.html HTTP/1.0 Mozilla/5.0 (Windows NT 6.1; WOW64) AppleWebKit/537.36 (KHTML, like Gecko) Chrome/67.0.3396.99 Safari/537.36]
[2018-10-20T14:56:01.466] [INFO] default - [undefined GET /codeplay/static/snap/store.js 304 3ms][http://www.manykit.com/codeplay/static/snap/playsnap.html HTTP/1.0 Mozilla/5.0 (Windows NT 6.1; WOW64) AppleWebKit/537.36 (KHTML, like Gecko) Chrome/67.0.3396.99 Safari/537.36]
[2018-10-20T14:56:01.466] [INFO] default - [undefined GET /codeplay/static/snap/xml.js 304 2ms][http://www.manykit.com/codeplay/static/snap/playsnap.html HTTP/1.0 Mozilla/5.0 (Windows NT 6.1; WOW64) AppleWebKit/537.36 (KHTML, like Gecko) Chrome/67.0.3396.99 Safari/537.36]
[2018-10-20T14:56:01.492] [INFO] default - [undefined GET /codeplay/static/snap/locale.js 304 2ms][http://www.manykit.com/codeplay/static/snap/playsnap.html HTTP/1.0 Mozilla/5.0 (Windows NT 6.1; WOW64) AppleWebKit/537.36 (KHTML, like Gecko) Chrome/67.0.3396.99 Safari/537.36]
[2018-10-20T14:56:01.514] [INFO] default - [undefined GET /codeplay/static/snap/manykit/locale.js 304 1ms][http://www.manykit.com/codeplay/static/snap/playsnap.html HTTP/1.0 Mozilla/5.0 (Windows NT 6.1; WOW64) AppleWebKit/537.36 (KHTML, like Gecko) Chrome/67.0.3396.99 Safari/537.36]
[2018-10-20T14:56:01.526] [INFO] default - [undefined GET /codeplay/static/snap/manykit/cloud.js 304 3ms][http://www.manykit.com/codeplay/static/snap/playsnap.html HTTP/1.0 Mozilla/5.0 (Windows NT 6.1; WOW64) AppleWebKit/537.36 (KHTML, like Gecko) Chrome/67.0.3396.99 Safari/537.36]
[2018-10-20T14:56:01.527] [INFO] default - [undefined GET /codeplay/static/snap/cloud.js 304 3ms][http://www.manykit.com/codeplay/static/snap/playsnap.html HTTP/1.0 Mozilla/5.0 (Windows NT 6.1; WOW64) AppleWebKit/537.36 (KHTML, like Gecko) Chrome/67.0.3396.99 Safari/537.36]
[2018-10-20T14:56:01.528] [INFO] default - [undefined GET /codeplay/static/snap/sha512.js 304 3ms][http://www.manykit.com/codeplay/static/snap/playsnap.html HTTP/1.0 Mozilla/5.0 (Windows NT 6.1; WOW64) AppleWebKit/537.36 (KHTML, like Gecko) Chrome/67.0.3396.99 Safari/537.36]
[2018-10-20T14:56:01.558] [INFO] default - [undefined GET /codeplay/static/snap/FileSaver.min.js 304 2ms][http://www.manykit.com/codeplay/static/snap/playsnap.html HTTP/1.0 Mozilla/5.0 (Windows NT 6.1; WOW64) AppleWebKit/537.36 (KHTML, like Gecko) Chrome/67.0.3396.99 Safari/537.36]
[2018-10-20T14:56:01.569] [INFO] default - [undefined GET /codeplay/static/snap/manykit/base64.js 304 1ms][http://www.manykit.com/codeplay/static/snap/playsnap.html HTTP/1.0 Mozilla/5.0 (Windows NT 6.1; WOW64) AppleWebKit/537.36 (KHTML, like Gecko) Chrome/67.0.3396.99 Safari/537.36]
[2018-10-20T14:56:01.583] [INFO] default - [::ffff:127.0.0.1 GET /res/verify 304 1ms][http://www.manykit.com/codeplay/ HTTP/1.0 Mozilla/5.0 (Windows NT 6.1; WOW64) AppleWebKit/537.36 (KHTML, like Gecko) Chrome/67.0.3396.99 Safari/537.36]
[2018-10-20T14:56:01.590] [INFO] default - [undefined GET /codeplay/static/snap/player.png 304 2ms][http://www.manykit.com/codeplay/static/snap/playsnap.html HTTP/1.0 Mozilla/5.0 (Windows NT 6.1; WOW64) AppleWebKit/537.36 (KHTML, like Gecko) Chrome/67.0.3396.99 Safari/537.36]
[2018-10-20T14:56:01.679] [INFO] default - [undefined GET /res/verify 304 1ms][http://www.manykit.com/codeplay/static/snap/playsnap.html HTTP/1.0 Mozilla/5.0 (Windows NT 6.1; WOW64) AppleWebKit/537.36 (KHTML, like Gecko) Chrome/67.0.3396.99 Safari/537.36]
[2018-10-20T14:56:01.745] [INFO] default - [undefined GET /codeplay/static/snap/manykit/manykit.png 304 2ms][http://www.manykit.com/codeplay/static/snap/playsnap.html HTTP/1.0 Mozilla/5.0 (Windows NT 6.1; WOW64) AppleWebKit/537.36 (KHTML, like Gecko) Chrome/67.0.3396.99 Safari/537.36]
[2018-10-20T14:56:02.110] [INFO] default - [undefined POST /res/getfile 200 5ms][http://www.manykit.com/codeplay/static/snap/playsnap.html HTTP/1.0 Mozilla/5.0 (Windows NT 6.1; WOW64) AppleWebKit/537.36 (KHTML, like Gecko) Chrome/67.0.3396.99 Safari/537.36]
[2018-10-20T17:36:57.904] [INFO] default - [::ffff:183.57.54.43 GET / 500 3ms][ HTTP/1.0 undefined]
[2018-10-20T17:47:03.599] [INFO] default - [::1 POST /api/material/modulelist 200 6ms][http://www.manykit.com/ HTTP/1.0 Mozilla/5.0 (compatible; Baiduspider-render/2.0; +http://www.baidu.com/search/spider.html)]
[2018-10-20T17:47:04.072] [INFO] default - [::ffff:127.0.0.1 POST /res/filelist 200 315ms][http://www.manykit.com/ HTTP/1.0 Mozilla/5.0 (compatible; Baiduspider-render/2.0; +http://www.baidu.com/search/spider.html)]
[2018-10-20T17:47:04.862] [INFO] default - [::1 GET /res/verify 200 1ms][http://www.manykit.com/ HTTP/1.0 Mozilla/5.0 (compatible; Baiduspider-render/2.0; +http://www.baidu.com/search/spider.html)]
[2018-10-20T18:36:42.590] [INFO] default - [::ffff:127.0.0.1 POST /api/material/modulelist 200 4ms][http://www.manykit.com/ HTTP/1.0 Mozilla/5.0 (Windows NT 6.1; Win64; x64) AppleWebKit/537.36 (KHTML, like Gecko) Chrome/69.0.3497.81 Safari/537.36]
[2018-10-20T18:36:42.990] [INFO] default - [::1 POST /res/filelist 200 332ms][http://www.manykit.com/ HTTP/1.0 Mozilla/5.0 (Windows NT 6.1; Win64; x64) AppleWebKit/537.36 (KHTML, like Gecko) Chrome/69.0.3497.81 Safari/537.36]
[2018-10-20T18:36:43.222] [INFO] default - [::ffff:127.0.0.1 GET /res/verify 200 1ms][http://www.manykit.com/ HTTP/1.0 Mozilla/5.0 (Windows NT 6.1; Win64; x64) AppleWebKit/537.36 (KHTML, like Gecko) Chrome/69.0.3497.81 Safari/537.36]
[2018-10-20T18:44:19.653] [INFO] default - [undefined GET /codeplay/static/snap/playsnap.html 200 4ms][ HTTP/1.0 Mozilla/5.0 (iPhone; CPU iPhone OS 9_3_4 like Mac OS X) AppleWebKit/601.1.46 (KHTML, like Gecko) Mobile/13G35 QQ/6.5.3.410 V1_IPH_SQ_6.5.3_1_APP_A Pixel/750 Core/UIWebView NetType/2G Mem/117]
[2018-10-20T18:54:38.130] [INFO] default - [::ffff:127.0.0.1 GET /api/material/modulelist 200 2ms][ HTTP/1.0 Mozilla/5.0 (iPhone; CPU iPhone OS 9_3_4 like Mac OS X) AppleWebKit/601.1.46 (KHTML, like Gecko) Mobile/13G35 QQ/6.5.3.410 V1_IPH_SQ_6.5.3_1_APP_A Pixel/750 Core/UIWebView NetType/2G Mem/117]
[2018-10-20T19:03:09.728] [INFO] default - [::1 POST /api/material/modulelist 200 3ms][http://www.manykit.com/ HTTP/1.0 Mozilla/5.0 (Windows NT 10.0; WOW64) AppleWebKit/537.36 (KHTML, like Gecko) Chrome/63.0.3239.132 Safari/537.36]
[2018-10-20T19:03:09.789] [INFO] default - [undefined GET /static/images/c39c4650-d02b-11e8-b472-73f501acc6c420UVPU.png 200 2ms][http://www.manykit.com/ HTTP/1.0 Mozilla/5.0 (Windows NT 10.0; WOW64) AppleWebKit/537.36 (KHTML, like Gecko) Chrome/63.0.3239.132 Safari/537.36]
[2018-10-20T19:03:09.791] [INFO] default - [undefined GET /static/images/5e784bd0-ceb3-11e8-b0dd-b59eb6c2d87fVJGdhz.png 200 4ms][http://www.manykit.com/ HTTP/1.0 Mozilla/5.0 (Windows NT 10.0; WOW64) AppleWebKit/537.36 (KHTML, like Gecko) Chrome/63.0.3239.132 Safari/537.36]
[2018-10-20T19:03:09.793] [INFO] default - [undefined GET /static/images/4405ba30-d02a-11e8-b472-73f501acc6c4QdUhWK.png 200 3ms][http://www.manykit.com/ HTTP/1.0 Mozilla/5.0 (Windows NT 10.0; WOW64) AppleWebKit/537.36 (KHTML, like Gecko) Chrome/63.0.3239.132 Safari/537.36]
[2018-10-20T19:03:09.795] [INFO] default - [undefined GET /static/images/f963b600-d02c-11e8-8f91-455df81aec64XDgqFR.png 200 3ms][http://www.manykit.com/ HTTP/1.0 Mozilla/5.0 (Windows NT 10.0; WOW64) AppleWebKit/537.36 (KHTML, like Gecko) Chrome/63.0.3239.132 Safari/537.36]
[2018-10-20T19:03:09.797] [INFO] default - [undefined GET /static/images/91bb86b0-d02a-11e8-b472-73f501acc6c4fjyFvO.png 200 3ms][http://www.manykit.com/ HTTP/1.0 Mozilla/5.0 (Windows NT 10.0; WOW64) AppleWebKit/537.36 (KHTML, like Gecko) Chrome/63.0.3239.132 Safari/537.36]
[2018-10-20T19:03:10.089] [INFO] default - [::1 POST /res/filelist 200 296ms][http://www.manykit.com/ HTTP/1.0 Mozilla/5.0 (Windows NT 10.0; WOW64) AppleWebKit/537.36 (KHTML, like Gecko) Chrome/63.0.3239.132 Safari/537.36]
[2018-10-20T19:03:10.818] [INFO] default - [::ffff:127.0.0.1 GET /res/verify 200 1ms][http://www.manykit.com/ HTTP/1.0 Mozilla/5.0 (Windows NT 10.0; WOW64) AppleWebKit/537.36 (KHTML, like Gecko) Chrome/63.0.3239.132 Safari/537.36]
[2018-10-20T23:46:38.832] [INFO] default - [::1 POST /api/material/modulelist 200 5ms][http://www.manykit.com/ HTTP/1.0 Mozilla/5.0 (Windows NT 10.0; Win64; x64) AppleWebKit/537.36 (KHTML, like Gecko) Chrome/62.0.3202.62 Safari/537.36]
[2018-10-20T23:46:38.865] [INFO] default - [undefined GET /static/images/5e784bd0-ceb3-11e8-b0dd-b59eb6c2d87fVJGdhz.png 200 6ms][http://www.manykit.com/ HTTP/1.0 Mozilla/5.0 (Windows NT 10.0; Win64; x64) AppleWebKit/537.36 (KHTML, like Gecko) Chrome/62.0.3202.62 Safari/537.36]
[2018-10-20T23:46:38.866] [INFO] default - [undefined GET /static/images/91bb86b0-d02a-11e8-b472-73f501acc6c4fjyFvO.png 200 6ms][http://www.manykit.com/ HTTP/1.0 Mozilla/5.0 (Windows NT 10.0; Win64; x64) AppleWebKit/537.36 (KHTML, like Gecko) Chrome/62.0.3202.62 Safari/537.36]
[2018-10-20T23:46:38.867] [INFO] default - [undefined GET /static/images/4405ba30-d02a-11e8-b472-73f501acc6c4QdUhWK.png 200 10ms][http://www.manykit.com/ HTTP/1.0 Mozilla/5.0 (Windows NT 10.0; Win64; x64) AppleWebKit/537.36 (KHTML, like Gecko) Chrome/62.0.3202.62 Safari/537.36]
[2018-10-20T23:46:38.868] [INFO] default - [undefined GET /static/images/f963b600-d02c-11e8-8f91-455df81aec64XDgqFR.png 200 7ms][http://www.manykit.com/ HTTP/1.0 Mozilla/5.0 (Windows NT 10.0; Win64; x64) AppleWebKit/537.36 (KHTML, like Gecko) Chrome/62.0.3202.62 Safari/537.36]
[2018-10-20T23:46:38.869] [INFO] default - [undefined GET /static/images/c39c4650-d02b-11e8-b472-73f501acc6c420UVPU.png 200 8ms][http://www.manykit.com/ HTTP/1.0 Mozilla/5.0 (Windows NT 10.0; Win64; x64) AppleWebKit/537.36 (KHTML, like Gecko) Chrome/62.0.3202.62 Safari/537.36]
[2018-10-20T23:46:39.181] [INFO] default - [::1 POST /res/filelist 200 318ms][http://www.manykit.com/ HTTP/1.0 Mozilla/5.0 (Windows NT 10.0; Win64; x64) AppleWebKit/537.36 (KHTML, like Gecko) Chrome/62.0.3202.62 Safari/537.36]
[2018-10-20T23:46:39.634] [INFO] default - [::ffff:127.0.0.1 GET /res/verify 200 2ms][http://www.manykit.com/ HTTP/1.0 Mozilla/5.0 (Windows NT 10.0; Win64; x64) AppleWebKit/537.36 (KHTML, like Gecko) Chrome/62.0.3202.62 Safari/537.36]
[2018-10-20T23:48:09.507] [INFO] default - [::1 POST /api/material/modulelist 200 5ms][http://www.manykit.com/ HTTP/1.0 Mozilla/5.0 (Windows NT 10.0; Win64; x64) AppleWebKit/537.36 (KHTML, like Gecko) Chrome/62.0.3202.62 Safari/537.36]
[2018-10-20T23:48:09.544] [INFO] default - [undefined GET /static/images/c39c4650-d02b-11e8-b472-73f501acc6c420UVPU.png 304 2ms][http://www.manykit.com/ HTTP/1.0 Mozilla/5.0 (Windows NT 10.0; Win64; x64) AppleWebKit/537.36 (KHTML, like Gecko) Chrome/62.0.3202.62 Safari/537.36]
[2018-10-20T23:48:09.575] [INFO] default - [undefined GET /static/images/5e784bd0-ceb3-11e8-b0dd-b59eb6c2d87fVJGdhz.png 304 5ms][http://www.manykit.com/ HTTP/1.0 Mozilla/5.0 (Windows NT 10.0; Win64; x64) AppleWebKit/537.36 (KHTML, like Gecko) Chrome/62.0.3202.62 Safari/537.36]
[2018-10-20T23:48:09.576] [INFO] default - [undefined GET /static/images/91bb86b0-d02a-11e8-b472-73f501acc6c4fjyFvO.png 304 5ms][http://www.manykit.com/ HTTP/1.0 Mozilla/5.0 (Windows NT 10.0; Win64; x64) AppleWebKit/537.36 (KHTML, like Gecko) Chrome/62.0.3202.62 Safari/537.36]
[2018-10-20T23:48:09.577] [INFO] default - [undefined GET /static/images/4405ba30-d02a-11e8-b472-73f501acc6c4QdUhWK.png 304 4ms][http://www.manykit.com/ HTTP/1.0 Mozilla/5.0 (Windows NT 10.0; Win64; x64) AppleWebKit/537.36 (KHTML, like Gecko) Chrome/62.0.3202.62 Safari/537.36]
[2018-10-20T23:48:09.879] [INFO] default - [::1 POST /res/filelist 200 310ms][http://www.manykit.com/ HTTP/1.0 Mozilla/5.0 (Windows NT 10.0; Win64; x64) AppleWebKit/537.36 (KHTML, like Gecko) Chrome/62.0.3202.62 Safari/537.36]
[2018-10-20T23:48:09.883] [INFO] default - [undefined GET /static/images/f963b600-d02c-11e8-8f91-455df81aec64XDgqFR.png 304 1ms][http://www.manykit.com/ HTTP/1.0 Mozilla/5.0 (Windows NT 10.0; Win64; x64) AppleWebKit/537.36 (KHTML, like Gecko) Chrome/62.0.3202.62 Safari/537.36]
[2018-10-20T23:48:10.457] [INFO] default - [undefined GET /res/verify 304 1ms][http://www.manykit.com/ HTTP/1.0 Mozilla/5.0 (Windows NT 10.0; Win64; x64) AppleWebKit/537.36 (KHTML, like Gecko) Chrome/62.0.3202.62 Safari/537.36]
