[2018-10-06T02:17:22.565] [INFO] default - [undefined GET /toycar/ 200 2ms][ HTTP/1.0 Mozilla/5.0 (compatible; Baiduspider/2.0; +http://www.baidu.com/search/spider.html)]
[2018-10-06T03:32:23.125] [INFO] default - [undefined GET /codeplay/ 200 2ms][ HTTP/1.0 Mozilla/5.0 (compatible; Googlebot/2.1; +http://www.google.com/bot.html)]
[2018-10-06T03:32:26.065] [INFO] default - [::ffff:127.0.0.1 GET /res/verify 200 1ms][http://www.manykit.com/codeplay/ HTTP/1.0 Mozilla/5.0 AppleWebKit/537.36 (KHTML, like Gecko; compatible; Googlebot/2.1; +http://www.google.com/bot.html) Safari/537.36]
[2018-10-06T03:32:26.658] [INFO] default - [::1 POST /res/filelist 200 100ms][http://www.manykit.com/codeplay/ HTTP/1.0 Mozilla/5.0 AppleWebKit/537.36 (KHTML, like Gecko; compatible; Googlebot/2.1; +http://www.google.com/bot.html) Safari/537.36]
[2018-10-06T07:31:49.517] [INFO] default - [undefined GET /codeplay/ 200 2ms][ HTTP/1.0 Mozilla/5.0 (Linux; Android 6.0.1; Nexus 5X Build/MMB29P) AppleWebKit/537.36 (KHTML, like Gecko) Chrome/41.0.2272.96 Mobile Safari/537.36 (compatible; Googlebot/2.1; +http://www.google.com/bot.html)]
[2018-10-06T09:42:35.179] [INFO] default - [::1 POST /res/filelist 200 122ms][http://www.manykit.com/ HTTP/1.0 Mozilla/5.0 (compatible; Baiduspider-render/2.0; +http://www.baidu.com/search/spider.html)]
[2018-10-06T09:42:35.793] [INFO] default - [::ffff:127.0.0.1 GET /res/verify 200 2ms][http://www.manykit.com/ HTTP/1.0 Mozilla/5.0 (compatible; Baiduspider-render/2.0; +http://www.baidu.com/search/spider.html)]
[2018-10-06T10:07:42.709] [INFO] default - [::1 POST /res/filelist 200 111ms][http://www.manykit.com/ HTTP/1.0 Mozilla/5.0 (Windows NT 6.1; WOW64) AppleWebKit/537.36 (KHTML, like Gecko) Chrome/63.0.3239.132 Safari/537.36]
[2018-10-06T10:07:43.588] [INFO] default - [::ffff:127.0.0.1 GET /res/verify 200 2ms][http://www.manykit.com/ HTTP/1.0 Mozilla/5.0 (Windows NT 6.1; WOW64) AppleWebKit/537.36 (KHTML, like Gecko) Chrome/63.0.3239.132 Safari/537.36]
[2018-10-06T10:10:12.691] [INFO] default - [undefined GET /codeplay/ 200 3ms][http://www.manykit.com/ HTTP/1.0 Mozilla/5.0 (Windows NT 6.1; WOW64) AppleWebKit/537.36 (KHTML, like Gecko) Chrome/63.0.3239.132 Safari/537.36]
[2018-10-06T10:10:12.758] [INFO] default - [::ffff:127.0.0.1 GET /codeplay/static/css/app.a649fef42bafdf2bbb15d08a50a0367c.css 200 8ms][http://www.manykit.com/codeplay/ HTTP/1.0 Mozilla/5.0 (Windows NT 6.1; WOW64) AppleWebKit/537.36 (KHTML, like Gecko) Chrome/63.0.3239.132 Safari/537.36]
[2018-10-06T10:10:12.782] [INFO] default - [undefined GET /codeplay/static/js/manifest.485179a94edb86b51237.js 200 3ms][http://www.manykit.com/codeplay/ HTTP/1.0 Mozilla/5.0 (Windows NT 6.1; WOW64) AppleWebKit/537.36 (KHTML, like Gecko) Chrome/63.0.3239.132 Safari/537.36]
[2018-10-06T10:10:12.783] [INFO] default - [undefined GET /codeplay/static/js/app.6d7240c714cd7a2a3909.js 200 2ms][http://www.manykit.com/codeplay/ HTTP/1.0 Mozilla/5.0 (Windows NT 6.1; WOW64) AppleWebKit/537.36 (KHTML, like Gecko) Chrome/63.0.3239.132 Safari/537.36]
[2018-10-06T10:10:12.790] [INFO] default - [undefined GET /codeplay/static/js/vendor.7c06c1328ce4f4de2f68.js 200 10ms][http://www.manykit.com/codeplay/ HTTP/1.0 Mozilla/5.0 (Windows NT 6.1; WOW64) AppleWebKit/537.36 (KHTML, like Gecko) Chrome/63.0.3239.132 Safari/537.36]
[2018-10-06T10:10:14.031] [INFO] default - [undefined GET /codeplay/static/js/13.209ff00fa2d8634b64f8.js 200 2ms][http://www.manykit.com/codeplay/ HTTP/1.0 Mozilla/5.0 (Windows NT 6.1; WOW64) AppleWebKit/537.36 (KHTML, like Gecko) Chrome/63.0.3239.132 Safari/537.36]
[2018-10-06T10:10:14.037] [INFO] default - [::ffff:127.0.0.1 GET /codeplay/static/js/2.c10bade8969583102b11.js 200 8ms][http://www.manykit.com/codeplay/ HTTP/1.0 Mozilla/5.0 (Windows NT 6.1; WOW64) AppleWebKit/537.36 (KHTML, like Gecko) Chrome/63.0.3239.132 Safari/537.36]
[2018-10-06T10:10:14.040] [INFO] default - [undefined GET /codeplay/static/js/0.bf19ce26d35794eea297.js 200 12ms][http://www.manykit.com/codeplay/ HTTP/1.0 Mozilla/5.0 (Windows NT 6.1; WOW64) AppleWebKit/537.36 (KHTML, like Gecko) Chrome/63.0.3239.132 Safari/537.36]
[2018-10-06T10:10:15.167] [INFO] default - [undefined GET /codeplay/static/img/logo_02.36b87bc.png 200 1ms][http://www.manykit.com/codeplay/ HTTP/1.0 Mozilla/5.0 (Windows NT 6.1; WOW64) AppleWebKit/537.36 (KHTML, like Gecko) Chrome/63.0.3239.132 Safari/537.36]
[2018-10-06T10:10:15.245] [INFO] default - [undefined GET /res/verify 304 0ms][http://www.manykit.com/codeplay/ HTTP/1.0 Mozilla/5.0 (Windows NT 6.1; WOW64) AppleWebKit/537.36 (KHTML, like Gecko) Chrome/63.0.3239.132 Safari/537.36]
[2018-10-06T10:10:15.256] [INFO] default - [undefined GET /codeplay/static/img/qr_code01.1707b53.jpg 200 2ms][http://www.manykit.com/codeplay/ HTTP/1.0 Mozilla/5.0 (Windows NT 6.1; WOW64) AppleWebKit/537.36 (KHTML, like Gecko) Chrome/63.0.3239.132 Safari/537.36]
[2018-10-06T10:10:15.277] [INFO] default - [undefined GET /codeplay/static/img/qr_code02.f1cd7b4.jpg 200 2ms][http://www.manykit.com/codeplay/ HTTP/1.0 Mozilla/5.0 (Windows NT 6.1; WOW64) AppleWebKit/537.36 (KHTML, like Gecko) Chrome/63.0.3239.132 Safari/537.36]
[2018-10-06T10:10:15.679] [INFO] default - [undefined GET /codeplay/static/bianchengwan.ico 200 2ms][http://www.manykit.com/codeplay/ HTTP/1.0 Mozilla/5.0 (Windows NT 6.1; WOW64) AppleWebKit/537.36 (KHTML, like Gecko) Chrome/63.0.3239.132 Safari/537.36]
[2018-10-06T10:10:30.217] [INFO] default - [undefined GET /codeplay/ 304 1ms][http://www.manykit.com/ HTTP/1.0 Mozilla/5.0 (Windows NT 6.1; WOW64) AppleWebKit/537.36 (KHTML, like Gecko) Chrome/63.0.3239.132 Safari/537.36]
[2018-10-06T10:10:30.266] [INFO] default - [undefined GET /codeplay/static/css/app.a649fef42bafdf2bbb15d08a50a0367c.css 304 2ms][http://www.manykit.com/codeplay/ HTTP/1.0 Mozilla/5.0 (Windows NT 6.1; WOW64) AppleWebKit/537.36 (KHTML, like Gecko) Chrome/63.0.3239.132 Safari/537.36]
[2018-10-06T10:10:30.267] [INFO] default - [undefined GET /codeplay/static/js/manifest.485179a94edb86b51237.js 304 2ms][http://www.manykit.com/codeplay/ HTTP/1.0 Mozilla/5.0 (Windows NT 6.1; WOW64) AppleWebKit/537.36 (KHTML, like Gecko) Chrome/63.0.3239.132 Safari/537.36]
[2018-10-06T10:10:30.268] [INFO] default - [undefined GET /codeplay/static/js/vendor.7c06c1328ce4f4de2f68.js 304 2ms][http://www.manykit.com/codeplay/ HTTP/1.0 Mozilla/5.0 (Windows NT 6.1; WOW64) AppleWebKit/537.36 (KHTML, like Gecko) Chrome/63.0.3239.132 Safari/537.36]
[2018-10-06T10:10:30.269] [INFO] default - [undefined GET /codeplay/static/js/app.6d7240c714cd7a2a3909.js 304 2ms][http://www.manykit.com/codeplay/ HTTP/1.0 Mozilla/5.0 (Windows NT 6.1; WOW64) AppleWebKit/537.36 (KHTML, like Gecko) Chrome/63.0.3239.132 Safari/537.36]
[2018-10-06T10:10:30.550] [INFO] default - [undefined GET /codeplay/static/js/0.bf19ce26d35794eea297.js 304 4ms][http://www.manykit.com/codeplay/ HTTP/1.0 Mozilla/5.0 (Windows NT 6.1; WOW64) AppleWebKit/537.36 (KHTML, like Gecko) Chrome/63.0.3239.132 Safari/537.36]
[2018-10-06T10:10:30.551] [INFO] default - [undefined GET /codeplay/static/js/6.de0d7934fdbff8f204d4.js 200 5ms][http://www.manykit.com/codeplay/ HTTP/1.0 Mozilla/5.0 (Windows NT 6.1; WOW64) AppleWebKit/537.36 (KHTML, like Gecko) Chrome/63.0.3239.132 Safari/537.36]
[2018-10-06T10:10:30.552] [INFO] default - [undefined GET /codeplay/static/js/7.003607541dd61576f5e0.js 200 6ms][http://www.manykit.com/codeplay/ HTTP/1.0 Mozilla/5.0 (Windows NT 6.1; WOW64) AppleWebKit/537.36 (KHTML, like Gecko) Chrome/63.0.3239.132 Safari/537.36]
[2018-10-06T10:10:30.737] [INFO] default - [undefined GET /codeplay/static/img/qr_code02.f1cd7b4.jpg 304 5ms][http://www.manykit.com/codeplay/ HTTP/1.0 Mozilla/5.0 (Windows NT 6.1; WOW64) AppleWebKit/537.36 (KHTML, like Gecko) Chrome/63.0.3239.132 Safari/537.36]
[2018-10-06T10:10:30.737] [INFO] default - [undefined GET /codeplay/static/img/qr_code01.1707b53.jpg 304 2ms][http://www.manykit.com/codeplay/ HTTP/1.0 Mozilla/5.0 (Windows NT 6.1; WOW64) AppleWebKit/537.36 (KHTML, like Gecko) Chrome/63.0.3239.132 Safari/537.36]
[2018-10-06T10:10:30.739] [INFO] default - [undefined GET /codeplay/static/snap/playsnap.html 200 4ms][http://www.manykit.com/codeplay/ HTTP/1.0 Mozilla/5.0 (Windows NT 6.1; WOW64) AppleWebKit/537.36 (KHTML, like Gecko) Chrome/63.0.3239.132 Safari/537.36]
[2018-10-06T10:10:30.746] [INFO] default - [undefined GET /res/verify 304 2ms][http://www.manykit.com/codeplay/ HTTP/1.0 Mozilla/5.0 (Windows NT 6.1; WOW64) AppleWebKit/537.36 (KHTML, like Gecko) Chrome/63.0.3239.132 Safari/537.36]
[2018-10-06T10:10:30.886] [INFO] default - [::ffff:127.0.0.1 POST /res/filelist 200 152ms][http://www.manykit.com/codeplay/ HTTP/1.0 Mozilla/5.0 (Windows NT 6.1; WOW64) AppleWebKit/537.36 (KHTML, like Gecko) Chrome/63.0.3239.132 Safari/537.36]
[2018-10-06T10:10:30.973] [INFO] default - [::ffff:127.0.0.1 POST /res/filelist 200 50ms][http://www.manykit.com/codeplay/ HTTP/1.0 Mozilla/5.0 (Windows NT 6.1; WOW64) AppleWebKit/537.36 (KHTML, like Gecko) Chrome/63.0.3239.132 Safari/537.36]
[2018-10-06T10:10:30.975] [INFO] default - [::1 GET /res/verify 304 51ms][http://www.manykit.com/codeplay/ HTTP/1.0 Mozilla/5.0 (Windows NT 6.1; WOW64) AppleWebKit/537.36 (KHTML, like Gecko) Chrome/63.0.3239.132 Safari/537.36]
[2018-10-06T10:10:30.989] [INFO] default - [::1 POST /res/filelist 200 66ms][http://www.manykit.com/codeplay/ HTTP/1.0 Mozilla/5.0 (Windows NT 6.1; WOW64) AppleWebKit/537.36 (KHTML, like Gecko) Chrome/63.0.3239.132 Safari/537.36]
[2018-10-06T10:10:31.031] [INFO] default - [::ffff:127.0.0.1 POST /res/getfile 200 295ms][http://www.manykit.com/codeplay/ HTTP/1.0 Mozilla/5.0 (Windows NT 6.1; WOW64) AppleWebKit/537.36 (KHTML, like Gecko) Chrome/63.0.3239.132 Safari/537.36]
[2018-10-06T10:10:31.045] [INFO] default - [::ffff:127.0.0.1 POST /res/getfile 200 122ms][http://www.manykit.com/codeplay/ HTTP/1.0 Mozilla/5.0 (Windows NT 6.1; WOW64) AppleWebKit/537.36 (KHTML, like Gecko) Chrome/63.0.3239.132 Safari/537.36]
[2018-10-06T10:10:31.103] [INFO] default - [undefined GET /codeplay/static/snap/manykit/jquery-3.2.1.min.js 200 2ms][http://www.manykit.com/codeplay/static/snap/playsnap.html HTTP/1.0 Mozilla/5.0 (Windows NT 6.1; WOW64) AppleWebKit/537.36 (KHTML, like Gecko) Chrome/63.0.3239.132 Safari/537.36]
[2018-10-06T10:10:31.116] [INFO] default - [undefined GET /codeplay/static/snap/morphic.js 200 25ms][http://www.manykit.com/codeplay/static/snap/playsnap.html HTTP/1.0 Mozilla/5.0 (Windows NT 6.1; WOW64) AppleWebKit/537.36 (KHTML, like Gecko) Chrome/63.0.3239.132 Safari/537.36]
[2018-10-06T10:10:31.149] [INFO] default - [undefined GET /codeplay/static/snap/widgets.js 200 2ms][http://www.manykit.com/codeplay/static/snap/playsnap.html HTTP/1.0 Mozilla/5.0 (Windows NT 6.1; WOW64) AppleWebKit/537.36 (KHTML, like Gecko) Chrome/63.0.3239.132 Safari/537.36]
[2018-10-06T10:10:31.558] [INFO] default - [undefined GET /codeplay/static/snap/blocks.js 200 8ms][http://www.manykit.com/codeplay/static/snap/playsnap.html HTTP/1.0 Mozilla/5.0 (Windows NT 6.1; WOW64) AppleWebKit/537.36 (KHTML, like Gecko) Chrome/63.0.3239.132 Safari/537.36]
[2018-10-06T10:10:31.637] [INFO] default - [undefined GET /codeplay/static/snap/manykit/blocks.js 200 1ms][http://www.manykit.com/codeplay/static/snap/playsnap.html HTTP/1.0 Mozilla/5.0 (Windows NT 6.1; WOW64) AppleWebKit/537.36 (KHTML, like Gecko) Chrome/63.0.3239.132 Safari/537.36]
[2018-10-06T10:10:31.729] [INFO] default - [undefined GET /codeplay/static/snap/manykit/arduino.js 200 1ms][http://www.manykit.com/codeplay/static/snap/playsnap.html HTTP/1.0 Mozilla/5.0 (Windows NT 6.1; WOW64) AppleWebKit/537.36 (KHTML, like Gecko) Chrome/63.0.3239.132 Safari/537.36]
[2018-10-06T10:10:31.923] [INFO] default - [::ffff:127.0.0.1 GET /codeplay/static/snap/threads.js 200 3ms][http://www.manykit.com/codeplay/static/snap/playsnap.html HTTP/1.0 Mozilla/5.0 (Windows NT 6.1; WOW64) AppleWebKit/537.36 (KHTML, like Gecko) Chrome/63.0.3239.132 Safari/537.36]
[2018-10-06T10:10:31.947] [INFO] default - [undefined GET /codeplay/static/snap/manykit/threads.js 200 2ms][http://www.manykit.com/codeplay/static/snap/playsnap.html HTTP/1.0 Mozilla/5.0 (Windows NT 6.1; WOW64) AppleWebKit/537.36 (KHTML, like Gecko) Chrome/63.0.3239.132 Safari/537.36]
[2018-10-06T10:10:32.281] [INFO] default - [::ffff:127.0.0.1 GET /codeplay/static/snap/objects.js 200 3ms][http://www.manykit.com/codeplay/static/snap/playsnap.html HTTP/1.0 Mozilla/5.0 (Windows NT 6.1; WOW64) AppleWebKit/537.36 (KHTML, like Gecko) Chrome/63.0.3239.132 Safari/537.36]
[2018-10-06T10:10:32.283] [INFO] default - [undefined GET /codeplay/static/snap/manykit/objects.js 200 1ms][http://www.manykit.com/codeplay/static/snap/playsnap.html HTTP/1.0 Mozilla/5.0 (Windows NT 6.1; WOW64) AppleWebKit/537.36 (KHTML, like Gecko) Chrome/63.0.3239.132 Safari/537.36]
[2018-10-06T10:10:33.356] [INFO] default - [undefined GET /codeplay/static/snap/gui.js 200 15ms][http://www.manykit.com/codeplay/static/snap/playsnap.html HTTP/1.0 Mozilla/5.0 (Windows NT 6.1; WOW64) AppleWebKit/537.36 (KHTML, like Gecko) Chrome/63.0.3239.132 Safari/537.36]
[2018-10-06T10:10:33.357] [INFO] default - [undefined GET /codeplay/static/snap/manykit/playergui.js 200 4ms][http://www.manykit.com/codeplay/static/snap/playsnap.html HTTP/1.0 Mozilla/5.0 (Windows NT 6.1; WOW64) AppleWebKit/537.36 (KHTML, like Gecko) Chrome/63.0.3239.132 Safari/537.36]
[2018-10-06T10:10:33.423] [INFO] default - [undefined GET /codeplay/static/snap/paint.js 200 2ms][http://www.manykit.com/codeplay/static/snap/playsnap.html HTTP/1.0 Mozilla/5.0 (Windows NT 6.1; WOW64) AppleWebKit/537.36 (KHTML, like Gecko) Chrome/63.0.3239.132 Safari/537.36]
[2018-10-06T10:10:33.471] [INFO] default - [undefined GET /codeplay/static/snap/lists.js 200 1ms][http://www.manykit.com/codeplay/static/snap/playsnap.html HTTP/1.0 Mozilla/5.0 (Windows NT 6.1; WOW64) AppleWebKit/537.36 (KHTML, like Gecko) Chrome/63.0.3239.132 Safari/537.36]
[2018-10-06T10:10:33.511] [INFO] default - [undefined GET /codeplay/static/snap/byob.js 200 2ms][http://www.manykit.com/codeplay/static/snap/playsnap.html HTTP/1.0 Mozilla/5.0 (Windows NT 6.1; WOW64) AppleWebKit/537.36 (KHTML, like Gecko) Chrome/63.0.3239.132 Safari/537.36]
[2018-10-06T10:10:33.749] [INFO] default - [undefined GET /codeplay/static/snap/tables.js 200 2ms][http://www.manykit.com/codeplay/static/snap/playsnap.html HTTP/1.0 Mozilla/5.0 (Windows NT 6.1; WOW64) AppleWebKit/537.36 (KHTML, like Gecko) Chrome/63.0.3239.132 Safari/537.36]
[2018-10-06T10:10:33.888] [INFO] default - [undefined GET /codeplay/static/snap/symbols.js 200 2ms][http://www.manykit.com/codeplay/static/snap/playsnap.html HTTP/1.0 Mozilla/5.0 (Windows NT 6.1; WOW64) AppleWebKit/537.36 (KHTML, like Gecko) Chrome/63.0.3239.132 Safari/537.36]
[2018-10-06T10:10:33.967] [INFO] default - [undefined GET /codeplay/static/snap/xml.js 200 2ms][http://www.manykit.com/codeplay/static/snap/playsnap.html HTTP/1.0 Mozilla/5.0 (Windows NT 6.1; WOW64) AppleWebKit/537.36 (KHTML, like Gecko) Chrome/63.0.3239.132 Safari/537.36]
[2018-10-06T10:10:33.974] [INFO] default - [undefined GET /codeplay/static/snap/store.js 200 2ms][http://www.manykit.com/codeplay/static/snap/playsnap.html HTTP/1.0 Mozilla/5.0 (Windows NT 6.1; WOW64) AppleWebKit/537.36 (KHTML, like Gecko) Chrome/63.0.3239.132 Safari/537.36]
[2018-10-06T10:10:34.047] [INFO] default - [undefined GET /codeplay/static/snap/locale.js 200 3ms][http://www.manykit.com/codeplay/static/snap/playsnap.html HTTP/1.0 Mozilla/5.0 (Windows NT 6.1; WOW64) AppleWebKit/537.36 (KHTML, like Gecko) Chrome/63.0.3239.132 Safari/537.36]
[2018-10-06T10:10:34.101] [INFO] default - [undefined GET /codeplay/static/snap/manykit/locale.js 200 1ms][http://www.manykit.com/codeplay/static/snap/playsnap.html HTTP/1.0 Mozilla/5.0 (Windows NT 6.1; WOW64) AppleWebKit/537.36 (KHTML, like Gecko) Chrome/63.0.3239.132 Safari/537.36]
[2018-10-06T10:10:34.195] [INFO] default - [undefined GET /codeplay/static/snap/cloud.js 200 2ms][http://www.manykit.com/codeplay/static/snap/playsnap.html HTTP/1.0 Mozilla/5.0 (Windows NT 6.1; WOW64) AppleWebKit/537.36 (KHTML, like Gecko) Chrome/63.0.3239.132 Safari/537.36]
[2018-10-06T10:10:34.198] [INFO] default - [undefined GET /codeplay/static/snap/manykit/cloud.js 200 2ms][http://www.manykit.com/codeplay/static/snap/playsnap.html HTTP/1.0 Mozilla/5.0 (Windows NT 6.1; WOW64) AppleWebKit/537.36 (KHTML, like Gecko) Chrome/63.0.3239.132 Safari/537.36]
[2018-10-06T10:10:34.239] [INFO] default - [undefined GET /codeplay/static/snap/sha512.js 200 2ms][http://www.manykit.com/codeplay/static/snap/playsnap.html HTTP/1.0 Mozilla/5.0 (Windows NT 6.1; WOW64) AppleWebKit/537.36 (KHTML, like Gecko) Chrome/63.0.3239.132 Safari/537.36]
[2018-10-06T10:10:34.256] [INFO] default - [undefined GET /codeplay/static/snap/FileSaver.min.js 200 1ms][http://www.manykit.com/codeplay/static/snap/playsnap.html HTTP/1.0 Mozilla/5.0 (Windows NT 6.1; WOW64) AppleWebKit/537.36 (KHTML, like Gecko) Chrome/63.0.3239.132 Safari/537.36]
[2018-10-06T10:10:34.296] [INFO] default - [undefined GET /codeplay/static/snap/manykit/base64.js 200 2ms][http://www.manykit.com/codeplay/static/snap/playsnap.html HTTP/1.0 Mozilla/5.0 (Windows NT 6.1; WOW64) AppleWebKit/537.36 (KHTML, like Gecko) Chrome/63.0.3239.132 Safari/537.36]
[2018-10-06T10:10:34.314] [INFO] default - [undefined GET /codeplay/static/localpic.png 200 2ms][http://www.manykit.com/codeplay/ HTTP/1.0 Mozilla/5.0 (Windows NT 6.1; WOW64) AppleWebKit/537.36 (KHTML, like Gecko) Chrome/63.0.3239.132 Safari/537.36]
[2018-10-06T10:10:34.339] [INFO] default - [undefined GET /codeplay/static/snap/player.png 200 1ms][http://www.manykit.com/codeplay/static/snap/playsnap.html HTTP/1.0 Mozilla/5.0 (Windows NT 6.1; WOW64) AppleWebKit/537.36 (KHTML, like Gecko) Chrome/63.0.3239.132 Safari/537.36]
[2018-10-06T10:10:34.614] [INFO] default - [undefined GET /res/verify 304 5ms][http://www.manykit.com/codeplay/static/snap/playsnap.html HTTP/1.0 Mozilla/5.0 (Windows NT 6.1; WOW64) AppleWebKit/537.36 (KHTML, like Gecko) Chrome/63.0.3239.132 Safari/537.36]
[2018-10-06T10:10:35.099] [INFO] default - [undefined GET /codeplay/static/snap/lang-zh_CN.js 200 2ms][http://www.manykit.com/codeplay/static/snap/playsnap.html HTTP/1.0 Mozilla/5.0 (Windows NT 6.1; WOW64) AppleWebKit/537.36 (KHTML, like Gecko) Chrome/63.0.3239.132 Safari/537.36]
[2018-10-06T10:10:35.117] [INFO] default - [undefined GET /codeplay/static/snap/manykit/manykit.png 200 4ms][http://www.manykit.com/codeplay/static/snap/playsnap.html HTTP/1.0 Mozilla/5.0 (Windows NT 6.1; WOW64) AppleWebKit/537.36 (KHTML, like Gecko) Chrome/63.0.3239.132 Safari/537.36]
[2018-10-06T10:10:35.160] [INFO] default - [undefined GET /codeplay/static/bianchengwan.ico 304 1ms][http://www.manykit.com/codeplay/ HTTP/1.0 Mozilla/5.0 (Windows NT 6.1; WOW64) AppleWebKit/537.36 (KHTML, like Gecko) Chrome/63.0.3239.132 Safari/537.36]
[2018-10-06T10:10:35.581] [INFO] default - [undefined GET /codeplay/static/snap/manykit/lang-zh_CN.js 200 1ms][http://www.manykit.com/codeplay/static/snap/playsnap.html HTTP/1.0 Mozilla/5.0 (Windows NT 6.1; WOW64) AppleWebKit/537.36 (KHTML, like Gecko) Chrome/63.0.3239.132 Safari/537.36]
[2018-10-06T10:10:35.876] [INFO] default - [::1 POST /res/getfile 200 17ms][http://www.manykit.com/codeplay/static/snap/playsnap.html HTTP/1.0 Mozilla/5.0 (Windows NT 6.1; WOW64) AppleWebKit/537.36 (KHTML, like Gecko) Chrome/63.0.3239.132 Safari/537.36]
[2018-10-06T10:11:36.350] [INFO] default - [undefined GET /codeplay/ 200 3ms][ HTTP/1.0 Mozilla/5.0 (Windows NT 6.1) AppleWebKit/537.36 (KHTML, like Gecko) Chrome/36.0.1985.125 Safari/537.36]
[2018-10-06T10:11:40.112] [INFO] default - [::1 GET /codeplay/static/css/app.a649fef42bafdf2bbb15d08a50a0367c.css 200 8ms][http://www.manykit.com/codeplay/ HTTP/1.0 Mozilla/5.0 (Windows NT 6.1; Win64; x64) AppleWebKit/537.36 (KHTML, like Gecko) Chrome/68.0.3427.1 Safari/537.36]
[2018-10-06T10:11:40.537] [INFO] default - [undefined GET /codeplay/static/js/manifest.485179a94edb86b51237.js 200 3ms][http://www.manykit.com/codeplay/ HTTP/1.0 Mozilla/5.0 (Windows NT 6.1; Win64; x64) AppleWebKit/537.36 (KHTML, like Gecko) Chrome/68.0.3427.1 Safari/537.36]
[2018-10-06T10:11:40.548] [INFO] default - [undefined GET /codeplay/static/js/app.6d7240c714cd7a2a3909.js 200 1ms][http://www.manykit.com/codeplay/ HTTP/1.0 Mozilla/5.0 (Windows NT 6.1; Win64; x64) AppleWebKit/537.36 (KHTML, like Gecko) Chrome/68.0.3427.1 Safari/537.36]
[2018-10-06T10:11:40.554] [INFO] default - [undefined GET /codeplay/static/js/vendor.7c06c1328ce4f4de2f68.js 200 9ms][http://www.manykit.com/codeplay/ HTTP/1.0 Mozilla/5.0 (Windows NT 6.1; Win64; x64) AppleWebKit/537.36 (KHTML, like Gecko) Chrome/68.0.3427.1 Safari/537.36]
[2018-10-06T10:11:44.327] [INFO] default - [undefined GET /codeplay/ 200 2ms][ HTTP/1.0 Mozilla/5.0 (Windows NT 6.1) AppleWebKit/537.36 (KHTML, like Gecko) Chrome/36.0.1985.125 Safari/537.36]
[2018-10-06T10:11:47.070] [INFO] default - [::ffff:127.0.0.1 GET /codeplay/static/css/app.a649fef42bafdf2bbb15d08a50a0367c.css 200 5ms][http://www.manykit.com/codeplay/ HTTP/1.0 Mozilla/5.0 (Windows NT 6.1; Win64; x64) AppleWebKit/537.36 (KHTML, like Gecko) Chrome/68.0.3427.1 Safari/537.36]
[2018-10-06T10:11:47.849] [INFO] default - [undefined GET /codeplay/static/js/manifest.485179a94edb86b51237.js 200 3ms][http://www.manykit.com/codeplay/ HTTP/1.0 Mozilla/5.0 (Windows NT 6.1; Win64; x64) AppleWebKit/537.36 (KHTML, like Gecko) Chrome/68.0.3427.1 Safari/537.36]
[2018-10-06T10:11:47.851] [INFO] default - [undefined GET /codeplay/static/js/app.6d7240c714cd7a2a3909.js 200 4ms][http://www.manykit.com/codeplay/ HTTP/1.0 Mozilla/5.0 (Windows NT 6.1; Win64; x64) AppleWebKit/537.36 (KHTML, like Gecko) Chrome/68.0.3427.1 Safari/537.36]
[2018-10-06T10:11:47.858] [INFO] default - [undefined GET /codeplay/static/js/vendor.7c06c1328ce4f4de2f68.js 200 11ms][http://www.manykit.com/codeplay/ HTTP/1.0 Mozilla/5.0 (Windows NT 6.1; Win64; x64) AppleWebKit/537.36 (KHTML, like Gecko) Chrome/68.0.3427.1 Safari/537.36]
[2018-10-06T10:11:52.458] [INFO] default - [undefined GET /codeplay/static/js/6.de0d7934fdbff8f204d4.js 200 2ms][http://www.manykit.com/codeplay/ HTTP/1.0 Mozilla/5.0 (Windows NT 6.1; Win64; x64) AppleWebKit/537.36 (KHTML, like Gecko) Chrome/68.0.3427.1 Safari/537.36]
[2018-10-06T10:11:52.469] [INFO] default - [undefined GET /codeplay/static/js/7.003607541dd61576f5e0.js 200 2ms][http://www.manykit.com/codeplay/ HTTP/1.0 Mozilla/5.0 (Windows NT 6.1; Win64; x64) AppleWebKit/537.36 (KHTML, like Gecko) Chrome/68.0.3427.1 Safari/537.36]
[2018-10-06T10:11:52.483] [INFO] default - [undefined GET /codeplay/static/js/0.bf19ce26d35794eea297.js 200 6ms][http://www.manykit.com/codeplay/ HTTP/1.0 Mozilla/5.0 (Windows NT 6.1; Win64; x64) AppleWebKit/537.36 (KHTML, like Gecko) Chrome/68.0.3427.1 Safari/537.36]
[2018-10-06T10:11:53.957] [INFO] default - [::1 POST /res/filelist 200 98ms][http://www.manykit.com/ HTTP/1.0 Mozilla/5.0 (X11; Linux x86_64) AppleWebKit/537.36 (KHTML, like Gecko) HeadlessChrome/64.0.3282.119 Safari/537.36]
[2018-10-06T10:11:55.522] [INFO] default - [::ffff:127.0.0.1 GET /res/verify 200 1ms][http://www.manykit.com/ HTTP/1.0 Mozilla/5.0 (X11; Linux x86_64) AppleWebKit/537.36 (KHTML, like Gecko) HeadlessChrome/64.0.3282.119 Safari/537.36]
[2018-10-06T10:13:24.259] [INFO] default - [::1 POST /res/filelist 200 112ms][http://www.manykit.com/ HTTP/1.0 Mozilla/5.0 (Windows NT 6.1; Win64; x64) AppleWebKit/537.36 (KHTML, like Gecko) Chrome/68.0.3427.1 Safari/537.36]
[2018-10-06T10:13:26.246] [INFO] default - [::ffff:127.0.0.1 GET /res/verify 200 1ms][http://www.manykit.com/ HTTP/1.0 Mozilla/5.0 (Windows NT 6.1; Win64; x64) AppleWebKit/537.36 (KHTML, like Gecko) Chrome/68.0.3427.1 Safari/537.36]
[2018-10-06T10:14:19.705] [INFO] default - [::1 POST /res/filelist 200 102ms][http://www.manykit.com/ HTTP/1.0 Mozilla/5.0 (Windows NT 6.1; WOW64) AppleWebKit/537.36 (KHTML, like Gecko) Chrome/50.0.2661.102 Safari/537.36]
[2018-10-06T10:15:48.569] [INFO] default - [undefined GET /toycar/ 200 3ms][ HTTP/1.0 Mozilla/5.0 (compatible; Baiduspider/2.0; +http://www.baidu.com/search/spider.html)]
[2018-10-06T10:43:40.294] [INFO] default - [undefined GET /toycar/ 200 2ms][http://www.manykit.com/ HTTP/1.0 Mozilla/5.0 (Windows NT 6.1; WOW64) AppleWebKit/537.36 (KHTML, like Gecko) Chrome/63.0.3239.132 Safari/537.36]
[2018-10-06T10:43:40.403] [INFO] default - [::1 GET /toycar/static/js/manifest.37a2ecbb1d1b7e6c9ada.js 200 25ms][http://www.manykit.com/toycar/ HTTP/1.0 Mozilla/5.0 (Windows NT 6.1; WOW64) AppleWebKit/537.36 (KHTML, like Gecko) Chrome/63.0.3239.132 Safari/537.36]
[2018-10-06T10:43:40.412] [INFO] default - [::ffff:127.0.0.1 GET /toycar/static/css/app.1f829da6158b0d7d68861d9b9e7db5bd.css 200 66ms][http://www.manykit.com/toycar/ HTTP/1.0 Mozilla/5.0 (Windows NT 6.1; WOW64) AppleWebKit/537.36 (KHTML, like Gecko) Chrome/63.0.3239.132 Safari/537.36]
[2018-10-06T10:43:40.425] [INFO] default - [::1 GET /toycar/static/js/app.4a2fad3699c07f57f7e3.js 200 45ms][http://www.manykit.com/toycar/ HTTP/1.0 Mozilla/5.0 (Windows NT 6.1; WOW64) AppleWebKit/537.36 (KHTML, like Gecko) Chrome/63.0.3239.132 Safari/537.36]
[2018-10-06T10:43:40.484] [INFO] default - [::ffff:127.0.0.1 GET /toycar/static/js/vendor.924cfa02963f0288d9d3.js 200 105ms][http://www.manykit.com/toycar/ HTTP/1.0 Mozilla/5.0 (Windows NT 6.1; WOW64) AppleWebKit/537.36 (KHTML, like Gecko) Chrome/63.0.3239.132 Safari/537.36]
[2018-10-06T10:43:41.421] [INFO] default - [::ffff:127.0.0.1 POST /toycar/projectlist 200 3ms][http://www.manykit.com/toycar/ HTTP/1.0 Mozilla/5.0 (Windows NT 6.1; WOW64) AppleWebKit/537.36 (KHTML, like Gecko) Chrome/63.0.3239.132 Safari/537.36]
[2018-10-06T10:43:41.500] [INFO] default - [undefined GET /codeplay/static/resource/class/1007%E5%A4%B1%E8%B4%A5.mp3 206 75ms][http://www.manykit.com/toycar/ HTTP/1.0 Mozilla/5.0 (Windows NT 6.1; WOW64) AppleWebKit/537.36 (KHTML, like Gecko) Chrome/63.0.3239.132 Safari/537.36]
[2018-10-06T10:43:41.522] [INFO] default - [undefined GET /toycar/static/img/car.cba21fc.png 200 57ms][http://www.manykit.com/toycar/ HTTP/1.0 Mozilla/5.0 (Windows NT 6.1; WOW64) AppleWebKit/537.36 (KHTML, like Gecko) Chrome/63.0.3239.132 Safari/537.36]
[2018-10-06T10:47:12.512] [INFO] default - [14.219.229.61 POST /res/filelist 200 130ms][http://www.manykit.com/ HTTP/1.0 Mozilla/5.0 (Linux; Android 6.0.1; OPPO R9st Build/MMB29M; wv) AppleWebKit/537.36 (KHTML, like Gecko) Version/4.0 Chrome/57.0.2987.132 MQQBrowser/6.2 TBS/044304 Mobile Safari/537.36 MicroMessenger/6.7.3.1360(0x26070333) NetType/WIFI Language/zh_CN Process/tools]
[2018-10-06T10:47:13.609] [INFO] default - [14.219.229.61 GET /res/verify 200 1ms][http://www.manykit.com/ HTTP/1.0 Mozilla/5.0 (Linux; Android 6.0.1; OPPO R9st Build/MMB29M; wv) AppleWebKit/537.36 (KHTML, like Gecko) Version/4.0 Chrome/57.0.2987.132 MQQBrowser/6.2 TBS/044304 Mobile Safari/537.36 MicroMessenger/6.7.3.1360(0x26070333) NetType/WIFI Language/zh_CN Process/tools]
[2018-10-06T11:09:43.264] [INFO] default - [undefined GET /toycar/ 200 2ms][ HTTP/1.0 Mozilla/5.0 (Windows NT 6.1) AppleWebKit/537.36 (KHTML, like Gecko) Chrome/36.0.1985.125 Safari/537.36]
[2018-10-06T11:09:45.467] [INFO] default - [undefined GET /toycar/static/css/app.1f829da6158b0d7d68861d9b9e7db5bd.css 200 3ms][http://www.manykit.com/toycar/ HTTP/1.0 Mozilla/5.0 (Windows NT 6.1; Win64; x64) AppleWebKit/537.36 (KHTML, like Gecko) Chrome/68.0.3427.1 Safari/537.36]
[2018-10-06T11:09:45.605] [INFO] default - [undefined GET /toycar/static/js/manifest.37a2ecbb1d1b7e6c9ada.js 200 1ms][http://www.manykit.com/toycar/ HTTP/1.0 Mozilla/5.0 (Windows NT 6.1; Win64; x64) AppleWebKit/537.36 (KHTML, like Gecko) Chrome/68.0.3427.1 Safari/537.36]
[2018-10-06T11:09:45.616] [INFO] default - [undefined GET /toycar/static/js/app.4a2fad3699c07f57f7e3.js 200 1ms][http://www.manykit.com/toycar/ HTTP/1.0 Mozilla/5.0 (Windows NT 6.1; Win64; x64) AppleWebKit/537.36 (KHTML, like Gecko) Chrome/68.0.3427.1 Safari/537.36]
[2018-10-06T11:09:45.620] [INFO] default - [undefined GET /toycar/static/js/vendor.924cfa02963f0288d9d3.js 200 6ms][http://www.manykit.com/toycar/ HTTP/1.0 Mozilla/5.0 (Windows NT 6.1; Win64; x64) AppleWebKit/537.36 (KHTML, like Gecko) Chrome/68.0.3427.1 Safari/537.36]
[2018-10-06T11:09:52.060] [INFO] default - [::ffff:127.0.0.1 POST /toycar/projectlist 200 4ms][http://www.manykit.com/toycar/ HTTP/1.0 Mozilla/5.0 (Windows NT 6.1; Win64; x64) AppleWebKit/537.36 (KHTML, like Gecko) Chrome/68.0.3427.1 Safari/537.36]
[2018-10-06T11:09:52.769] [INFO] default - [undefined GET /codeplay/static/resource/class/1007%E5%A4%B1%E8%B4%A5.mp3 206 2ms][http://www.manykit.com/toycar/ HTTP/1.0 Mozilla/5.0 (Windows NT 6.1; Win64; x64) AppleWebKit/537.36 (KHTML, like Gecko) Chrome/68.0.3427.1 Safari/537.36]
[2018-10-06T11:09:53.663] [INFO] default - [undefined GET /toycar/static/img/car.cba21fc.png 200 2ms][http://www.manykit.com/toycar/ HTTP/1.0 Mozilla/5.0 (Windows NT 6.1; Win64; x64) AppleWebKit/537.36 (KHTML, like Gecko) Chrome/68.0.3427.1 Safari/537.36]
[2018-10-06T11:35:49.559] [INFO] default - [::1 GET /codeplay 301 1ms][ HTTP/1.0 Mozilla/5.0 (iPhone; CPU iPhone OS 9_3_4 like Mac OS X) AppleWebKit/601.1.46 (KHTML, like Gecko) Mobile/13G35 QQ/6.5.3.410 V1_IPH_SQ_6.5.3_1_APP_A Pixel/750 Core/UIWebView NetType/2G Mem/117]
[2018-10-06T11:35:49.574] [INFO] default - [undefined GET /codeplay/ 200 1ms][http://www.manykit.com/codeplay HTTP/1.0 Mozilla/5.0 (iPhone; CPU iPhone OS 9_3_4 like Mac OS X) AppleWebKit/601.1.46 (KHTML, like Gecko) Mobile/13G35 QQ/6.5.3.410 V1_IPH_SQ_6.5.3_1_APP_A Pixel/750 Core/UIWebView NetType/2G Mem/117]
[2018-10-06T12:44:24.163] [INFO] default - [::1 POST /res/filelist 200 120ms][http://www.manykit.com/ HTTP/1.0 Mozilla/5.0 (Windows NT 10.0; WOW64) AppleWebKit/537.36 (KHTML, like Gecko) Chrome/45.0.2454.93 Safari/537.36]
[2018-10-06T12:44:33.823] [INFO] default - [::ffff:127.0.0.1 GET /res/verify 200 2ms][http://www.manykit.com/ HTTP/1.0 Mozilla/5.0 (Windows NT 10.0; WOW64) AppleWebKit/537.36 (KHTML, like Gecko) Chrome/45.0.2454.93 Safari/537.36]
[2018-10-06T15:09:57.364] [INFO] default - [::1 GET /res/getfile 200 1ms][ HTTP/1.0 Mozilla/5.0 (iPhone; CPU iPhone OS 9_3_4 like Mac OS X) AppleWebKit/601.1.46 (KHTML, like Gecko) Mobile/13G35 QQ/6.5.3.410 V1_IPH_SQ_6.5.3_1_APP_A Pixel/750 Core/UIWebView NetType/2G Mem/117]
[2018-10-06T16:07:11.193] [INFO] default - [undefined GET /codeplay/ 304 1ms][http://www.manykit.com/codeplay/ HTTP/1.0 Mozilla/5.0 (Windows NT 6.1; WOW64) AppleWebKit/537.36 (KHTML, like Gecko) Chrome/63.0.3239.132 Safari/537.36]
[2018-10-06T16:07:11.573] [INFO] default - [undefined GET /codeplay/static/css/app.a649fef42bafdf2bbb15d08a50a0367c.css 304 2ms][http://www.manykit.com/codeplay/ HTTP/1.0 Mozilla/5.0 (Windows NT 6.1; WOW64) AppleWebKit/537.36 (KHTML, like Gecko) Chrome/63.0.3239.132 Safari/537.36]
[2018-10-06T16:07:11.576] [INFO] default - [undefined GET /codeplay/static/js/manifest.485179a94edb86b51237.js 304 0ms][http://www.manykit.com/codeplay/ HTTP/1.0 Mozilla/5.0 (Windows NT 6.1; WOW64) AppleWebKit/537.36 (KHTML, like Gecko) Chrome/63.0.3239.132 Safari/537.36]
[2018-10-06T16:07:11.901] [INFO] default - [undefined GET /codeplay/static/js/vendor.7c06c1328ce4f4de2f68.js 304 1ms][http://www.manykit.com/codeplay/ HTTP/1.0 Mozilla/5.0 (Windows NT 6.1; WOW64) AppleWebKit/537.36 (KHTML, like Gecko) Chrome/63.0.3239.132 Safari/537.36]
[2018-10-06T16:07:11.912] [INFO] default - [undefined GET /codeplay/static/js/app.6d7240c714cd7a2a3909.js 304 0ms][http://www.manykit.com/codeplay/ HTTP/1.0 Mozilla/5.0 (Windows NT 6.1; WOW64) AppleWebKit/537.36 (KHTML, like Gecko) Chrome/63.0.3239.132 Safari/537.36]
[2018-10-06T16:07:13.140] [INFO] default - [undefined GET /codeplay/static/js/0.bf19ce26d35794eea297.js 304 2ms][http://www.manykit.com/codeplay/ HTTP/1.0 Mozilla/5.0 (Windows NT 6.1; WOW64) AppleWebKit/537.36 (KHTML, like Gecko) Chrome/63.0.3239.132 Safari/537.36]
[2018-10-06T16:07:13.142] [INFO] default - [undefined GET /codeplay/static/js/8.09aea27fb209956c5440.js 200 6ms][http://www.manykit.com/codeplay/ HTTP/1.0 Mozilla/5.0 (Windows NT 6.1; WOW64) AppleWebKit/537.36 (KHTML, like Gecko) Chrome/63.0.3239.132 Safari/537.36]
[2018-10-06T16:07:13.143] [INFO] default - [undefined GET /codeplay/static/js/3.111129f77a2eb0217de1.js 200 5ms][http://www.manykit.com/codeplay/ HTTP/1.0 Mozilla/5.0 (Windows NT 6.1; WOW64) AppleWebKit/537.36 (KHTML, like Gecko) Chrome/63.0.3239.132 Safari/537.36]
[2018-10-06T16:07:15.830] [INFO] default - [undefined GET /codeplay/static/left-up.png 200 2ms][http://www.manykit.com/codeplay/ HTTP/1.0 Mozilla/5.0 (Windows NT 6.1; WOW64) AppleWebKit/537.36 (KHTML, like Gecko) Chrome/63.0.3239.132 Safari/537.36]
[2018-10-06T16:07:15.834] [INFO] default - [undefined GET /codeplay/static/right.png 200 3ms][http://www.manykit.com/codeplay/ HTTP/1.0 Mozilla/5.0 (Windows NT 6.1; WOW64) AppleWebKit/537.36 (KHTML, like Gecko) Chrome/63.0.3239.132 Safari/537.36]
[2018-10-06T16:07:15.835] [INFO] default - [undefined GET /codeplay/static/img/book1.a3bcb0f.png 200 4ms][http://www.manykit.com/codeplay/ HTTP/1.0 Mozilla/5.0 (Windows NT 6.1; WOW64) AppleWebKit/537.36 (KHTML, like Gecko) Chrome/63.0.3239.132 Safari/537.36]
[2018-10-06T16:07:15.839] [INFO] default - [undefined GET /codeplay/static/1.png 200 12ms][http://www.manykit.com/codeplay/ HTTP/1.0 Mozilla/5.0 (Windows NT 6.1; WOW64) AppleWebKit/537.36 (KHTML, like Gecko) Chrome/63.0.3239.132 Safari/537.36]
[2018-10-06T16:07:16.197] [INFO] default - [undefined GET /res/verify 304 2ms][http://www.manykit.com/codeplay/ HTTP/1.0 Mozilla/5.0 (Windows NT 6.1; WOW64) AppleWebKit/537.36 (KHTML, like Gecko) Chrome/63.0.3239.132 Safari/537.36]
[2018-10-06T16:07:16.283] [INFO] default - [::1 POST /res/filelist 200 88ms][http://www.manykit.com/codeplay/ HTTP/1.0 Mozilla/5.0 (Windows NT 6.1; WOW64) AppleWebKit/537.36 (KHTML, like Gecko) Chrome/63.0.3239.132 Safari/537.36]
[2018-10-06T16:07:16.433] [INFO] default - [::ffff:127.0.0.1 POST /res/filelist 200 239ms][http://www.manykit.com/codeplay/ HTTP/1.0 Mozilla/5.0 (Windows NT 6.1; WOW64) AppleWebKit/537.36 (KHTML, like Gecko) Chrome/63.0.3239.132 Safari/537.36]
[2018-10-06T16:07:16.558] [INFO] default - [::1 GET /codeplay/static/img/book4.ed62f8a.png 200 4ms][http://www.manykit.com/codeplay/ HTTP/1.0 Mozilla/5.0 (Windows NT 6.1; WOW64) AppleWebKit/537.36 (KHTML, like Gecko) Chrome/63.0.3239.132 Safari/537.36]
[2018-10-06T16:07:16.567] [INFO] default - [undefined GET /codeplay/static/img/shopbook.88b0b0d.png 200 2ms][http://www.manykit.com/codeplay/ HTTP/1.0 Mozilla/5.0 (Windows NT 6.1; WOW64) AppleWebKit/537.36 (KHTML, like Gecko) Chrome/63.0.3239.132 Safari/537.36]
[2018-10-06T16:07:19.064] [INFO] default - [undefined GET /codeplay/static/img/book3.5c42697.png 200 2ms][http://www.manykit.com/codeplay/ HTTP/1.0 Mozilla/5.0 (Windows NT 6.1; WOW64) AppleWebKit/537.36 (KHTML, like Gecko) Chrome/63.0.3239.132 Safari/537.36]
[2018-10-06T16:07:19.944] [INFO] default - [undefined GET /codeplay/static/img/book2.7c65446.png 200 2ms][http://www.manykit.com/codeplay/ HTTP/1.0 Mozilla/5.0 (Windows NT 6.1; WOW64) AppleWebKit/537.36 (KHTML, like Gecko) Chrome/63.0.3239.132 Safari/537.36]
[2018-10-06T16:07:21.235] [INFO] default - [undefined GET /codeplay/static/img/qr_code01.1707b53.jpg 304 2ms][http://www.manykit.com/codeplay/ HTTP/1.0 Mozilla/5.0 (Windows NT 6.1; WOW64) AppleWebKit/537.36 (KHTML, like Gecko) Chrome/63.0.3239.132 Safari/537.36]
[2018-10-06T16:07:21.574] [INFO] default - [undefined GET /codeplay/static/img/qr_code02.f1cd7b4.jpg 304 1ms][http://www.manykit.com/codeplay/ HTTP/1.0 Mozilla/5.0 (Windows NT 6.1; WOW64) AppleWebKit/537.36 (KHTML, like Gecko) Chrome/63.0.3239.132 Safari/537.36]
[2018-10-06T16:27:39.171] [INFO] default - [undefined GET /codeplay/ 200 2ms][ HTTP/1.0 Mozilla/5.0 (Windows NT 6.1) AppleWebKit/537.36 (KHTML, like Gecko) Chrome/36.0.1985.125 Safari/537.36]
[2018-10-06T16:27:42.440] [INFO] default - [::ffff:127.0.0.1 GET /codeplay/static/css/app.a649fef42bafdf2bbb15d08a50a0367c.css 200 8ms][http://www.manykit.com/codeplay/ HTTP/1.0 Mozilla/5.0 (Windows NT 6.1; Win64; x64) AppleWebKit/537.36 (KHTML, like Gecko) Chrome/68.0.3427.1 Safari/537.36]
[2018-10-06T16:27:43.503] [INFO] default - [undefined GET /codeplay/static/js/manifest.485179a94edb86b51237.js 200 3ms][http://www.manykit.com/codeplay/ HTTP/1.0 Mozilla/5.0 (Windows NT 6.1; Win64; x64) AppleWebKit/537.36 (KHTML, like Gecko) Chrome/68.0.3427.1 Safari/537.36]
[2018-10-06T16:27:43.510] [INFO] default - [undefined GET /codeplay/static/js/vendor.7c06c1328ce4f4de2f68.js 200 9ms][http://www.manykit.com/codeplay/ HTTP/1.0 Mozilla/5.0 (Windows NT 6.1; Win64; x64) AppleWebKit/537.36 (KHTML, like Gecko) Chrome/68.0.3427.1 Safari/537.36]
[2018-10-06T16:27:43.614] [INFO] default - [undefined GET /codeplay/static/js/app.6d7240c714cd7a2a3909.js 200 1ms][http://www.manykit.com/codeplay/ HTTP/1.0 Mozilla/5.0 (Windows NT 6.1; Win64; x64) AppleWebKit/537.36 (KHTML, like Gecko) Chrome/68.0.3427.1 Safari/537.36]
[2018-10-06T16:27:58.297] [INFO] default - [undefined GET /codeplay/static/js/3.111129f77a2eb0217de1.js 200 3ms][http://www.manykit.com/codeplay/ HTTP/1.0 Mozilla/5.0 (Windows NT 6.1; Win64; x64) AppleWebKit/537.36 (KHTML, like Gecko) Chrome/68.0.3427.1 Safari/537.36]
[2018-10-06T16:27:58.297] [INFO] default - [undefined GET /codeplay/static/js/8.09aea27fb209956c5440.js 200 4ms][http://www.manykit.com/codeplay/ HTTP/1.0 Mozilla/5.0 (Windows NT 6.1; Win64; x64) AppleWebKit/537.36 (KHTML, like Gecko) Chrome/68.0.3427.1 Safari/537.36]
[2018-10-06T16:27:58.302] [INFO] default - [undefined GET /codeplay/static/js/0.bf19ce26d35794eea297.js 200 7ms][http://www.manykit.com/codeplay/ HTTP/1.0 Mozilla/5.0 (Windows NT 6.1; Win64; x64) AppleWebKit/537.36 (KHTML, like Gecko) Chrome/68.0.3427.1 Safari/537.36]
[2018-10-06T16:45:56.121] [INFO] default - [::1 GET /res/verify 200 1ms][http://www.manykit.com/robot/ HTTP/1.0 Mozilla/5.0 (compatible; Baiduspider-render/2.0; +http://www.baidu.com/search/spider.html)]
[2018-10-06T16:46:04.471] [INFO] default - [::ffff:127.0.0.1 GET /res/verify 200 1ms][http://www.manykit.com/robot/ HTTP/1.0 Mozilla/5.0 (iPhone; CPU iPhone OS 9_1 like Mac OS X) AppleWebKit/601.1.46 (KHTML, like Gecko) Version/9.0 Mobile/13B143 Safari/601.1 (compatible; Baiduspider-render/2.0; +http://www.baidu.com/search/spider.html)]
[2018-10-06T16:55:09.120] [INFO] default - [::1 GET /res/verify 200 1ms][ HTTP/1.0 Mozilla/5.0 (iPhone; CPU iPhone OS 9_3_4 like Mac OS X) AppleWebKit/601.1.46 (KHTML, like Gecko) Mobile/13G35 QQ/6.5.3.410 V1_IPH_SQ_6.5.3_1_APP_A Pixel/750 Core/UIWebView NetType/2G Mem/117]
[2018-10-06T17:52:29.298] [INFO] default - [::ffff:127.0.0.1 POST /res/filelist 200 102ms][http://www.manykit.com/ HTTP/1.0 Mozilla/5.0 (compatible; Baiduspider-render/2.0; +http://www.baidu.com/search/spider.html)]
[2018-10-06T17:52:43.030] [INFO] default - [::1 GET /res/verify 200 1ms][http://www.manykit.com/ HTTP/1.0 Mozilla/5.0 (compatible; Baiduspider-render/2.0; +http://www.baidu.com/search/spider.html)]
[2018-10-06T18:13:26.794] [INFO] default - [undefined GET /codeplay/ 200 2ms][ HTTP/1.0 Mozilla/5.0 (Linux; Android 6.0.1; Nexus 5X Build/MMB29P) AppleWebKit/537.36 (KHTML, like Gecko) Chrome/41.0.2272.96 Mobile Safari/537.36 (compatible; Googlebot/2.1; +http://www.google.com/bot.html)]
[2018-10-06T18:25:45.855] [INFO] default - [undefined GET /toycar/ 200 2ms][ HTTP/1.0 Mozilla/5.0 (compatible; Baiduspider/2.0; +http://www.baidu.com/search/spider.html)]
[2018-10-06T19:18:07.683] [INFO] default - [::ffff:127.0.0.1 POST /res/filelist 200 99ms][http://www.manykit.com/ HTTP/1.0 Mozilla/5.0 (Windows NT 6.1; Win64; x64) AppleWebKit/537.36 (KHTML, like Gecko) Chrome/69.0.3497.100 Safari/537.36]
[2018-10-06T19:18:08.233] [INFO] default - [undefined GET /res/verify 304 3ms][http://www.manykit.com/ HTTP/1.0 Mozilla/5.0 (Windows NT 6.1; Win64; x64) AppleWebKit/537.36 (KHTML, like Gecko) Chrome/69.0.3497.100 Safari/537.36]
[2018-10-06T19:18:49.932] [INFO] default - [undefined GET /codeplay/ 304 2ms][http://www.manykit.com/ HTTP/1.0 Mozilla/5.0 (Windows NT 6.1; Win64; x64) AppleWebKit/537.36 (KHTML, like Gecko) Chrome/69.0.3497.100 Safari/537.36]
[2018-10-06T19:18:50.008] [INFO] default - [undefined GET /codeplay/static/css/app.a649fef42bafdf2bbb15d08a50a0367c.css 304 2ms][http://www.manykit.com/codeplay/ HTTP/1.0 Mozilla/5.0 (Windows NT 6.1; Win64; x64) AppleWebKit/537.36 (KHTML, like Gecko) Chrome/69.0.3497.100 Safari/537.36]
[2018-10-06T19:18:50.009] [INFO] default - [undefined GET /codeplay/static/js/manifest.485179a94edb86b51237.js 304 2ms][http://www.manykit.com/codeplay/ HTTP/1.0 Mozilla/5.0 (Windows NT 6.1; Win64; x64) AppleWebKit/537.36 (KHTML, like Gecko) Chrome/69.0.3497.100 Safari/537.36]
[2018-10-06T19:18:50.044] [INFO] default - [undefined GET /codeplay/static/js/vendor.7c06c1328ce4f4de2f68.js 304 1ms][http://www.manykit.com/codeplay/ HTTP/1.0 Mozilla/5.0 (Windows NT 6.1; Win64; x64) AppleWebKit/537.36 (KHTML, like Gecko) Chrome/69.0.3497.100 Safari/537.36]
[2018-10-06T19:18:50.048] [INFO] default - [undefined GET /codeplay/static/js/app.6d7240c714cd7a2a3909.js 304 1ms][http://www.manykit.com/codeplay/ HTTP/1.0 Mozilla/5.0 (Windows NT 6.1; Win64; x64) AppleWebKit/537.36 (KHTML, like Gecko) Chrome/69.0.3497.100 Safari/537.36]
[2018-10-06T19:18:50.310] [INFO] default - [undefined GET /codeplay/static/js/19.76363fb774127b8fea5c.js 304 2ms][http://www.manykit.com/codeplay/ HTTP/1.0 Mozilla/5.0 (Windows NT 6.1; Win64; x64) AppleWebKit/537.36 (KHTML, like Gecko) Chrome/69.0.3497.100 Safari/537.36]
[2018-10-06T19:18:50.371] [INFO] default - [::1 POST /res/getfile 200 2ms][http://www.manykit.com/codeplay/ HTTP/1.0 Mozilla/5.0 (Windows NT 6.1; Win64; x64) AppleWebKit/537.36 (KHTML, like Gecko) Chrome/69.0.3497.100 Safari/537.36]
[2018-10-06T19:18:50.372] [INFO] default - [undefined GET /codeplay/static/snap/pxsnap.html 304 4ms][http://www.manykit.com/codeplay/ HTTP/1.0 Mozilla/5.0 (Windows NT 6.1; Win64; x64) AppleWebKit/537.36 (KHTML, like Gecko) Chrome/69.0.3497.100 Safari/537.36]
[2018-10-06T19:18:50.462] [INFO] default - [undefined GET /codeplay/static/snap/morphic.js 304 2ms][http://www.manykit.com/codeplay/static/snap/pxsnap.html HTTP/1.0 Mozilla/5.0 (Windows NT 6.1; Win64; x64) AppleWebKit/537.36 (KHTML, like Gecko) Chrome/69.0.3497.100 Safari/537.36]
[2018-10-06T19:18:50.463] [INFO] default - [undefined GET /codeplay/static/snap/manykit/jquery-3.2.1.min.js 304 2ms][http://www.manykit.com/codeplay/static/snap/pxsnap.html HTTP/1.0 Mozilla/5.0 (Windows NT 6.1; Win64; x64) AppleWebKit/537.36 (KHTML, like Gecko) Chrome/69.0.3497.100 Safari/537.36]
[2018-10-06T19:18:50.466] [INFO] default - [undefined GET /codeplay/static/snap/blocks.js 304 1ms][http://www.manykit.com/codeplay/static/snap/pxsnap.html HTTP/1.0 Mozilla/5.0 (Windows NT 6.1; Win64; x64) AppleWebKit/537.36 (KHTML, like Gecko) Chrome/69.0.3497.100 Safari/537.36]
[2018-10-06T19:18:50.466] [INFO] default - [undefined GET /codeplay/static/snap/widgets.js 304 1ms][http://www.manykit.com/codeplay/static/snap/pxsnap.html HTTP/1.0 Mozilla/5.0 (Windows NT 6.1; Win64; x64) AppleWebKit/537.36 (KHTML, like Gecko) Chrome/69.0.3497.100 Safari/537.36]
[2018-10-06T19:18:50.501] [INFO] default - [undefined GET /codeplay/static/snap/manykit/blocks.js 304 1ms][http://www.manykit.com/codeplay/static/snap/pxsnap.html HTTP/1.0 Mozilla/5.0 (Windows NT 6.1; Win64; x64) AppleWebKit/537.36 (KHTML, like Gecko) Chrome/69.0.3497.100 Safari/537.36]
[2018-10-06T19:18:50.505] [INFO] default - [undefined GET /codeplay/static/snap/threads.js 304 1ms][http://www.manykit.com/codeplay/static/snap/pxsnap.html HTTP/1.0 Mozilla/5.0 (Windows NT 6.1; Win64; x64) AppleWebKit/537.36 (KHTML, like Gecko) Chrome/69.0.3497.100 Safari/537.36]
[2018-10-06T19:18:50.506] [INFO] default - [undefined GET /codeplay/static/snap/manykit/arduino.js 304 1ms][http://www.manykit.com/codeplay/static/snap/pxsnap.html HTTP/1.0 Mozilla/5.0 (Windows NT 6.1; Win64; x64) AppleWebKit/537.36 (KHTML, like Gecko) Chrome/69.0.3497.100 Safari/537.36]
[2018-10-06T19:18:50.509] [INFO] default - [undefined GET /codeplay/static/snap/objects.js 304 1ms][http://www.manykit.com/codeplay/static/snap/pxsnap.html HTTP/1.0 Mozilla/5.0 (Windows NT 6.1; Win64; x64) AppleWebKit/537.36 (KHTML, like Gecko) Chrome/69.0.3497.100 Safari/537.36]
[2018-10-06T19:18:50.509] [INFO] default - [undefined GET /codeplay/static/snap/manykit/threads.js 304 1ms][http://www.manykit.com/codeplay/static/snap/pxsnap.html HTTP/1.0 Mozilla/5.0 (Windows NT 6.1; Win64; x64) AppleWebKit/537.36 (KHTML, like Gecko) Chrome/69.0.3497.100 Safari/537.36]
[2018-10-06T19:18:50.512] [INFO] default - [undefined GET /codeplay/static/snap/manykit/objects.js 304 0ms][http://www.manykit.com/codeplay/static/snap/pxsnap.html HTTP/1.0 Mozilla/5.0 (Windows NT 6.1; Win64; x64) AppleWebKit/537.36 (KHTML, like Gecko) Chrome/69.0.3497.100 Safari/537.36]
[2018-10-06T19:18:50.540] [INFO] default - [undefined GET /codeplay/static/snap/gui.js 304 1ms][http://www.manykit.com/codeplay/static/snap/pxsnap.html HTTP/1.0 Mozilla/5.0 (Windows NT 6.1; Win64; x64) AppleWebKit/537.36 (KHTML, like Gecko) Chrome/69.0.3497.100 Safari/537.36]
[2018-10-06T19:18:50.546] [INFO] default - [undefined GET /codeplay/static/snap/manykit/gui.js 304 1ms][http://www.manykit.com/codeplay/static/snap/pxsnap.html HTTP/1.0 Mozilla/5.0 (Windows NT 6.1; Win64; x64) AppleWebKit/537.36 (KHTML, like Gecko) Chrome/69.0.3497.100 Safari/537.36]
[2018-10-06T19:18:50.549] [INFO] default - [undefined GET /codeplay/static/snap/paint.js 304 2ms][http://www.manykit.com/codeplay/static/snap/pxsnap.html HTTP/1.0 Mozilla/5.0 (Windows NT 6.1; Win64; x64) AppleWebKit/537.36 (KHTML, like Gecko) Chrome/69.0.3497.100 Safari/537.36]
[2018-10-06T19:18:50.550] [INFO] default - [undefined GET /codeplay/static/snap/lists.js 304 2ms][http://www.manykit.com/codeplay/static/snap/pxsnap.html HTTP/1.0 Mozilla/5.0 (Windows NT 6.1; Win64; x64) AppleWebKit/537.36 (KHTML, like Gecko) Chrome/69.0.3497.100 Safari/537.36]
[2018-10-06T19:18:50.560] [INFO] default - [undefined GET /codeplay/static/snap/byob.js 304 2ms][http://www.manykit.com/codeplay/static/snap/pxsnap.html HTTP/1.0 Mozilla/5.0 (Windows NT 6.1; Win64; x64) AppleWebKit/537.36 (KHTML, like Gecko) Chrome/69.0.3497.100 Safari/537.36]
[2018-10-06T19:18:50.561] [INFO] default - [undefined GET /codeplay/static/snap/tables.js 304 2ms][http://www.manykit.com/codeplay/static/snap/pxsnap.html HTTP/1.0 Mozilla/5.0 (Windows NT 6.1; Win64; x64) AppleWebKit/537.36 (KHTML, like Gecko) Chrome/69.0.3497.100 Safari/537.36]
[2018-10-06T19:18:50.580] [INFO] default - [undefined GET /codeplay/static/snap/symbols.js 304 1ms][http://www.manykit.com/codeplay/static/snap/pxsnap.html HTTP/1.0 Mozilla/5.0 (Windows NT 6.1; Win64; x64) AppleWebKit/537.36 (KHTML, like Gecko) Chrome/69.0.3497.100 Safari/537.36]
[2018-10-06T19:18:50.591] [INFO] default - [undefined GET /codeplay/static/snap/xml.js 304 1ms][http://www.manykit.com/codeplay/static/snap/pxsnap.html HTTP/1.0 Mozilla/5.0 (Windows NT 6.1; Win64; x64) AppleWebKit/537.36 (KHTML, like Gecko) Chrome/69.0.3497.100 Safari/537.36]
[2018-10-06T19:18:50.607] [INFO] default - [undefined GET /codeplay/static/snap/locale.js 304 4ms][http://www.manykit.com/codeplay/static/snap/pxsnap.html HTTP/1.0 Mozilla/5.0 (Windows NT 6.1; Win64; x64) AppleWebKit/537.36 (KHTML, like Gecko) Chrome/69.0.3497.100 Safari/537.36]
[2018-10-06T19:18:50.607] [INFO] default - [undefined GET /codeplay/static/snap/cloud.js 304 3ms][http://www.manykit.com/codeplay/static/snap/pxsnap.html HTTP/1.0 Mozilla/5.0 (Windows NT 6.1; Win64; x64) AppleWebKit/537.36 (KHTML, like Gecko) Chrome/69.0.3497.100 Safari/537.36]
[2018-10-06T19:18:50.608] [INFO] default - [undefined GET /codeplay/static/snap/store.js 304 4ms][http://www.manykit.com/codeplay/static/snap/pxsnap.html HTTP/1.0 Mozilla/5.0 (Windows NT 6.1; Win64; x64) AppleWebKit/537.36 (KHTML, like Gecko) Chrome/69.0.3497.100 Safari/537.36]
[2018-10-06T19:18:50.608] [INFO] default - [undefined GET /codeplay/static/snap/manykit/locale.js 304 2ms][http://www.manykit.com/codeplay/static/snap/pxsnap.html HTTP/1.0 Mozilla/5.0 (Windows NT 6.1; Win64; x64) AppleWebKit/537.36 (KHTML, like Gecko) Chrome/69.0.3497.100 Safari/537.36]
[2018-10-06T19:18:50.619] [INFO] default - [undefined GET /codeplay/static/snap/manykit/cloud.js 304 1ms][http://www.manykit.com/codeplay/static/snap/pxsnap.html HTTP/1.0 Mozilla/5.0 (Windows NT 6.1; Win64; x64) AppleWebKit/537.36 (KHTML, like Gecko) Chrome/69.0.3497.100 Safari/537.36]
[2018-10-06T19:18:50.633] [INFO] default - [undefined GET /codeplay/static/snap/sha512.js 304 1ms][http://www.manykit.com/codeplay/static/snap/pxsnap.html HTTP/1.0 Mozilla/5.0 (Windows NT 6.1; Win64; x64) AppleWebKit/537.36 (KHTML, like Gecko) Chrome/69.0.3497.100 Safari/537.36]
[2018-10-06T19:18:50.647] [INFO] default - [undefined GET /codeplay/static/snap/FileSaver.min.js 304 2ms][http://www.manykit.com/codeplay/static/snap/pxsnap.html HTTP/1.0 Mozilla/5.0 (Windows NT 6.1; Win64; x64) AppleWebKit/537.36 (KHTML, like Gecko) Chrome/69.0.3497.100 Safari/537.36]
[2018-10-06T19:18:50.650] [INFO] default - [undefined GET /codeplay/static/snap/manykit/base64.js 304 1ms][http://www.manykit.com/codeplay/static/snap/pxsnap.html HTTP/1.0 Mozilla/5.0 (Windows NT 6.1; Win64; x64) AppleWebKit/537.36 (KHTML, like Gecko) Chrome/69.0.3497.100 Safari/537.36]
[2018-10-06T19:18:50.747] [INFO] default - [undefined GET /res/verify 304 4ms][http://www.manykit.com/codeplay/static/snap/pxsnap.html HTTP/1.0 Mozilla/5.0 (Windows NT 6.1; Win64; x64) AppleWebKit/537.36 (KHTML, like Gecko) Chrome/69.0.3497.100 Safari/537.36]
[2018-10-06T19:18:51.065] [INFO] default - [undefined GET /codeplay/static/snap/lang-zh_CN.js 304 2ms][http://www.manykit.com/codeplay/static/snap/pxsnap.html HTTP/1.0 Mozilla/5.0 (Windows NT 6.1; Win64; x64) AppleWebKit/537.36 (KHTML, like Gecko) Chrome/69.0.3497.100 Safari/537.36]
[2018-10-06T19:18:51.102] [INFO] default - [::1 GET /res/snaplogin?username=loki&password=123123 304 307ms][http://www.manykit.com/codeplay/static/snap/pxsnap.html HTTP/1.0 Mozilla/5.0 (Windows NT 6.1; Win64; x64) AppleWebKit/537.36 (KHTML, like Gecko) Chrome/69.0.3497.100 Safari/537.36]
[2018-10-06T19:18:51.111] [INFO] default - [undefined GET /codeplay/static/snap/manykit/bianchengwan.ico 304 1ms][http://www.manykit.com/codeplay/static/snap/pxsnap.html HTTP/1.0 Mozilla/5.0 (Windows NT 6.1; Win64; x64) AppleWebKit/537.36 (KHTML, like Gecko) Chrome/69.0.3497.100 Safari/537.36]
[2018-10-06T19:18:51.343] [INFO] default - [undefined GET /codeplay/static/snap/manykit/lang-zh_CN.js 304 4ms][http://www.manykit.com/codeplay/static/snap/pxsnap.html HTTP/1.0 Mozilla/5.0 (Windows NT 6.1; Win64; x64) AppleWebKit/537.36 (KHTML, like Gecko) Chrome/69.0.3497.100 Safari/537.36]
[2018-10-06T19:18:57.778] [INFO] default - [undefined GET /res/snaplogin?username=loki&password=123123 304 2ms][http://www.manykit.com/codeplay/static/snap/pxsnap.html HTTP/1.0 Mozilla/5.0 (Windows NT 6.1; Win64; x64) AppleWebKit/537.36 (KHTML, like Gecko) Chrome/69.0.3497.100 Safari/537.36]
[2018-10-06T19:18:57.825] [INFO] default - [::ffff:127.0.0.1 POST /res/filelist?userid=5 200 2ms][http://www.manykit.com/codeplay/static/snap/pxsnap.html HTTP/1.0 Mozilla/5.0 (Windows NT 6.1; Win64; x64) AppleWebKit/537.36 (KHTML, like Gecko) Chrome/69.0.3497.100 Safari/537.36]
[2018-10-06T19:18:58.061] [INFO] default - [::1 POST /res/filelist 200 189ms][http://www.manykit.com/codeplay/static/snap/pxsnap.html HTTP/1.0 Mozilla/5.0 (Windows NT 6.1; Win64; x64) AppleWebKit/537.36 (KHTML, like Gecko) Chrome/69.0.3497.100 Safari/537.36]
[2018-10-06T19:20:52.780] [INFO] default - [undefined GET /res/snaplogin?username=loki&password=123123 304 2ms][http://www.manykit.com/codeplay/static/snap/pxsnap.html HTTP/1.0 Mozilla/5.0 (Windows NT 6.1; Win64; x64) AppleWebKit/537.36 (KHTML, like Gecko) Chrome/69.0.3497.100 Safari/537.36]
[2018-10-06T19:20:52.826] [INFO] default - [::ffff:127.0.0.1 POST /res/filelist?userid=5 200 2ms][http://www.manykit.com/codeplay/static/snap/pxsnap.html HTTP/1.0 Mozilla/5.0 (Windows NT 6.1; Win64; x64) AppleWebKit/537.36 (KHTML, like Gecko) Chrome/69.0.3497.100 Safari/537.36]
[2018-10-06T19:20:53.085] [INFO] default - [::1 POST /res/filelist 200 214ms][http://www.manykit.com/codeplay/static/snap/pxsnap.html HTTP/1.0 Mozilla/5.0 (Windows NT 6.1; Win64; x64) AppleWebKit/537.36 (KHTML, like Gecko) Chrome/69.0.3497.100 Safari/537.36]
[2018-10-06T19:21:14.787] [INFO] default - [undefined GET /res/snaplogin?username=loki&password=123123 304 3ms][http://www.manykit.com/codeplay/static/snap/pxsnap.html HTTP/1.0 Mozilla/5.0 (Windows NT 6.1; Win64; x64) AppleWebKit/537.36 (KHTML, like Gecko) Chrome/69.0.3497.100 Safari/537.36]
[2018-10-06T19:21:14.880] [INFO] default - [::1 POST /res/filelist?userid=5 200 3ms][http://www.manykit.com/codeplay/static/snap/pxsnap.html HTTP/1.0 Mozilla/5.0 (Windows NT 6.1; Win64; x64) AppleWebKit/537.36 (KHTML, like Gecko) Chrome/69.0.3497.100 Safari/537.36]
[2018-10-06T19:21:15.128] [INFO] default - [::ffff:127.0.0.1 POST /res/filelist 200 203ms][http://www.manykit.com/codeplay/static/snap/pxsnap.html HTTP/1.0 Mozilla/5.0 (Windows NT 6.1; Win64; x64) AppleWebKit/537.36 (KHTML, like Gecko) Chrome/69.0.3497.100 Safari/537.36]
[2018-10-06T20:08:52.112] [INFO] default - [::1 POST /res/filelist 200 105ms][http://www.manykit.com/ HTTP/1.0 Mozilla/5.0 (Windows NT 6.1; Win64; x64) AppleWebKit/537.36 (KHTML, like Gecko) Chrome/69.0.3497.100 Safari/537.36]
[2018-10-06T20:08:53.125] [INFO] default - [undefined GET /res/verify 304 3ms][http://www.manykit.com/ HTTP/1.0 Mozilla/5.0 (Windows NT 6.1; Win64; x64) AppleWebKit/537.36 (KHTML, like Gecko) Chrome/69.0.3497.100 Safari/537.36]
[2018-10-06T20:08:55.274] [INFO] default - [undefined GET /codeplay/ 304 1ms][http://www.manykit.com/ HTTP/1.0 Mozilla/5.0 (Windows NT 6.1; Win64; x64) AppleWebKit/537.36 (KHTML, like Gecko) Chrome/69.0.3497.100 Safari/537.36]
[2018-10-06T20:08:55.355] [INFO] default - [undefined GET /codeplay/static/css/app.a649fef42bafdf2bbb15d08a50a0367c.css 304 2ms][http://www.manykit.com/codeplay/ HTTP/1.0 Mozilla/5.0 (Windows NT 6.1; Win64; x64) AppleWebKit/537.36 (KHTML, like Gecko) Chrome/69.0.3497.100 Safari/537.36]
[2018-10-06T20:08:55.365] [INFO] default - [undefined GET /codeplay/static/js/manifest.485179a94edb86b51237.js 304 1ms][http://www.manykit.com/codeplay/ HTTP/1.0 Mozilla/5.0 (Windows NT 6.1; Win64; x64) AppleWebKit/537.36 (KHTML, like Gecko) Chrome/69.0.3497.100 Safari/537.36]
[2018-10-06T20:08:55.392] [INFO] default - [undefined GET /codeplay/static/js/vendor.7c06c1328ce4f4de2f68.js 304 1ms][http://www.manykit.com/codeplay/ HTTP/1.0 Mozilla/5.0 (Windows NT 6.1; Win64; x64) AppleWebKit/537.36 (KHTML, like Gecko) Chrome/69.0.3497.100 Safari/537.36]
[2018-10-06T20:08:55.394] [INFO] default - [undefined GET /codeplay/static/js/app.6d7240c714cd7a2a3909.js 304 1ms][http://www.manykit.com/codeplay/ HTTP/1.0 Mozilla/5.0 (Windows NT 6.1; Win64; x64) AppleWebKit/537.36 (KHTML, like Gecko) Chrome/69.0.3497.100 Safari/537.36]
[2018-10-06T20:08:55.564] [INFO] default - [undefined GET /codeplay/static/js/19.76363fb774127b8fea5c.js 304 1ms][http://www.manykit.com/codeplay/ HTTP/1.0 Mozilla/5.0 (Windows NT 6.1; Win64; x64) AppleWebKit/537.36 (KHTML, like Gecko) Chrome/69.0.3497.100 Safari/537.36]
[2018-10-06T20:08:55.630] [INFO] default - [undefined GET /codeplay/static/snap/pxsnap.html 304 2ms][http://www.manykit.com/codeplay/ HTTP/1.0 Mozilla/5.0 (Windows NT 6.1; Win64; x64) AppleWebKit/537.36 (KHTML, like Gecko) Chrome/69.0.3497.100 Safari/537.36]
[2018-10-06T20:08:55.640] [INFO] default - [::ffff:127.0.0.1 POST /res/getfile 200 1ms][http://www.manykit.com/codeplay/ HTTP/1.0 Mozilla/5.0 (Windows NT 6.1; Win64; x64) AppleWebKit/537.36 (KHTML, like Gecko) Chrome/69.0.3497.100 Safari/537.36]
[2018-10-06T20:08:55.721] [INFO] default - [undefined GET /codeplay/static/snap/manykit/jquery-3.2.1.min.js 304 1ms][http://www.manykit.com/codeplay/static/snap/pxsnap.html HTTP/1.0 Mozilla/5.0 (Windows NT 6.1; Win64; x64) AppleWebKit/537.36 (KHTML, like Gecko) Chrome/69.0.3497.100 Safari/537.36]
[2018-10-06T20:08:55.739] [INFO] default - [undefined GET /codeplay/static/snap/morphic.js 304 5ms][http://www.manykit.com/codeplay/static/snap/pxsnap.html HTTP/1.0 Mozilla/5.0 (Windows NT 6.1; Win64; x64) AppleWebKit/537.36 (KHTML, like Gecko) Chrome/69.0.3497.100 Safari/537.36]
[2018-10-06T20:08:55.741] [INFO] default - [undefined GET /codeplay/static/snap/blocks.js 304 5ms][http://www.manykit.com/codeplay/static/snap/pxsnap.html HTTP/1.0 Mozilla/5.0 (Windows NT 6.1; Win64; x64) AppleWebKit/537.36 (KHTML, like Gecko) Chrome/69.0.3497.100 Safari/537.36]
[2018-10-06T20:08:55.742] [INFO] default - [undefined GET /codeplay/static/snap/widgets.js 304 5ms][http://www.manykit.com/codeplay/static/snap/pxsnap.html HTTP/1.0 Mozilla/5.0 (Windows NT 6.1; Win64; x64) AppleWebKit/537.36 (KHTML, like Gecko) Chrome/69.0.3497.100 Safari/537.36]
[2018-10-06T20:08:55.771] [INFO] default - [undefined GET /codeplay/static/snap/manykit/blocks.js 304 2ms][http://www.manykit.com/codeplay/static/snap/pxsnap.html HTTP/1.0 Mozilla/5.0 (Windows NT 6.1; Win64; x64) AppleWebKit/537.36 (KHTML, like Gecko) Chrome/69.0.3497.100 Safari/537.36]
[2018-10-06T20:08:55.772] [INFO] default - [undefined GET /codeplay/static/snap/manykit/arduino.js 304 2ms][http://www.manykit.com/codeplay/static/snap/pxsnap.html HTTP/1.0 Mozilla/5.0 (Windows NT 6.1; Win64; x64) AppleWebKit/537.36 (KHTML, like Gecko) Chrome/69.0.3497.100 Safari/537.36]
[2018-10-06T20:08:55.773] [INFO] default - [undefined GET /codeplay/static/snap/threads.js 304 3ms][http://www.manykit.com/codeplay/static/snap/pxsnap.html HTTP/1.0 Mozilla/5.0 (Windows NT 6.1; Win64; x64) AppleWebKit/537.36 (KHTML, like Gecko) Chrome/69.0.3497.100 Safari/537.36]
[2018-10-06T20:08:55.782] [INFO] default - [undefined GET /codeplay/static/snap/manykit/threads.js 304 2ms][http://www.manykit.com/codeplay/static/snap/pxsnap.html HTTP/1.0 Mozilla/5.0 (Windows NT 6.1; Win64; x64) AppleWebKit/537.36 (KHTML, like Gecko) Chrome/69.0.3497.100 Safari/537.36]
[2018-10-06T20:08:55.782] [INFO] default - [undefined GET /codeplay/static/snap/objects.js 304 1ms][http://www.manykit.com/codeplay/static/snap/pxsnap.html HTTP/1.0 Mozilla/5.0 (Windows NT 6.1; Win64; x64) AppleWebKit/537.36 (KHTML, like Gecko) Chrome/69.0.3497.100 Safari/537.36]
[2018-10-06T20:08:55.784] [INFO] default - [undefined GET /codeplay/static/snap/manykit/objects.js 304 1ms][http://www.manykit.com/codeplay/static/snap/pxsnap.html HTTP/1.0 Mozilla/5.0 (Windows NT 6.1; Win64; x64) AppleWebKit/537.36 (KHTML, like Gecko) Chrome/69.0.3497.100 Safari/537.36]
[2018-10-06T20:08:55.825] [INFO] default - [undefined GET /codeplay/static/snap/manykit/gui.js 304 3ms][http://www.manykit.com/codeplay/static/snap/pxsnap.html HTTP/1.0 Mozilla/5.0 (Windows NT 6.1; Win64; x64) AppleWebKit/537.36 (KHTML, like Gecko) Chrome/69.0.3497.100 Safari/537.36]
[2018-10-06T20:08:55.826] [INFO] default - [undefined GET /codeplay/static/snap/lists.js 304 3ms][http://www.manykit.com/codeplay/static/snap/pxsnap.html HTTP/1.0 Mozilla/5.0 (Windows NT 6.1; Win64; x64) AppleWebKit/537.36 (KHTML, like Gecko) Chrome/69.0.3497.100 Safari/537.36]
[2018-10-06T20:08:55.826] [INFO] default - [undefined GET /codeplay/static/snap/byob.js 304 2ms][http://www.manykit.com/codeplay/static/snap/pxsnap.html HTTP/1.0 Mozilla/5.0 (Windows NT 6.1; Win64; x64) AppleWebKit/537.36 (KHTML, like Gecko) Chrome/69.0.3497.100 Safari/537.36]
[2018-10-06T20:08:55.827] [INFO] default - [undefined GET /codeplay/static/snap/paint.js 304 3ms][http://www.manykit.com/codeplay/static/snap/pxsnap.html HTTP/1.0 Mozilla/5.0 (Windows NT 6.1; Win64; x64) AppleWebKit/537.36 (KHTML, like Gecko) Chrome/69.0.3497.100 Safari/537.36]
[2018-10-06T20:08:55.827] [INFO] default - [undefined GET /codeplay/static/snap/gui.js 304 3ms][http://www.manykit.com/codeplay/static/snap/pxsnap.html HTTP/1.0 Mozilla/5.0 (Windows NT 6.1; Win64; x64) AppleWebKit/537.36 (KHTML, like Gecko) Chrome/69.0.3497.100 Safari/537.36]
[2018-10-06T20:08:55.829] [INFO] default - [undefined GET /codeplay/static/snap/tables.js 304 1ms][http://www.manykit.com/codeplay/static/snap/pxsnap.html HTTP/1.0 Mozilla/5.0 (Windows NT 6.1; Win64; x64) AppleWebKit/537.36 (KHTML, like Gecko) Chrome/69.0.3497.100 Safari/537.36]
[2018-10-06T20:08:55.880] [INFO] default - [undefined GET /codeplay/static/snap/symbols.js 304 4ms][http://www.manykit.com/codeplay/static/snap/pxsnap.html HTTP/1.0 Mozilla/5.0 (Windows NT 6.1; Win64; x64) AppleWebKit/537.36 (KHTML, like Gecko) Chrome/69.0.3497.100 Safari/537.36]
[2018-10-06T20:08:55.880] [INFO] default - [undefined GET /codeplay/static/snap/store.js 304 4ms][http://www.manykit.com/codeplay/static/snap/pxsnap.html HTTP/1.0 Mozilla/5.0 (Windows NT 6.1; Win64; x64) AppleWebKit/537.36 (KHTML, like Gecko) Chrome/69.0.3497.100 Safari/537.36]
[2018-10-06T20:08:55.881] [INFO] default - [undefined GET /codeplay/static/snap/cloud.js 304 4ms][http://www.manykit.com/codeplay/static/snap/pxsnap.html HTTP/1.0 Mozilla/5.0 (Windows NT 6.1; Win64; x64) AppleWebKit/537.36 (KHTML, like Gecko) Chrome/69.0.3497.100 Safari/537.36]
[2018-10-06T20:08:55.881] [INFO] default - [undefined GET /codeplay/static/snap/manykit/locale.js 304 4ms][http://www.manykit.com/codeplay/static/snap/pxsnap.html HTTP/1.0 Mozilla/5.0 (Windows NT 6.1; Win64; x64) AppleWebKit/537.36 (KHTML, like Gecko) Chrome/69.0.3497.100 Safari/537.36]
[2018-10-06T20:08:55.882] [INFO] default - [undefined GET /codeplay/static/snap/locale.js 304 4ms][http://www.manykit.com/codeplay/static/snap/pxsnap.html HTTP/1.0 Mozilla/5.0 (Windows NT 6.1; Win64; x64) AppleWebKit/537.36 (KHTML, like Gecko) Chrome/69.0.3497.100 Safari/537.36]
[2018-10-06T20:08:55.882] [INFO] default - [undefined GET /codeplay/static/snap/xml.js 304 4ms][http://www.manykit.com/codeplay/static/snap/pxsnap.html HTTP/1.0 Mozilla/5.0 (Windows NT 6.1; Win64; x64) AppleWebKit/537.36 (KHTML, like Gecko) Chrome/69.0.3497.100 Safari/537.36]
[2018-10-06T20:08:55.933] [INFO] default - [undefined GET /codeplay/static/snap/manykit/cloud.js 304 3ms][http://www.manykit.com/codeplay/static/snap/pxsnap.html HTTP/1.0 Mozilla/5.0 (Windows NT 6.1; Win64; x64) AppleWebKit/537.36 (KHTML, like Gecko) Chrome/69.0.3497.100 Safari/537.36]
[2018-10-06T20:08:55.933] [INFO] default - [undefined GET /codeplay/static/snap/FileSaver.min.js 304 2ms][http://www.manykit.com/codeplay/static/snap/pxsnap.html HTTP/1.0 Mozilla/5.0 (Windows NT 6.1; Win64; x64) AppleWebKit/537.36 (KHTML, like Gecko) Chrome/69.0.3497.100 Safari/537.36]
[2018-10-06T20:08:55.934] [INFO] default - [undefined GET /codeplay/static/snap/sha512.js 304 2ms][http://www.manykit.com/codeplay/static/snap/pxsnap.html HTTP/1.0 Mozilla/5.0 (Windows NT 6.1; Win64; x64) AppleWebKit/537.36 (KHTML, like Gecko) Chrome/69.0.3497.100 Safari/537.36]
[2018-10-06T20:08:55.934] [INFO] default - [undefined GET /codeplay/static/snap/manykit/base64.js 304 2ms][http://www.manykit.com/codeplay/static/snap/pxsnap.html HTTP/1.0 Mozilla/5.0 (Windows NT 6.1; Win64; x64) AppleWebKit/537.36 (KHTML, like Gecko) Chrome/69.0.3497.100 Safari/537.36]
[2018-10-06T20:08:56.004] [INFO] default - [undefined GET /res/verify 304 3ms][http://www.manykit.com/codeplay/static/snap/pxsnap.html HTTP/1.0 Mozilla/5.0 (Windows NT 6.1; Win64; x64) AppleWebKit/537.36 (KHTML, like Gecko) Chrome/69.0.3497.100 Safari/537.36]
[2018-10-06T20:08:56.063] [INFO] default - [undefined GET /res/snaplogin?username=loki&password=123123 304 3ms][http://www.manykit.com/codeplay/static/snap/pxsnap.html HTTP/1.0 Mozilla/5.0 (Windows NT 6.1; Win64; x64) AppleWebKit/537.36 (KHTML, like Gecko) Chrome/69.0.3497.100 Safari/537.36]
[2018-10-06T20:08:56.327] [INFO] default - [undefined GET /codeplay/static/snap/lang-zh_CN.js 304 2ms][http://www.manykit.com/codeplay/static/snap/pxsnap.html HTTP/1.0 Mozilla/5.0 (Windows NT 6.1; Win64; x64) AppleWebKit/537.36 (KHTML, like Gecko) Chrome/69.0.3497.100 Safari/537.36]
[2018-10-06T20:08:56.371] [INFO] default - [undefined GET /codeplay/static/snap/manykit/bianchengwan.ico 304 1ms][http://www.manykit.com/codeplay/static/snap/pxsnap.html HTTP/1.0 Mozilla/5.0 (Windows NT 6.1; Win64; x64) AppleWebKit/537.36 (KHTML, like Gecko) Chrome/69.0.3497.100 Safari/537.36]
[2018-10-06T20:08:56.622] [INFO] default - [undefined GET /codeplay/static/snap/manykit/lang-zh_CN.js 304 2ms][http://www.manykit.com/codeplay/static/snap/pxsnap.html HTTP/1.0 Mozilla/5.0 (Windows NT 6.1; Win64; x64) AppleWebKit/537.36 (KHTML, like Gecko) Chrome/69.0.3497.100 Safari/537.36]
[2018-10-06T20:09:03.751] [INFO] default - [undefined GET /res/snaplogin?username=loki&password=123123 304 4ms][http://www.manykit.com/codeplay/static/snap/pxsnap.html HTTP/1.0 Mozilla/5.0 (Windows NT 6.1; Win64; x64) AppleWebKit/537.36 (KHTML, like Gecko) Chrome/69.0.3497.100 Safari/537.36]
[2018-10-06T20:09:03.808] [INFO] default - [::1 POST /res/filelist?userid=5 200 2ms][http://www.manykit.com/codeplay/static/snap/pxsnap.html HTTP/1.0 Mozilla/5.0 (Windows NT 6.1; Win64; x64) AppleWebKit/537.36 (KHTML, like Gecko) Chrome/69.0.3497.100 Safari/537.36]
[2018-10-06T20:09:04.058] [INFO] default - [::ffff:127.0.0.1 POST /res/filelist 200 196ms][http://www.manykit.com/codeplay/static/snap/pxsnap.html HTTP/1.0 Mozilla/5.0 (Windows NT 6.1; Win64; x64) AppleWebKit/537.36 (KHTML, like Gecko) Chrome/69.0.3497.100 Safari/537.36]
[2018-10-06T20:14:41.097] [INFO] default - [::ffff:183.57.54.43 GET / 500 3ms][ HTTP/1.0 undefined]
[2018-10-06T20:28:51.808] [INFO] default - [::1 GET /res/getfile 200 2ms][ HTTP/1.0 Mozilla/5.0 (iPhone; CPU iPhone OS 9_3_4 like Mac OS X) AppleWebKit/601.1.46 (KHTML, like Gecko) Mobile/13G35 QQ/6.5.3.410 V1_IPH_SQ_6.5.3_1_APP_A Pixel/750 Core/UIWebView NetType/2G Mem/117]
[2018-10-06T20:46:27.599] [INFO] default - [::ffff:127.0.0.1 POST /res/filelist 200 121ms][http://www.manykit.com/ HTTP/1.0 Mozilla/5.0 (Windows NT 10.0; WOW64) AppleWebKit/537.36 (KHTML, like Gecko) Chrome/59.0.3071.104 Safari/537.36]
[2018-10-06T20:46:28.252] [INFO] default - [undefined GET /res/verify 304 3ms][http://www.manykit.com/ HTTP/1.0 Mozilla/5.0 (Windows NT 10.0; WOW64) AppleWebKit/537.36 (KHTML, like Gecko) Chrome/59.0.3071.104 Safari/537.36]
[2018-10-06T20:47:28.411] [INFO] default - [::ffff:127.0.0.1 GET /res/verify 200 2ms][http://www.manykit.com/ HTTP/1.0 Mozilla/5.0 (Windows NT 6.1; WOW64) AppleWebKit/537.36 (KHTML, like Gecko) Chrome/56.0.2924.87 Safari/537.36]
[2018-10-06T20:52:39.744] [INFO] default - [::1 POST /res/filelist 200 99ms][http://www.manykit.com/ HTTP/1.0 Mozilla/5.0 (Windows NT 10.0; WOW64) AppleWebKit/537.36 (KHTML, like Gecko) Chrome/59.0.3071.104 Safari/537.36]
[2018-10-06T20:52:40.250] [INFO] default - [undefined GET /res/verify 304 4ms][http://www.manykit.com/ HTTP/1.0 Mozilla/5.0 (Windows NT 10.0; WOW64) AppleWebKit/537.36 (KHTML, like Gecko) Chrome/59.0.3071.104 Safari/537.36]
[2018-10-06T21:30:44.454] [INFO] default - [::1 POST /res/filelist 200 118ms][http://www.manykit.com/ HTTP/1.0 Mozilla/5.0 (Windows NT 10.0; WOW64) AppleWebKit/537.36 (KHTML, like Gecko) Chrome/59.0.3071.104 Safari/537.36]
[2018-10-06T21:30:44.980] [INFO] default - [undefined GET /res/verify 304 4ms][http://www.manykit.com/ HTTP/1.0 Mozilla/5.0 (Windows NT 10.0; WOW64) AppleWebKit/537.36 (KHTML, like Gecko) Chrome/59.0.3071.104 Safari/537.36]
[2018-10-06T21:32:50.791] [INFO] default - [::1 POST /res/filelist 200 101ms][http://www.manykit.com/ HTTP/1.0 Mozilla/5.0 (Windows NT 10.0; WOW64) AppleWebKit/537.36 (KHTML, like Gecko) Chrome/59.0.3071.104 Safari/537.36]
[2018-10-06T21:33:14.969] [INFO] default - [undefined GET /res/verify 304 3ms][http://www.manykit.com/ HTTP/1.0 Mozilla/5.0 (Windows NT 10.0; WOW64) AppleWebKit/537.36 (KHTML, like Gecko) Chrome/59.0.3071.104 Safari/537.36]
[2018-10-06T21:55:27.862] [INFO] default - [undefined GET /codeplay/ 200 1ms][ HTTP/1.0 Mozilla/5.0 (Linux; Android 6.0.1; Nexus 5X Build/MMB29P) AppleWebKit/537.36 (KHTML, like Gecko) Chrome/41.0.2272.96 Mobile Safari/537.36 (compatible; Googlebot/2.1; +http://www.google.com/bot.html)]
[2018-10-06T22:00:18.608] [INFO] default - [::ffff:127.0.0.1 GET /res/verify 200 1ms][ HTTP/1.0 Mozilla/5.0 (iPhone; CPU iPhone OS 9_3_4 like Mac OS X) AppleWebKit/601.1.46 (KHTML, like Gecko) Mobile/13G35 QQ/6.5.3.410 V1_IPH_SQ_6.5.3_1_APP_A Pixel/750 Core/UIWebView NetType/2G Mem/117]
[2018-10-06T23:23:25.029] [INFO] default - [undefined GET /codeplay/static/snap/playsnap.html 200 2ms][ HTTP/1.0 Mozilla/5.0 (iPhone; CPU iPhone OS 9_3_4 like Mac OS X) AppleWebKit/601.1.46 (KHTML, like Gecko) Mobile/13G35 QQ/6.5.3.410 V1_IPH_SQ_6.5.3_1_APP_A Pixel/750 Core/UIWebView NetType/2G Mem/117]
