[2018-09-29T00:26:08.376] [ERROR] err - { Error: Not Found
    at D:\ManyKitHost\trunk\manykit\app.js:308:15
    at Layer.handle [as handle_request] (D:\ManyKitHost\trunk\manykit\node_modules\express\lib\router\layer.js:95:5)
    at trim_prefix (D:\ManyKitHost\trunk\manykit\node_modules\express\lib\router\index.js:317:13)
    at D:\ManyKitHost\trunk\manykit\node_modules\express\lib\router\index.js:284:7
    at Function.process_params (D:\ManyKitHost\trunk\manykit\node_modules\express\lib\router\index.js:335:12)
    at next (D:\ManyKitHost\trunk\manykit\node_modules\express\lib\router\index.js:275:10)
    at SendStream.error (D:\ManyKitHost\trunk\manykit\node_modules\serve-static\index.js:121:7)
    at emitOne (events.js:116:13)
    at SendStream.emit (events.js:211:7)
    at SendStream.error (D:\ManyKitHost\trunk\manykit\node_modules\send\index.js:275:17)
    at SendStream.onStatError (D:\ManyKitHost\trunk\manykit\node_modules\send\index.js:426:12)
    at next (D:\ManyKitHost\trunk\manykit\node_modules\send\index.js:736:16)
    at onstat (D:\ManyKitHost\trunk\manykit\node_modules\send\index.js:725:14)
    at FSReqWrap.oncomplete (fs.js:152:21) status: 404 }
[2018-09-29T10:08:33.982] [ERROR] err - TypeError: Cannot read property '0' of undefined
    at publicSql.then (D:\ManyKitHost\trunk\manykit\routes\func.js:3182:69)
    at <anonymous>
    at process._tickDomainCallback (internal/process/next_tick.js:228:7)
[2018-09-29T10:09:07.064] [ERROR] err - TypeError: Cannot read property '0' of undefined
    at publicSql.then (D:\ManyKitHost\trunk\manykit\routes\func.js:3182:69)
    at <anonymous>
    at process._tickDomainCallback (internal/process/next_tick.js:228:7)
[2018-09-29T10:09:09.699] [ERROR] err - TypeError: Cannot read property '0' of undefined
    at publicSql.then (D:\ManyKitHost\trunk\manykit\routes\func.js:3182:69)
    at <anonymous>
    at process._tickDomainCallback (internal/process/next_tick.js:228:7)
[2018-09-29T10:14:06.327] [ERROR] err - TypeError: Cannot read property '0' of undefined
    at publicSql.then (D:\ManyKitHost\trunk\manykit\routes\func.js:3182:69)
    at <anonymous>
    at process._tickDomainCallback (internal/process/next_tick.js:228:7)
[2018-09-29T10:14:16.449] [ERROR] err - TypeError: Cannot read property '0' of undefined
    at publicSql.then (D:\ManyKitHost\trunk\manykit\routes\func.js:3182:69)
    at <anonymous>
    at process._tickDomainCallback (internal/process/next_tick.js:228:7)
[2018-09-29T10:22:52.269] [ERROR] err - TypeError: Cannot read property '0' of undefined
    at publicSql.then (D:\ManyKitHost\trunk\manykit\routes\func.js:3182:69)
    at <anonymous>
    at process._tickDomainCallback (internal/process/next_tick.js:228:7)
[2018-09-29T10:22:53.308] [ERROR] err - TypeError: Cannot read property '0' of undefined
    at publicSql.then (D:\ManyKitHost\trunk\manykit\routes\func.js:3182:69)
    at <anonymous>
    at process._tickDomainCallback (internal/process/next_tick.js:228:7)
[2018-09-29T10:24:39.070] [ERROR] err - TypeError: Cannot read property '0' of undefined
    at publicSql.then (D:\ManyKitHost\trunk\manykit\routes\func.js:3182:69)
    at <anonymous>
    at process._tickDomainCallback (internal/process/next_tick.js:228:7)
[2018-09-29T10:34:25.139] [ERROR] err - TypeError: Cannot read property '0' of undefined
    at publicSql.then (D:\ManyKitHost\trunk\manykit\routes\func.js:3182:69)
    at <anonymous>
    at process._tickDomainCallback (internal/process/next_tick.js:228:7)
[2018-09-29T10:34:36.601] [ERROR] err - TypeError: Cannot read property '0' of undefined
    at publicSql.then (D:\ManyKitHost\trunk\manykit\routes\func.js:3182:69)
    at <anonymous>
    at process._tickDomainCallback (internal/process/next_tick.js:228:7)
[2018-09-29T10:35:26.161] [ERROR] err - TypeError: Cannot read property '0' of undefined
    at publicSql.then (D:\ManyKitHost\trunk\manykit\routes\func.js:3182:69)
    at <anonymous>
    at process._tickDomainCallback (internal/process/next_tick.js:228:7)
[2018-09-29T10:35:28.024] [ERROR] err - TypeError: Cannot read property '0' of undefined
    at publicSql.then (D:\ManyKitHost\trunk\manykit\routes\func.js:3182:69)
    at <anonymous>
    at process._tickDomainCallback (internal/process/next_tick.js:228:7)
[2018-09-29T10:35:31.811] [ERROR] err - TypeError: Cannot read property '0' of undefined
    at publicSql.then (D:\ManyKitHost\trunk\manykit\routes\func.js:3182:69)
    at <anonymous>
    at process._tickDomainCallback (internal/process/next_tick.js:228:7)
[2018-09-29T10:45:34.165] [ERROR] err - TypeError: Cannot read property '0' of undefined
    at publicSql.then (D:\ManyKitHost\trunk\manykit\routes\func.js:3182:69)
    at <anonymous>
    at process._tickDomainCallback (internal/process/next_tick.js:228:7)
[2018-09-29T10:48:05.441] [ERROR] err - TypeError: Cannot read property '0' of undefined
    at publicSql.then (D:\ManyKitHost\trunk\manykit\routes\func.js:3182:69)
    at <anonymous>
    at process._tickDomainCallback (internal/process/next_tick.js:228:7)
[2018-09-29T10:48:08.287] [ERROR] err - TypeError: Cannot read property '0' of undefined
    at publicSql.then (D:\ManyKitHost\trunk\manykit\routes\func.js:3182:69)
    at <anonymous>
    at process._tickDomainCallback (internal/process/next_tick.js:228:7)
[2018-09-29T10:50:49.369] [ERROR] err - TypeError: Cannot read property '0' of undefined
    at publicSql.then (D:\ManyKitHost\trunk\manykit\routes\func.js:3182:69)
    at <anonymous>
    at process._tickDomainCallback (internal/process/next_tick.js:228:7)
[2018-09-29T10:50:58.586] [ERROR] err - TypeError: Cannot read property '0' of undefined
    at publicSql.then (D:\ManyKitHost\trunk\manykit\routes\func.js:3182:69)
    at <anonymous>
    at process._tickDomainCallback (internal/process/next_tick.js:228:7)
[2018-09-29T10:50:59.624] [ERROR] err - TypeError: Cannot read property '0' of undefined
    at publicSql.then (D:\ManyKitHost\trunk\manykit\routes\func.js:3182:69)
    at <anonymous>
    at process._tickDomainCallback (internal/process/next_tick.js:228:7)
[2018-09-29T10:50:59.994] [ERROR] err - TypeError: Cannot read property '0' of undefined
    at publicSql.then (D:\ManyKitHost\trunk\manykit\routes\func.js:3182:69)
    at <anonymous>
    at process._tickDomainCallback (internal/process/next_tick.js:228:7)
[2018-09-29T10:51:01.020] [ERROR] err - TypeError: Cannot read property '0' of undefined
    at publicSql.then (D:\ManyKitHost\trunk\manykit\routes\func.js:3182:69)
    at <anonymous>
    at process._tickDomainCallback (internal/process/next_tick.js:228:7)
[2018-09-29T10:51:01.283] [ERROR] err - TypeError: Cannot read property '0' of undefined
    at publicSql.then (D:\ManyKitHost\trunk\manykit\routes\func.js:3182:69)
    at <anonymous>
    at process._tickDomainCallback (internal/process/next_tick.js:228:7)
[2018-09-29T10:51:06.367] [ERROR] err - TypeError: Cannot read property '0' of undefined
    at publicSql.then (D:\ManyKitHost\trunk\manykit\routes\func.js:3182:69)
    at <anonymous>
    at process._tickDomainCallback (internal/process/next_tick.js:228:7)
[2018-09-29T10:51:07.636] [ERROR] err - TypeError: Cannot read property '0' of undefined
    at publicSql.then (D:\ManyKitHost\trunk\manykit\routes\func.js:3182:69)
    at <anonymous>
    at process._tickDomainCallback (internal/process/next_tick.js:228:7)
[2018-09-29T10:51:08.760] [ERROR] err - TypeError: Cannot read property '0' of undefined
    at publicSql.then (D:\ManyKitHost\trunk\manykit\routes\func.js:3182:69)
    at <anonymous>
    at process._tickDomainCallback (internal/process/next_tick.js:228:7)
[2018-09-29T10:51:09.223] [ERROR] err - TypeError: Cannot read property '0' of undefined
    at publicSql.then (D:\ManyKitHost\trunk\manykit\routes\func.js:3182:69)
    at <anonymous>
    at process._tickDomainCallback (internal/process/next_tick.js:228:7)
[2018-09-29T10:51:34.019] [ERROR] err - TypeError: Cannot read property '0' of undefined
    at publicSql.then (D:\ManyKitHost\trunk\manykit\routes\func.js:3182:69)
    at <anonymous>
    at process._tickDomainCallback (internal/process/next_tick.js:228:7)
[2018-09-29T10:51:43.527] [ERROR] err - TypeError: Cannot read property '0' of undefined
    at publicSql.then (D:\ManyKitHost\trunk\manykit\routes\func.js:3182:69)
    at <anonymous>
    at process._tickDomainCallback (internal/process/next_tick.js:228:7)
[2018-09-29T10:51:53.743] [ERROR] err - TypeError: Cannot read property '0' of undefined
    at publicSql.then (D:\ManyKitHost\trunk\manykit\routes\func.js:3182:69)
    at <anonymous>
    at process._tickDomainCallback (internal/process/next_tick.js:228:7)
[2018-09-29T10:52:08.493] [ERROR] err - TypeError: Cannot read property '0' of undefined
    at publicSql.then (D:\ManyKitHost\trunk\manykit\routes\func.js:3182:69)
    at <anonymous>
    at process._tickDomainCallback (internal/process/next_tick.js:228:7)
[2018-09-29T10:52:09.564] [ERROR] err - TypeError: Cannot read property '0' of undefined
    at publicSql.then (D:\ManyKitHost\trunk\manykit\routes\func.js:3182:69)
    at <anonymous>
    at process._tickDomainCallback (internal/process/next_tick.js:228:7)
[2018-09-29T10:52:10.444] [ERROR] err - TypeError: Cannot read property '0' of undefined
    at publicSql.then (D:\ManyKitHost\trunk\manykit\routes\func.js:3182:69)
    at <anonymous>
    at process._tickDomainCallback (internal/process/next_tick.js:228:7)
[2018-09-29T10:52:10.688] [ERROR] err - TypeError: Cannot read property '0' of undefined
    at publicSql.then (D:\ManyKitHost\trunk\manykit\routes\func.js:3182:69)
    at <anonymous>
    at process._tickDomainCallback (internal/process/next_tick.js:228:7)
[2018-09-29T10:52:11.082] [ERROR] err - TypeError: Cannot read property '0' of undefined
    at publicSql.then (D:\ManyKitHost\trunk\manykit\routes\func.js:3182:69)
    at <anonymous>
    at process._tickDomainCallback (internal/process/next_tick.js:228:7)
[2018-09-29T10:52:11.866] [ERROR] err - TypeError: Cannot read property '0' of undefined
    at publicSql.then (D:\ManyKitHost\trunk\manykit\routes\func.js:3182:69)
    at <anonymous>
    at process._tickDomainCallback (internal/process/next_tick.js:228:7)
[2018-09-29T10:52:12.111] [ERROR] err - TypeError: Cannot read property '0' of undefined
    at publicSql.then (D:\ManyKitHost\trunk\manykit\routes\func.js:3182:69)
    at <anonymous>
    at process._tickDomainCallback (internal/process/next_tick.js:228:7)
[2018-09-29T10:52:12.457] [ERROR] err - TypeError: Cannot read property '0' of undefined
    at publicSql.then (D:\ManyKitHost\trunk\manykit\routes\func.js:3182:69)
    at <anonymous>
    at process._tickDomainCallback (internal/process/next_tick.js:228:7)
[2018-09-29T10:52:13.123] [ERROR] err - TypeError: Cannot read property '0' of undefined
    at publicSql.then (D:\ManyKitHost\trunk\manykit\routes\func.js:3182:69)
    at <anonymous>
    at process._tickDomainCallback (internal/process/next_tick.js:228:7)
[2018-09-29T10:52:43.520] [ERROR] err - TypeError: Cannot read property '0' of undefined
    at publicSql.then (D:\ManyKitHost\trunk\manykit\routes\func.js:3182:69)
    at <anonymous>
    at process._tickDomainCallback (internal/process/next_tick.js:228:7)
[2018-09-29T10:52:44.307] [ERROR] err - TypeError: Cannot read property '0' of undefined
    at publicSql.then (D:\ManyKitHost\trunk\manykit\routes\func.js:3182:69)
    at <anonymous>
    at process._tickDomainCallback (internal/process/next_tick.js:228:7)
[2018-09-29T10:52:46.819] [ERROR] err - TypeError: Cannot read property '0' of undefined
    at publicSql.then (D:\ManyKitHost\trunk\manykit\routes\func.js:3182:69)
    at <anonymous>
    at process._tickDomainCallback (internal/process/next_tick.js:228:7)
[2018-09-29T10:52:48.997] [ERROR] err - TypeError: Cannot read property '0' of undefined
    at publicSql.then (D:\ManyKitHost\trunk\manykit\routes\func.js:3182:69)
    at <anonymous>
    at process._tickDomainCallback (internal/process/next_tick.js:228:7)
[2018-09-29T11:00:32.132] [ERROR] err - TypeError: Cannot read property '0' of undefined
    at publicSql.then (D:\ManyKitHost\trunk\manykit\routes\func.js:3182:69)
    at <anonymous>
    at process._tickDomainCallback (internal/process/next_tick.js:228:7)
[2018-09-29T11:08:34.519] [ERROR] err - { Error: Not Found
    at D:\ManyKitHost\trunk\manykit\app.js:308:15
    at Layer.handle [as handle_request] (D:\ManyKitHost\trunk\manykit\node_modules\express\lib\router\layer.js:95:5)
    at trim_prefix (D:\ManyKitHost\trunk\manykit\node_modules\express\lib\router\index.js:317:13)
    at D:\ManyKitHost\trunk\manykit\node_modules\express\lib\router\index.js:284:7
    at Function.process_params (D:\ManyKitHost\trunk\manykit\node_modules\express\lib\router\index.js:335:12)
    at next (D:\ManyKitHost\trunk\manykit\node_modules\express\lib\router\index.js:275:10)
    at SendStream.error (D:\ManyKitHost\trunk\manykit\node_modules\serve-static\index.js:121:7)
    at emitOne (events.js:116:13)
    at SendStream.emit (events.js:211:7)
    at SendStream.error (D:\ManyKitHost\trunk\manykit\node_modules\send\index.js:275:17)
    at SendStream.onStatError (D:\ManyKitHost\trunk\manykit\node_modules\send\index.js:426:12)
    at next (D:\ManyKitHost\trunk\manykit\node_modules\send\index.js:764:28)
    at D:\ManyKitHost\trunk\manykit\node_modules\send\index.js:772:23
    at FSReqWrap.oncomplete (fs.js:152:21) status: 404 }
[2018-09-29T11:08:37.779] [ERROR] err - TypeError: Cannot read property '0' of undefined
    at publicSql.then (D:\ManyKitHost\trunk\manykit\routes\func.js:3182:69)
    at <anonymous>
    at process._tickDomainCallback (internal/process/next_tick.js:228:7)
[2018-09-29T11:11:41.974] [ERROR] err - TypeError: Cannot read property '0' of undefined
    at publicSql.then (D:\ManyKitHost\trunk\manykit\routes\func.js:3182:69)
    at <anonymous>
    at process._tickDomainCallback (internal/process/next_tick.js:228:7)
[2018-09-29T11:11:53.288] [ERROR] err - TypeError: Cannot read property '0' of undefined
    at publicSql.then (D:\ManyKitHost\trunk\manykit\routes\func.js:3182:69)
    at <anonymous>
    at process._tickDomainCallback (internal/process/next_tick.js:228:7)
[2018-09-29T11:14:50.843] [ERROR] err - TypeError: Cannot read property '0' of undefined
    at publicSql.then (D:\ManyKitHost\trunk\manykit\routes\func.js:3182:69)
    at <anonymous>
    at process._tickDomainCallback (internal/process/next_tick.js:228:7)
[2018-09-29T11:14:55.097] [ERROR] err - TypeError: Cannot read property '0' of undefined
    at publicSql.then (D:\ManyKitHost\trunk\manykit\routes\func.js:3182:69)
    at <anonymous>
    at process._tickDomainCallback (internal/process/next_tick.js:228:7)
[2018-09-29T11:14:59.141] [ERROR] err - TypeError: Cannot read property '0' of undefined
    at publicSql.then (D:\ManyKitHost\trunk\manykit\routes\func.js:3182:69)
    at <anonymous>
    at process._tickDomainCallback (internal/process/next_tick.js:228:7)
[2018-09-29T11:17:28.899] [ERROR] err - TypeError: Cannot read property '0' of undefined
    at publicSql.then (D:\ManyKitHost\trunk\manykit\routes\func.js:3182:69)
    at <anonymous>
    at process._tickDomainCallback (internal/process/next_tick.js:228:7)
[2018-09-29T11:22:25.559] [ERROR] err - TypeError: Cannot read property '0' of undefined
    at publicSql.then (D:\ManyKitHost\trunk\manykit\routes\func.js:3182:69)
    at <anonymous>
    at process._tickDomainCallback (internal/process/next_tick.js:228:7)
[2018-09-29T11:22:39.992] [ERROR] err - TypeError: Cannot read property '0' of undefined
    at publicSql.then (D:\ManyKitHost\trunk\manykit\routes\func.js:3182:69)
    at <anonymous>
    at process._tickDomainCallback (internal/process/next_tick.js:228:7)
[2018-09-29T11:22:52.855] [ERROR] err - TypeError: Cannot read property '0' of undefined
    at publicSql.then (D:\ManyKitHost\trunk\manykit\routes\func.js:3182:69)
    at <anonymous>
    at process._tickDomainCallback (internal/process/next_tick.js:228:7)
[2018-09-29T11:22:57.276] [ERROR] err - TypeError: Cannot read property '0' of undefined
    at publicSql.then (D:\ManyKitHost\trunk\manykit\routes\func.js:3182:69)
    at <anonymous>
    at process._tickDomainCallback (internal/process/next_tick.js:228:7)
[2018-09-29T11:23:08.116] [ERROR] err - TypeError: Cannot read property '0' of undefined
    at publicSql.then (D:\ManyKitHost\trunk\manykit\routes\func.js:3182:69)
    at <anonymous>
    at process._tickDomainCallback (internal/process/next_tick.js:228:7)
[2018-09-29T11:26:11.583] [ERROR] err - TypeError: Cannot read property '0' of undefined
    at publicSql.then (D:\ManyKitHost\trunk\manykit\routes\func.js:3182:69)
    at <anonymous>
    at process._tickDomainCallback (internal/process/next_tick.js:228:7)
[2018-09-29T11:26:24.214] [ERROR] err - TypeError: Cannot read property '0' of undefined
    at publicSql.then (D:\ManyKitHost\trunk\manykit\routes\func.js:3182:69)
    at <anonymous>
    at process._tickDomainCallback (internal/process/next_tick.js:228:7)
[2018-09-29T11:30:00.144] [ERROR] err - TypeError: Cannot read property '0' of undefined
    at publicSql.then (D:\ManyKitHost\trunk\manykit\routes\func.js:3182:69)
    at <anonymous>
    at process._tickDomainCallback (internal/process/next_tick.js:228:7)
[2018-09-29T11:30:07.270] [ERROR] err - TypeError: Cannot read property '0' of undefined
    at publicSql.then (D:\ManyKitHost\trunk\manykit\routes\func.js:3182:69)
    at <anonymous>
    at process._tickDomainCallback (internal/process/next_tick.js:228:7)
[2018-09-29T11:30:11.213] [ERROR] err - TypeError: Cannot read property '0' of undefined
    at publicSql.then (D:\ManyKitHost\trunk\manykit\routes\func.js:3182:69)
    at <anonymous>
    at process._tickDomainCallback (internal/process/next_tick.js:228:7)
[2018-09-29T11:30:14.988] [ERROR] err - TypeError: Cannot read property '0' of undefined
    at publicSql.then (D:\ManyKitHost\trunk\manykit\routes\func.js:3182:69)
    at <anonymous>
    at process._tickDomainCallback (internal/process/next_tick.js:228:7)
[2018-09-29T11:30:18.518] [ERROR] err - TypeError: Cannot read property '0' of undefined
    at publicSql.then (D:\ManyKitHost\trunk\manykit\routes\func.js:3182:69)
    at <anonymous>
    at process._tickDomainCallback (internal/process/next_tick.js:228:7)
[2018-09-29T11:30:20.556] [ERROR] err - TypeError: Cannot read property '0' of undefined
    at publicSql.then (D:\ManyKitHost\trunk\manykit\routes\func.js:3182:69)
    at <anonymous>
    at process._tickDomainCallback (internal/process/next_tick.js:228:7)
[2018-09-29T11:39:54.857] [ERROR] err - TypeError: Cannot read property '0' of undefined
    at publicSql.then (D:\ManyKitHost\trunk\manykit\routes\func.js:3182:69)
    at <anonymous>
    at process._tickDomainCallback (internal/process/next_tick.js:228:7)
[2018-09-29T11:40:37.233] [ERROR] err - TypeError: Cannot read property '0' of undefined
    at publicSql.then (D:\ManyKitHost\trunk\manykit\routes\func.js:3182:69)
    at <anonymous>
    at process._tickDomainCallback (internal/process/next_tick.js:228:7)
[2018-09-29T11:43:31.160] [ERROR] err - TypeError: Cannot read property '0' of undefined
    at publicSql.then (D:\ManyKitHost\trunk\manykit\routes\func.js:3182:69)
    at <anonymous>
    at process._tickDomainCallback (internal/process/next_tick.js:228:7)
[2018-09-29T11:45:05.991] [ERROR] err - TypeError: Cannot read property '0' of undefined
    at publicSql.then (D:\ManyKitHost\trunk\manykit\routes\func.js:3182:69)
    at <anonymous>
    at process._tickDomainCallback (internal/process/next_tick.js:228:7)
[2018-09-29T11:47:18.924] [ERROR] err - TypeError: Cannot read property '0' of undefined
    at publicSql.then (D:\ManyKitHost\trunk\manykit\routes\func.js:3182:69)
    at <anonymous>
    at process._tickDomainCallback (internal/process/next_tick.js:228:7)
[2018-09-29T11:47:21.946] [ERROR] err - TypeError: Cannot read property '0' of undefined
    at publicSql.then (D:\ManyKitHost\trunk\manykit\routes\func.js:3182:69)
    at <anonymous>
    at process._tickDomainCallback (internal/process/next_tick.js:228:7)
[2018-09-29T11:47:35.965] [ERROR] err - TypeError: Cannot read property '0' of undefined
    at publicSql.then (D:\ManyKitHost\trunk\manykit\routes\func.js:3182:69)
    at <anonymous>
    at process._tickDomainCallback (internal/process/next_tick.js:228:7)
[2018-09-29T11:51:59.240] [ERROR] err - TypeError: Cannot read property '0' of undefined
    at publicSql.then (D:\ManyKitHost\trunk\manykit\routes\func.js:3182:69)
    at <anonymous>
    at process._tickDomainCallback (internal/process/next_tick.js:228:7)
[2018-09-29T11:52:59.634] [ERROR] err - TypeError: Cannot read property '0' of undefined
    at publicSql.then (D:\ManyKitHost\trunk\manykit\routes\func.js:3182:69)
    at <anonymous>
    at process._tickDomainCallback (internal/process/next_tick.js:228:7)
[2018-09-29T11:53:10.977] [ERROR] err - TypeError: Cannot read property '0' of undefined
    at publicSql.then (D:\ManyKitHost\trunk\manykit\routes\func.js:3182:69)
    at <anonymous>
    at process._tickDomainCallback (internal/process/next_tick.js:228:7)
[2018-09-29T11:53:19.959] [ERROR] err - TypeError: Cannot read property '0' of undefined
    at publicSql.then (D:\ManyKitHost\trunk\manykit\routes\func.js:3182:69)
    at <anonymous>
    at process._tickDomainCallback (internal/process/next_tick.js:228:7)
[2018-09-29T11:53:27.937] [ERROR] err - TypeError: Cannot read property '0' of undefined
    at publicSql.then (D:\ManyKitHost\trunk\manykit\routes\func.js:3182:69)
    at <anonymous>
    at process._tickDomainCallback (internal/process/next_tick.js:228:7)
[2018-09-29T11:54:00.866] [ERROR] err - TypeError: Cannot read property '0' of undefined
    at publicSql.then (D:\ManyKitHost\trunk\manykit\routes\func.js:3182:69)
    at <anonymous>
    at process._tickDomainCallback (internal/process/next_tick.js:228:7)
[2018-09-29T11:56:36.701] [ERROR] err - TypeError: Cannot read property '0' of undefined
    at publicSql.then (D:\ManyKitHost\trunk\manykit\routes\func.js:3182:69)
    at <anonymous>
    at process._tickDomainCallback (internal/process/next_tick.js:228:7)
[2018-09-29T12:25:14.953] [ERROR] err - TypeError: Cannot read property '0' of undefined
    at publicSql.then (D:\ManyKitHost\trunk\manykit\routes\func.js:3182:69)
    at <anonymous>
    at process._tickDomainCallback (internal/process/next_tick.js:228:7)
[2018-09-29T12:25:23.136] [ERROR] err - TypeError: Cannot read property '0' of undefined
    at publicSql.then (D:\ManyKitHost\trunk\manykit\routes\func.js:3182:69)
    at <anonymous>
    at process._tickDomainCallback (internal/process/next_tick.js:228:7)
[2018-09-29T12:26:13.090] [ERROR] err - TypeError: Cannot read property '0' of undefined
    at publicSql.then (D:\ManyKitHost\trunk\manykit\routes\func.js:3182:69)
    at <anonymous>
    at process._tickDomainCallback (internal/process/next_tick.js:228:7)
[2018-09-29T12:26:34.234] [ERROR] err - TypeError: Cannot read property '0' of undefined
    at publicSql.then (D:\ManyKitHost\trunk\manykit\routes\func.js:3182:69)
    at <anonymous>
    at process._tickDomainCallback (internal/process/next_tick.js:228:7)
[2018-09-29T12:26:48.760] [ERROR] err - TypeError: Cannot read property '0' of undefined
    at publicSql.then (D:\ManyKitHost\trunk\manykit\routes\func.js:3182:69)
    at <anonymous>
    at process._tickDomainCallback (internal/process/next_tick.js:228:7)
[2018-09-29T12:27:59.443] [ERROR] err - TypeError: Cannot read property '0' of undefined
    at publicSql.then (D:\ManyKitHost\trunk\manykit\routes\func.js:3182:69)
    at <anonymous>
    at process._tickDomainCallback (internal/process/next_tick.js:228:7)
[2018-09-29T12:28:44.904] [ERROR] err - TypeError: Cannot read property '0' of undefined
    at publicSql.then (D:\ManyKitHost\trunk\manykit\routes\func.js:3182:69)
    at <anonymous>
    at process._tickDomainCallback (internal/process/next_tick.js:228:7)
[2018-09-29T13:47:48.729] [ERROR] err - TypeError: Cannot read property '0' of undefined
    at publicSql.then (D:\ManyKitHost\trunk\manykit\routes\func.js:3182:69)
    at <anonymous>
    at process._tickDomainCallback (internal/process/next_tick.js:228:7)
[2018-09-29T13:50:35.352] [ERROR] err - TypeError: Cannot read property '0' of undefined
    at publicSql.then (D:\ManyKitHost\trunk\manykit\routes\func.js:3182:69)
    at <anonymous>
    at process._tickDomainCallback (internal/process/next_tick.js:228:7)
[2018-09-29T13:50:42.568] [ERROR] err - { Error: Not Found
    at D:\ManyKitHost\trunk\manykit\app.js:308:15
    at Layer.handle [as handle_request] (D:\ManyKitHost\trunk\manykit\node_modules\express\lib\router\layer.js:95:5)
    at trim_prefix (D:\ManyKitHost\trunk\manykit\node_modules\express\lib\router\index.js:317:13)
    at D:\ManyKitHost\trunk\manykit\node_modules\express\lib\router\index.js:284:7
    at Function.process_params (D:\ManyKitHost\trunk\manykit\node_modules\express\lib\router\index.js:335:12)
    at next (D:\ManyKitHost\trunk\manykit\node_modules\express\lib\router\index.js:275:10)
    at SendStream.error (D:\ManyKitHost\trunk\manykit\node_modules\serve-static\index.js:121:7)
    at emitOne (events.js:116:13)
    at SendStream.emit (events.js:211:7)
    at SendStream.error (D:\ManyKitHost\trunk\manykit\node_modules\send\index.js:275:17)
    at SendStream.onStatError (D:\ManyKitHost\trunk\manykit\node_modules\send\index.js:426:12)
    at next (D:\ManyKitHost\trunk\manykit\node_modules\send\index.js:764:28)
    at D:\ManyKitHost\trunk\manykit\node_modules\send\index.js:772:23
    at FSReqWrap.oncomplete (fs.js:152:21) status: 404 }
[2018-09-29T13:55:22.366] [ERROR] err - TypeError: Cannot read property '0' of undefined
    at publicSql.then (D:\ManyKitHost\trunk\manykit\routes\func.js:3182:69)
    at <anonymous>
    at process._tickDomainCallback (internal/process/next_tick.js:228:7)
[2018-09-29T13:55:58.274] [ERROR] err - TypeError: Cannot read property '0' of undefined
    at publicSql.then (D:\ManyKitHost\trunk\manykit\routes\func.js:3182:69)
    at <anonymous>
    at process._tickDomainCallback (internal/process/next_tick.js:228:7)
[2018-09-29T13:57:32.812] [ERROR] err - TypeError: Cannot read property '0' of undefined
    at publicSql.then (D:\ManyKitHost\trunk\manykit\routes\func.js:3182:69)
    at <anonymous>
    at process._tickDomainCallback (internal/process/next_tick.js:228:7)
[2018-09-29T14:03:11.280] [ERROR] err - Error: Can't set headers after they are sent.
    at validateHeader (_http_outgoing.js:494:11)
    at ServerResponse.setHeader (_http_outgoing.js:501:3)
    at ServerResponse.header (D:\ManyKitHost\trunk\manykit\node_modules\express\lib\response.js:730:10)
    at ServerResponse.send (D:\ManyKitHost\trunk\manykit\node_modules\express\lib\response.js:170:12)
    at ServerResponse.json (D:\ManyKitHost\trunk\manykit\node_modules\express\lib\response.js:256:15)
    at ServerResponse.send (D:\ManyKitHost\trunk\manykit\node_modules\express\lib\response.js:158:21)
    at Object.success (D:\ManyKitHost\trunk\manykit\common\responseResult.js:4:24)
    at publicSql.then (D:\ManyKitHost\trunk\manykit\routes\func.js:250:48)
    at <anonymous>
    at process._tickDomainCallback (internal/process/next_tick.js:228:7)
[2018-09-29T14:03:30.344] [ERROR] err - TypeError: Cannot read property '0' of undefined
    at publicSql.then (D:\ManyKitHost\trunk\manykit\routes\func.js:3182:69)
    at <anonymous>
    at process._tickDomainCallback (internal/process/next_tick.js:228:7)
[2018-09-29T14:03:50.198] [ERROR] err - TypeError: Cannot read property '0' of undefined
    at publicSql.then (D:\ManyKitHost\trunk\manykit\routes\func.js:3182:69)
    at <anonymous>
    at process._tickDomainCallback (internal/process/next_tick.js:228:7)
[2018-09-29T14:04:08.936] [ERROR] err - TypeError: Cannot read property '0' of undefined
    at publicSql.then (D:\ManyKitHost\trunk\manykit\routes\func.js:3182:69)
    at <anonymous>
    at process._tickDomainCallback (internal/process/next_tick.js:228:7)
[2018-09-29T14:04:24.721] [ERROR] err - TypeError: Cannot read property '0' of undefined
    at publicSql.then (D:\ManyKitHost\trunk\manykit\routes\func.js:3182:69)
    at <anonymous>
    at process._tickDomainCallback (internal/process/next_tick.js:228:7)
[2018-09-29T14:10:02.449] [ERROR] err - TypeError: Cannot read property '0' of undefined
    at publicSql.then (D:\ManyKitHost\trunk\manykit\routes\func.js:3182:69)
    at <anonymous>
    at process._tickDomainCallback (internal/process/next_tick.js:228:7)
[2018-09-29T14:10:10.417] [ERROR] err - TypeError: Cannot read property '0' of undefined
    at publicSql.then (D:\ManyKitHost\trunk\manykit\routes\func.js:3182:69)
    at <anonymous>
    at process._tickDomainCallback (internal/process/next_tick.js:228:7)
[2018-09-29T14:10:49.608] [ERROR] err - TypeError: Cannot read property '0' of undefined
    at publicSql.then (D:\ManyKitHost\trunk\manykit\routes\func.js:3182:69)
    at <anonymous>
    at process._tickDomainCallback (internal/process/next_tick.js:228:7)
[2018-09-29T14:12:07.024] [ERROR] err - TypeError: Cannot read property '0' of undefined
    at publicSql.then (D:\ManyKitHost\trunk\manykit\routes\func.js:3182:69)
    at <anonymous>
    at process._tickDomainCallback (internal/process/next_tick.js:228:7)
[2018-09-29T14:14:51.798] [ERROR] err - TypeError: Cannot read property '0' of undefined
    at publicSql.then (D:\ManyKitHost\trunk\manykit\routes\func.js:3182:69)
    at <anonymous>
    at process._tickDomainCallback (internal/process/next_tick.js:228:7)
[2018-09-29T14:15:16.480] [ERROR] err - TypeError: Cannot read property '0' of undefined
    at publicSql.then (D:\ManyKitHost\trunk\manykit\routes\func.js:3182:69)
    at <anonymous>
    at process._tickDomainCallback (internal/process/next_tick.js:228:7)
[2018-09-29T14:17:16.834] [ERROR] err - TypeError: Cannot read property '0' of undefined
    at publicSql.then (D:\ManyKitHost\trunk\manykit\routes\func.js:3182:69)
    at <anonymous>
    at process._tickDomainCallback (internal/process/next_tick.js:228:7)
[2018-09-29T14:20:54.212] [ERROR] err - TypeError: Cannot read property '0' of undefined
    at publicSql.then (D:\ManyKitHost\trunk\manykit\routes\func.js:3182:69)
    at <anonymous>
    at process._tickDomainCallback (internal/process/next_tick.js:228:7)
[2018-09-29T14:21:13.982] [ERROR] err - TypeError: Cannot read property '0' of undefined
    at publicSql.then (D:\ManyKitHost\trunk\manykit\routes\func.js:3182:69)
    at <anonymous>
    at process._tickDomainCallback (internal/process/next_tick.js:228:7)
[2018-09-29T14:36:00.016] [ERROR] err - TypeError: Cannot read property '0' of undefined
    at publicSql.then (D:\ManyKitHost\trunk\manykit\routes\func.js:3182:69)
    at <anonymous>
    at process._tickDomainCallback (internal/process/next_tick.js:228:7)
[2018-09-29T14:42:54.282] [ERROR] err - TypeError: Cannot read property '0' of undefined
    at publicSql.then (D:\ManyKitHost\trunk\manykit\routes\func.js:3182:69)
    at <anonymous>
    at process._tickDomainCallback (internal/process/next_tick.js:228:7)
[2018-09-29T14:44:30.893] [ERROR] err - TypeError: Cannot read property '0' of undefined
    at publicSql.then (D:\ManyKitHost\trunk\manykit\routes\func.js:3182:69)
    at <anonymous>
    at process._tickDomainCallback (internal/process/next_tick.js:228:7)
[2018-09-29T14:48:06.005] [ERROR] err - TypeError: Cannot read property '0' of undefined
    at publicSql.then (D:\ManyKitHost\trunk\manykit\routes\func.js:3182:69)
    at <anonymous>
    at process._tickDomainCallback (internal/process/next_tick.js:228:7)
[2018-09-29T14:48:50.413] [ERROR] err - TypeError: Cannot read property '0' of undefined
    at publicSql.then (D:\ManyKitHost\trunk\manykit\routes\func.js:3182:69)
    at <anonymous>
    at process._tickDomainCallback (internal/process/next_tick.js:228:7)
[2018-09-29T14:49:47.405] [ERROR] err - TypeError: Cannot read property '0' of undefined
    at publicSql.then (D:\ManyKitHost\trunk\manykit\routes\func.js:3182:69)
    at <anonymous>
    at process._tickDomainCallback (internal/process/next_tick.js:228:7)
[2018-09-29T15:01:18.202] [ERROR] err - TypeError: Cannot read property '0' of undefined
    at publicSql.then (D:\ManyKitHost\trunk\manykit\routes\func.js:3182:69)
    at <anonymous>
    at process._tickDomainCallback (internal/process/next_tick.js:228:7)
[2018-09-29T15:01:52.218] [ERROR] err - TypeError: Cannot read property '0' of undefined
    at publicSql.then (D:\ManyKitHost\trunk\manykit\routes\func.js:3182:69)
    at <anonymous>
    at process._tickDomainCallback (internal/process/next_tick.js:228:7)
[2018-09-29T15:05:31.081] [ERROR] err - TypeError: Cannot read property '0' of undefined
    at publicSql.then (D:\ManyKitHost\trunk\manykit\routes\func.js:3182:69)
    at <anonymous>
    at process._tickDomainCallback (internal/process/next_tick.js:228:7)
[2018-09-29T15:05:39.580] [ERROR] err - TypeError: Cannot read property '0' of undefined
    at publicSql.then (D:\ManyKitHost\trunk\manykit\routes\func.js:3182:69)
    at <anonymous>
    at process._tickDomainCallback (internal/process/next_tick.js:228:7)
[2018-09-29T15:14:58.444] [ERROR] err - TypeError: Cannot read property '0' of undefined
    at publicSql.then (D:\ManyKitHost\trunk\manykit\routes\func.js:3182:69)
    at <anonymous>
    at process._tickDomainCallback (internal/process/next_tick.js:228:7)
[2018-09-29T15:15:13.808] [ERROR] err - TypeError: Cannot read property '0' of undefined
    at publicSql.then (D:\ManyKitHost\trunk\manykit\routes\func.js:3182:69)
    at <anonymous>
    at process._tickDomainCallback (internal/process/next_tick.js:228:7)
[2018-09-29T15:18:31.672] [ERROR] err - TypeError: Cannot read property '0' of undefined
    at publicSql.then (D:\ManyKitHost\trunk\manykit\routes\func.js:3182:69)
    at <anonymous>
    at process._tickDomainCallback (internal/process/next_tick.js:228:7)
[2018-09-29T15:20:03.290] [ERROR] err - TypeError: Cannot read property '0' of undefined
    at publicSql.then (D:\ManyKitHost\trunk\manykit\routes\func.js:3182:69)
    at <anonymous>
    at process._tickDomainCallback (internal/process/next_tick.js:228:7)
[2018-09-29T15:21:34.308] [ERROR] err - TypeError: Cannot read property '0' of undefined
    at publicSql.then (D:\ManyKitHost\trunk\manykit\routes\func.js:3182:69)
    at <anonymous>
    at process._tickDomainCallback (internal/process/next_tick.js:228:7)
[2018-09-29T15:23:42.002] [ERROR] err - TypeError: Cannot read property '0' of undefined
    at publicSql.then (D:\ManyKitHost\trunk\manykit\routes\func.js:3182:69)
    at <anonymous>
    at process._tickDomainCallback (internal/process/next_tick.js:228:7)
[2018-09-29T15:24:51.885] [ERROR] err - TypeError: Cannot read property '0' of undefined
    at publicSql.then (D:\ManyKitHost\trunk\manykit\routes\func.js:3182:69)
    at <anonymous>
    at process._tickDomainCallback (internal/process/next_tick.js:228:7)
[2018-09-29T15:26:39.252] [ERROR] err - TypeError: Cannot read property '0' of undefined
    at publicSql.then (D:\ManyKitHost\trunk\manykit\routes\func.js:3182:69)
    at <anonymous>
    at process._tickDomainCallback (internal/process/next_tick.js:228:7)
[2018-09-29T15:26:48.540] [ERROR] err - TypeError: Cannot read property '0' of undefined
    at publicSql.then (D:\ManyKitHost\trunk\manykit\routes\func.js:3182:69)
    at <anonymous>
    at process._tickDomainCallback (internal/process/next_tick.js:228:7)
[2018-09-29T15:29:40.738] [ERROR] err - TypeError: Cannot read property '0' of undefined
    at publicSql.then (D:\ManyKitHost\trunk\manykit\routes\func.js:3182:69)
    at <anonymous>
    at process._tickDomainCallback (internal/process/next_tick.js:228:7)
[2018-09-29T15:32:27.581] [ERROR] err - TypeError: Cannot read property '0' of undefined
    at publicSql.then (D:\ManyKitHost\trunk\manykit\routes\func.js:3182:69)
    at <anonymous>
    at process._tickDomainCallback (internal/process/next_tick.js:228:7)
[2018-09-29T15:33:40.541] [ERROR] err - TypeError: This library (validator.js) validates strings only
    at assertString (D:\ManyKitHost\trunk\manykit\node_modules\validator\lib\util\assertString.js:11:11)
    at ltrim (D:\ManyKitHost\trunk\manykit\node_modules\validator\lib\ltrim.js:15:30)
    at Object.trim (D:\ManyKitHost\trunk\manykit\node_modules\validator\lib\trim.js:19:51)
    at login (D:\ManyKitHost\trunk\manykit\routes\func.js:321:38)
    at Layer.handle [as handle_request] (D:\ManyKitHost\trunk\manykit\node_modules\express\lib\router\layer.js:95:5)
    at trim_prefix (D:\ManyKitHost\trunk\manykit\node_modules\express\lib\router\index.js:317:13)
    at D:\ManyKitHost\trunk\manykit\node_modules\express\lib\router\index.js:284:7
    at Function.process_params (D:\ManyKitHost\trunk\manykit\node_modules\express\lib\router\index.js:335:12)
    at next (D:\ManyKitHost\trunk\manykit\node_modules\express\lib\router\index.js:275:10)
    at SendStream.error (D:\ManyKitHost\trunk\manykit\node_modules\serve-static\index.js:121:7)
    at emitOne (events.js:116:13)
    at SendStream.emit (events.js:211:7)
    at SendStream.error (D:\ManyKitHost\trunk\manykit\node_modules\send\index.js:275:17)
    at SendStream.onStatError (D:\ManyKitHost\trunk\manykit\node_modules\send\index.js:426:12)
    at next (D:\ManyKitHost\trunk\manykit\node_modules\send\index.js:736:16)
    at onstat (D:\ManyKitHost\trunk\manykit\node_modules\send\index.js:725:14)
[2018-09-29T15:36:05.795] [ERROR] err - TypeError: Cannot read property '0' of undefined
    at publicSql.then (D:\ManyKitHost\trunk\manykit\routes\func.js:3182:69)
    at <anonymous>
    at process._tickDomainCallback (internal/process/next_tick.js:228:7)
[2018-09-29T15:36:50.085] [ERROR] err - TypeError: Cannot read property '0' of undefined
    at publicSql.then (D:\ManyKitHost\trunk\manykit\routes\func.js:3182:69)
    at <anonymous>
    at process._tickDomainCallback (internal/process/next_tick.js:228:7)
[2018-09-29T15:37:45.394] [ERROR] err - TypeError: Cannot read property '0' of undefined
    at publicSql.then (D:\ManyKitHost\trunk\manykit\routes\func.js:3182:69)
    at <anonymous>
    at process._tickDomainCallback (internal/process/next_tick.js:228:7)
[2018-09-29T15:39:31.976] [ERROR] err - TypeError: Cannot read property '0' of undefined
    at publicSql.then (D:\ManyKitHost\trunk\manykit\routes\func.js:3182:69)
    at <anonymous>
    at process._tickDomainCallback (internal/process/next_tick.js:228:7)
[2018-09-29T15:44:45.313] [ERROR] err - TypeError: Cannot read property '0' of undefined
    at publicSql.then (D:\ManyKitHost\trunk\manykit\routes\func.js:3182:69)
    at <anonymous>
    at process._tickDomainCallback (internal/process/next_tick.js:228:7)
[2018-09-29T15:44:52.813] [ERROR] err - TypeError: Cannot read property '0' of undefined
    at publicSql.then (D:\ManyKitHost\trunk\manykit\routes\func.js:3182:69)
    at <anonymous>
    at process._tickDomainCallback (internal/process/next_tick.js:228:7)
[2018-09-29T15:45:16.848] [ERROR] err - TypeError: Cannot read property '0' of undefined
    at publicSql.then (D:\ManyKitHost\trunk\manykit\routes\func.js:3182:69)
    at <anonymous>
    at process._tickDomainCallback (internal/process/next_tick.js:228:7)
[2018-09-29T15:51:03.851] [ERROR] err - TypeError: This library (validator.js) validates strings only
    at assertString (D:\ManyKitHost\trunk\manykit\node_modules\validator\lib\util\assertString.js:11:11)
    at ltrim (D:\ManyKitHost\trunk\manykit\node_modules\validator\lib\ltrim.js:15:30)
    at Object.trim (D:\ManyKitHost\trunk\manykit\node_modules\validator\lib\trim.js:19:51)
    at signup (D:\ManyKitHost\trunk\manykit\routes\func.js:125:34)
    at Layer.handle [as handle_request] (D:\ManyKitHost\trunk\manykit\node_modules\express\lib\router\layer.js:95:5)
    at trim_prefix (D:\ManyKitHost\trunk\manykit\node_modules\express\lib\router\index.js:317:13)
    at D:\ManyKitHost\trunk\manykit\node_modules\express\lib\router\index.js:284:7
    at Function.process_params (D:\ManyKitHost\trunk\manykit\node_modules\express\lib\router\index.js:335:12)
    at next (D:\ManyKitHost\trunk\manykit\node_modules\express\lib\router\index.js:275:10)
    at SendStream.error (D:\ManyKitHost\trunk\manykit\node_modules\serve-static\index.js:121:7)
    at emitOne (events.js:116:13)
    at SendStream.emit (events.js:211:7)
    at SendStream.error (D:\ManyKitHost\trunk\manykit\node_modules\send\index.js:275:17)
    at SendStream.onStatError (D:\ManyKitHost\trunk\manykit\node_modules\send\index.js:426:12)
    at next (D:\ManyKitHost\trunk\manykit\node_modules\send\index.js:736:16)
    at onstat (D:\ManyKitHost\trunk\manykit\node_modules\send\index.js:725:14)
[2018-09-29T16:01:08.757] [ERROR] err - { Error: Not Found
    at D:\ManyKitHost\trunk\manykit\app.js:308:15
    at Layer.handle [as handle_request] (D:\ManyKitHost\trunk\manykit\node_modules\express\lib\router\layer.js:95:5)
    at trim_prefix (D:\ManyKitHost\trunk\manykit\node_modules\express\lib\router\index.js:317:13)
    at D:\ManyKitHost\trunk\manykit\node_modules\express\lib\router\index.js:284:7
    at Function.process_params (D:\ManyKitHost\trunk\manykit\node_modules\express\lib\router\index.js:335:12)
    at next (D:\ManyKitHost\trunk\manykit\node_modules\express\lib\router\index.js:275:10)
    at SendStream.error (D:\ManyKitHost\trunk\manykit\node_modules\serve-static\index.js:121:7)
    at emitOne (events.js:116:13)
    at SendStream.emit (events.js:211:7)
    at SendStream.error (D:\ManyKitHost\trunk\manykit\node_modules\send\index.js:275:17)
    at SendStream.onStatError (D:\ManyKitHost\trunk\manykit\node_modules\send\index.js:426:12)
    at next (D:\ManyKitHost\trunk\manykit\node_modules\send\index.js:736:16)
    at onstat (D:\ManyKitHost\trunk\manykit\node_modules\send\index.js:725:14)
    at FSReqWrap.oncomplete (fs.js:152:21) status: 404 }
[2018-09-29T17:01:15.378] [ERROR] err - { Error: Not Found
    at D:\ManyKitHost\trunk\manykit\app.js:308:15
    at Layer.handle [as handle_request] (D:\ManyKitHost\trunk\manykit\node_modules\express\lib\router\layer.js:95:5)
    at trim_prefix (D:\ManyKitHost\trunk\manykit\node_modules\express\lib\router\index.js:317:13)
    at D:\ManyKitHost\trunk\manykit\node_modules\express\lib\router\index.js:284:7
    at Function.process_params (D:\ManyKitHost\trunk\manykit\node_modules\express\lib\router\index.js:335:12)
    at next (D:\ManyKitHost\trunk\manykit\node_modules\express\lib\router\index.js:275:10)
    at serveStatic (D:\ManyKitHost\trunk\manykit\node_modules\serve-static\index.js:75:16)
    at Layer.handle [as handle_request] (D:\ManyKitHost\trunk\manykit\node_modules\express\lib\router\layer.js:95:5)
    at trim_prefix (D:\ManyKitHost\trunk\manykit\node_modules\express\lib\router\index.js:317:13)
    at D:\ManyKitHost\trunk\manykit\node_modules\express\lib\router\index.js:284:7
    at Function.process_params (D:\ManyKitHost\trunk\manykit\node_modules\express\lib\router\index.js:335:12)
    at next (D:\ManyKitHost\trunk\manykit\node_modules\express\lib\router\index.js:275:10)
    at D:\ManyKitHost\trunk\manykit\node_modules\express-session\index.js:489:7
    at Command.callback (D:\ManyKitHost\trunk\manykit\node_modules\connect-redis\lib\connect-redis.js:167:14)
    at normal_reply (D:\ManyKitHost\trunk\manykit\node_modules\redis\index.js:726:21)
    at RedisClient.return_reply (D:\ManyKitHost\trunk\manykit\node_modules\redis\index.js:824:9) status: 404 }
[2018-09-29T17:34:09.487] [ERROR] err - { Error: Not Found
    at D:\ManyKitHost\trunk\manykit\app.js:308:15
    at Layer.handle [as handle_request] (D:\ManyKitHost\trunk\manykit\node_modules\express\lib\router\layer.js:95:5)
    at trim_prefix (D:\ManyKitHost\trunk\manykit\node_modules\express\lib\router\index.js:317:13)
    at D:\ManyKitHost\trunk\manykit\node_modules\express\lib\router\index.js:284:7
    at Function.process_params (D:\ManyKitHost\trunk\manykit\node_modules\express\lib\router\index.js:335:12)
    at next (D:\ManyKitHost\trunk\manykit\node_modules\express\lib\router\index.js:275:10)
    at serveStatic (D:\ManyKitHost\trunk\manykit\node_modules\serve-static\index.js:75:16)
    at Layer.handle [as handle_request] (D:\ManyKitHost\trunk\manykit\node_modules\express\lib\router\layer.js:95:5)
    at trim_prefix (D:\ManyKitHost\trunk\manykit\node_modules\express\lib\router\index.js:317:13)
    at D:\ManyKitHost\trunk\manykit\node_modules\express\lib\router\index.js:284:7
    at Function.process_params (D:\ManyKitHost\trunk\manykit\node_modules\express\lib\router\index.js:335:12)
    at next (D:\ManyKitHost\trunk\manykit\node_modules\express\lib\router\index.js:275:10)
    at D:\ManyKitHost\trunk\manykit\node_modules\express-session\index.js:489:7
    at Command.callback (D:\ManyKitHost\trunk\manykit\node_modules\connect-redis\lib\connect-redis.js:167:14)
    at normal_reply (D:\ManyKitHost\trunk\manykit\node_modules\redis\index.js:726:21)
    at RedisClient.return_reply (D:\ManyKitHost\trunk\manykit\node_modules\redis\index.js:824:9) status: 404 }
[2018-09-29T17:34:27.567] [ERROR] err - { Error: Not Found
    at D:\ManyKitHost\trunk\manykit\app.js:308:15
    at Layer.handle [as handle_request] (D:\ManyKitHost\trunk\manykit\node_modules\express\lib\router\layer.js:95:5)
    at trim_prefix (D:\ManyKitHost\trunk\manykit\node_modules\express\lib\router\index.js:317:13)
    at D:\ManyKitHost\trunk\manykit\node_modules\express\lib\router\index.js:284:7
    at Function.process_params (D:\ManyKitHost\trunk\manykit\node_modules\express\lib\router\index.js:335:12)
    at next (D:\ManyKitHost\trunk\manykit\node_modules\express\lib\router\index.js:275:10)
    at serveStatic (D:\ManyKitHost\trunk\manykit\node_modules\serve-static\index.js:75:16)
    at Layer.handle [as handle_request] (D:\ManyKitHost\trunk\manykit\node_modules\express\lib\router\layer.js:95:5)
    at trim_prefix (D:\ManyKitHost\trunk\manykit\node_modules\express\lib\router\index.js:317:13)
    at D:\ManyKitHost\trunk\manykit\node_modules\express\lib\router\index.js:284:7
    at Function.process_params (D:\ManyKitHost\trunk\manykit\node_modules\express\lib\router\index.js:335:12)
    at next (D:\ManyKitHost\trunk\manykit\node_modules\express\lib\router\index.js:275:10)
    at D:\ManyKitHost\trunk\manykit\node_modules\express-session\index.js:489:7
    at Command.callback (D:\ManyKitHost\trunk\manykit\node_modules\connect-redis\lib\connect-redis.js:167:14)
    at normal_reply (D:\ManyKitHost\trunk\manykit\node_modules\redis\index.js:726:21)
    at RedisClient.return_reply (D:\ManyKitHost\trunk\manykit\node_modules\redis\index.js:824:9) status: 404 }
[2018-09-29T17:41:24.980] [ERROR] err - { Error: Not Found
    at D:\ManyKitHost\trunk\manykit\app.js:308:15
    at Layer.handle [as handle_request] (D:\ManyKitHost\trunk\manykit\node_modules\express\lib\router\layer.js:95:5)
    at trim_prefix (D:\ManyKitHost\trunk\manykit\node_modules\express\lib\router\index.js:317:13)
    at D:\ManyKitHost\trunk\manykit\node_modules\express\lib\router\index.js:284:7
    at Function.process_params (D:\ManyKitHost\trunk\manykit\node_modules\express\lib\router\index.js:335:12)
    at next (D:\ManyKitHost\trunk\manykit\node_modules\express\lib\router\index.js:275:10)
    at serveStatic (D:\ManyKitHost\trunk\manykit\node_modules\serve-static\index.js:75:16)
    at Layer.handle [as handle_request] (D:\ManyKitHost\trunk\manykit\node_modules\express\lib\router\layer.js:95:5)
    at trim_prefix (D:\ManyKitHost\trunk\manykit\node_modules\express\lib\router\index.js:317:13)
    at D:\ManyKitHost\trunk\manykit\node_modules\express\lib\router\index.js:284:7
    at Function.process_params (D:\ManyKitHost\trunk\manykit\node_modules\express\lib\router\index.js:335:12)
    at next (D:\ManyKitHost\trunk\manykit\node_modules\express\lib\router\index.js:275:10)
    at D:\ManyKitHost\trunk\manykit\node_modules\express-session\index.js:489:7
    at Command.callback (D:\ManyKitHost\trunk\manykit\node_modules\connect-redis\lib\connect-redis.js:167:14)
    at normal_reply (D:\ManyKitHost\trunk\manykit\node_modules\redis\index.js:726:21)
    at RedisClient.return_reply (D:\ManyKitHost\trunk\manykit\node_modules\redis\index.js:824:9) status: 404 }
[2018-09-29T17:41:25.611] [ERROR] err - { Error: Not Found
    at D:\ManyKitHost\trunk\manykit\app.js:308:15
    at Layer.handle [as handle_request] (D:\ManyKitHost\trunk\manykit\node_modules\express\lib\router\layer.js:95:5)
    at trim_prefix (D:\ManyKitHost\trunk\manykit\node_modules\express\lib\router\index.js:317:13)
    at D:\ManyKitHost\trunk\manykit\node_modules\express\lib\router\index.js:284:7
    at Function.process_params (D:\ManyKitHost\trunk\manykit\node_modules\express\lib\router\index.js:335:12)
    at next (D:\ManyKitHost\trunk\manykit\node_modules\express\lib\router\index.js:275:10)
    at serveStatic (D:\ManyKitHost\trunk\manykit\node_modules\serve-static\index.js:75:16)
    at Layer.handle [as handle_request] (D:\ManyKitHost\trunk\manykit\node_modules\express\lib\router\layer.js:95:5)
    at trim_prefix (D:\ManyKitHost\trunk\manykit\node_modules\express\lib\router\index.js:317:13)
    at D:\ManyKitHost\trunk\manykit\node_modules\express\lib\router\index.js:284:7
    at Function.process_params (D:\ManyKitHost\trunk\manykit\node_modules\express\lib\router\index.js:335:12)
    at next (D:\ManyKitHost\trunk\manykit\node_modules\express\lib\router\index.js:275:10)
    at D:\ManyKitHost\trunk\manykit\node_modules\express-session\index.js:489:7
    at Command.callback (D:\ManyKitHost\trunk\manykit\node_modules\connect-redis\lib\connect-redis.js:167:14)
    at normal_reply (D:\ManyKitHost\trunk\manykit\node_modules\redis\index.js:726:21)
    at RedisClient.return_reply (D:\ManyKitHost\trunk\manykit\node_modules\redis\index.js:824:9) status: 404 }
[2018-09-29T17:41:26.817] [ERROR] err - { Error: Not Found
    at D:\ManyKitHost\trunk\manykit\app.js:308:15
    at Layer.handle [as handle_request] (D:\ManyKitHost\trunk\manykit\node_modules\express\lib\router\layer.js:95:5)
    at trim_prefix (D:\ManyKitHost\trunk\manykit\node_modules\express\lib\router\index.js:317:13)
    at D:\ManyKitHost\trunk\manykit\node_modules\express\lib\router\index.js:284:7
    at Function.process_params (D:\ManyKitHost\trunk\manykit\node_modules\express\lib\router\index.js:335:12)
    at next (D:\ManyKitHost\trunk\manykit\node_modules\express\lib\router\index.js:275:10)
    at serveStatic (D:\ManyKitHost\trunk\manykit\node_modules\serve-static\index.js:75:16)
    at Layer.handle [as handle_request] (D:\ManyKitHost\trunk\manykit\node_modules\express\lib\router\layer.js:95:5)
    at trim_prefix (D:\ManyKitHost\trunk\manykit\node_modules\express\lib\router\index.js:317:13)
    at D:\ManyKitHost\trunk\manykit\node_modules\express\lib\router\index.js:284:7
    at Function.process_params (D:\ManyKitHost\trunk\manykit\node_modules\express\lib\router\index.js:335:12)
    at next (D:\ManyKitHost\trunk\manykit\node_modules\express\lib\router\index.js:275:10)
    at D:\ManyKitHost\trunk\manykit\node_modules\express-session\index.js:489:7
    at Command.callback (D:\ManyKitHost\trunk\manykit\node_modules\connect-redis\lib\connect-redis.js:167:14)
    at normal_reply (D:\ManyKitHost\trunk\manykit\node_modules\redis\index.js:726:21)
    at RedisClient.return_reply (D:\ManyKitHost\trunk\manykit\node_modules\redis\index.js:824:9) status: 404 }
[2018-09-29T17:41:27.497] [ERROR] err - { Error: Not Found
    at D:\ManyKitHost\trunk\manykit\app.js:308:15
    at Layer.handle [as handle_request] (D:\ManyKitHost\trunk\manykit\node_modules\express\lib\router\layer.js:95:5)
    at trim_prefix (D:\ManyKitHost\trunk\manykit\node_modules\express\lib\router\index.js:317:13)
    at D:\ManyKitHost\trunk\manykit\node_modules\express\lib\router\index.js:284:7
    at Function.process_params (D:\ManyKitHost\trunk\manykit\node_modules\express\lib\router\index.js:335:12)
    at next (D:\ManyKitHost\trunk\manykit\node_modules\express\lib\router\index.js:275:10)
    at serveStatic (D:\ManyKitHost\trunk\manykit\node_modules\serve-static\index.js:75:16)
    at Layer.handle [as handle_request] (D:\ManyKitHost\trunk\manykit\node_modules\express\lib\router\layer.js:95:5)
    at trim_prefix (D:\ManyKitHost\trunk\manykit\node_modules\express\lib\router\index.js:317:13)
    at D:\ManyKitHost\trunk\manykit\node_modules\express\lib\router\index.js:284:7
    at Function.process_params (D:\ManyKitHost\trunk\manykit\node_modules\express\lib\router\index.js:335:12)
    at next (D:\ManyKitHost\trunk\manykit\node_modules\express\lib\router\index.js:275:10)
    at D:\ManyKitHost\trunk\manykit\node_modules\express-session\index.js:489:7
    at Command.callback (D:\ManyKitHost\trunk\manykit\node_modules\connect-redis\lib\connect-redis.js:167:14)
    at normal_reply (D:\ManyKitHost\trunk\manykit\node_modules\redis\index.js:726:21)
    at RedisClient.return_reply (D:\ManyKitHost\trunk\manykit\node_modules\redis\index.js:824:9) status: 404 }
[2018-09-29T17:41:28.113] [ERROR] err - { Error: Not Found
    at D:\ManyKitHost\trunk\manykit\app.js:308:15
    at Layer.handle [as handle_request] (D:\ManyKitHost\trunk\manykit\node_modules\express\lib\router\layer.js:95:5)
    at trim_prefix (D:\ManyKitHost\trunk\manykit\node_modules\express\lib\router\index.js:317:13)
    at D:\ManyKitHost\trunk\manykit\node_modules\express\lib\router\index.js:284:7
    at Function.process_params (D:\ManyKitHost\trunk\manykit\node_modules\express\lib\router\index.js:335:12)
    at next (D:\ManyKitHost\trunk\manykit\node_modules\express\lib\router\index.js:275:10)
    at serveStatic (D:\ManyKitHost\trunk\manykit\node_modules\serve-static\index.js:75:16)
    at Layer.handle [as handle_request] (D:\ManyKitHost\trunk\manykit\node_modules\express\lib\router\layer.js:95:5)
    at trim_prefix (D:\ManyKitHost\trunk\manykit\node_modules\express\lib\router\index.js:317:13)
    at D:\ManyKitHost\trunk\manykit\node_modules\express\lib\router\index.js:284:7
    at Function.process_params (D:\ManyKitHost\trunk\manykit\node_modules\express\lib\router\index.js:335:12)
    at next (D:\ManyKitHost\trunk\manykit\node_modules\express\lib\router\index.js:275:10)
    at D:\ManyKitHost\trunk\manykit\node_modules\express-session\index.js:489:7
    at Command.callback (D:\ManyKitHost\trunk\manykit\node_modules\connect-redis\lib\connect-redis.js:167:14)
    at normal_reply (D:\ManyKitHost\trunk\manykit\node_modules\redis\index.js:726:21)
    at RedisClient.return_reply (D:\ManyKitHost\trunk\manykit\node_modules\redis\index.js:824:9) status: 404 }
[2018-09-29T17:41:28.535] [ERROR] err - { Error: Not Found
    at D:\ManyKitHost\trunk\manykit\app.js:308:15
    at Layer.handle [as handle_request] (D:\ManyKitHost\trunk\manykit\node_modules\express\lib\router\layer.js:95:5)
    at trim_prefix (D:\ManyKitHost\trunk\manykit\node_modules\express\lib\router\index.js:317:13)
    at D:\ManyKitHost\trunk\manykit\node_modules\express\lib\router\index.js:284:7
    at Function.process_params (D:\ManyKitHost\trunk\manykit\node_modules\express\lib\router\index.js:335:12)
    at next (D:\ManyKitHost\trunk\manykit\node_modules\express\lib\router\index.js:275:10)
    at serveStatic (D:\ManyKitHost\trunk\manykit\node_modules\serve-static\index.js:75:16)
    at Layer.handle [as handle_request] (D:\ManyKitHost\trunk\manykit\node_modules\express\lib\router\layer.js:95:5)
    at trim_prefix (D:\ManyKitHost\trunk\manykit\node_modules\express\lib\router\index.js:317:13)
    at D:\ManyKitHost\trunk\manykit\node_modules\express\lib\router\index.js:284:7
    at Function.process_params (D:\ManyKitHost\trunk\manykit\node_modules\express\lib\router\index.js:335:12)
    at next (D:\ManyKitHost\trunk\manykit\node_modules\express\lib\router\index.js:275:10)
    at D:\ManyKitHost\trunk\manykit\node_modules\express-session\index.js:489:7
    at Command.callback (D:\ManyKitHost\trunk\manykit\node_modules\connect-redis\lib\connect-redis.js:167:14)
    at normal_reply (D:\ManyKitHost\trunk\manykit\node_modules\redis\index.js:726:21)
    at RedisClient.return_reply (D:\ManyKitHost\trunk\manykit\node_modules\redis\index.js:824:9) status: 404 }
