[2018-08-22T01:51:52.883] [ERROR] err - { Error: Not Found
    at D:\ManyKitHost\trunk\manykit\app.js:308:15
    at Layer.handle [as handle_request] (D:\ManyKitHost\trunk\manykit\node_modules\express\lib\router\layer.js:95:5)
    at trim_prefix (D:\ManyKitHost\trunk\manykit\node_modules\express\lib\router\index.js:317:13)
    at D:\ManyKitHost\trunk\manykit\node_modules\express\lib\router\index.js:284:7
    at Function.process_params (D:\ManyKitHost\trunk\manykit\node_modules\express\lib\router\index.js:335:12)
    at next (D:\ManyKitHost\trunk\manykit\node_modules\express\lib\router\index.js:275:10)
    at SendStream.error (D:\ManyKitHost\trunk\manykit\node_modules\serve-static\index.js:121:7)
    at emitOne (events.js:116:13)
    at SendStream.emit (events.js:211:7)
    at SendStream.error (D:\ManyKitHost\trunk\manykit\node_modules\send\index.js:275:17)
    at SendStream.onStatError (D:\ManyKitHost\trunk\manykit\node_modules\send\index.js:426:12)
    at next (D:\ManyKitHost\trunk\manykit\node_modules\send\index.js:764:28)
    at D:\ManyKitHost\trunk\manykit\node_modules\send\index.js:772:23
    at FSReqWrap.oncomplete (fs.js:152:21) status: 404 }
[2018-08-22T02:57:31.357] [ERROR] err - { Error: Not Found
    at D:\ManyKitHost\trunk\manykit\app.js:308:15
    at Layer.handle [as handle_request] (D:\ManyKitHost\trunk\manykit\node_modules\express\lib\router\layer.js:95:5)
    at trim_prefix (D:\ManyKitHost\trunk\manykit\node_modules\express\lib\router\index.js:317:13)
    at D:\ManyKitHost\trunk\manykit\node_modules\express\lib\router\index.js:284:7
    at Function.process_params (D:\ManyKitHost\trunk\manykit\node_modules\express\lib\router\index.js:335:12)
    at next (D:\ManyKitHost\trunk\manykit\node_modules\express\lib\router\index.js:275:10)
    at SendStream.error (D:\ManyKitHost\trunk\manykit\node_modules\serve-static\index.js:121:7)
    at emitOne (events.js:116:13)
    at SendStream.emit (events.js:211:7)
    at SendStream.error (D:\ManyKitHost\trunk\manykit\node_modules\send\index.js:275:17)
    at SendStream.onStatError (D:\ManyKitHost\trunk\manykit\node_modules\send\index.js:426:12)
    at next (D:\ManyKitHost\trunk\manykit\node_modules\send\index.js:764:28)
    at D:\ManyKitHost\trunk\manykit\node_modules\send\index.js:772:23
    at FSReqWrap.oncomplete (fs.js:152:21) status: 404 }
[2018-08-22T05:55:54.024] [ERROR] err - { Error: Not Found
    at D:\ManyKitHost\trunk\manykit\app.js:308:15
    at Layer.handle [as handle_request] (D:\ManyKitHost\trunk\manykit\node_modules\express\lib\router\layer.js:95:5)
    at trim_prefix (D:\ManyKitHost\trunk\manykit\node_modules\express\lib\router\index.js:317:13)
    at D:\ManyKitHost\trunk\manykit\node_modules\express\lib\router\index.js:284:7
    at Function.process_params (D:\ManyKitHost\trunk\manykit\node_modules\express\lib\router\index.js:335:12)
    at next (D:\ManyKitHost\trunk\manykit\node_modules\express\lib\router\index.js:275:10)
    at SendStream.error (D:\ManyKitHost\trunk\manykit\node_modules\serve-static\index.js:121:7)
    at emitOne (events.js:116:13)
    at SendStream.emit (events.js:211:7)
    at SendStream.error (D:\ManyKitHost\trunk\manykit\node_modules\send\index.js:275:17)
    at SendStream.onStatError (D:\ManyKitHost\trunk\manykit\node_modules\send\index.js:426:12)
    at next (D:\ManyKitHost\trunk\manykit\node_modules\send\index.js:764:28)
    at D:\ManyKitHost\trunk\manykit\node_modules\send\index.js:772:23
    at FSReqWrap.oncomplete (fs.js:152:21) status: 404 }
[2018-08-22T11:06:21.744] [ERROR] err - { Error: Not Found
    at D:\ManyKitHost\trunk\manykit\app.js:308:15
    at Layer.handle [as handle_request] (D:\ManyKitHost\trunk\manykit\node_modules\express\lib\router\layer.js:95:5)
    at trim_prefix (D:\ManyKitHost\trunk\manykit\node_modules\express\lib\router\index.js:317:13)
    at D:\ManyKitHost\trunk\manykit\node_modules\express\lib\router\index.js:284:7
    at Function.process_params (D:\ManyKitHost\trunk\manykit\node_modules\express\lib\router\index.js:335:12)
    at next (D:\ManyKitHost\trunk\manykit\node_modules\express\lib\router\index.js:275:10)
    at SendStream.error (D:\ManyKitHost\trunk\manykit\node_modules\serve-static\index.js:121:7)
    at emitOne (events.js:116:13)
    at SendStream.emit (events.js:211:7)
    at SendStream.error (D:\ManyKitHost\trunk\manykit\node_modules\send\index.js:275:17)
    at SendStream.onStatError (D:\ManyKitHost\trunk\manykit\node_modules\send\index.js:426:12)
    at onstat (D:\ManyKitHost\trunk\manykit\node_modules\send\index.js:727:26)
    at FSReqWrap.oncomplete (fs.js:152:21) status: 404 }
[2018-08-22T11:06:21.790] [ERROR] err - { Error: Not Found
    at D:\ManyKitHost\trunk\manykit\app.js:308:15
    at Layer.handle [as handle_request] (D:\ManyKitHost\trunk\manykit\node_modules\express\lib\router\layer.js:95:5)
    at trim_prefix (D:\ManyKitHost\trunk\manykit\node_modules\express\lib\router\index.js:317:13)
    at D:\ManyKitHost\trunk\manykit\node_modules\express\lib\router\index.js:284:7
    at Function.process_params (D:\ManyKitHost\trunk\manykit\node_modules\express\lib\router\index.js:335:12)
    at next (D:\ManyKitHost\trunk\manykit\node_modules\express\lib\router\index.js:275:10)
    at SendStream.error (D:\ManyKitHost\trunk\manykit\node_modules\serve-static\index.js:121:7)
    at emitOne (events.js:116:13)
    at SendStream.emit (events.js:211:7)
    at SendStream.error (D:\ManyKitHost\trunk\manykit\node_modules\send\index.js:275:17)
    at SendStream.onStatError (D:\ManyKitHost\trunk\manykit\node_modules\send\index.js:426:12)
    at onstat (D:\ManyKitHost\trunk\manykit\node_modules\send\index.js:727:26)
    at FSReqWrap.oncomplete (fs.js:152:21) status: 404 }
[2018-08-22T11:06:21.798] [ERROR] err - { Error: Not Found
    at D:\ManyKitHost\trunk\manykit\app.js:308:15
    at Layer.handle [as handle_request] (D:\ManyKitHost\trunk\manykit\node_modules\express\lib\router\layer.js:95:5)
    at trim_prefix (D:\ManyKitHost\trunk\manykit\node_modules\express\lib\router\index.js:317:13)
    at D:\ManyKitHost\trunk\manykit\node_modules\express\lib\router\index.js:284:7
    at Function.process_params (D:\ManyKitHost\trunk\manykit\node_modules\express\lib\router\index.js:335:12)
    at next (D:\ManyKitHost\trunk\manykit\node_modules\express\lib\router\index.js:275:10)
    at SendStream.error (D:\ManyKitHost\trunk\manykit\node_modules\serve-static\index.js:121:7)
    at emitOne (events.js:116:13)
    at SendStream.emit (events.js:211:7)
    at SendStream.error (D:\ManyKitHost\trunk\manykit\node_modules\send\index.js:275:17)
    at SendStream.onStatError (D:\ManyKitHost\trunk\manykit\node_modules\send\index.js:426:12)
    at onstat (D:\ManyKitHost\trunk\manykit\node_modules\send\index.js:727:26)
    at FSReqWrap.oncomplete (fs.js:152:21) status: 404 }
[2018-08-22T11:06:21.813] [ERROR] err - { Error: Not Found
    at D:\ManyKitHost\trunk\manykit\app.js:308:15
    at Layer.handle [as handle_request] (D:\ManyKitHost\trunk\manykit\node_modules\express\lib\router\layer.js:95:5)
    at trim_prefix (D:\ManyKitHost\trunk\manykit\node_modules\express\lib\router\index.js:317:13)
    at D:\ManyKitHost\trunk\manykit\node_modules\express\lib\router\index.js:284:7
    at Function.process_params (D:\ManyKitHost\trunk\manykit\node_modules\express\lib\router\index.js:335:12)
    at next (D:\ManyKitHost\trunk\manykit\node_modules\express\lib\router\index.js:275:10)
    at SendStream.error (D:\ManyKitHost\trunk\manykit\node_modules\serve-static\index.js:121:7)
    at emitOne (events.js:116:13)
    at SendStream.emit (events.js:211:7)
    at SendStream.error (D:\ManyKitHost\trunk\manykit\node_modules\send\index.js:275:17)
    at SendStream.onStatError (D:\ManyKitHost\trunk\manykit\node_modules\send\index.js:426:12)
    at onstat (D:\ManyKitHost\trunk\manykit\node_modules\send\index.js:727:26)
    at FSReqWrap.oncomplete (fs.js:152:21) status: 404 }
[2018-08-22T11:06:21.839] [ERROR] err - { Error: Not Found
    at D:\ManyKitHost\trunk\manykit\app.js:308:15
    at Layer.handle [as handle_request] (D:\ManyKitHost\trunk\manykit\node_modules\express\lib\router\layer.js:95:5)
    at trim_prefix (D:\ManyKitHost\trunk\manykit\node_modules\express\lib\router\index.js:317:13)
    at D:\ManyKitHost\trunk\manykit\node_modules\express\lib\router\index.js:284:7
    at Function.process_params (D:\ManyKitHost\trunk\manykit\node_modules\express\lib\router\index.js:335:12)
    at next (D:\ManyKitHost\trunk\manykit\node_modules\express\lib\router\index.js:275:10)
    at SendStream.error (D:\ManyKitHost\trunk\manykit\node_modules\serve-static\index.js:121:7)
    at emitOne (events.js:116:13)
    at SendStream.emit (events.js:211:7)
    at SendStream.error (D:\ManyKitHost\trunk\manykit\node_modules\send\index.js:275:17)
    at SendStream.onStatError (D:\ManyKitHost\trunk\manykit\node_modules\send\index.js:426:12)
    at onstat (D:\ManyKitHost\trunk\manykit\node_modules\send\index.js:727:26)
    at FSReqWrap.oncomplete (fs.js:152:21) status: 404 }
[2018-08-22T13:57:10.679] [ERROR] err - { Error: Not Found
    at D:\ManyKitHost\trunk\manykit\app.js:308:15
    at Layer.handle [as handle_request] (D:\ManyKitHost\trunk\manykit\node_modules\express\lib\router\layer.js:95:5)
    at trim_prefix (D:\ManyKitHost\trunk\manykit\node_modules\express\lib\router\index.js:317:13)
    at D:\ManyKitHost\trunk\manykit\node_modules\express\lib\router\index.js:284:7
    at Function.process_params (D:\ManyKitHost\trunk\manykit\node_modules\express\lib\router\index.js:335:12)
    at next (D:\ManyKitHost\trunk\manykit\node_modules\express\lib\router\index.js:275:10)
    at SendStream.error (D:\ManyKitHost\trunk\manykit\node_modules\serve-static\index.js:121:7)
    at emitOne (events.js:116:13)
    at SendStream.emit (events.js:211:7)
    at SendStream.error (D:\ManyKitHost\trunk\manykit\node_modules\send\index.js:275:17)
    at SendStream.onStatError (D:\ManyKitHost\trunk\manykit\node_modules\send\index.js:426:12)
    at next (D:\ManyKitHost\trunk\manykit\node_modules\send\index.js:764:28)
    at D:\ManyKitHost\trunk\manykit\node_modules\send\index.js:772:23
    at FSReqWrap.oncomplete (fs.js:152:21) status: 404 }
[2018-08-22T16:48:16.202] [ERROR] err - { Error: Not Found
    at D:\ManyKitHost\trunk\manykit\app.js:308:15
    at Layer.handle [as handle_request] (D:\ManyKitHost\trunk\manykit\node_modules\express\lib\router\layer.js:95:5)
    at trim_prefix (D:\ManyKitHost\trunk\manykit\node_modules\express\lib\router\index.js:317:13)
    at D:\ManyKitHost\trunk\manykit\node_modules\express\lib\router\index.js:284:7
    at Function.process_params (D:\ManyKitHost\trunk\manykit\node_modules\express\lib\router\index.js:335:12)
    at next (D:\ManyKitHost\trunk\manykit\node_modules\express\lib\router\index.js:275:10)
    at SendStream.error (D:\ManyKitHost\trunk\manykit\node_modules\serve-static\index.js:121:7)
    at emitOne (events.js:116:13)
    at SendStream.emit (events.js:211:7)
    at SendStream.error (D:\ManyKitHost\trunk\manykit\node_modules\send\index.js:275:17)
    at SendStream.onStatError (D:\ManyKitHost\trunk\manykit\node_modules\send\index.js:426:12)
    at next (D:\ManyKitHost\trunk\manykit\node_modules\send\index.js:736:16)
    at onstat (D:\ManyKitHost\trunk\manykit\node_modules\send\index.js:725:14)
    at FSReqWrap.oncomplete (fs.js:152:21) status: 404 }
