[2018-10-16T00:39:56.320] [ERROR] err - { Error: Not Found
    at D:\ManyKitHost\trunk\manykit\app.js:308:15
    at Layer.handle [as handle_request] (D:\ManyKitHost\trunk\manykit\node_modules\express\lib\router\layer.js:95:5)
    at trim_prefix (D:\ManyKitHost\trunk\manykit\node_modules\express\lib\router\index.js:317:13)
    at D:\ManyKitHost\trunk\manykit\node_modules\express\lib\router\index.js:284:7
    at Function.process_params (D:\ManyKitHost\trunk\manykit\node_modules\express\lib\router\index.js:335:12)
    at next (D:\ManyKitHost\trunk\manykit\node_modules\express\lib\router\index.js:275:10)
    at SendStream.error (D:\ManyKitHost\trunk\manykit\node_modules\serve-static\index.js:121:7)
    at emitOne (events.js:116:13)
    at SendStream.emit (events.js:211:7)
    at SendStream.error (D:\ManyKitHost\trunk\manykit\node_modules\send\index.js:275:17)
    at SendStream.onStatError (D:\ManyKitHost\trunk\manykit\node_modules\send\index.js:426:12)
    at next (D:\ManyKitHost\trunk\manykit\node_modules\send\index.js:764:28)
    at D:\ManyKitHost\trunk\manykit\node_modules\send\index.js:772:23
    at FSReqWrap.oncomplete (fs.js:152:21) status: 404 }
[2018-10-16T01:19:20.649] [ERROR] err - { Error: Not Found
    at D:\ManyKitHost\trunk\manykit\app.js:308:15
    at Layer.handle [as handle_request] (D:\ManyKitHost\trunk\manykit\node_modules\express\lib\router\layer.js:95:5)
    at trim_prefix (D:\ManyKitHost\trunk\manykit\node_modules\express\lib\router\index.js:317:13)
    at D:\ManyKitHost\trunk\manykit\node_modules\express\lib\router\index.js:284:7
    at Function.process_params (D:\ManyKitHost\trunk\manykit\node_modules\express\lib\router\index.js:335:12)
    at next (D:\ManyKitHost\trunk\manykit\node_modules\express\lib\router\index.js:275:10)
    at SendStream.error (D:\ManyKitHost\trunk\manykit\node_modules\serve-static\index.js:121:7)
    at emitOne (events.js:116:13)
    at SendStream.emit (events.js:211:7)
    at SendStream.error (D:\ManyKitHost\trunk\manykit\node_modules\send\index.js:275:17)
    at SendStream.onStatError (D:\ManyKitHost\trunk\manykit\node_modules\send\index.js:426:12)
    at next (D:\ManyKitHost\trunk\manykit\node_modules\send\index.js:736:16)
    at onstat (D:\ManyKitHost\trunk\manykit\node_modules\send\index.js:725:14)
    at FSReqWrap.oncomplete (fs.js:152:21) status: 404 }
[2018-10-16T02:09:53.194] [ERROR] err - { Error: Not Found
    at D:\ManyKitHost\trunk\manykit\app.js:308:15
    at Layer.handle [as handle_request] (D:\ManyKitHost\trunk\manykit\node_modules\express\lib\router\layer.js:95:5)
    at trim_prefix (D:\ManyKitHost\trunk\manykit\node_modules\express\lib\router\index.js:317:13)
    at D:\ManyKitHost\trunk\manykit\node_modules\express\lib\router\index.js:284:7
    at Function.process_params (D:\ManyKitHost\trunk\manykit\node_modules\express\lib\router\index.js:335:12)
    at next (D:\ManyKitHost\trunk\manykit\node_modules\express\lib\router\index.js:275:10)
    at SendStream.error (D:\ManyKitHost\trunk\manykit\node_modules\serve-static\index.js:121:7)
    at emitOne (events.js:116:13)
    at SendStream.emit (events.js:211:7)
    at SendStream.error (D:\ManyKitHost\trunk\manykit\node_modules\send\index.js:275:17)
    at SendStream.onStatError (D:\ManyKitHost\trunk\manykit\node_modules\send\index.js:426:12)
    at next (D:\ManyKitHost\trunk\manykit\node_modules\send\index.js:736:16)
    at onstat (D:\ManyKitHost\trunk\manykit\node_modules\send\index.js:725:14)
    at FSReqWrap.oncomplete (fs.js:152:21) status: 404 }
[2018-10-16T07:13:36.479] [ERROR] err - { Error: Not Found
    at D:\ManyKitHost\trunk\manykit\app.js:308:15
    at Layer.handle [as handle_request] (D:\ManyKitHost\trunk\manykit\node_modules\express\lib\router\layer.js:95:5)
    at trim_prefix (D:\ManyKitHost\trunk\manykit\node_modules\express\lib\router\index.js:317:13)
    at D:\ManyKitHost\trunk\manykit\node_modules\express\lib\router\index.js:284:7
    at Function.process_params (D:\ManyKitHost\trunk\manykit\node_modules\express\lib\router\index.js:335:12)
    at next (D:\ManyKitHost\trunk\manykit\node_modules\express\lib\router\index.js:275:10)
    at SendStream.error (D:\ManyKitHost\trunk\manykit\node_modules\serve-static\index.js:121:7)
    at emitOne (events.js:116:13)
    at SendStream.emit (events.js:211:7)
    at SendStream.error (D:\ManyKitHost\trunk\manykit\node_modules\send\index.js:275:17)
    at SendStream.onStatError (D:\ManyKitHost\trunk\manykit\node_modules\send\index.js:426:12)
    at next (D:\ManyKitHost\trunk\manykit\node_modules\send\index.js:736:16)
    at onstat (D:\ManyKitHost\trunk\manykit\node_modules\send\index.js:725:14)
    at FSReqWrap.oncomplete (fs.js:152:21) status: 404 }
[2018-10-16T08:43:37.547] [ERROR] err - TypeError: This library (validator.js) validates strings only
    at assertString (D:\ManyKitHost\trunk\manykit\node_modules\validator\lib\util\assertString.js:11:11)
    at ltrim (D:\ManyKitHost\trunk\manykit\node_modules\validator\lib\ltrim.js:15:30)
    at Object.trim (D:\ManyKitHost\trunk\manykit\node_modules\validator\lib\trim.js:19:51)
    at snaplogin (D:\ManyKitHost\trunk\manykit\routes\func.js:428:38)
    at Layer.handle [as handle_request] (D:\ManyKitHost\trunk\manykit\node_modules\express\lib\router\layer.js:95:5)
    at trim_prefix (D:\ManyKitHost\trunk\manykit\node_modules\express\lib\router\index.js:317:13)
    at D:\ManyKitHost\trunk\manykit\node_modules\express\lib\router\index.js:284:7
    at Function.process_params (D:\ManyKitHost\trunk\manykit\node_modules\express\lib\router\index.js:335:12)
    at next (D:\ManyKitHost\trunk\manykit\node_modules\express\lib\router\index.js:275:10)
    at SendStream.error (D:\ManyKitHost\trunk\manykit\node_modules\serve-static\index.js:121:7)
    at emitOne (events.js:116:13)
    at SendStream.emit (events.js:211:7)
    at SendStream.error (D:\ManyKitHost\trunk\manykit\node_modules\send\index.js:275:17)
    at SendStream.onStatError (D:\ManyKitHost\trunk\manykit\node_modules\send\index.js:426:12)
    at next (D:\ManyKitHost\trunk\manykit\node_modules\send\index.js:736:16)
    at onstat (D:\ManyKitHost\trunk\manykit\node_modules\send\index.js:725:14)
[2018-10-16T10:10:06.565] [ERROR] err - TypeError: Cannot read property 'length' of undefined
    at writeOrBuffer (_stream_writable.js:348:42)
    at WriteStream.Writable.write (_stream_writable.js:290:11)
    at publicSql.then (D:\ManyKitHost\trunk\manykit\routes\func.js:1742:41)
    at <anonymous>
    at process._tickDomainCallback (internal/process/next_tick.js:228:7)
[2018-10-16T10:20:19.604] [ERROR] err - TypeError: Cannot read property 'length' of undefined
    at writeOrBuffer (_stream_writable.js:348:42)
    at WriteStream.Writable.write (_stream_writable.js:290:11)
    at publicSql.then (D:\ManyKitHost\trunk\manykit\routes\func.js:1742:41)
    at <anonymous>
    at process._tickDomainCallback (internal/process/next_tick.js:228:7)
[2018-10-16T10:27:19.134] [ERROR] err - TypeError: Cannot read property 'length' of undefined
    at writeOrBuffer (_stream_writable.js:348:42)
    at WriteStream.Writable.write (_stream_writable.js:290:11)
    at publicSql.then (D:\ManyKitHost\trunk\manykit\routes\func.js:1742:41)
    at <anonymous>
    at process._tickDomainCallback (internal/process/next_tick.js:228:7)
[2018-10-16T10:28:43.847] [ERROR] err - TypeError: Cannot read property 'length' of undefined
    at writeOrBuffer (_stream_writable.js:348:42)
    at WriteStream.Writable.write (_stream_writable.js:290:11)
    at publicSql.then (D:\ManyKitHost\trunk\manykit\routes\func.js:1742:41)
    at <anonymous>
    at process._tickDomainCallback (internal/process/next_tick.js:228:7)
[2018-10-16T10:28:48.606] [ERROR] err - Error: Can't set headers after they are sent.
    at validateHeader (_http_outgoing.js:494:11)
    at ServerResponse.setHeader (_http_outgoing.js:501:3)
    at ServerResponse.header (D:\ManyKitHost\trunk\manykit\node_modules\express\lib\response.js:730:10)
    at ServerResponse.send (D:\ManyKitHost\trunk\manykit\node_modules\express\lib\response.js:170:12)
    at ServerResponse.json (D:\ManyKitHost\trunk\manykit\node_modules\express\lib\response.js:256:15)
    at ServerResponse.send (D:\ManyKitHost\trunk\manykit\node_modules\express\lib\response.js:158:21)
    at Object.success (D:\ManyKitHost\trunk\manykit\common\responseResult.js:4:24)
    at publicSql.then (D:\ManyKitHost\trunk\manykit\routes\func.js:1775:43)
    at <anonymous>
    at process._tickDomainCallback (internal/process/next_tick.js:228:7)
[2018-10-16T10:28:51.646] [ERROR] err - TypeError: Cannot read property 'length' of undefined
    at writeOrBuffer (_stream_writable.js:348:42)
    at WriteStream.Writable.write (_stream_writable.js:290:11)
    at publicSql.then (D:\ManyKitHost\trunk\manykit\routes\func.js:1742:41)
    at <anonymous>
    at process._tickDomainCallback (internal/process/next_tick.js:228:7)
[2018-10-16T10:30:27.055] [ERROR] err - TypeError: Cannot read property 'length' of undefined
    at writeOrBuffer (_stream_writable.js:348:42)
    at WriteStream.Writable.write (_stream_writable.js:290:11)
    at publicSql.then (D:\ManyKitHost\trunk\manykit\routes\func.js:1742:41)
    at <anonymous>
    at process._tickDomainCallback (internal/process/next_tick.js:228:7)
[2018-10-16T10:30:32.058] [ERROR] err - Error: Can't set headers after they are sent.
    at validateHeader (_http_outgoing.js:494:11)
    at ServerResponse.setHeader (_http_outgoing.js:501:3)
    at ServerResponse.header (D:\ManyKitHost\trunk\manykit\node_modules\express\lib\response.js:730:10)
    at ServerResponse.send (D:\ManyKitHost\trunk\manykit\node_modules\express\lib\response.js:170:12)
    at ServerResponse.json (D:\ManyKitHost\trunk\manykit\node_modules\express\lib\response.js:256:15)
    at ServerResponse.send (D:\ManyKitHost\trunk\manykit\node_modules\express\lib\response.js:158:21)
    at Object.success (D:\ManyKitHost\trunk\manykit\common\responseResult.js:4:24)
    at publicSql.then (D:\ManyKitHost\trunk\manykit\routes\func.js:1775:43)
    at <anonymous>
    at process._tickDomainCallback (internal/process/next_tick.js:228:7)
[2018-10-16T10:30:35.044] [ERROR] err - TypeError: Cannot read property 'length' of undefined
    at writeOrBuffer (_stream_writable.js:348:42)
    at WriteStream.Writable.write (_stream_writable.js:290:11)
    at publicSql.then (D:\ManyKitHost\trunk\manykit\routes\func.js:1742:41)
    at <anonymous>
    at process._tickDomainCallback (internal/process/next_tick.js:228:7)
[2018-10-16T10:31:17.786] [ERROR] err - TypeError: Cannot read property 'length' of undefined
    at writeOrBuffer (_stream_writable.js:348:42)
    at WriteStream.Writable.write (_stream_writable.js:290:11)
    at publicSql.then (D:\ManyKitHost\trunk\manykit\routes\func.js:1742:41)
    at <anonymous>
    at process._tickDomainCallback (internal/process/next_tick.js:228:7)
[2018-10-16T10:31:24.301] [ERROR] err - Error: Can't set headers after they are sent.
    at validateHeader (_http_outgoing.js:494:11)
    at ServerResponse.setHeader (_http_outgoing.js:501:3)
    at ServerResponse.header (D:\ManyKitHost\trunk\manykit\node_modules\express\lib\response.js:730:10)
    at ServerResponse.send (D:\ManyKitHost\trunk\manykit\node_modules\express\lib\response.js:170:12)
    at ServerResponse.json (D:\ManyKitHost\trunk\manykit\node_modules\express\lib\response.js:256:15)
    at ServerResponse.send (D:\ManyKitHost\trunk\manykit\node_modules\express\lib\response.js:158:21)
    at Object.success (D:\ManyKitHost\trunk\manykit\common\responseResult.js:4:24)
    at publicSql.then (D:\ManyKitHost\trunk\manykit\routes\func.js:1775:43)
    at <anonymous>
    at process._tickDomainCallback (internal/process/next_tick.js:228:7)
[2018-10-16T10:31:28.910] [ERROR] err - TypeError: Cannot read property 'length' of undefined
    at writeOrBuffer (_stream_writable.js:348:42)
    at WriteStream.Writable.write (_stream_writable.js:290:11)
    at publicSql.then (D:\ManyKitHost\trunk\manykit\routes\func.js:1742:41)
    at <anonymous>
    at process._tickDomainCallback (internal/process/next_tick.js:228:7)
[2018-10-16T10:31:31.821] [ERROR] err - Error: Can't set headers after they are sent.
    at validateHeader (_http_outgoing.js:494:11)
    at ServerResponse.setHeader (_http_outgoing.js:501:3)
    at ServerResponse.header (D:\ManyKitHost\trunk\manykit\node_modules\express\lib\response.js:730:10)
    at ServerResponse.send (D:\ManyKitHost\trunk\manykit\node_modules\express\lib\response.js:170:12)
    at ServerResponse.json (D:\ManyKitHost\trunk\manykit\node_modules\express\lib\response.js:256:15)
    at ServerResponse.send (D:\ManyKitHost\trunk\manykit\node_modules\express\lib\response.js:158:21)
    at Object.success (D:\ManyKitHost\trunk\manykit\common\responseResult.js:4:24)
    at publicSql.then (D:\ManyKitHost\trunk\manykit\routes\func.js:1775:43)
    at <anonymous>
    at process._tickDomainCallback (internal/process/next_tick.js:228:7)
[2018-10-16T10:31:36.059] [ERROR] err - TypeError: Cannot read property 'length' of undefined
    at writeOrBuffer (_stream_writable.js:348:42)
    at WriteStream.Writable.write (_stream_writable.js:290:11)
    at publicSql.then (D:\ManyKitHost\trunk\manykit\routes\func.js:1742:41)
    at <anonymous>
    at process._tickDomainCallback (internal/process/next_tick.js:228:7)
[2018-10-16T10:31:51.451] [ERROR] err - TypeError: Cannot read property 'length' of undefined
    at writeOrBuffer (_stream_writable.js:348:42)
    at WriteStream.Writable.write (_stream_writable.js:290:11)
    at publicSql.then (D:\ManyKitHost\trunk\manykit\routes\func.js:1742:41)
    at <anonymous>
    at process._tickDomainCallback (internal/process/next_tick.js:228:7)
[2018-10-16T10:32:00.347] [ERROR] err - Error: Can't set headers after they are sent.
    at validateHeader (_http_outgoing.js:494:11)
    at ServerResponse.setHeader (_http_outgoing.js:501:3)
    at ServerResponse.header (D:\ManyKitHost\trunk\manykit\node_modules\express\lib\response.js:730:10)
    at ServerResponse.send (D:\ManyKitHost\trunk\manykit\node_modules\express\lib\response.js:170:12)
    at ServerResponse.json (D:\ManyKitHost\trunk\manykit\node_modules\express\lib\response.js:256:15)
    at ServerResponse.send (D:\ManyKitHost\trunk\manykit\node_modules\express\lib\response.js:158:21)
    at Object.success (D:\ManyKitHost\trunk\manykit\common\responseResult.js:4:24)
    at publicSql.then (D:\ManyKitHost\trunk\manykit\routes\func.js:1775:43)
    at <anonymous>
    at process._tickDomainCallback (internal/process/next_tick.js:228:7)
[2018-10-16T10:32:18.684] [ERROR] err - TypeError: Cannot read property 'length' of undefined
    at writeOrBuffer (_stream_writable.js:348:42)
    at WriteStream.Writable.write (_stream_writable.js:290:11)
    at publicSql.then (D:\ManyKitHost\trunk\manykit\routes\func.js:1742:41)
    at <anonymous>
    at process._tickDomainCallback (internal/process/next_tick.js:228:7)
[2018-10-16T10:33:20.871] [ERROR] err - TypeError: Cannot read property 'length' of undefined
    at writeOrBuffer (_stream_writable.js:348:42)
    at WriteStream.Writable.write (_stream_writable.js:290:11)
    at publicSql.then (D:\ManyKitHost\trunk\manykit\routes\func.js:1742:41)
    at <anonymous>
    at process._tickDomainCallback (internal/process/next_tick.js:228:7)
[2018-10-16T10:33:25.102] [ERROR] err - Error: Can't set headers after they are sent.
    at validateHeader (_http_outgoing.js:494:11)
    at ServerResponse.setHeader (_http_outgoing.js:501:3)
    at ServerResponse.header (D:\ManyKitHost\trunk\manykit\node_modules\express\lib\response.js:730:10)
    at ServerResponse.send (D:\ManyKitHost\trunk\manykit\node_modules\express\lib\response.js:170:12)
    at ServerResponse.json (D:\ManyKitHost\trunk\manykit\node_modules\express\lib\response.js:256:15)
    at ServerResponse.send (D:\ManyKitHost\trunk\manykit\node_modules\express\lib\response.js:158:21)
    at Object.success (D:\ManyKitHost\trunk\manykit\common\responseResult.js:4:24)
    at publicSql.then (D:\ManyKitHost\trunk\manykit\routes\func.js:1775:43)
    at <anonymous>
    at process._tickDomainCallback (internal/process/next_tick.js:228:7)
[2018-10-16T10:34:24.290] [ERROR] err - TypeError: Cannot read property 'length' of undefined
    at writeOrBuffer (_stream_writable.js:348:42)
    at WriteStream.Writable.write (_stream_writable.js:290:11)
    at publicSql.then (D:\ManyKitHost\trunk\manykit\routes\func.js:1742:41)
    at <anonymous>
    at process._tickDomainCallback (internal/process/next_tick.js:228:7)
[2018-10-16T10:45:12.810] [ERROR] err - TypeError: Cannot read property 'length' of undefined
    at writeOrBuffer (_stream_writable.js:348:42)
    at WriteStream.Writable.write (_stream_writable.js:290:11)
    at publicSql.then (D:\ManyKitHost\trunk\manykit\routes\func.js:1742:41)
    at <anonymous>
    at process._tickDomainCallback (internal/process/next_tick.js:228:7)
[2018-10-16T10:53:01.125] [ERROR] err - TypeError: Cannot read property 'length' of undefined
    at writeOrBuffer (_stream_writable.js:348:42)
    at WriteStream.Writable.write (_stream_writable.js:290:11)
    at publicSql.then (D:\ManyKitHost\trunk\manykit\routes\func.js:1742:41)
    at <anonymous>
    at process._tickDomainCallback (internal/process/next_tick.js:228:7)
[2018-10-16T10:53:55.919] [ERROR] err - TypeError: Cannot read property 'length' of undefined
    at writeOrBuffer (_stream_writable.js:348:42)
    at WriteStream.Writable.write (_stream_writable.js:290:11)
    at publicSql.then (D:\ManyKitHost\trunk\manykit\routes\func.js:1742:41)
    at <anonymous>
    at process._tickDomainCallback (internal/process/next_tick.js:228:7)
[2018-10-16T10:54:15.423] [ERROR] err - TypeError: Cannot read property 'length' of undefined
    at writeOrBuffer (_stream_writable.js:348:42)
    at WriteStream.Writable.write (_stream_writable.js:290:11)
    at publicSql.then (D:\ManyKitHost\trunk\manykit\routes\func.js:1742:41)
    at <anonymous>
    at process._tickDomainCallback (internal/process/next_tick.js:228:7)
[2018-10-16T10:56:57.575] [ERROR] err - TypeError: Cannot read property 'length' of undefined
    at writeOrBuffer (_stream_writable.js:348:42)
    at WriteStream.Writable.write (_stream_writable.js:290:11)
    at publicSql.then (D:\ManyKitHost\trunk\manykit\routes\func.js:1742:41)
    at <anonymous>
    at process._tickDomainCallback (internal/process/next_tick.js:228:7)
[2018-10-16T11:05:22.994] [ERROR] err - TypeError: Cannot read property 'length' of undefined
    at writeOrBuffer (_stream_writable.js:348:42)
    at WriteStream.Writable.write (_stream_writable.js:290:11)
    at publicSql.then (D:\ManyKitHost\trunk\manykit\routes\func.js:1742:41)
    at <anonymous>
    at process._tickDomainCallback (internal/process/next_tick.js:228:7)
[2018-10-16T11:07:58.902] [ERROR] err - TypeError: Cannot read property 'length' of undefined
    at writeOrBuffer (_stream_writable.js:348:42)
    at WriteStream.Writable.write (_stream_writable.js:290:11)
    at publicSql.then (D:\ManyKitHost\trunk\manykit\routes\func.js:1742:41)
    at <anonymous>
    at process._tickDomainCallback (internal/process/next_tick.js:228:7)
[2018-10-16T11:18:23.723] [ERROR] err - TypeError: Cannot read property 'length' of undefined
    at writeOrBuffer (_stream_writable.js:348:42)
    at WriteStream.Writable.write (_stream_writable.js:290:11)
    at publicSql.then (D:\ManyKitHost\trunk\manykit\routes\func.js:1742:41)
    at <anonymous>
    at process._tickDomainCallback (internal/process/next_tick.js:228:7)
[2018-10-16T11:18:30.071] [ERROR] err - TypeError: Cannot read property 'length' of undefined
    at writeOrBuffer (_stream_writable.js:348:42)
    at WriteStream.Writable.write (_stream_writable.js:290:11)
    at publicSql.then (D:\ManyKitHost\trunk\manykit\routes\func.js:1742:41)
    at <anonymous>
    at process._tickDomainCallback (internal/process/next_tick.js:228:7)
[2018-10-16T11:18:32.481] [ERROR] err - Error: Can't set headers after they are sent.
    at validateHeader (_http_outgoing.js:494:11)
    at ServerResponse.setHeader (_http_outgoing.js:501:3)
    at ServerResponse.header (D:\ManyKitHost\trunk\manykit\node_modules\express\lib\response.js:730:10)
    at ServerResponse.send (D:\ManyKitHost\trunk\manykit\node_modules\express\lib\response.js:170:12)
    at ServerResponse.json (D:\ManyKitHost\trunk\manykit\node_modules\express\lib\response.js:256:15)
    at ServerResponse.send (D:\ManyKitHost\trunk\manykit\node_modules\express\lib\response.js:158:21)
    at Object.success (D:\ManyKitHost\trunk\manykit\common\responseResult.js:4:24)
    at publicSql.then (D:\ManyKitHost\trunk\manykit\routes\func.js:1775:43)
    at <anonymous>
    at process._tickDomainCallback (internal/process/next_tick.js:228:7)
[2018-10-16T11:18:34.500] [ERROR] err - TypeError: Cannot read property 'length' of undefined
    at writeOrBuffer (_stream_writable.js:348:42)
    at WriteStream.Writable.write (_stream_writable.js:290:11)
    at publicSql.then (D:\ManyKitHost\trunk\manykit\routes\func.js:1742:41)
    at <anonymous>
    at process._tickDomainCallback (internal/process/next_tick.js:228:7)
[2018-10-16T11:19:09.740] [ERROR] err - TypeError: Cannot read property 'length' of undefined
    at writeOrBuffer (_stream_writable.js:348:42)
    at WriteStream.Writable.write (_stream_writable.js:290:11)
    at publicSql.then (D:\ManyKitHost\trunk\manykit\routes\func.js:1742:41)
    at <anonymous>
    at process._tickDomainCallback (internal/process/next_tick.js:228:7)
[2018-10-16T11:22:46.956] [ERROR] err - TypeError: Cannot read property 'length' of undefined
    at writeOrBuffer (_stream_writable.js:348:42)
    at WriteStream.Writable.write (_stream_writable.js:290:11)
    at publicSql.then (D:\ManyKitHost\trunk\manykit\routes\func.js:1742:41)
    at <anonymous>
    at process._tickDomainCallback (internal/process/next_tick.js:228:7)
[2018-10-16T11:55:45.024] [ERROR] err - TypeError: Cannot read property 'length' of undefined
    at writeOrBuffer (_stream_writable.js:348:42)
    at WriteStream.Writable.write (_stream_writable.js:290:11)
    at publicSql.then (D:\ManyKitHost\trunk\manykit\routes\func.js:1742:41)
    at <anonymous>
    at process._tickDomainCallback (internal/process/next_tick.js:228:7)
[2018-10-16T11:56:25.427] [ERROR] err - TypeError: Cannot read property 'length' of undefined
    at writeOrBuffer (_stream_writable.js:348:42)
    at WriteStream.Writable.write (_stream_writable.js:290:11)
    at publicSql.then (D:\ManyKitHost\trunk\manykit\routes\func.js:1742:41)
    at <anonymous>
    at process._tickDomainCallback (internal/process/next_tick.js:228:7)
[2018-10-16T11:58:14.308] [ERROR] err - TypeError: Cannot read property 'length' of undefined
    at writeOrBuffer (_stream_writable.js:348:42)
    at WriteStream.Writable.write (_stream_writable.js:290:11)
    at publicSql.then (D:\ManyKitHost\trunk\manykit\routes\func.js:1742:41)
    at <anonymous>
    at process._tickDomainCallback (internal/process/next_tick.js:228:7)
[2018-10-16T12:02:13.138] [ERROR] err - TypeError: Cannot read property 'length' of undefined
    at writeOrBuffer (_stream_writable.js:348:42)
    at WriteStream.Writable.write (_stream_writable.js:290:11)
    at publicSql.then (D:\ManyKitHost\trunk\manykit\routes\func.js:1742:41)
    at <anonymous>
    at process._tickDomainCallback (internal/process/next_tick.js:228:7)
[2018-10-16T12:02:24.672] [ERROR] err - Error: Can't set headers after they are sent.
    at validateHeader (_http_outgoing.js:494:11)
    at ServerResponse.setHeader (_http_outgoing.js:501:3)
    at ServerResponse.header (D:\ManyKitHost\trunk\manykit\node_modules\express\lib\response.js:730:10)
    at ServerResponse.send (D:\ManyKitHost\trunk\manykit\node_modules\express\lib\response.js:170:12)
    at ServerResponse.json (D:\ManyKitHost\trunk\manykit\node_modules\express\lib\response.js:256:15)
    at ServerResponse.send (D:\ManyKitHost\trunk\manykit\node_modules\express\lib\response.js:158:21)
    at Object.success (D:\ManyKitHost\trunk\manykit\common\responseResult.js:4:24)
    at publicSql.then (D:\ManyKitHost\trunk\manykit\routes\func.js:1775:43)
    at <anonymous>
    at process._tickDomainCallback (internal/process/next_tick.js:228:7)
[2018-10-16T12:02:27.297] [ERROR] err - TypeError: Cannot read property 'length' of undefined
    at writeOrBuffer (_stream_writable.js:348:42)
    at WriteStream.Writable.write (_stream_writable.js:290:11)
    at publicSql.then (D:\ManyKitHost\trunk\manykit\routes\func.js:1742:41)
    at <anonymous>
    at process._tickDomainCallback (internal/process/next_tick.js:228:7)
[2018-10-16T12:03:04.626] [ERROR] err - TypeError: Cannot read property 'length' of undefined
    at writeOrBuffer (_stream_writable.js:348:42)
    at WriteStream.Writable.write (_stream_writable.js:290:11)
    at publicSql.then (D:\ManyKitHost\trunk\manykit\routes\func.js:1742:41)
    at <anonymous>
    at process._tickDomainCallback (internal/process/next_tick.js:228:7)
[2018-10-16T12:04:36.909] [ERROR] err - TypeError: Cannot read property 'length' of undefined
    at writeOrBuffer (_stream_writable.js:348:42)
    at WriteStream.Writable.write (_stream_writable.js:290:11)
    at publicSql.then (D:\ManyKitHost\trunk\manykit\routes\func.js:1742:41)
    at <anonymous>
    at process._tickDomainCallback (internal/process/next_tick.js:228:7)
[2018-10-16T12:05:11.147] [ERROR] err - Error: Can't set headers after they are sent.
    at validateHeader (_http_outgoing.js:494:11)
    at ServerResponse.setHeader (_http_outgoing.js:501:3)
    at ServerResponse.header (D:\ManyKitHost\trunk\manykit\node_modules\express\lib\response.js:730:10)
    at ServerResponse.send (D:\ManyKitHost\trunk\manykit\node_modules\express\lib\response.js:170:12)
    at ServerResponse.json (D:\ManyKitHost\trunk\manykit\node_modules\express\lib\response.js:256:15)
    at ServerResponse.send (D:\ManyKitHost\trunk\manykit\node_modules\express\lib\response.js:158:21)
    at Object.success (D:\ManyKitHost\trunk\manykit\common\responseResult.js:4:24)
    at publicSql.then (D:\ManyKitHost\trunk\manykit\routes\func.js:1775:43)
    at <anonymous>
    at process._tickDomainCallback (internal/process/next_tick.js:228:7)
[2018-10-16T12:05:26.778] [ERROR] err - TypeError: Cannot read property 'length' of undefined
    at writeOrBuffer (_stream_writable.js:348:42)
    at WriteStream.Writable.write (_stream_writable.js:290:11)
    at publicSql.then (D:\ManyKitHost\trunk\manykit\routes\func.js:1742:41)
    at <anonymous>
    at process._tickDomainCallback (internal/process/next_tick.js:228:7)
[2018-10-16T12:06:39.013] [ERROR] err - TypeError: Cannot read property 'length' of undefined
    at writeOrBuffer (_stream_writable.js:348:42)
    at WriteStream.Writable.write (_stream_writable.js:290:11)
    at publicSql.then (D:\ManyKitHost\trunk\manykit\routes\func.js:1742:41)
    at <anonymous>
    at process._tickDomainCallback (internal/process/next_tick.js:228:7)
[2018-10-16T12:31:36.756] [ERROR] err - { Error: Not Found
    at D:\ManyKitHost\trunk\manykit\app.js:308:15
    at Layer.handle [as handle_request] (D:\ManyKitHost\trunk\manykit\node_modules\express\lib\router\layer.js:95:5)
    at trim_prefix (D:\ManyKitHost\trunk\manykit\node_modules\express\lib\router\index.js:317:13)
    at D:\ManyKitHost\trunk\manykit\node_modules\express\lib\router\index.js:284:7
    at Function.process_params (D:\ManyKitHost\trunk\manykit\node_modules\express\lib\router\index.js:335:12)
    at next (D:\ManyKitHost\trunk\manykit\node_modules\express\lib\router\index.js:275:10)
    at SendStream.error (D:\ManyKitHost\trunk\manykit\node_modules\serve-static\index.js:121:7)
    at emitOne (events.js:116:13)
    at SendStream.emit (events.js:211:7)
    at SendStream.error (D:\ManyKitHost\trunk\manykit\node_modules\send\index.js:275:17)
    at SendStream.onStatError (D:\ManyKitHost\trunk\manykit\node_modules\send\index.js:426:12)
    at onstat (D:\ManyKitHost\trunk\manykit\node_modules\send\index.js:727:26)
    at FSReqWrap.oncomplete (fs.js:152:21) status: 404 }
[2018-10-16T13:28:17.730] [ERROR] err - TypeError: Cannot read property 'length' of undefined
    at writeOrBuffer (_stream_writable.js:348:42)
    at WriteStream.Writable.write (_stream_writable.js:290:11)
    at publicSql.then (D:\ManyKitHost\trunk\manykit\routes\func.js:1742:41)
    at <anonymous>
    at process._tickDomainCallback (internal/process/next_tick.js:228:7)
[2018-10-16T13:28:51.091] [ERROR] err - TypeError: Cannot read property 'length' of undefined
    at writeOrBuffer (_stream_writable.js:348:42)
    at WriteStream.Writable.write (_stream_writable.js:290:11)
    at publicSql.then (D:\ManyKitHost\trunk\manykit\routes\func.js:1742:41)
    at <anonymous>
    at process._tickDomainCallback (internal/process/next_tick.js:228:7)
[2018-10-16T13:29:18.295] [ERROR] err - TypeError: Cannot read property 'length' of undefined
    at writeOrBuffer (_stream_writable.js:348:42)
    at WriteStream.Writable.write (_stream_writable.js:290:11)
    at publicSql.then (D:\ManyKitHost\trunk\manykit\routes\func.js:1742:41)
    at <anonymous>
    at process._tickDomainCallback (internal/process/next_tick.js:228:7)
[2018-10-16T13:30:42.972] [ERROR] err - TypeError: Cannot read property 'length' of undefined
    at writeOrBuffer (_stream_writable.js:348:42)
    at WriteStream.Writable.write (_stream_writable.js:290:11)
    at publicSql.then (D:\ManyKitHost\trunk\manykit\routes\func.js:1742:41)
    at <anonymous>
    at process._tickDomainCallback (internal/process/next_tick.js:228:7)
[2018-10-16T13:32:15.652] [ERROR] err - TypeError: Cannot read property 'length' of undefined
    at writeOrBuffer (_stream_writable.js:348:42)
    at WriteStream.Writable.write (_stream_writable.js:290:11)
    at publicSql.then (D:\ManyKitHost\trunk\manykit\routes\func.js:1742:41)
    at <anonymous>
    at process._tickDomainCallback (internal/process/next_tick.js:228:7)
[2018-10-16T13:32:20.338] [ERROR] err - Error: Can't set headers after they are sent.
    at validateHeader (_http_outgoing.js:494:11)
    at ServerResponse.setHeader (_http_outgoing.js:501:3)
    at ServerResponse.header (D:\ManyKitHost\trunk\manykit\node_modules\express\lib\response.js:730:10)
    at ServerResponse.send (D:\ManyKitHost\trunk\manykit\node_modules\express\lib\response.js:170:12)
    at ServerResponse.json (D:\ManyKitHost\trunk\manykit\node_modules\express\lib\response.js:256:15)
    at ServerResponse.send (D:\ManyKitHost\trunk\manykit\node_modules\express\lib\response.js:158:21)
    at Object.success (D:\ManyKitHost\trunk\manykit\common\responseResult.js:4:24)
    at publicSql.then (D:\ManyKitHost\trunk\manykit\routes\func.js:1775:43)
    at <anonymous>
    at process._tickDomainCallback (internal/process/next_tick.js:228:7)
[2018-10-16T13:32:44.974] [ERROR] err - TypeError: Cannot read property 'length' of undefined
    at writeOrBuffer (_stream_writable.js:348:42)
    at WriteStream.Writable.write (_stream_writable.js:290:11)
    at publicSql.then (D:\ManyKitHost\trunk\manykit\routes\func.js:1742:41)
    at <anonymous>
    at process._tickDomainCallback (internal/process/next_tick.js:228:7)
[2018-10-16T13:33:24.353] [ERROR] err - TypeError: Cannot read property 'length' of undefined
    at writeOrBuffer (_stream_writable.js:348:42)
    at WriteStream.Writable.write (_stream_writable.js:290:11)
    at publicSql.then (D:\ManyKitHost\trunk\manykit\routes\func.js:1742:41)
    at <anonymous>
    at process._tickDomainCallback (internal/process/next_tick.js:228:7)
[2018-10-16T13:34:39.842] [ERROR] err - TypeError: Cannot read property 'length' of undefined
    at writeOrBuffer (_stream_writable.js:348:42)
    at WriteStream.Writable.write (_stream_writable.js:290:11)
    at publicSql.then (D:\ManyKitHost\trunk\manykit\routes\func.js:1742:41)
    at <anonymous>
    at process._tickDomainCallback (internal/process/next_tick.js:228:7)
[2018-10-16T14:20:57.078] [ERROR] err - TypeError: First argument must be a string, Buffer, ArrayBuffer, Array, or array-like object.
    at Function.Buffer.from (buffer.js:202:9)
    at new Buffer (buffer.js:158:17)
    at upload (D:\ManyKitHost\trunk\manykit\routes\func.js:1288:27)
    at Layer.handle [as handle_request] (D:\ManyKitHost\trunk\manykit\node_modules\express\lib\router\layer.js:95:5)
    at next (D:\ManyKitHost\trunk\manykit\node_modules\express\lib\router\route.js:137:13)
    at multerMiddleware (D:\ManyKitHost\trunk\manykit\node_modules\multer\lib\make-middleware.js:18:41)
    at Layer.handle [as handle_request] (D:\ManyKitHost\trunk\manykit\node_modules\express\lib\router\layer.js:95:5)
    at next (D:\ManyKitHost\trunk\manykit\node_modules\express\lib\router\route.js:137:13)
    at Route.dispatch (D:\ManyKitHost\trunk\manykit\node_modules\express\lib\router\route.js:112:3)
    at Layer.handle [as handle_request] (D:\ManyKitHost\trunk\manykit\node_modules\express\lib\router\layer.js:95:5)
    at D:\ManyKitHost\trunk\manykit\node_modules\express\lib\router\index.js:281:22
    at Function.process_params (D:\ManyKitHost\trunk\manykit\node_modules\express\lib\router\index.js:335:12)
    at next (D:\ManyKitHost\trunk\manykit\node_modules\express\lib\router\index.js:275:10)
    at serveStatic (D:\ManyKitHost\trunk\manykit\node_modules\serve-static\index.js:75:16)
    at Layer.handle [as handle_request] (D:\ManyKitHost\trunk\manykit\node_modules\express\lib\router\layer.js:95:5)
    at trim_prefix (D:\ManyKitHost\trunk\manykit\node_modules\express\lib\router\index.js:317:13)
[2018-10-16T15:02:13.837] [ERROR] err - TypeError: Cannot read property 'length' of undefined
    at writeOrBuffer (_stream_writable.js:348:42)
    at WriteStream.Writable.write (_stream_writable.js:290:11)
    at publicSql.then (D:\ManyKitHost\trunk\manykit\routes\func.js:1747:41)
    at <anonymous>
    at process._tickDomainCallback (internal/process/next_tick.js:228:7)
[2018-10-16T15:03:15.499] [ERROR] err - TypeError: Cannot read property 'length' of undefined
    at writeOrBuffer (_stream_writable.js:348:42)
    at WriteStream.Writable.write (_stream_writable.js:290:11)
    at publicSql.then (D:\ManyKitHost\trunk\manykit\routes\func.js:1747:41)
    at <anonymous>
    at process._tickDomainCallback (internal/process/next_tick.js:228:7)
[2018-10-16T15:03:27.725] [ERROR] err - Error: Can't set headers after they are sent.
    at validateHeader (_http_outgoing.js:494:11)
    at ServerResponse.setHeader (_http_outgoing.js:501:3)
    at ServerResponse.header (D:\ManyKitHost\trunk\manykit\node_modules\express\lib\response.js:730:10)
    at ServerResponse.send (D:\ManyKitHost\trunk\manykit\node_modules\express\lib\response.js:170:12)
    at ServerResponse.json (D:\ManyKitHost\trunk\manykit\node_modules\express\lib\response.js:256:15)
    at ServerResponse.send (D:\ManyKitHost\trunk\manykit\node_modules\express\lib\response.js:158:21)
    at Object.success (D:\ManyKitHost\trunk\manykit\common\responseResult.js:4:24)
    at publicSql.then (D:\ManyKitHost\trunk\manykit\routes\func.js:1780:43)
    at <anonymous>
    at process._tickDomainCallback (internal/process/next_tick.js:228:7)
[2018-10-16T15:03:33.759] [ERROR] err - TypeError: Cannot read property 'length' of undefined
    at writeOrBuffer (_stream_writable.js:348:42)
    at WriteStream.Writable.write (_stream_writable.js:290:11)
    at publicSql.then (D:\ManyKitHost\trunk\manykit\routes\func.js:1747:41)
    at <anonymous>
    at process._tickDomainCallback (internal/process/next_tick.js:228:7)
[2018-10-16T15:04:38.365] [ERROR] err - TypeError: Cannot read property 'length' of undefined
    at writeOrBuffer (_stream_writable.js:348:42)
    at WriteStream.Writable.write (_stream_writable.js:290:11)
    at publicSql.then (D:\ManyKitHost\trunk\manykit\routes\func.js:1747:41)
    at <anonymous>
    at process._tickDomainCallback (internal/process/next_tick.js:228:7)
[2018-10-16T15:04:43.134] [ERROR] err - Error: Can't set headers after they are sent.
    at validateHeader (_http_outgoing.js:494:11)
    at ServerResponse.setHeader (_http_outgoing.js:501:3)
    at ServerResponse.header (D:\ManyKitHost\trunk\manykit\node_modules\express\lib\response.js:730:10)
    at ServerResponse.send (D:\ManyKitHost\trunk\manykit\node_modules\express\lib\response.js:170:12)
    at ServerResponse.json (D:\ManyKitHost\trunk\manykit\node_modules\express\lib\response.js:256:15)
    at ServerResponse.send (D:\ManyKitHost\trunk\manykit\node_modules\express\lib\response.js:158:21)
    at Object.success (D:\ManyKitHost\trunk\manykit\common\responseResult.js:4:24)
    at publicSql.then (D:\ManyKitHost\trunk\manykit\routes\func.js:1780:43)
    at <anonymous>
    at process._tickDomainCallback (internal/process/next_tick.js:228:7)
[2018-10-16T15:05:10.153] [ERROR] err - TypeError: Cannot read property 'length' of undefined
    at writeOrBuffer (_stream_writable.js:348:42)
    at WriteStream.Writable.write (_stream_writable.js:290:11)
    at publicSql.then (D:\ManyKitHost\trunk\manykit\routes\func.js:1747:41)
    at <anonymous>
    at process._tickDomainCallback (internal/process/next_tick.js:228:7)
[2018-10-16T15:06:48.027] [ERROR] err - TypeError: Cannot read property 'length' of undefined
    at writeOrBuffer (_stream_writable.js:348:42)
    at WriteStream.Writable.write (_stream_writable.js:290:11)
    at publicSql.then (D:\ManyKitHost\trunk\manykit\routes\func.js:1747:41)
    at <anonymous>
    at process._tickDomainCallback (internal/process/next_tick.js:228:7)
[2018-10-16T15:21:38.718] [ERROR] err - TypeError: Cannot read property 'length' of undefined
    at writeOrBuffer (_stream_writable.js:348:42)
    at WriteStream.Writable.write (_stream_writable.js:290:11)
    at publicSql.then (D:\ManyKitHost\trunk\manykit\routes\func.js:1747:41)
    at <anonymous>
    at process._tickDomainCallback (internal/process/next_tick.js:228:7)
[2018-10-16T15:22:26.470] [ERROR] err - TypeError: Cannot read property 'length' of undefined
    at writeOrBuffer (_stream_writable.js:348:42)
    at WriteStream.Writable.write (_stream_writable.js:290:11)
    at publicSql.then (D:\ManyKitHost\trunk\manykit\routes\func.js:1747:41)
    at <anonymous>
    at process._tickDomainCallback (internal/process/next_tick.js:228:7)
[2018-10-16T15:23:18.070] [ERROR] err - TypeError: Cannot read property 'length' of undefined
    at writeOrBuffer (_stream_writable.js:348:42)
    at WriteStream.Writable.write (_stream_writable.js:290:11)
    at publicSql.then (D:\ManyKitHost\trunk\manykit\routes\func.js:1747:41)
    at <anonymous>
    at process._tickDomainCallback (internal/process/next_tick.js:228:7)
[2018-10-16T15:23:22.128] [ERROR] err - Error: Can't set headers after they are sent.
    at validateHeader (_http_outgoing.js:494:11)
    at ServerResponse.setHeader (_http_outgoing.js:501:3)
    at ServerResponse.header (D:\ManyKitHost\trunk\manykit\node_modules\express\lib\response.js:730:10)
    at ServerResponse.send (D:\ManyKitHost\trunk\manykit\node_modules\express\lib\response.js:170:12)
    at ServerResponse.json (D:\ManyKitHost\trunk\manykit\node_modules\express\lib\response.js:256:15)
    at ServerResponse.send (D:\ManyKitHost\trunk\manykit\node_modules\express\lib\response.js:158:21)
    at Object.success (D:\ManyKitHost\trunk\manykit\common\responseResult.js:4:24)
    at publicSql.then (D:\ManyKitHost\trunk\manykit\routes\func.js:1780:43)
    at <anonymous>
    at process._tickDomainCallback (internal/process/next_tick.js:228:7)
[2018-10-16T15:23:36.551] [ERROR] err - TypeError: Cannot read property 'length' of undefined
    at writeOrBuffer (_stream_writable.js:348:42)
    at WriteStream.Writable.write (_stream_writable.js:290:11)
    at publicSql.then (D:\ManyKitHost\trunk\manykit\routes\func.js:1747:41)
    at <anonymous>
    at process._tickDomainCallback (internal/process/next_tick.js:228:7)
[2018-10-16T15:24:06.609] [ERROR] err - TypeError: Cannot read property 'length' of undefined
    at writeOrBuffer (_stream_writable.js:348:42)
    at WriteStream.Writable.write (_stream_writable.js:290:11)
    at publicSql.then (D:\ManyKitHost\trunk\manykit\routes\func.js:1747:41)
    at <anonymous>
    at process._tickDomainCallback (internal/process/next_tick.js:228:7)
[2018-10-16T15:24:13.093] [ERROR] err - Error: Can't set headers after they are sent.
    at validateHeader (_http_outgoing.js:494:11)
    at ServerResponse.setHeader (_http_outgoing.js:501:3)
    at ServerResponse.header (D:\ManyKitHost\trunk\manykit\node_modules\express\lib\response.js:730:10)
    at ServerResponse.send (D:\ManyKitHost\trunk\manykit\node_modules\express\lib\response.js:170:12)
    at ServerResponse.json (D:\ManyKitHost\trunk\manykit\node_modules\express\lib\response.js:256:15)
    at ServerResponse.send (D:\ManyKitHost\trunk\manykit\node_modules\express\lib\response.js:158:21)
    at Object.success (D:\ManyKitHost\trunk\manykit\common\responseResult.js:4:24)
    at publicSql.then (D:\ManyKitHost\trunk\manykit\routes\func.js:1780:43)
    at <anonymous>
    at process._tickDomainCallback (internal/process/next_tick.js:228:7)
[2018-10-16T15:24:25.259] [ERROR] err - TypeError: Cannot read property 'length' of undefined
    at writeOrBuffer (_stream_writable.js:348:42)
    at WriteStream.Writable.write (_stream_writable.js:290:11)
    at publicSql.then (D:\ManyKitHost\trunk\manykit\routes\func.js:1747:41)
    at <anonymous>
    at process._tickDomainCallback (internal/process/next_tick.js:228:7)
[2018-10-16T15:28:12.333] [ERROR] err - TypeError: Cannot read property 'length' of undefined
    at writeOrBuffer (_stream_writable.js:348:42)
    at WriteStream.Writable.write (_stream_writable.js:290:11)
    at publicSql.then (D:\ManyKitHost\trunk\manykit\routes\func.js:1747:41)
    at <anonymous>
    at process._tickDomainCallback (internal/process/next_tick.js:228:7)
[2018-10-16T15:37:17.638] [ERROR] err - TypeError: Cannot read property 'length' of undefined
    at writeOrBuffer (_stream_writable.js:348:42)
    at WriteStream.Writable.write (_stream_writable.js:290:11)
    at publicSql.then (D:\ManyKitHost\trunk\manykit\routes\func.js:1747:41)
    at <anonymous>
    at process._tickDomainCallback (internal/process/next_tick.js:228:7)
[2018-10-16T15:39:29.100] [ERROR] err - TypeError: Cannot read property 'length' of undefined
    at writeOrBuffer (_stream_writable.js:348:42)
    at WriteStream.Writable.write (_stream_writable.js:290:11)
    at publicSql.then (D:\ManyKitHost\trunk\manykit\routes\func.js:1744:41)
    at <anonymous>
    at process._tickDomainCallback (internal/process/next_tick.js:228:7)
[2018-10-16T15:40:44.872] [ERROR] err - TypeError: Cannot read property 'length' of undefined
    at writeOrBuffer (_stream_writable.js:348:42)
    at WriteStream.Writable.write (_stream_writable.js:290:11)
    at publicSql.then (D:\ManyKitHost\trunk\manykit\routes\func.js:1744:41)
    at <anonymous>
    at process._tickDomainCallback (internal/process/next_tick.js:228:7)
[2018-10-16T15:41:19.008] [ERROR] err - TypeError: Cannot read property 'length' of undefined
    at writeOrBuffer (_stream_writable.js:348:42)
    at WriteStream.Writable.write (_stream_writable.js:290:11)
    at publicSql.then (D:\ManyKitHost\trunk\manykit\routes\func.js:1744:41)
    at <anonymous>
    at process._tickDomainCallback (internal/process/next_tick.js:228:7)
[2018-10-16T15:41:23.438] [ERROR] err - Error: Can't set headers after they are sent.
    at validateHeader (_http_outgoing.js:494:11)
    at ServerResponse.setHeader (_http_outgoing.js:501:3)
    at ServerResponse.header (D:\ManyKitHost\trunk\manykit\node_modules\express\lib\response.js:730:10)
    at ServerResponse.send (D:\ManyKitHost\trunk\manykit\node_modules\express\lib\response.js:170:12)
    at ServerResponse.json (D:\ManyKitHost\trunk\manykit\node_modules\express\lib\response.js:256:15)
    at ServerResponse.send (D:\ManyKitHost\trunk\manykit\node_modules\express\lib\response.js:158:21)
    at Object.success (D:\ManyKitHost\trunk\manykit\common\responseResult.js:4:24)
    at publicSql.then (D:\ManyKitHost\trunk\manykit\routes\func.js:1777:43)
    at <anonymous>
    at process._tickDomainCallback (internal/process/next_tick.js:228:7)
[2018-10-16T15:41:43.266] [ERROR] err - TypeError: Cannot read property 'length' of undefined
    at writeOrBuffer (_stream_writable.js:348:42)
    at WriteStream.Writable.write (_stream_writable.js:290:11)
    at publicSql.then (D:\ManyKitHost\trunk\manykit\routes\func.js:1744:41)
    at <anonymous>
    at process._tickDomainCallback (internal/process/next_tick.js:228:7)
[2018-10-16T15:49:27.736] [ERROR] err - TypeError: Cannot read property 'length' of undefined
    at writeOrBuffer (_stream_writable.js:348:42)
    at WriteStream.Writable.write (_stream_writable.js:290:11)
    at publicSql.then (D:\ManyKitHost\trunk\manykit\routes\func.js:1744:41)
    at <anonymous>
    at process._tickDomainCallback (internal/process/next_tick.js:228:7)
[2018-10-16T15:50:48.836] [ERROR] err - TypeError: Cannot read property 'length' of undefined
    at writeOrBuffer (_stream_writable.js:348:42)
    at WriteStream.Writable.write (_stream_writable.js:290:11)
    at publicSql.then (D:\ManyKitHost\trunk\manykit\routes\func.js:1744:41)
    at <anonymous>
    at process._tickDomainCallback (internal/process/next_tick.js:228:7)
[2018-10-16T15:52:45.859] [ERROR] err - TypeError: Cannot read property 'length' of undefined
    at writeOrBuffer (_stream_writable.js:348:42)
    at WriteStream.Writable.write (_stream_writable.js:290:11)
    at publicSql.then (D:\ManyKitHost\trunk\manykit\routes\func.js:1744:41)
    at <anonymous>
    at process._tickDomainCallback (internal/process/next_tick.js:228:7)
[2018-10-16T15:52:51.380] [ERROR] err - Error: Can't set headers after they are sent.
    at validateHeader (_http_outgoing.js:494:11)
    at ServerResponse.setHeader (_http_outgoing.js:501:3)
    at ServerResponse.header (D:\ManyKitHost\trunk\manykit\node_modules\express\lib\response.js:730:10)
    at ServerResponse.send (D:\ManyKitHost\trunk\manykit\node_modules\express\lib\response.js:170:12)
    at ServerResponse.json (D:\ManyKitHost\trunk\manykit\node_modules\express\lib\response.js:256:15)
    at ServerResponse.send (D:\ManyKitHost\trunk\manykit\node_modules\express\lib\response.js:158:21)
    at Object.success (D:\ManyKitHost\trunk\manykit\common\responseResult.js:4:24)
    at publicSql.then (D:\ManyKitHost\trunk\manykit\routes\func.js:1777:43)
    at <anonymous>
    at process._tickDomainCallback (internal/process/next_tick.js:228:7)
[2018-10-16T15:53:12.519] [ERROR] err - Error: Can't set headers after they are sent.
    at validateHeader (_http_outgoing.js:494:11)
    at ServerResponse.setHeader (_http_outgoing.js:501:3)
    at ServerResponse.header (D:\ManyKitHost\trunk\manykit\node_modules\express\lib\response.js:730:10)
    at ServerResponse.send (D:\ManyKitHost\trunk\manykit\node_modules\express\lib\response.js:170:12)
    at ServerResponse.json (D:\ManyKitHost\trunk\manykit\node_modules\express\lib\response.js:256:15)
    at ServerResponse.send (D:\ManyKitHost\trunk\manykit\node_modules\express\lib\response.js:158:21)
    at Object.success (D:\ManyKitHost\trunk\manykit\common\responseResult.js:4:24)
    at publicSql.then (D:\ManyKitHost\trunk\manykit\routes\func.js:1777:43)
    at <anonymous>
    at process._tickDomainCallback (internal/process/next_tick.js:228:7)
[2018-10-16T15:53:29.786] [ERROR] err - TypeError: Cannot read property 'length' of undefined
    at writeOrBuffer (_stream_writable.js:348:42)
    at WriteStream.Writable.write (_stream_writable.js:290:11)
    at publicSql.then (D:\ManyKitHost\trunk\manykit\routes\func.js:1744:41)
    at <anonymous>
    at process._tickDomainCallback (internal/process/next_tick.js:228:7)
[2018-10-16T15:54:15.901] [ERROR] err - TypeError: Cannot read property 'length' of undefined
    at writeOrBuffer (_stream_writable.js:348:42)
    at WriteStream.Writable.write (_stream_writable.js:290:11)
    at publicSql.then (D:\ManyKitHost\trunk\manykit\routes\func.js:1744:41)
    at <anonymous>
    at process._tickDomainCallback (internal/process/next_tick.js:228:7)
[2018-10-16T16:33:23.357] [ERROR] err - TypeError: Cannot read property 'length' of undefined
    at writeOrBuffer (_stream_writable.js:348:42)
    at WriteStream.Writable.write (_stream_writable.js:290:11)
    at publicSql.then (D:\ManyKitHost\trunk\manykit\routes\func.js:1744:41)
    at <anonymous>
    at process._tickDomainCallback (internal/process/next_tick.js:228:7)
[2018-10-16T16:36:23.299] [ERROR] err - TypeError: Cannot read property 'length' of undefined
    at writeOrBuffer (_stream_writable.js:348:42)
    at WriteStream.Writable.write (_stream_writable.js:290:11)
    at publicSql.then (D:\ManyKitHost\trunk\manykit\routes\func.js:1744:41)
    at <anonymous>
    at process._tickDomainCallback (internal/process/next_tick.js:228:7)
[2018-10-16T16:38:18.366] [ERROR] err - TypeError: Cannot read property 'length' of undefined
    at writeOrBuffer (_stream_writable.js:348:42)
    at WriteStream.Writable.write (_stream_writable.js:290:11)
    at publicSql.then (D:\ManyKitHost\trunk\manykit\routes\func.js:1744:41)
    at <anonymous>
    at process._tickDomainCallback (internal/process/next_tick.js:228:7)
[2018-10-16T16:38:38.624] [ERROR] err - Error: Can't set headers after they are sent.
    at validateHeader (_http_outgoing.js:494:11)
    at ServerResponse.setHeader (_http_outgoing.js:501:3)
    at ServerResponse.header (D:\ManyKitHost\trunk\manykit\node_modules\express\lib\response.js:730:10)
    at ServerResponse.send (D:\ManyKitHost\trunk\manykit\node_modules\express\lib\response.js:170:12)
    at ServerResponse.json (D:\ManyKitHost\trunk\manykit\node_modules\express\lib\response.js:256:15)
    at ServerResponse.send (D:\ManyKitHost\trunk\manykit\node_modules\express\lib\response.js:158:21)
    at Object.success (D:\ManyKitHost\trunk\manykit\common\responseResult.js:4:24)
    at publicSql.then (D:\ManyKitHost\trunk\manykit\routes\func.js:1777:43)
    at <anonymous>
    at process._tickDomainCallback (internal/process/next_tick.js:228:7)
[2018-10-16T16:43:22.314] [ERROR] err - Error: Can't set headers after they are sent.
    at validateHeader (_http_outgoing.js:494:11)
    at ServerResponse.setHeader (_http_outgoing.js:501:3)
    at ServerResponse.header (D:\ManyKitHost\trunk\manykit\node_modules\express\lib\response.js:730:10)
    at ServerResponse.send (D:\ManyKitHost\trunk\manykit\node_modules\express\lib\response.js:170:12)
    at ServerResponse.json (D:\ManyKitHost\trunk\manykit\node_modules\express\lib\response.js:256:15)
    at ServerResponse.send (D:\ManyKitHost\trunk\manykit\node_modules\express\lib\response.js:158:21)
    at Object.success (D:\ManyKitHost\trunk\manykit\common\responseResult.js:4:24)
    at publicSql.then (D:\ManyKitHost\trunk\manykit\routes\func.js:1777:43)
    at <anonymous>
    at process._tickDomainCallback (internal/process/next_tick.js:228:7)
[2018-10-16T16:43:40.156] [ERROR] err - Error: Can't set headers after they are sent.
    at validateHeader (_http_outgoing.js:494:11)
    at ServerResponse.setHeader (_http_outgoing.js:501:3)
    at ServerResponse.header (D:\ManyKitHost\trunk\manykit\node_modules\express\lib\response.js:730:10)
    at ServerResponse.send (D:\ManyKitHost\trunk\manykit\node_modules\express\lib\response.js:170:12)
    at ServerResponse.json (D:\ManyKitHost\trunk\manykit\node_modules\express\lib\response.js:256:15)
    at ServerResponse.send (D:\ManyKitHost\trunk\manykit\node_modules\express\lib\response.js:158:21)
    at Object.success (D:\ManyKitHost\trunk\manykit\common\responseResult.js:4:24)
    at publicSql.then (D:\ManyKitHost\trunk\manykit\routes\func.js:1777:43)
    at <anonymous>
    at process._tickDomainCallback (internal/process/next_tick.js:228:7)
[2018-10-16T16:47:33.245] [ERROR] err - Error: Can't set headers after they are sent.
    at validateHeader (_http_outgoing.js:494:11)
    at ServerResponse.setHeader (_http_outgoing.js:501:3)
    at ServerResponse.header (D:\ManyKitHost\trunk\manykit\node_modules\express\lib\response.js:730:10)
    at ServerResponse.send (D:\ManyKitHost\trunk\manykit\node_modules\express\lib\response.js:170:12)
    at ServerResponse.json (D:\ManyKitHost\trunk\manykit\node_modules\express\lib\response.js:256:15)
    at ServerResponse.send (D:\ManyKitHost\trunk\manykit\node_modules\express\lib\response.js:158:21)
    at Object.success (D:\ManyKitHost\trunk\manykit\common\responseResult.js:4:24)
    at publicSql.then (D:\ManyKitHost\trunk\manykit\routes\func.js:1777:43)
    at <anonymous>
    at process._tickDomainCallback (internal/process/next_tick.js:228:7)
[2018-10-16T16:48:31.560] [ERROR] err - Error: Can't set headers after they are sent.
    at validateHeader (_http_outgoing.js:494:11)
    at ServerResponse.setHeader (_http_outgoing.js:501:3)
    at ServerResponse.header (D:\ManyKitHost\trunk\manykit\node_modules\express\lib\response.js:730:10)
    at ServerResponse.send (D:\ManyKitHost\trunk\manykit\node_modules\express\lib\response.js:170:12)
    at ServerResponse.json (D:\ManyKitHost\trunk\manykit\node_modules\express\lib\response.js:256:15)
    at ServerResponse.send (D:\ManyKitHost\trunk\manykit\node_modules\express\lib\response.js:158:21)
    at Object.success (D:\ManyKitHost\trunk\manykit\common\responseResult.js:4:24)
    at publicSql.then (D:\ManyKitHost\trunk\manykit\routes\func.js:1777:43)
    at <anonymous>
    at process._tickDomainCallback (internal/process/next_tick.js:228:7)
[2018-10-16T16:48:58.829] [ERROR] err - Error: Can't set headers after they are sent.
    at validateHeader (_http_outgoing.js:494:11)
    at ServerResponse.setHeader (_http_outgoing.js:501:3)
    at ServerResponse.header (D:\ManyKitHost\trunk\manykit\node_modules\express\lib\response.js:730:10)
    at ServerResponse.send (D:\ManyKitHost\trunk\manykit\node_modules\express\lib\response.js:170:12)
    at ServerResponse.json (D:\ManyKitHost\trunk\manykit\node_modules\express\lib\response.js:256:15)
    at ServerResponse.send (D:\ManyKitHost\trunk\manykit\node_modules\express\lib\response.js:158:21)
    at Object.success (D:\ManyKitHost\trunk\manykit\common\responseResult.js:4:24)
    at publicSql.then (D:\ManyKitHost\trunk\manykit\routes\func.js:1777:43)
    at <anonymous>
    at process._tickDomainCallback (internal/process/next_tick.js:228:7)
[2018-10-16T16:49:33.318] [ERROR] err - TypeError: Cannot read property 'length' of undefined
    at writeOrBuffer (_stream_writable.js:348:42)
    at WriteStream.Writable.write (_stream_writable.js:290:11)
    at publicSql.then (D:\ManyKitHost\trunk\manykit\routes\func.js:1744:41)
    at <anonymous>
    at process._tickDomainCallback (internal/process/next_tick.js:228:7)
[2018-10-16T16:58:03.636] [ERROR] err - TypeError: Cannot read property 'length' of undefined
    at writeOrBuffer (_stream_writable.js:348:42)
    at WriteStream.Writable.write (_stream_writable.js:290:11)
    at publicSql.then (D:\ManyKitHost\trunk\manykit\routes\func.js:1744:41)
    at <anonymous>
    at process._tickDomainCallback (internal/process/next_tick.js:228:7)
[2018-10-16T17:08:17.790] [ERROR] err - TypeError: Cannot read property 'length' of undefined
    at writeOrBuffer (_stream_writable.js:348:42)
    at WriteStream.Writable.write (_stream_writable.js:290:11)
    at publicSql.then (D:\ManyKitHost\trunk\manykit\routes\func.js:1744:41)
    at <anonymous>
    at process._tickDomainCallback (internal/process/next_tick.js:228:7)
[2018-10-16T17:08:26.635] [ERROR] err - Error: Can't set headers after they are sent.
    at validateHeader (_http_outgoing.js:494:11)
    at ServerResponse.setHeader (_http_outgoing.js:501:3)
    at ServerResponse.header (D:\ManyKitHost\trunk\manykit\node_modules\express\lib\response.js:730:10)
    at ServerResponse.send (D:\ManyKitHost\trunk\manykit\node_modules\express\lib\response.js:170:12)
    at ServerResponse.json (D:\ManyKitHost\trunk\manykit\node_modules\express\lib\response.js:256:15)
    at ServerResponse.send (D:\ManyKitHost\trunk\manykit\node_modules\express\lib\response.js:158:21)
    at Object.success (D:\ManyKitHost\trunk\manykit\common\responseResult.js:4:24)
    at publicSql.then (D:\ManyKitHost\trunk\manykit\routes\func.js:1777:43)
    at <anonymous>
    at process._tickDomainCallback (internal/process/next_tick.js:228:7)
[2018-10-16T17:08:53.048] [ERROR] err - TypeError: Cannot read property 'length' of undefined
    at writeOrBuffer (_stream_writable.js:348:42)
    at WriteStream.Writable.write (_stream_writable.js:290:11)
    at publicSql.then (D:\ManyKitHost\trunk\manykit\routes\func.js:1744:41)
    at <anonymous>
    at process._tickDomainCallback (internal/process/next_tick.js:228:7)
[2018-10-16T17:10:41.504] [ERROR] err - TypeError: May not write null values to stream
    at validChunk (_stream_writable.js:250:10)
    at WriteStream.Writable.write (_stream_writable.js:288:21)
    at publicSql.then (D:\ManyKitHost\trunk\manykit\routes\func.js:1744:41)
    at <anonymous>
    at process._tickDomainCallback (internal/process/next_tick.js:228:7)
[2018-10-16T17:12:59.585] [ERROR] err - { Error: Not Found
    at D:\ManyKitHost\trunk\manykit\app.js:308:15
    at Layer.handle [as handle_request] (D:\ManyKitHost\trunk\manykit\node_modules\express\lib\router\layer.js:95:5)
    at trim_prefix (D:\ManyKitHost\trunk\manykit\node_modules\express\lib\router\index.js:317:13)
    at D:\ManyKitHost\trunk\manykit\node_modules\express\lib\router\index.js:284:7
    at Function.process_params (D:\ManyKitHost\trunk\manykit\node_modules\express\lib\router\index.js:335:12)
    at next (D:\ManyKitHost\trunk\manykit\node_modules\express\lib\router\index.js:275:10)
    at SendStream.error (D:\ManyKitHost\trunk\manykit\node_modules\serve-static\index.js:121:7)
    at emitOne (events.js:116:13)
    at SendStream.emit (events.js:211:7)
    at SendStream.error (D:\ManyKitHost\trunk\manykit\node_modules\send\index.js:275:17)
    at SendStream.onStatError (D:\ManyKitHost\trunk\manykit\node_modules\send\index.js:426:12)
    at onstat (D:\ManyKitHost\trunk\manykit\node_modules\send\index.js:727:26)
    at FSReqWrap.oncomplete (fs.js:152:21) status: 404 }
[2018-10-16T17:17:44.869] [ERROR] err - TypeError: Cannot read property 'length' of undefined
    at writeOrBuffer (_stream_writable.js:348:42)
    at WriteStream.Writable.write (_stream_writable.js:290:11)
    at publicSql.then (D:\ManyKitHost\trunk\manykit\routes\func.js:1744:41)
    at <anonymous>
    at process._tickDomainCallback (internal/process/next_tick.js:228:7)
[2018-10-16T17:17:51.129] [ERROR] err - Error: Can't set headers after they are sent.
    at validateHeader (_http_outgoing.js:494:11)
    at ServerResponse.setHeader (_http_outgoing.js:501:3)
    at ServerResponse.header (D:\ManyKitHost\trunk\manykit\node_modules\express\lib\response.js:730:10)
    at ServerResponse.send (D:\ManyKitHost\trunk\manykit\node_modules\express\lib\response.js:170:12)
    at ServerResponse.json (D:\ManyKitHost\trunk\manykit\node_modules\express\lib\response.js:256:15)
    at ServerResponse.send (D:\ManyKitHost\trunk\manykit\node_modules\express\lib\response.js:158:21)
    at Object.success (D:\ManyKitHost\trunk\manykit\common\responseResult.js:4:24)
    at publicSql.then (D:\ManyKitHost\trunk\manykit\routes\func.js:1777:43)
    at <anonymous>
    at process._tickDomainCallback (internal/process/next_tick.js:228:7)
[2018-10-16T17:17:59.873] [ERROR] err - TypeError: Cannot read property 'length' of undefined
    at writeOrBuffer (_stream_writable.js:348:42)
    at WriteStream.Writable.write (_stream_writable.js:290:11)
    at publicSql.then (D:\ManyKitHost\trunk\manykit\routes\func.js:1744:41)
    at <anonymous>
    at process._tickDomainCallback (internal/process/next_tick.js:228:7)
[2018-10-16T17:19:21.585] [ERROR] err - TypeError: Cannot read property 'length' of undefined
    at writeOrBuffer (_stream_writable.js:348:42)
    at WriteStream.Writable.write (_stream_writable.js:290:11)
    at publicSql.then (D:\ManyKitHost\trunk\manykit\routes\func.js:1744:41)
    at <anonymous>
    at process._tickDomainCallback (internal/process/next_tick.js:228:7)
[2018-10-16T17:19:51.511] [ERROR] err - TypeError: Cannot read property 'length' of undefined
    at writeOrBuffer (_stream_writable.js:348:42)
    at WriteStream.Writable.write (_stream_writable.js:290:11)
    at publicSql.then (D:\ManyKitHost\trunk\manykit\routes\func.js:1744:41)
    at <anonymous>
    at process._tickDomainCallback (internal/process/next_tick.js:228:7)
[2018-10-16T17:30:37.430] [ERROR] err - TypeError: Cannot read property 'length' of undefined
    at writeOrBuffer (_stream_writable.js:348:42)
    at WriteStream.Writable.write (_stream_writable.js:290:11)
    at publicSql.then (D:\ManyKitHost\trunk\manykit\routes\func.js:1744:41)
    at <anonymous>
    at process._tickDomainCallback (internal/process/next_tick.js:228:7)
[2018-10-16T17:30:42.431] [ERROR] err - Error: Can't set headers after they are sent.
    at validateHeader (_http_outgoing.js:494:11)
    at ServerResponse.setHeader (_http_outgoing.js:501:3)
    at ServerResponse.header (D:\ManyKitHost\trunk\manykit\node_modules\express\lib\response.js:730:10)
    at ServerResponse.send (D:\ManyKitHost\trunk\manykit\node_modules\express\lib\response.js:170:12)
    at ServerResponse.json (D:\ManyKitHost\trunk\manykit\node_modules\express\lib\response.js:256:15)
    at ServerResponse.send (D:\ManyKitHost\trunk\manykit\node_modules\express\lib\response.js:158:21)
    at Object.success (D:\ManyKitHost\trunk\manykit\common\responseResult.js:4:24)
    at publicSql.then (D:\ManyKitHost\trunk\manykit\routes\func.js:1777:43)
    at <anonymous>
    at process._tickDomainCallback (internal/process/next_tick.js:228:7)
[2018-10-16T17:31:11.029] [ERROR] err - Error: Can't set headers after they are sent.
    at validateHeader (_http_outgoing.js:494:11)
    at ServerResponse.setHeader (_http_outgoing.js:501:3)
    at ServerResponse.header (D:\ManyKitHost\trunk\manykit\node_modules\express\lib\response.js:730:10)
    at ServerResponse.send (D:\ManyKitHost\trunk\manykit\node_modules\express\lib\response.js:170:12)
    at ServerResponse.json (D:\ManyKitHost\trunk\manykit\node_modules\express\lib\response.js:256:15)
    at ServerResponse.send (D:\ManyKitHost\trunk\manykit\node_modules\express\lib\response.js:158:21)
    at Object.success (D:\ManyKitHost\trunk\manykit\common\responseResult.js:4:24)
    at publicSql.then (D:\ManyKitHost\trunk\manykit\routes\func.js:1777:43)
    at <anonymous>
    at process._tickDomainCallback (internal/process/next_tick.js:228:7)
[2018-10-16T17:31:47.318] [ERROR] err - { Error: Not Found
    at D:\ManyKitHost\trunk\manykit\app.js:308:15
    at Layer.handle [as handle_request] (D:\ManyKitHost\trunk\manykit\node_modules\express\lib\router\layer.js:95:5)
    at trim_prefix (D:\ManyKitHost\trunk\manykit\node_modules\express\lib\router\index.js:317:13)
    at D:\ManyKitHost\trunk\manykit\node_modules\express\lib\router\index.js:284:7
    at Function.process_params (D:\ManyKitHost\trunk\manykit\node_modules\express\lib\router\index.js:335:12)
    at next (D:\ManyKitHost\trunk\manykit\node_modules\express\lib\router\index.js:275:10)
    at SendStream.error (D:\ManyKitHost\trunk\manykit\node_modules\serve-static\index.js:121:7)
    at emitOne (events.js:116:13)
    at SendStream.emit (events.js:211:7)
    at SendStream.error (D:\ManyKitHost\trunk\manykit\node_modules\send\index.js:275:17)
    at SendStream.onStatError (D:\ManyKitHost\trunk\manykit\node_modules\send\index.js:426:12)
    at next (D:\ManyKitHost\trunk\manykit\node_modules\send\index.js:736:16)
    at onstat (D:\ManyKitHost\trunk\manykit\node_modules\send\index.js:725:14)
    at FSReqWrap.oncomplete (fs.js:152:21) status: 404 }
[2018-10-16T17:31:55.097] [ERROR] err - Error: Can't set headers after they are sent.
    at validateHeader (_http_outgoing.js:494:11)
    at ServerResponse.setHeader (_http_outgoing.js:501:3)
    at ServerResponse.header (D:\ManyKitHost\trunk\manykit\node_modules\express\lib\response.js:730:10)
    at ServerResponse.send (D:\ManyKitHost\trunk\manykit\node_modules\express\lib\response.js:170:12)
    at ServerResponse.json (D:\ManyKitHost\trunk\manykit\node_modules\express\lib\response.js:256:15)
    at ServerResponse.send (D:\ManyKitHost\trunk\manykit\node_modules\express\lib\response.js:158:21)
    at Object.success (D:\ManyKitHost\trunk\manykit\common\responseResult.js:4:24)
    at publicSql.then (D:\ManyKitHost\trunk\manykit\routes\func.js:1777:43)
    at <anonymous>
    at process._tickDomainCallback (internal/process/next_tick.js:228:7)
[2018-10-16T17:32:47.745] [ERROR] err - TypeError: Cannot read property 'length' of undefined
    at writeOrBuffer (_stream_writable.js:348:42)
    at WriteStream.Writable.write (_stream_writable.js:290:11)
    at publicSql.then (D:\ManyKitHost\trunk\manykit\routes\func.js:1744:41)
    at <anonymous>
    at process._tickDomainCallback (internal/process/next_tick.js:228:7)
[2018-10-16T17:32:59.147] [ERROR] err - Error: Can't set headers after they are sent.
    at validateHeader (_http_outgoing.js:494:11)
    at ServerResponse.setHeader (_http_outgoing.js:501:3)
    at ServerResponse.header (D:\ManyKitHost\trunk\manykit\node_modules\express\lib\response.js:730:10)
    at ServerResponse.send (D:\ManyKitHost\trunk\manykit\node_modules\express\lib\response.js:170:12)
    at ServerResponse.json (D:\ManyKitHost\trunk\manykit\node_modules\express\lib\response.js:256:15)
    at ServerResponse.send (D:\ManyKitHost\trunk\manykit\node_modules\express\lib\response.js:158:21)
    at Object.success (D:\ManyKitHost\trunk\manykit\common\responseResult.js:4:24)
    at publicSql.then (D:\ManyKitHost\trunk\manykit\routes\func.js:1777:43)
    at <anonymous>
    at process._tickDomainCallback (internal/process/next_tick.js:228:7)
[2018-10-16T17:33:07.433] [ERROR] err - Error: Can't set headers after they are sent.
    at validateHeader (_http_outgoing.js:494:11)
    at ServerResponse.setHeader (_http_outgoing.js:501:3)
    at ServerResponse.header (D:\ManyKitHost\trunk\manykit\node_modules\express\lib\response.js:730:10)
    at ServerResponse.send (D:\ManyKitHost\trunk\manykit\node_modules\express\lib\response.js:170:12)
    at ServerResponse.json (D:\ManyKitHost\trunk\manykit\node_modules\express\lib\response.js:256:15)
    at ServerResponse.send (D:\ManyKitHost\trunk\manykit\node_modules\express\lib\response.js:158:21)
    at Object.success (D:\ManyKitHost\trunk\manykit\common\responseResult.js:4:24)
    at publicSql.then (D:\ManyKitHost\trunk\manykit\routes\func.js:1777:43)
    at <anonymous>
    at process._tickDomainCallback (internal/process/next_tick.js:228:7)
[2018-10-16T17:34:33.119] [ERROR] err - TypeError: Cannot read property 'length' of undefined
    at writeOrBuffer (_stream_writable.js:348:42)
    at WriteStream.Writable.write (_stream_writable.js:290:11)
    at publicSql.then (D:\ManyKitHost\trunk\manykit\routes\func.js:1744:41)
    at <anonymous>
    at process._tickDomainCallback (internal/process/next_tick.js:228:7)
[2018-10-16T17:35:41.143] [ERROR] err - TypeError: Cannot read property 'length' of undefined
    at writeOrBuffer (_stream_writable.js:348:42)
    at WriteStream.Writable.write (_stream_writable.js:290:11)
    at publicSql.then (D:\ManyKitHost\trunk\manykit\routes\func.js:1744:41)
    at <anonymous>
    at process._tickDomainCallback (internal/process/next_tick.js:228:7)
[2018-10-16T17:36:13.380] [ERROR] err - TypeError: Cannot read property 'length' of undefined
    at writeOrBuffer (_stream_writable.js:348:42)
    at WriteStream.Writable.write (_stream_writable.js:290:11)
    at publicSql.then (D:\ManyKitHost\trunk\manykit\routes\func.js:1744:41)
    at <anonymous>
    at process._tickDomainCallback (internal/process/next_tick.js:228:7)
[2018-10-16T17:36:20.221] [ERROR] err - Error: Can't set headers after they are sent.
    at validateHeader (_http_outgoing.js:494:11)
    at ServerResponse.setHeader (_http_outgoing.js:501:3)
    at ServerResponse.header (D:\ManyKitHost\trunk\manykit\node_modules\express\lib\response.js:730:10)
    at ServerResponse.send (D:\ManyKitHost\trunk\manykit\node_modules\express\lib\response.js:170:12)
    at ServerResponse.json (D:\ManyKitHost\trunk\manykit\node_modules\express\lib\response.js:256:15)
    at ServerResponse.send (D:\ManyKitHost\trunk\manykit\node_modules\express\lib\response.js:158:21)
    at Object.success (D:\ManyKitHost\trunk\manykit\common\responseResult.js:4:24)
    at publicSql.then (D:\ManyKitHost\trunk\manykit\routes\func.js:1777:43)
    at <anonymous>
    at process._tickDomainCallback (internal/process/next_tick.js:228:7)
[2018-10-16T17:36:35.465] [ERROR] err - TypeError: Cannot read property 'length' of undefined
    at writeOrBuffer (_stream_writable.js:348:42)
    at WriteStream.Writable.write (_stream_writable.js:290:11)
    at publicSql.then (D:\ManyKitHost\trunk\manykit\routes\func.js:1744:41)
    at <anonymous>
    at process._tickDomainCallback (internal/process/next_tick.js:228:7)
[2018-10-16T17:39:19.105] [ERROR] err - TypeError: Cannot read property 'length' of undefined
    at writeOrBuffer (_stream_writable.js:348:42)
    at WriteStream.Writable.write (_stream_writable.js:290:11)
    at publicSql.then (D:\ManyKitHost\trunk\manykit\routes\func.js:1744:41)
    at <anonymous>
    at process._tickDomainCallback (internal/process/next_tick.js:228:7)
[2018-10-16T17:39:23.828] [ERROR] err - Error: Can't set headers after they are sent.
    at validateHeader (_http_outgoing.js:494:11)
    at ServerResponse.setHeader (_http_outgoing.js:501:3)
    at ServerResponse.header (D:\ManyKitHost\trunk\manykit\node_modules\express\lib\response.js:730:10)
    at ServerResponse.send (D:\ManyKitHost\trunk\manykit\node_modules\express\lib\response.js:170:12)
    at ServerResponse.json (D:\ManyKitHost\trunk\manykit\node_modules\express\lib\response.js:256:15)
    at ServerResponse.send (D:\ManyKitHost\trunk\manykit\node_modules\express\lib\response.js:158:21)
    at Object.success (D:\ManyKitHost\trunk\manykit\common\responseResult.js:4:24)
    at publicSql.then (D:\ManyKitHost\trunk\manykit\routes\func.js:1777:43)
    at <anonymous>
    at process._tickDomainCallback (internal/process/next_tick.js:228:7)
[2018-10-16T17:39:50.614] [ERROR] err - TypeError: Cannot read property 'length' of undefined
    at writeOrBuffer (_stream_writable.js:348:42)
    at WriteStream.Writable.write (_stream_writable.js:290:11)
    at publicSql.then (D:\ManyKitHost\trunk\manykit\routes\func.js:1744:41)
    at <anonymous>
    at process._tickDomainCallback (internal/process/next_tick.js:228:7)
[2018-10-16T17:45:11.716] [ERROR] err - TypeError: Cannot read property 'length' of undefined
    at writeOrBuffer (_stream_writable.js:348:42)
    at WriteStream.Writable.write (_stream_writable.js:290:11)
    at publicSql.then (D:\ManyKitHost\trunk\manykit\routes\func.js:1744:41)
    at <anonymous>
    at process._tickDomainCallback (internal/process/next_tick.js:228:7)
[2018-10-16T17:46:16.328] [ERROR] err - TypeError: Cannot read property 'length' of undefined
    at writeOrBuffer (_stream_writable.js:348:42)
    at WriteStream.Writable.write (_stream_writable.js:290:11)
    at publicSql.then (D:\ManyKitHost\trunk\manykit\routes\func.js:1744:41)
    at <anonymous>
    at process._tickDomainCallback (internal/process/next_tick.js:228:7)
[2018-10-16T18:09:36.688] [ERROR] err - TypeError: Cannot read property 'length' of undefined
    at writeOrBuffer (_stream_writable.js:348:42)
    at WriteStream.Writable.write (_stream_writable.js:290:11)
    at publicSql.then (D:\ManyKitHost\trunk\manykit\routes\func.js:1744:41)
    at <anonymous>
    at process._tickDomainCallback (internal/process/next_tick.js:228:7)
[2018-10-16T18:09:49.187] [ERROR] err - Error: Can't set headers after they are sent.
    at validateHeader (_http_outgoing.js:494:11)
    at ServerResponse.setHeader (_http_outgoing.js:501:3)
    at ServerResponse.header (D:\ManyKitHost\trunk\manykit\node_modules\express\lib\response.js:730:10)
    at ServerResponse.send (D:\ManyKitHost\trunk\manykit\node_modules\express\lib\response.js:170:12)
    at ServerResponse.json (D:\ManyKitHost\trunk\manykit\node_modules\express\lib\response.js:256:15)
    at ServerResponse.send (D:\ManyKitHost\trunk\manykit\node_modules\express\lib\response.js:158:21)
    at Object.success (D:\ManyKitHost\trunk\manykit\common\responseResult.js:4:24)
    at publicSql.then (D:\ManyKitHost\trunk\manykit\routes\func.js:1777:43)
    at <anonymous>
    at process._tickDomainCallback (internal/process/next_tick.js:228:7)
[2018-10-16T18:10:10.846] [ERROR] err - TypeError: Cannot read property 'length' of undefined
    at writeOrBuffer (_stream_writable.js:348:42)
    at WriteStream.Writable.write (_stream_writable.js:290:11)
    at publicSql.then (D:\ManyKitHost\trunk\manykit\routes\func.js:1744:41)
    at <anonymous>
    at process._tickDomainCallback (internal/process/next_tick.js:228:7)
[2018-10-16T18:12:04.806] [ERROR] err - TypeError: Cannot read property 'length' of undefined
    at writeOrBuffer (_stream_writable.js:348:42)
    at WriteStream.Writable.write (_stream_writable.js:290:11)
    at publicSql.then (D:\ManyKitHost\trunk\manykit\routes\func.js:1744:41)
    at <anonymous>
    at process._tickDomainCallback (internal/process/next_tick.js:228:7)
[2018-10-16T18:20:02.779] [ERROR] err - TypeError: Cannot read property 'length' of undefined
    at writeOrBuffer (_stream_writable.js:348:42)
    at WriteStream.Writable.write (_stream_writable.js:290:11)
    at publicSql.then (D:\ManyKitHost\trunk\manykit\routes\func.js:1744:41)
    at <anonymous>
    at process._tickDomainCallback (internal/process/next_tick.js:228:7)
[2018-10-16T18:20:08.233] [ERROR] err - Error: Can't set headers after they are sent.
    at validateHeader (_http_outgoing.js:494:11)
    at ServerResponse.setHeader (_http_outgoing.js:501:3)
    at ServerResponse.header (D:\ManyKitHost\trunk\manykit\node_modules\express\lib\response.js:730:10)
    at ServerResponse.send (D:\ManyKitHost\trunk\manykit\node_modules\express\lib\response.js:170:12)
    at ServerResponse.json (D:\ManyKitHost\trunk\manykit\node_modules\express\lib\response.js:256:15)
    at ServerResponse.send (D:\ManyKitHost\trunk\manykit\node_modules\express\lib\response.js:158:21)
    at Object.success (D:\ManyKitHost\trunk\manykit\common\responseResult.js:4:24)
    at publicSql.then (D:\ManyKitHost\trunk\manykit\routes\func.js:1777:43)
    at <anonymous>
    at process._tickDomainCallback (internal/process/next_tick.js:228:7)
[2018-10-16T18:21:30.816] [ERROR] err - Error: Can't set headers after they are sent.
    at validateHeader (_http_outgoing.js:494:11)
    at ServerResponse.setHeader (_http_outgoing.js:501:3)
    at ServerResponse.header (D:\ManyKitHost\trunk\manykit\node_modules\express\lib\response.js:730:10)
    at ServerResponse.send (D:\ManyKitHost\trunk\manykit\node_modules\express\lib\response.js:170:12)
    at ServerResponse.json (D:\ManyKitHost\trunk\manykit\node_modules\express\lib\response.js:256:15)
    at ServerResponse.send (D:\ManyKitHost\trunk\manykit\node_modules\express\lib\response.js:158:21)
    at Object.success (D:\ManyKitHost\trunk\manykit\common\responseResult.js:4:24)
    at publicSql.then (D:\ManyKitHost\trunk\manykit\routes\func.js:1777:43)
    at <anonymous>
    at process._tickDomainCallback (internal/process/next_tick.js:228:7)
[2018-10-16T18:22:49.316] [ERROR] err - TypeError: Cannot read property 'length' of undefined
    at writeOrBuffer (_stream_writable.js:348:42)
    at WriteStream.Writable.write (_stream_writable.js:290:11)
    at publicSql.then (D:\ManyKitHost\trunk\manykit\routes\func.js:1744:41)
    at <anonymous>
    at process._tickDomainCallback (internal/process/next_tick.js:228:7)
[2018-10-16T18:23:18.082] [ERROR] err - Error: Can't set headers after they are sent.
    at validateHeader (_http_outgoing.js:494:11)
    at ServerResponse.setHeader (_http_outgoing.js:501:3)
    at ServerResponse.header (D:\ManyKitHost\trunk\manykit\node_modules\express\lib\response.js:730:10)
    at ServerResponse.send (D:\ManyKitHost\trunk\manykit\node_modules\express\lib\response.js:170:12)
    at ServerResponse.json (D:\ManyKitHost\trunk\manykit\node_modules\express\lib\response.js:256:15)
    at ServerResponse.send (D:\ManyKitHost\trunk\manykit\node_modules\express\lib\response.js:158:21)
    at Object.success (D:\ManyKitHost\trunk\manykit\common\responseResult.js:4:24)
    at publicSql.then (D:\ManyKitHost\trunk\manykit\routes\func.js:1777:43)
    at <anonymous>
    at process._tickDomainCallback (internal/process/next_tick.js:228:7)
[2018-10-16T18:23:31.874] [ERROR] err - TypeError: Cannot read property 'length' of undefined
    at writeOrBuffer (_stream_writable.js:348:42)
    at WriteStream.Writable.write (_stream_writable.js:290:11)
    at publicSql.then (D:\ManyKitHost\trunk\manykit\routes\func.js:1744:41)
    at <anonymous>
    at process._tickDomainCallback (internal/process/next_tick.js:228:7)
[2018-10-16T18:25:02.880] [ERROR] err - TypeError: Cannot read property 'length' of undefined
    at writeOrBuffer (_stream_writable.js:348:42)
    at WriteStream.Writable.write (_stream_writable.js:290:11)
    at publicSql.then (D:\ManyKitHost\trunk\manykit\routes\func.js:1744:41)
    at <anonymous>
    at process._tickDomainCallback (internal/process/next_tick.js:228:7)
[2018-10-16T18:30:23.653] [ERROR] err - TypeError: Cannot read property 'length' of undefined
    at writeOrBuffer (_stream_writable.js:348:42)
    at WriteStream.Writable.write (_stream_writable.js:290:11)
    at publicSql.then (D:\ManyKitHost\trunk\manykit\routes\func.js:1744:41)
    at <anonymous>
    at process._tickDomainCallback (internal/process/next_tick.js:228:7)
[2018-10-16T21:07:28.920] [ERROR] err - { Error: Not Found
    at D:\ManyKitHost\trunk\manykit\app.js:308:15
    at Layer.handle [as handle_request] (D:\ManyKitHost\trunk\manykit\node_modules\express\lib\router\layer.js:95:5)
    at trim_prefix (D:\ManyKitHost\trunk\manykit\node_modules\express\lib\router\index.js:317:13)
    at D:\ManyKitHost\trunk\manykit\node_modules\express\lib\router\index.js:284:7
    at Function.process_params (D:\ManyKitHost\trunk\manykit\node_modules\express\lib\router\index.js:335:12)
    at next (D:\ManyKitHost\trunk\manykit\node_modules\express\lib\router\index.js:275:10)
    at SendStream.error (D:\ManyKitHost\trunk\manykit\node_modules\serve-static\index.js:121:7)
    at emitOne (events.js:116:13)
    at SendStream.emit (events.js:211:7)
    at SendStream.error (D:\ManyKitHost\trunk\manykit\node_modules\send\index.js:275:17)
    at SendStream.onStatError (D:\ManyKitHost\trunk\manykit\node_modules\send\index.js:426:12)
    at next (D:\ManyKitHost\trunk\manykit\node_modules\send\index.js:736:16)
    at onstat (D:\ManyKitHost\trunk\manykit\node_modules\send\index.js:725:14)
    at FSReqWrap.oncomplete (fs.js:152:21) status: 404 }
[2018-10-16T21:14:57.693] [ERROR] err - TypeError: This library (validator.js) validates strings only
    at assertString (D:\ManyKitHost\trunk\manykit\node_modules\validator\lib\util\assertString.js:11:11)
    at ltrim (D:\ManyKitHost\trunk\manykit\node_modules\validator\lib\ltrim.js:15:30)
    at Object.trim (D:\ManyKitHost\trunk\manykit\node_modules\validator\lib\trim.js:19:51)
    at login (D:\ManyKitHost\trunk\manykit\routes\func.js:321:38)
    at Layer.handle [as handle_request] (D:\ManyKitHost\trunk\manykit\node_modules\express\lib\router\layer.js:95:5)
    at trim_prefix (D:\ManyKitHost\trunk\manykit\node_modules\express\lib\router\index.js:317:13)
    at D:\ManyKitHost\trunk\manykit\node_modules\express\lib\router\index.js:284:7
    at Function.process_params (D:\ManyKitHost\trunk\manykit\node_modules\express\lib\router\index.js:335:12)
    at next (D:\ManyKitHost\trunk\manykit\node_modules\express\lib\router\index.js:275:10)
    at SendStream.error (D:\ManyKitHost\trunk\manykit\node_modules\serve-static\index.js:121:7)
    at emitOne (events.js:116:13)
    at SendStream.emit (events.js:211:7)
    at SendStream.error (D:\ManyKitHost\trunk\manykit\node_modules\send\index.js:275:17)
    at SendStream.onStatError (D:\ManyKitHost\trunk\manykit\node_modules\send\index.js:426:12)
    at next (D:\ManyKitHost\trunk\manykit\node_modules\send\index.js:736:16)
    at onstat (D:\ManyKitHost\trunk\manykit\node_modules\send\index.js:725:14)
[2018-10-16T21:36:47.302] [ERROR] err - { Error: Not Found
    at D:\ManyKitHost\trunk\manykit\app.js:308:15
    at Layer.handle [as handle_request] (D:\ManyKitHost\trunk\manykit\node_modules\express\lib\router\layer.js:95:5)
    at trim_prefix (D:\ManyKitHost\trunk\manykit\node_modules\express\lib\router\index.js:317:13)
    at D:\ManyKitHost\trunk\manykit\node_modules\express\lib\router\index.js:284:7
    at Function.process_params (D:\ManyKitHost\trunk\manykit\node_modules\express\lib\router\index.js:335:12)
    at next (D:\ManyKitHost\trunk\manykit\node_modules\express\lib\router\index.js:275:10)
    at SendStream.error (D:\ManyKitHost\trunk\manykit\node_modules\serve-static\index.js:121:7)
    at emitOne (events.js:116:13)
    at SendStream.emit (events.js:211:7)
    at SendStream.error (D:\ManyKitHost\trunk\manykit\node_modules\send\index.js:275:17)
    at SendStream.onStatError (D:\ManyKitHost\trunk\manykit\node_modules\send\index.js:426:12)
    at onstat (D:\ManyKitHost\trunk\manykit\node_modules\send\index.js:727:26)
    at FSReqWrap.oncomplete (fs.js:152:21) status: 404 }
[2018-10-16T22:26:57.830] [ERROR] err - TypeError: Cannot read property 'length' of undefined
    at writeOrBuffer (_stream_writable.js:348:42)
    at WriteStream.Writable.write (_stream_writable.js:290:11)
    at publicSql.then (D:\ManyKitHost\trunk\manykit\routes\func.js:1744:41)
    at <anonymous>
    at process._tickDomainCallback (internal/process/next_tick.js:228:7)
[2018-10-16T22:36:58.001] [ERROR] err - TypeError: Cannot read property 'length' of undefined
    at writeOrBuffer (_stream_writable.js:348:42)
    at WriteStream.Writable.write (_stream_writable.js:290:11)
    at publicSql.then (D:\ManyKitHost\trunk\manykit\routes\func.js:1744:41)
    at <anonymous>
    at process._tickDomainCallback (internal/process/next_tick.js:228:7)
[2018-10-16T22:39:24.509] [ERROR] err - TypeError: Cannot read property 'length' of undefined
    at writeOrBuffer (_stream_writable.js:348:42)
    at WriteStream.Writable.write (_stream_writable.js:290:11)
    at publicSql.then (D:\ManyKitHost\trunk\manykit\routes\func.js:1744:41)
    at <anonymous>
    at process._tickDomainCallback (internal/process/next_tick.js:228:7)
[2018-10-16T22:41:19.636] [ERROR] err - { Error: Not Found
    at D:\ManyKitHost\trunk\manykit\app.js:308:15
    at Layer.handle [as handle_request] (D:\ManyKitHost\trunk\manykit\node_modules\express\lib\router\layer.js:95:5)
    at trim_prefix (D:\ManyKitHost\trunk\manykit\node_modules\express\lib\router\index.js:317:13)
    at D:\ManyKitHost\trunk\manykit\node_modules\express\lib\router\index.js:284:7
    at Function.process_params (D:\ManyKitHost\trunk\manykit\node_modules\express\lib\router\index.js:335:12)
    at next (D:\ManyKitHost\trunk\manykit\node_modules\express\lib\router\index.js:275:10)
    at SendStream.error (D:\ManyKitHost\trunk\manykit\node_modules\serve-static\index.js:121:7)
    at emitOne (events.js:116:13)
    at SendStream.emit (events.js:211:7)
    at SendStream.error (D:\ManyKitHost\trunk\manykit\node_modules\send\index.js:275:17)
    at SendStream.onStatError (D:\ManyKitHost\trunk\manykit\node_modules\send\index.js:426:12)
    at next (D:\ManyKitHost\trunk\manykit\node_modules\send\index.js:736:16)
    at onstat (D:\ManyKitHost\trunk\manykit\node_modules\send\index.js:725:14)
    at FSReqWrap.oncomplete (fs.js:152:21) status: 404 }
[2018-10-16T23:50:59.822] [ERROR] err - TypeError: Cannot read property 'length' of undefined
    at writeOrBuffer (_stream_writable.js:348:42)
    at WriteStream.Writable.write (_stream_writable.js:290:11)
    at publicSql.then (D:\ManyKitHost\trunk\manykit\routes\func.js:1744:41)
    at <anonymous>
    at process._tickDomainCallback (internal/process/next_tick.js:228:7)
[2018-10-16T23:52:00.438] [ERROR] err - TypeError: Cannot read property 'length' of undefined
    at writeOrBuffer (_stream_writable.js:348:42)
    at WriteStream.Writable.write (_stream_writable.js:290:11)
    at publicSql.then (D:\ManyKitHost\trunk\manykit\routes\func.js:1744:41)
    at <anonymous>
    at process._tickDomainCallback (internal/process/next_tick.js:228:7)
[2018-10-16T23:52:17.502] [ERROR] err - TypeError: Cannot read property 'length' of undefined
    at writeOrBuffer (_stream_writable.js:348:42)
    at WriteStream.Writable.write (_stream_writable.js:290:11)
    at publicSql.then (D:\ManyKitHost\trunk\manykit\routes\func.js:1744:41)
    at <anonymous>
    at process._tickDomainCallback (internal/process/next_tick.js:228:7)
[2018-10-16T23:52:53.933] [ERROR] err - TypeError: Cannot read property 'length' of undefined
    at writeOrBuffer (_stream_writable.js:348:42)
    at WriteStream.Writable.write (_stream_writable.js:290:11)
    at publicSql.then (D:\ManyKitHost\trunk\manykit\routes\func.js:1744:41)
    at <anonymous>
    at process._tickDomainCallback (internal/process/next_tick.js:228:7)
[2018-10-16T23:53:32.009] [ERROR] err - TypeError: Cannot read property 'length' of undefined
    at writeOrBuffer (_stream_writable.js:348:42)
    at WriteStream.Writable.write (_stream_writable.js:290:11)
    at publicSql.then (D:\ManyKitHost\trunk\manykit\routes\func.js:1744:41)
    at <anonymous>
    at process._tickDomainCallback (internal/process/next_tick.js:228:7)
[2018-10-16T23:56:15.946] [ERROR] err - TypeError: Cannot read property 'length' of undefined
    at writeOrBuffer (_stream_writable.js:348:42)
    at WriteStream.Writable.write (_stream_writable.js:290:11)
    at publicSql.then (D:\ManyKitHost\trunk\manykit\routes\func.js:1744:41)
    at <anonymous>
    at process._tickDomainCallback (internal/process/next_tick.js:228:7)
